{"numTotalTestSuites":37,"numPassedTestSuites":3,"numFailedTestSuites":34,"numPendingTestSuites":0,"numTotalTests":119,"numPassedTests":12,"numFailedTests":107,"numPendingTests":0,"numTodoTests":0,"snapshot":{"added":0,"failure":false,"filesAdded":0,"filesRemoved":0,"filesRemovedList":[],"filesUnmatched":0,"filesUpdated":0,"matched":0,"total":0,"unchecked":0,"uncheckedKeysByFile":[],"unmatched":0,"updated":0,"didUpdate":false},"startTime":1766768137915,"success":false,"testResults":[{"assertionResults":[{"ancestorTitles":["FileUpload Component"],"fullName":"FileUpload Component renders label correctly","status":"failed","title":"renders label correctly","duration":5.603497000000061,"failureMessages":["Error: act(...) is not supported in production builds of React.\n    at X (/workspace/repo/frontend/node_modules/react/cjs/react.production.min.js:19:136)\n    at /workspace/repo/frontend/node_modules/@testing-library/react/dist/act-compat.js:46:25\n    at renderRoot (/workspace/repo/frontend/node_modules/@testing-library/react/dist/pure.js:189:26)\n    at render (/workspace/repo/frontend/node_modules/@testing-library/react/dist/pure.js:291:10)\n    at /workspace/repo/frontend/tests/FileUpload.test.tsx:16:5\n    at file:///workspace/repo/frontend/node_modules/@vitest/runner/dist/index.js:145:11\n    at file:///workspace/repo/frontend/node_modules/@vitest/runner/dist/index.js:915:26\n    at file:///workspace/repo/frontend/node_modules/@vitest/runner/dist/index.js:1243:20\n    at new Promise (<anonymous>)\n    at runWithTimeout (file:///workspace/repo/frontend/node_modules/@vitest/runner/dist/index.js:1209:10)","Error: act(...) is not supported in production builds of React.\n    at X (/workspace/repo/frontend/node_modules/react/cjs/react.production.min.js:19:136)\n    at /workspace/repo/frontend/node_modules/@testing-library/react/dist/act-compat.js:46:25\n    at /workspace/repo/frontend/node_modules/@testing-library/react/dist/pure.js:306:28\n    at Array.forEach (<anonymous>)\n    at cleanup (/workspace/repo/frontend/node_modules/@testing-library/react/dist/pure.js:302:22)\n    at /workspace/repo/frontend/vitest.setup.ts:9:3\n    at file:///workspace/repo/frontend/node_modules/@vitest/runner/dist/index.js:145:11\n    at file:///workspace/repo/frontend/node_modules/@vitest/runner/dist/index.js:1243:20\n    at new Promise (<anonymous>)\n    at runWithTimeout (file:///workspace/repo/frontend/node_modules/@vitest/runner/dist/index.js:1209:10)"],"meta":{}},{"ancestorTitles":["FileUpload Component"],"fullName":"FileUpload Component shows drag and drop UI when no file selected","status":"failed","title":"shows drag and drop UI when no file selected","duration":1.208170999999993,"failureMessages":["Error: act(...) is not supported in production builds of React.\n    at X (/workspace/repo/frontend/node_modules/react/cjs/react.production.min.js:19:136)\n    at /workspace/repo/frontend/node_modules/@testing-library/react/dist/act-compat.js:46:25\n    at renderRoot (/workspace/repo/frontend/node_modules/@testing-library/react/dist/pure.js:189:26)\n    at render (/workspace/repo/frontend/node_modules/@testing-library/react/dist/pure.js:291:10)\n    at /workspace/repo/frontend/tests/FileUpload.test.tsx:22:5\n    at file:///workspace/repo/frontend/node_modules/@vitest/runner/dist/index.js:145:11\n    at file:///workspace/repo/frontend/node_modules/@vitest/runner/dist/index.js:915:26\n    at file:///workspace/repo/frontend/node_modules/@vitest/runner/dist/index.js:1243:20\n    at new Promise (<anonymous>)\n    at runWithTimeout (file:///workspace/repo/frontend/node_modules/@vitest/runner/dist/index.js:1209:10)","Error: act(...) is not supported in production builds of React.\n    at X (/workspace/repo/frontend/node_modules/react/cjs/react.production.min.js:19:136)\n    at /workspace/repo/frontend/node_modules/@testing-library/react/dist/act-compat.js:46:25\n    at /workspace/repo/frontend/node_modules/@testing-library/react/dist/pure.js:306:28\n    at Array.forEach (<anonymous>)\n    at cleanup (/workspace/repo/frontend/node_modules/@testing-library/react/dist/pure.js:302:22)\n    at /workspace/repo/frontend/vitest.setup.ts:9:3\n    at file:///workspace/repo/frontend/node_modules/@vitest/runner/dist/index.js:145:11\n    at file:///workspace/repo/frontend/node_modules/@vitest/runner/dist/index.js:1243:20\n    at new Promise (<anonymous>)\n    at runWithTimeout (file:///workspace/repo/frontend/node_modules/@vitest/runner/dist/index.js:1209:10)"],"meta":{}},{"ancestorTitles":["FileUpload Component"],"fullName":"FileUpload Component shows error when provided","status":"failed","title":"shows error when provided","duration":0.9449710000001232,"failureMessages":["Error: act(...) is not supported in production builds of React.\n    at X (/workspace/repo/frontend/node_modules/react/cjs/react.production.min.js:19:136)\n    at /workspace/repo/frontend/node_modules/@testing-library/react/dist/act-compat.js:46:25\n    at renderRoot (/workspace/repo/frontend/node_modules/@testing-library/react/dist/pure.js:189:26)\n    at render (/workspace/repo/frontend/node_modules/@testing-library/react/dist/pure.js:291:10)\n    at /workspace/repo/frontend/tests/FileUpload.test.tsx:28:5\n    at file:///workspace/repo/frontend/node_modules/@vitest/runner/dist/index.js:145:11\n    at file:///workspace/repo/frontend/node_modules/@vitest/runner/dist/index.js:915:26\n    at file:///workspace/repo/frontend/node_modules/@vitest/runner/dist/index.js:1243:20\n    at new Promise (<anonymous>)\n    at runWithTimeout (file:///workspace/repo/frontend/node_modules/@vitest/runner/dist/index.js:1209:10)","Error: act(...) is not supported in production builds of React.\n    at X (/workspace/repo/frontend/node_modules/react/cjs/react.production.min.js:19:136)\n    at /workspace/repo/frontend/node_modules/@testing-library/react/dist/act-compat.js:46:25\n    at /workspace/repo/frontend/node_modules/@testing-library/react/dist/pure.js:306:28\n    at Array.forEach (<anonymous>)\n    at cleanup (/workspace/repo/frontend/node_modules/@testing-library/react/dist/pure.js:302:22)\n    at /workspace/repo/frontend/vitest.setup.ts:9:3\n    at file:///workspace/repo/frontend/node_modules/@vitest/runner/dist/index.js:145:11\n    at file:///workspace/repo/frontend/node_modules/@vitest/runner/dist/index.js:1243:20\n    at new Promise (<anonymous>)\n    at runWithTimeout (file:///workspace/repo/frontend/node_modules/@vitest/runner/dist/index.js:1209:10)"],"meta":{}},{"ancestorTitles":["FileUpload Component"],"fullName":"FileUpload Component shows helper text when provided","status":"failed","title":"shows helper text when provided","duration":1.0283030000000508,"failureMessages":["Error: act(...) is not supported in production builds of React.\n    at X (/workspace/repo/frontend/node_modules/react/cjs/react.production.min.js:19:136)\n    at /workspace/repo/frontend/node_modules/@testing-library/react/dist/act-compat.js:46:25\n    at renderRoot (/workspace/repo/frontend/node_modules/@testing-library/react/dist/pure.js:189:26)\n    at render (/workspace/repo/frontend/node_modules/@testing-library/react/dist/pure.js:291:10)\n    at /workspace/repo/frontend/tests/FileUpload.test.tsx:33:5\n    at file:///workspace/repo/frontend/node_modules/@vitest/runner/dist/index.js:145:11\n    at file:///workspace/repo/frontend/node_modules/@vitest/runner/dist/index.js:915:26\n    at file:///workspace/repo/frontend/node_modules/@vitest/runner/dist/index.js:1243:20\n    at new Promise (<anonymous>)\n    at runWithTimeout (file:///workspace/repo/frontend/node_modules/@vitest/runner/dist/index.js:1209:10)","Error: act(...) is not supported in production builds of React.\n    at X (/workspace/repo/frontend/node_modules/react/cjs/react.production.min.js:19:136)\n    at /workspace/repo/frontend/node_modules/@testing-library/react/dist/act-compat.js:46:25\n    at /workspace/repo/frontend/node_modules/@testing-library/react/dist/pure.js:306:28\n    at Array.forEach (<anonymous>)\n    at cleanup (/workspace/repo/frontend/node_modules/@testing-library/react/dist/pure.js:302:22)\n    at /workspace/repo/frontend/vitest.setup.ts:9:3\n    at file:///workspace/repo/frontend/node_modules/@vitest/runner/dist/index.js:145:11\n    at file:///workspace/repo/frontend/node_modules/@vitest/runner/dist/index.js:1243:20\n    at new Promise (<anonymous>)\n    at runWithTimeout (file:///workspace/repo/frontend/node_modules/@vitest/runner/dist/index.js:1209:10)"],"meta":{}},{"ancestorTitles":["FileUpload Component"],"fullName":"FileUpload Component is disabled when disabled prop is true","status":"failed","title":"is disabled when disabled prop is true","duration":1.1939230000000407,"failureMessages":["Error: act(...) is not supported in production builds of React.\n    at X (/workspace/repo/frontend/node_modules/react/cjs/react.production.min.js:19:136)\n    at /workspace/repo/frontend/node_modules/@testing-library/react/dist/act-compat.js:46:25\n    at renderRoot (/workspace/repo/frontend/node_modules/@testing-library/react/dist/pure.js:189:26)\n    at render (/workspace/repo/frontend/node_modules/@testing-library/react/dist/pure.js:291:10)\n    at /workspace/repo/frontend/tests/FileUpload.test.tsx:38:5\n    at file:///workspace/repo/frontend/node_modules/@vitest/runner/dist/index.js:145:11\n    at file:///workspace/repo/frontend/node_modules/@vitest/runner/dist/index.js:915:26\n    at file:///workspace/repo/frontend/node_modules/@vitest/runner/dist/index.js:1243:20\n    at new Promise (<anonymous>)\n    at runWithTimeout (file:///workspace/repo/frontend/node_modules/@vitest/runner/dist/index.js:1209:10)","Error: act(...) is not supported in production builds of React.\n    at X (/workspace/repo/frontend/node_modules/react/cjs/react.production.min.js:19:136)\n    at /workspace/repo/frontend/node_modules/@testing-library/react/dist/act-compat.js:46:25\n    at /workspace/repo/frontend/node_modules/@testing-library/react/dist/pure.js:306:28\n    at Array.forEach (<anonymous>)\n    at cleanup (/workspace/repo/frontend/node_modules/@testing-library/react/dist/pure.js:302:22)\n    at /workspace/repo/frontend/vitest.setup.ts:9:3\n    at file:///workspace/repo/frontend/node_modules/@vitest/runner/dist/index.js:145:11\n    at file:///workspace/repo/frontend/node_modules/@vitest/runner/dist/index.js:1243:20\n    at new Promise (<anonymous>)\n    at runWithTimeout (file:///workspace/repo/frontend/node_modules/@vitest/runner/dist/index.js:1209:10)"],"meta":{}},{"ancestorTitles":["FileUpload Component"],"fullName":"FileUpload Component calls onChange when file is selected via input","status":"failed","title":"calls onChange when file is selected via input","duration":1.0501740000001973,"failureMessages":["Error: act(...) is not supported in production builds of React.\n    at X (/workspace/repo/frontend/node_modules/react/cjs/react.production.min.js:19:136)\n    at /workspace/repo/frontend/node_modules/@testing-library/react/dist/act-compat.js:46:25\n    at renderRoot (/workspace/repo/frontend/node_modules/@testing-library/react/dist/pure.js:189:26)\n    at render (/workspace/repo/frontend/node_modules/@testing-library/react/dist/pure.js:291:10)\n    at /workspace/repo/frontend/tests/FileUpload.test.tsx:45:5\n    at file:///workspace/repo/frontend/node_modules/@vitest/runner/dist/index.js:145:11\n    at file:///workspace/repo/frontend/node_modules/@vitest/runner/dist/index.js:915:26\n    at file:///workspace/repo/frontend/node_modules/@vitest/runner/dist/index.js:1243:20\n    at new Promise (<anonymous>)\n    at runWithTimeout (file:///workspace/repo/frontend/node_modules/@vitest/runner/dist/index.js:1209:10)","Error: act(...) is not supported in production builds of React.\n    at X (/workspace/repo/frontend/node_modules/react/cjs/react.production.min.js:19:136)\n    at /workspace/repo/frontend/node_modules/@testing-library/react/dist/act-compat.js:46:25\n    at /workspace/repo/frontend/node_modules/@testing-library/react/dist/pure.js:306:28\n    at Array.forEach (<anonymous>)\n    at cleanup (/workspace/repo/frontend/node_modules/@testing-library/react/dist/pure.js:302:22)\n    at /workspace/repo/frontend/vitest.setup.ts:9:3\n    at file:///workspace/repo/frontend/node_modules/@vitest/runner/dist/index.js:145:11\n    at file:///workspace/repo/frontend/node_modules/@vitest/runner/dist/index.js:1243:20\n    at new Promise (<anonymous>)\n    at runWithTimeout (file:///workspace/repo/frontend/node_modules/@vitest/runner/dist/index.js:1209:10)"],"meta":{}},{"ancestorTitles":["FileUpload Component"],"fullName":"FileUpload Component rejects files larger than max size","status":"failed","title":"rejects files larger than max size","duration":0.9170079999998961,"failureMessages":["Error: act(...) is not supported in production builds of React.\n    at X (/workspace/repo/frontend/node_modules/react/cjs/react.production.min.js:19:136)\n    at /workspace/repo/frontend/node_modules/@testing-library/react/dist/act-compat.js:46:25\n    at renderRoot (/workspace/repo/frontend/node_modules/@testing-library/react/dist/pure.js:189:26)\n    at render (/workspace/repo/frontend/node_modules/@testing-library/react/dist/pure.js:291:10)\n    at /workspace/repo/frontend/tests/FileUpload.test.tsx:59:5\n    at file:///workspace/repo/frontend/node_modules/@vitest/runner/dist/index.js:145:11\n    at file:///workspace/repo/frontend/node_modules/@vitest/runner/dist/index.js:915:26\n    at file:///workspace/repo/frontend/node_modules/@vitest/runner/dist/index.js:1243:20\n    at new Promise (<anonymous>)\n    at runWithTimeout (file:///workspace/repo/frontend/node_modules/@vitest/runner/dist/index.js:1209:10)","Error: act(...) is not supported in production builds of React.\n    at X (/workspace/repo/frontend/node_modules/react/cjs/react.production.min.js:19:136)\n    at /workspace/repo/frontend/node_modules/@testing-library/react/dist/act-compat.js:46:25\n    at /workspace/repo/frontend/node_modules/@testing-library/react/dist/pure.js:306:28\n    at Array.forEach (<anonymous>)\n    at cleanup (/workspace/repo/frontend/node_modules/@testing-library/react/dist/pure.js:302:22)\n    at /workspace/repo/frontend/vitest.setup.ts:9:3\n    at file:///workspace/repo/frontend/node_modules/@vitest/runner/dist/index.js:145:11\n    at file:///workspace/repo/frontend/node_modules/@vitest/runner/dist/index.js:1243:20\n    at new Promise (<anonymous>)\n    at runWithTimeout (file:///workspace/repo/frontend/node_modules/@vitest/runner/dist/index.js:1209:10)"],"meta":{}},{"ancestorTitles":["FileUpload Component"],"fullName":"FileUpload Component rejects invalid file types","status":"failed","title":"rejects invalid file types","duration":0.8747450000000754,"failureMessages":["Error: act(...) is not supported in production builds of React.\n    at X (/workspace/repo/frontend/node_modules/react/cjs/react.production.min.js:19:136)\n    at /workspace/repo/frontend/node_modules/@testing-library/react/dist/act-compat.js:46:25\n    at renderRoot (/workspace/repo/frontend/node_modules/@testing-library/react/dist/pure.js:189:26)\n    at render (/workspace/repo/frontend/node_modules/@testing-library/react/dist/pure.js:291:10)\n    at /workspace/repo/frontend/tests/FileUpload.test.tsx:73:5\n    at file:///workspace/repo/frontend/node_modules/@vitest/runner/dist/index.js:145:11\n    at file:///workspace/repo/frontend/node_modules/@vitest/runner/dist/index.js:915:26\n    at file:///workspace/repo/frontend/node_modules/@vitest/runner/dist/index.js:1243:20\n    at new Promise (<anonymous>)\n    at runWithTimeout (file:///workspace/repo/frontend/node_modules/@vitest/runner/dist/index.js:1209:10)","Error: act(...) is not supported in production builds of React.\n    at X (/workspace/repo/frontend/node_modules/react/cjs/react.production.min.js:19:136)\n    at /workspace/repo/frontend/node_modules/@testing-library/react/dist/act-compat.js:46:25\n    at /workspace/repo/frontend/node_modules/@testing-library/react/dist/pure.js:306:28\n    at Array.forEach (<anonymous>)\n    at cleanup (/workspace/repo/frontend/node_modules/@testing-library/react/dist/pure.js:302:22)\n    at /workspace/repo/frontend/vitest.setup.ts:9:3\n    at file:///workspace/repo/frontend/node_modules/@vitest/runner/dist/index.js:145:11\n    at file:///workspace/repo/frontend/node_modules/@vitest/runner/dist/index.js:1243:20\n    at new Promise (<anonymous>)\n    at runWithTimeout (file:///workspace/repo/frontend/node_modules/@vitest/runner/dist/index.js:1209:10)"],"meta":{}},{"ancestorTitles":["FileUpload Component"],"fullName":"FileUpload Component shows file preview when image file is selected","status":"failed","title":"shows file preview when image file is selected","duration":1.4621329999999944,"failureMessages":["Error: act(...) is not supported in production builds of React.\n    at X (/workspace/repo/frontend/node_modules/react/cjs/react.production.min.js:19:136)\n    at /workspace/repo/frontend/node_modules/@testing-library/react/dist/act-compat.js:46:25\n    at renderRoot (/workspace/repo/frontend/node_modules/@testing-library/react/dist/pure.js:189:26)\n    at render (/workspace/repo/frontend/node_modules/@testing-library/react/dist/pure.js:291:10)\n    at /workspace/repo/frontend/tests/FileUpload.test.tsx:87:5\n    at file:///workspace/repo/frontend/node_modules/@vitest/runner/dist/index.js:145:11\n    at file:///workspace/repo/frontend/node_modules/@vitest/runner/dist/index.js:915:26\n    at file:///workspace/repo/frontend/node_modules/@vitest/runner/dist/index.js:1243:20\n    at new Promise (<anonymous>)\n    at runWithTimeout (file:///workspace/repo/frontend/node_modules/@vitest/runner/dist/index.js:1209:10)","Error: act(...) is not supported in production builds of React.\n    at X (/workspace/repo/frontend/node_modules/react/cjs/react.production.min.js:19:136)\n    at /workspace/repo/frontend/node_modules/@testing-library/react/dist/act-compat.js:46:25\n    at /workspace/repo/frontend/node_modules/@testing-library/react/dist/pure.js:306:28\n    at Array.forEach (<anonymous>)\n    at cleanup (/workspace/repo/frontend/node_modules/@testing-library/react/dist/pure.js:302:22)\n    at /workspace/repo/frontend/vitest.setup.ts:9:3\n    at file:///workspace/repo/frontend/node_modules/@vitest/runner/dist/index.js:145:11\n    at file:///workspace/repo/frontend/node_modules/@vitest/runner/dist/index.js:1243:20\n    at new Promise (<anonymous>)\n    at runWithTimeout (file:///workspace/repo/frontend/node_modules/@vitest/runner/dist/index.js:1209:10)"],"meta":{}},{"ancestorTitles":["FileUpload Component"],"fullName":"FileUpload Component shows PDF preview when PDF file is selected","status":"failed","title":"shows PDF preview when PDF file is selected","duration":1.0208780000000388,"failureMessages":["Error: act(...) is not supported in production builds of React.\n    at X (/workspace/repo/frontend/node_modules/react/cjs/react.production.min.js:19:136)\n    at /workspace/repo/frontend/node_modules/@testing-library/react/dist/act-compat.js:46:25\n    at renderRoot (/workspace/repo/frontend/node_modules/@testing-library/react/dist/pure.js:189:26)\n    at render (/workspace/repo/frontend/node_modules/@testing-library/react/dist/pure.js:291:10)\n    at /workspace/repo/frontend/tests/FileUpload.test.tsx:94:5\n    at file:///workspace/repo/frontend/node_modules/@vitest/runner/dist/index.js:145:11\n    at file:///workspace/repo/frontend/node_modules/@vitest/runner/dist/index.js:915:26\n    at file:///workspace/repo/frontend/node_modules/@vitest/runner/dist/index.js:1243:20\n    at new Promise (<anonymous>)\n    at runWithTimeout (file:///workspace/repo/frontend/node_modules/@vitest/runner/dist/index.js:1209:10)","Error: act(...) is not supported in production builds of React.\n    at X (/workspace/repo/frontend/node_modules/react/cjs/react.production.min.js:19:136)\n    at /workspace/repo/frontend/node_modules/@testing-library/react/dist/act-compat.js:46:25\n    at /workspace/repo/frontend/node_modules/@testing-library/react/dist/pure.js:306:28\n    at Array.forEach (<anonymous>)\n    at cleanup (/workspace/repo/frontend/node_modules/@testing-library/react/dist/pure.js:302:22)\n    at /workspace/repo/frontend/vitest.setup.ts:9:3\n    at file:///workspace/repo/frontend/node_modules/@vitest/runner/dist/index.js:145:11\n    at file:///workspace/repo/frontend/node_modules/@vitest/runner/dist/index.js:1243:20\n    at new Promise (<anonymous>)\n    at runWithTimeout (file:///workspace/repo/frontend/node_modules/@vitest/runner/dist/index.js:1209:10)"],"meta":{}},{"ancestorTitles":["FileUpload Component"],"fullName":"FileUpload Component allows removing file","status":"failed","title":"allows removing file","duration":0.9895579999999882,"failureMessages":["Error: act(...) is not supported in production builds of React.\n    at X (/workspace/repo/frontend/node_modules/react/cjs/react.production.min.js:19:136)\n    at /workspace/repo/frontend/node_modules/@testing-library/react/dist/act-compat.js:46:25\n    at renderRoot (/workspace/repo/frontend/node_modules/@testing-library/react/dist/pure.js:189:26)\n    at render (/workspace/repo/frontend/node_modules/@testing-library/react/dist/pure.js:291:10)\n    at /workspace/repo/frontend/tests/FileUpload.test.tsx:102:5\n    at file:///workspace/repo/frontend/node_modules/@vitest/runner/dist/index.js:145:11\n    at file:///workspace/repo/frontend/node_modules/@vitest/runner/dist/index.js:915:26\n    at file:///workspace/repo/frontend/node_modules/@vitest/runner/dist/index.js:1243:20\n    at new Promise (<anonymous>)\n    at runWithTimeout (file:///workspace/repo/frontend/node_modules/@vitest/runner/dist/index.js:1209:10)","Error: act(...) is not supported in production builds of React.\n    at X (/workspace/repo/frontend/node_modules/react/cjs/react.production.min.js:19:136)\n    at /workspace/repo/frontend/node_modules/@testing-library/react/dist/act-compat.js:46:25\n    at /workspace/repo/frontend/node_modules/@testing-library/react/dist/pure.js:306:28\n    at Array.forEach (<anonymous>)\n    at cleanup (/workspace/repo/frontend/node_modules/@testing-library/react/dist/pure.js:302:22)\n    at /workspace/repo/frontend/vitest.setup.ts:9:3\n    at file:///workspace/repo/frontend/node_modules/@vitest/runner/dist/index.js:145:11\n    at file:///workspace/repo/frontend/node_modules/@vitest/runner/dist/index.js:1243:20\n    at new Promise (<anonymous>)\n    at runWithTimeout (file:///workspace/repo/frontend/node_modules/@vitest/runner/dist/index.js:1209:10)"],"meta":{}},{"ancestorTitles":["FileUpload Component"],"fullName":"FileUpload Component handles drag and drop events","status":"failed","title":"handles drag and drop events","duration":1.061236000000008,"failureMessages":["Error: act(...) is not supported in production builds of React.\n    at X (/workspace/repo/frontend/node_modules/react/cjs/react.production.min.js:19:136)\n    at /workspace/repo/frontend/node_modules/@testing-library/react/dist/act-compat.js:46:25\n    at renderRoot (/workspace/repo/frontend/node_modules/@testing-library/react/dist/pure.js:189:26)\n    at render (/workspace/repo/frontend/node_modules/@testing-library/react/dist/pure.js:291:10)\n    at /workspace/repo/frontend/tests/FileUpload.test.tsx:112:5\n    at file:///workspace/repo/frontend/node_modules/@vitest/runner/dist/index.js:145:11\n    at file:///workspace/repo/frontend/node_modules/@vitest/runner/dist/index.js:915:26\n    at file:///workspace/repo/frontend/node_modules/@vitest/runner/dist/index.js:1243:20\n    at new Promise (<anonymous>)\n    at runWithTimeout (file:///workspace/repo/frontend/node_modules/@vitest/runner/dist/index.js:1209:10)","Error: act(...) is not supported in production builds of React.\n    at X (/workspace/repo/frontend/node_modules/react/cjs/react.production.min.js:19:136)\n    at /workspace/repo/frontend/node_modules/@testing-library/react/dist/act-compat.js:46:25\n    at /workspace/repo/frontend/node_modules/@testing-library/react/dist/pure.js:306:28\n    at Array.forEach (<anonymous>)\n    at cleanup (/workspace/repo/frontend/node_modules/@testing-library/react/dist/pure.js:302:22)\n    at /workspace/repo/frontend/vitest.setup.ts:9:3\n    at file:///workspace/repo/frontend/node_modules/@vitest/runner/dist/index.js:145:11\n    at file:///workspace/repo/frontend/node_modules/@vitest/runner/dist/index.js:1243:20\n    at new Promise (<anonymous>)\n    at runWithTimeout (file:///workspace/repo/frontend/node_modules/@vitest/runner/dist/index.js:1209:10)"],"meta":{}},{"ancestorTitles":["FileUpload Component"],"fullName":"FileUpload Component validates file type on drag and drop","status":"failed","title":"validates file type on drag and drop","duration":0.8505680000000666,"failureMessages":["Error: act(...) is not supported in production builds of React.\n    at X (/workspace/repo/frontend/node_modules/react/cjs/react.production.min.js:19:136)\n    at /workspace/repo/frontend/node_modules/@testing-library/react/dist/act-compat.js:46:25\n    at renderRoot (/workspace/repo/frontend/node_modules/@testing-library/react/dist/pure.js:189:26)\n    at render (/workspace/repo/frontend/node_modules/@testing-library/react/dist/pure.js:291:10)\n    at /workspace/repo/frontend/tests/FileUpload.test.tsx:128:5\n    at file:///workspace/repo/frontend/node_modules/@vitest/runner/dist/index.js:145:11\n    at file:///workspace/repo/frontend/node_modules/@vitest/runner/dist/index.js:915:26\n    at file:///workspace/repo/frontend/node_modules/@vitest/runner/dist/index.js:1243:20\n    at new Promise (<anonymous>)\n    at runWithTimeout (file:///workspace/repo/frontend/node_modules/@vitest/runner/dist/index.js:1209:10)","Error: act(...) is not supported in production builds of React.\n    at X (/workspace/repo/frontend/node_modules/react/cjs/react.production.min.js:19:136)\n    at /workspace/repo/frontend/node_modules/@testing-library/react/dist/act-compat.js:46:25\n    at /workspace/repo/frontend/node_modules/@testing-library/react/dist/pure.js:306:28\n    at Array.forEach (<anonymous>)\n    at cleanup (/workspace/repo/frontend/node_modules/@testing-library/react/dist/pure.js:302:22)\n    at /workspace/repo/frontend/vitest.setup.ts:9:3\n    at file:///workspace/repo/frontend/node_modules/@vitest/runner/dist/index.js:145:11\n    at file:///workspace/repo/frontend/node_modules/@vitest/runner/dist/index.js:1243:20\n    at new Promise (<anonymous>)\n    at runWithTimeout (file:///workspace/repo/frontend/node_modules/@vitest/runner/dist/index.js:1209:10)"],"meta":{}}],"startTime":1766768139979,"endTime":1766768139997.8506,"status":"failed","message":"","name":"/workspace/repo/frontend/tests/FileUpload.test.tsx"},{"assertionResults":[{"ancestorTitles":["FormWizard Component"],"fullName":"FormWizard Component renders stepper component","status":"failed","title":"renders stepper component","duration":5.9619820000000345,"failureMessages":["Error: act(...) is not supported in production builds of React.\n    at X (/workspace/repo/frontend/node_modules/react/cjs/react.production.min.js:19:136)\n    at /workspace/repo/frontend/node_modules/@testing-library/react/dist/act-compat.js:46:25\n    at renderRoot (/workspace/repo/frontend/node_modules/@testing-library/react/dist/pure.js:189:26)\n    at render (/workspace/repo/frontend/node_modules/@testing-library/react/dist/pure.js:291:10)\n    at /workspace/repo/frontend/tests/FormWizard.test.tsx:56:5\n    at file:///workspace/repo/frontend/node_modules/@vitest/runner/dist/index.js:145:11\n    at file:///workspace/repo/frontend/node_modules/@vitest/runner/dist/index.js:915:26\n    at file:///workspace/repo/frontend/node_modules/@vitest/runner/dist/index.js:1243:20\n    at new Promise (<anonymous>)\n    at runWithTimeout (file:///workspace/repo/frontend/node_modules/@vitest/runner/dist/index.js:1209:10)","Error: act(...) is not supported in production builds of React.\n    at X (/workspace/repo/frontend/node_modules/react/cjs/react.production.min.js:19:136)\n    at /workspace/repo/frontend/node_modules/@testing-library/react/dist/act-compat.js:46:25\n    at /workspace/repo/frontend/node_modules/@testing-library/react/dist/pure.js:306:28\n    at Array.forEach (<anonymous>)\n    at cleanup (/workspace/repo/frontend/node_modules/@testing-library/react/dist/pure.js:302:22)\n    at /workspace/repo/frontend/vitest.setup.ts:9:3\n    at file:///workspace/repo/frontend/node_modules/@vitest/runner/dist/index.js:145:11\n    at file:///workspace/repo/frontend/node_modules/@vitest/runner/dist/index.js:1243:20\n    at new Promise (<anonymous>)\n    at runWithTimeout (file:///workspace/repo/frontend/node_modules/@vitest/runner/dist/index.js:1209:10)"],"meta":{}},{"ancestorTitles":["FormWizard Component"],"fullName":"FormWizard Component renders current step component","status":"failed","title":"renders current step component","duration":1.71559400000001,"failureMessages":["Error: act(...) is not supported in production builds of React.\n    at X (/workspace/repo/frontend/node_modules/react/cjs/react.production.min.js:19:136)\n    at /workspace/repo/frontend/node_modules/@testing-library/react/dist/act-compat.js:46:25\n    at renderRoot (/workspace/repo/frontend/node_modules/@testing-library/react/dist/pure.js:189:26)\n    at render (/workspace/repo/frontend/node_modules/@testing-library/react/dist/pure.js:291:10)\n    at /workspace/repo/frontend/tests/FormWizard.test.tsx:63:5\n    at file:///workspace/repo/frontend/node_modules/@vitest/runner/dist/index.js:145:11\n    at file:///workspace/repo/frontend/node_modules/@vitest/runner/dist/index.js:915:26\n    at file:///workspace/repo/frontend/node_modules/@vitest/runner/dist/index.js:1243:20\n    at new Promise (<anonymous>)\n    at runWithTimeout (file:///workspace/repo/frontend/node_modules/@vitest/runner/dist/index.js:1209:10)","Error: act(...) is not supported in production builds of React.\n    at X (/workspace/repo/frontend/node_modules/react/cjs/react.production.min.js:19:136)\n    at /workspace/repo/frontend/node_modules/@testing-library/react/dist/act-compat.js:46:25\n    at /workspace/repo/frontend/node_modules/@testing-library/react/dist/pure.js:306:28\n    at Array.forEach (<anonymous>)\n    at cleanup (/workspace/repo/frontend/node_modules/@testing-library/react/dist/pure.js:302:22)\n    at /workspace/repo/frontend/vitest.setup.ts:9:3\n    at file:///workspace/repo/frontend/node_modules/@vitest/runner/dist/index.js:145:11\n    at file:///workspace/repo/frontend/node_modules/@vitest/runner/dist/index.js:1243:20\n    at new Promise (<anonymous>)\n    at runWithTimeout (file:///workspace/repo/frontend/node_modules/@vitest/runner/dist/index.js:1209:10)"],"meta":{}},{"ancestorTitles":["FormWizard Component"],"fullName":"FormWizard Component renders Back button on steps after first step","status":"failed","title":"renders Back button on steps after first step","duration":1.0293739999999616,"failureMessages":["Error: act(...) is not supported in production builds of React.\n    at X (/workspace/repo/frontend/node_modules/react/cjs/react.production.min.js:19:136)\n    at /workspace/repo/frontend/node_modules/@testing-library/react/dist/act-compat.js:46:25\n    at renderRoot (/workspace/repo/frontend/node_modules/@testing-library/react/dist/pure.js:189:26)\n    at render (/workspace/repo/frontend/node_modules/@testing-library/react/dist/pure.js:291:10)\n    at /workspace/repo/frontend/tests/FormWizard.test.tsx:70:5\n    at file:///workspace/repo/frontend/node_modules/@vitest/runner/dist/index.js:145:11\n    at file:///workspace/repo/frontend/node_modules/@vitest/runner/dist/index.js:915:26\n    at file:///workspace/repo/frontend/node_modules/@vitest/runner/dist/index.js:1243:20\n    at new Promise (<anonymous>)\n    at runWithTimeout (file:///workspace/repo/frontend/node_modules/@vitest/runner/dist/index.js:1209:10)","Error: act(...) is not supported in production builds of React.\n    at X (/workspace/repo/frontend/node_modules/react/cjs/react.production.min.js:19:136)\n    at /workspace/repo/frontend/node_modules/@testing-library/react/dist/act-compat.js:46:25\n    at /workspace/repo/frontend/node_modules/@testing-library/react/dist/pure.js:306:28\n    at Array.forEach (<anonymous>)\n    at cleanup (/workspace/repo/frontend/node_modules/@testing-library/react/dist/pure.js:302:22)\n    at /workspace/repo/frontend/vitest.setup.ts:9:3\n    at file:///workspace/repo/frontend/node_modules/@vitest/runner/dist/index.js:145:11\n    at file:///workspace/repo/frontend/node_modules/@vitest/runner/dist/index.js:1243:20\n    at new Promise (<anonymous>)\n    at runWithTimeout (file:///workspace/repo/frontend/node_modules/@vitest/runner/dist/index.js:1209:10)"],"meta":{}},{"ancestorTitles":["FormWizard Component"],"fullName":"FormWizard Component does not render Back button on first step","status":"failed","title":"does not render Back button on first step","duration":1.0950020000000222,"failureMessages":["Error: act(...) is not supported in production builds of React.\n    at X (/workspace/repo/frontend/node_modules/react/cjs/react.production.min.js:19:136)\n    at /workspace/repo/frontend/node_modules/@testing-library/react/dist/act-compat.js:46:25\n    at renderRoot (/workspace/repo/frontend/node_modules/@testing-library/react/dist/pure.js:189:26)\n    at render (/workspace/repo/frontend/node_modules/@testing-library/react/dist/pure.js:291:10)\n    at /workspace/repo/frontend/tests/FormWizard.test.tsx:77:5\n    at file:///workspace/repo/frontend/node_modules/@vitest/runner/dist/index.js:145:11\n    at file:///workspace/repo/frontend/node_modules/@vitest/runner/dist/index.js:915:26\n    at file:///workspace/repo/frontend/node_modules/@vitest/runner/dist/index.js:1243:20\n    at new Promise (<anonymous>)\n    at runWithTimeout (file:///workspace/repo/frontend/node_modules/@vitest/runner/dist/index.js:1209:10)","Error: act(...) is not supported in production builds of React.\n    at X (/workspace/repo/frontend/node_modules/react/cjs/react.production.min.js:19:136)\n    at /workspace/repo/frontend/node_modules/@testing-library/react/dist/act-compat.js:46:25\n    at /workspace/repo/frontend/node_modules/@testing-library/react/dist/pure.js:306:28\n    at Array.forEach (<anonymous>)\n    at cleanup (/workspace/repo/frontend/node_modules/@testing-library/react/dist/pure.js:302:22)\n    at /workspace/repo/frontend/vitest.setup.ts:9:3\n    at file:///workspace/repo/frontend/node_modules/@vitest/runner/dist/index.js:145:11\n    at file:///workspace/repo/frontend/node_modules/@vitest/runner/dist/index.js:1243:20\n    at new Promise (<anonymous>)\n    at runWithTimeout (file:///workspace/repo/frontend/node_modules/@vitest/runner/dist/index.js:1209:10)"],"meta":{}},{"ancestorTitles":["FormWizard Component"],"fullName":"FormWizard Component calls step validation before navigating to next","status":"failed","title":"calls step validation before navigating to next","duration":1.26848700000005,"failureMessages":["Error: act(...) is not supported in production builds of React.\n    at X (/workspace/repo/frontend/node_modules/react/cjs/react.production.min.js:19:136)\n    at /workspace/repo/frontend/node_modules/@testing-library/react/dist/act-compat.js:46:25\n    at renderRoot (/workspace/repo/frontend/node_modules/@testing-library/react/dist/pure.js:189:26)\n    at render (/workspace/repo/frontend/node_modules/@testing-library/react/dist/pure.js:291:10)\n    at /workspace/repo/frontend/tests/FormWizard.test.tsx:84:5\n    at file:///workspace/repo/frontend/node_modules/@vitest/runner/dist/index.js:145:11\n    at file:///workspace/repo/frontend/node_modules/@vitest/runner/dist/index.js:915:26\n    at file:///workspace/repo/frontend/node_modules/@vitest/runner/dist/index.js:1243:20\n    at new Promise (<anonymous>)\n    at runWithTimeout (file:///workspace/repo/frontend/node_modules/@vitest/runner/dist/index.js:1209:10)","Error: act(...) is not supported in production builds of React.\n    at X (/workspace/repo/frontend/node_modules/react/cjs/react.production.min.js:19:136)\n    at /workspace/repo/frontend/node_modules/@testing-library/react/dist/act-compat.js:46:25\n    at /workspace/repo/frontend/node_modules/@testing-library/react/dist/pure.js:306:28\n    at Array.forEach (<anonymous>)\n    at cleanup (/workspace/repo/frontend/node_modules/@testing-library/react/dist/pure.js:302:22)\n    at /workspace/repo/frontend/vitest.setup.ts:9:3\n    at file:///workspace/repo/frontend/node_modules/@vitest/runner/dist/index.js:145:11\n    at file:///workspace/repo/frontend/node_modules/@vitest/runner/dist/index.js:1243:20\n    at new Promise (<anonymous>)\n    at runWithTimeout (file:///workspace/repo/frontend/node_modules/@vitest/runner/dist/index.js:1209:10)"],"meta":{}},{"ancestorTitles":["FormWizard Component"],"fullName":"FormWizard Component allows navigation to next step after validation passes","status":"failed","title":"allows navigation to next step after validation passes","duration":1.062108999999964,"failureMessages":["Error: act(...) is not supported in production builds of React.\n    at X (/workspace/repo/frontend/node_modules/react/cjs/react.production.min.js:19:136)\n    at /workspace/repo/frontend/node_modules/@testing-library/react/dist/act-compat.js:46:25\n    at renderRoot (/workspace/repo/frontend/node_modules/@testing-library/react/dist/pure.js:189:26)\n    at render (/workspace/repo/frontend/node_modules/@testing-library/react/dist/pure.js:291:10)\n    at /workspace/repo/frontend/tests/FormWizard.test.tsx:99:5\n    at file:///workspace/repo/frontend/node_modules/@vitest/runner/dist/index.js:145:11\n    at file:///workspace/repo/frontend/node_modules/@vitest/runner/dist/index.js:915:26\n    at file:///workspace/repo/frontend/node_modules/@vitest/runner/dist/index.js:1243:20\n    at new Promise (<anonymous>)\n    at runWithTimeout (file:///workspace/repo/frontend/node_modules/@vitest/runner/dist/index.js:1209:10)","Error: act(...) is not supported in production builds of React.\n    at X (/workspace/repo/frontend/node_modules/react/cjs/react.production.min.js:19:136)\n    at /workspace/repo/frontend/node_modules/@testing-library/react/dist/act-compat.js:46:25\n    at /workspace/repo/frontend/node_modules/@testing-library/react/dist/pure.js:306:28\n    at Array.forEach (<anonymous>)\n    at cleanup (/workspace/repo/frontend/node_modules/@testing-library/react/dist/pure.js:302:22)\n    at /workspace/repo/frontend/vitest.setup.ts:9:3\n    at file:///workspace/repo/frontend/node_modules/@vitest/runner/dist/index.js:145:11\n    at file:///workspace/repo/frontend/node_modules/@vitest/runner/dist/index.js:1243:20\n    at new Promise (<anonymous>)\n    at runWithTimeout (file:///workspace/repo/frontend/node_modules/@vitest/runner/dist/index.js:1209:10)"],"meta":{}},{"ancestorTitles":["FormWizard Component"],"fullName":"FormWizard Component renders Save as Draft button when onSaveDraft is provided","status":"failed","title":"renders Save as Draft button when onSaveDraft is provided","duration":1.3105380000001787,"failureMessages":["Error: act(...) is not supported in production builds of React.\n    at X (/workspace/repo/frontend/node_modules/react/cjs/react.production.min.js:19:136)\n    at /workspace/repo/frontend/node_modules/@testing-library/react/dist/act-compat.js:46:25\n    at renderRoot (/workspace/repo/frontend/node_modules/@testing-library/react/dist/pure.js:189:26)\n    at render (/workspace/repo/frontend/node_modules/@testing-library/react/dist/pure.js:291:10)\n    at /workspace/repo/frontend/tests/FormWizard.test.tsx:112:5\n    at file:///workspace/repo/frontend/node_modules/@vitest/runner/dist/index.js:145:11\n    at file:///workspace/repo/frontend/node_modules/@vitest/runner/dist/index.js:915:26\n    at file:///workspace/repo/frontend/node_modules/@vitest/runner/dist/index.js:1243:20\n    at new Promise (<anonymous>)\n    at runWithTimeout (file:///workspace/repo/frontend/node_modules/@vitest/runner/dist/index.js:1209:10)","Error: act(...) is not supported in production builds of React.\n    at X (/workspace/repo/frontend/node_modules/react/cjs/react.production.min.js:19:136)\n    at /workspace/repo/frontend/node_modules/@testing-library/react/dist/act-compat.js:46:25\n    at /workspace/repo/frontend/node_modules/@testing-library/react/dist/pure.js:306:28\n    at Array.forEach (<anonymous>)\n    at cleanup (/workspace/repo/frontend/node_modules/@testing-library/react/dist/pure.js:302:22)\n    at /workspace/repo/frontend/vitest.setup.ts:9:3\n    at file:///workspace/repo/frontend/node_modules/@vitest/runner/dist/index.js:145:11\n    at file:///workspace/repo/frontend/node_modules/@vitest/runner/dist/index.js:1243:20\n    at new Promise (<anonymous>)\n    at runWithTimeout (file:///workspace/repo/frontend/node_modules/@vitest/runner/dist/index.js:1209:10)"],"meta":{}},{"ancestorTitles":["FormWizard Component"],"fullName":"FormWizard Component does not render Save as Draft when onSaveDraft is not provided","status":"failed","title":"does not render Save as Draft when onSaveDraft is not provided","duration":1.0040449999999055,"failureMessages":["Error: act(...) is not supported in production builds of React.\n    at X (/workspace/repo/frontend/node_modules/react/cjs/react.production.min.js:19:136)\n    at /workspace/repo/frontend/node_modules/@testing-library/react/dist/act-compat.js:46:25\n    at renderRoot (/workspace/repo/frontend/node_modules/@testing-library/react/dist/pure.js:189:26)\n    at render (/workspace/repo/frontend/node_modules/@testing-library/react/dist/pure.js:291:10)\n    at /workspace/repo/frontend/tests/FormWizard.test.tsx:122:5\n    at file:///workspace/repo/frontend/node_modules/@vitest/runner/dist/index.js:145:11\n    at file:///workspace/repo/frontend/node_modules/@vitest/runner/dist/index.js:915:26\n    at file:///workspace/repo/frontend/node_modules/@vitest/runner/dist/index.js:1243:20\n    at new Promise (<anonymous>)\n    at runWithTimeout (file:///workspace/repo/frontend/node_modules/@vitest/runner/dist/index.js:1209:10)","Error: act(...) is not supported in production builds of React.\n    at X (/workspace/repo/frontend/node_modules/react/cjs/react.production.min.js:19:136)\n    at /workspace/repo/frontend/node_modules/@testing-library/react/dist/act-compat.js:46:25\n    at /workspace/repo/frontend/node_modules/@testing-library/react/dist/pure.js:306:28\n    at Array.forEach (<anonymous>)\n    at cleanup (/workspace/repo/frontend/node_modules/@testing-library/react/dist/pure.js:302:22)\n    at /workspace/repo/frontend/vitest.setup.ts:9:3\n    at file:///workspace/repo/frontend/node_modules/@vitest/runner/dist/index.js:145:11\n    at file:///workspace/repo/frontend/node_modules/@vitest/runner/dist/index.js:1243:20\n    at new Promise (<anonymous>)\n    at runWithTimeout (file:///workspace/repo/frontend/node_modules/@vitest/runner/dist/index.js:1209:10)"],"meta":{}},{"ancestorTitles":["FormWizard Component"],"fullName":"FormWizard Component shows last saved time when draft is saved","status":"failed","title":"shows last saved time when draft is saved","duration":1.7454219999999623,"failureMessages":["Error: act(...) is not supported in production builds of React.\n    at X (/workspace/repo/frontend/node_modules/react/cjs/react.production.min.js:19:136)\n    at /workspace/repo/frontend/node_modules/@testing-library/react/dist/act-compat.js:46:25\n    at renderRoot (/workspace/repo/frontend/node_modules/@testing-library/react/dist/pure.js:189:26)\n    at render (/workspace/repo/frontend/node_modules/@testing-library/react/dist/pure.js:291:10)\n    at /workspace/repo/frontend/tests/FormWizard.test.tsx:131:5\n    at file:///workspace/repo/frontend/node_modules/@vitest/runner/dist/index.js:145:11\n    at file:///workspace/repo/frontend/node_modules/@vitest/runner/dist/index.js:915:26\n    at file:///workspace/repo/frontend/node_modules/@vitest/runner/dist/index.js:1243:20\n    at new Promise (<anonymous>)\n    at runWithTimeout (file:///workspace/repo/frontend/node_modules/@vitest/runner/dist/index.js:1209:10)","Error: act(...) is not supported in production builds of React.\n    at X (/workspace/repo/frontend/node_modules/react/cjs/react.production.min.js:19:136)\n    at /workspace/repo/frontend/node_modules/@testing-library/react/dist/act-compat.js:46:25\n    at /workspace/repo/frontend/node_modules/@testing-library/react/dist/pure.js:306:28\n    at Array.forEach (<anonymous>)\n    at cleanup (/workspace/repo/frontend/node_modules/@testing-library/react/dist/pure.js:302:22)\n    at /workspace/repo/frontend/vitest.setup.ts:9:3\n    at file:///workspace/repo/frontend/node_modules/@vitest/runner/dist/index.js:145:11\n    at file:///workspace/repo/frontend/node_modules/@vitest/runner/dist/index.js:1243:20\n    at new Promise (<anonymous>)\n    at runWithTimeout (file:///workspace/repo/frontend/node_modules/@vitest/runner/dist/index.js:1209:10)"],"meta":{}},{"ancestorTitles":["FormWizard Component"],"fullName":"FormWizard Component renders Submit button on last step","status":"failed","title":"renders Submit button on last step","duration":0.870106000000078,"failureMessages":["Error: act(...) is not supported in production builds of React.\n    at X (/workspace/repo/frontend/node_modules/react/cjs/react.production.min.js:19:136)\n    at /workspace/repo/frontend/node_modules/@testing-library/react/dist/act-compat.js:46:25\n    at renderRoot (/workspace/repo/frontend/node_modules/@testing-library/react/dist/pure.js:189:26)\n    at render (/workspace/repo/frontend/node_modules/@testing-library/react/dist/pure.js:291:10)\n    at /workspace/repo/frontend/tests/FormWizard.test.tsx:142:5\n    at file:///workspace/repo/frontend/node_modules/@vitest/runner/dist/index.js:145:11\n    at file:///workspace/repo/frontend/node_modules/@vitest/runner/dist/index.js:915:26\n    at file:///workspace/repo/frontend/node_modules/@vitest/runner/dist/index.js:1243:20\n    at new Promise (<anonymous>)\n    at runWithTimeout (file:///workspace/repo/frontend/node_modules/@vitest/runner/dist/index.js:1209:10)","Error: act(...) is not supported in production builds of React.\n    at X (/workspace/repo/frontend/node_modules/react/cjs/react.production.min.js:19:136)\n    at /workspace/repo/frontend/node_modules/@testing-library/react/dist/act-compat.js:46:25\n    at /workspace/repo/frontend/node_modules/@testing-library/react/dist/pure.js:306:28\n    at Array.forEach (<anonymous>)\n    at cleanup (/workspace/repo/frontend/node_modules/@testing-library/react/dist/pure.js:302:22)\n    at /workspace/repo/frontend/vitest.setup.ts:9:3\n    at file:///workspace/repo/frontend/node_modules/@vitest/runner/dist/index.js:145:11\n    at file:///workspace/repo/frontend/node_modules/@vitest/runner/dist/index.js:1243:20\n    at new Promise (<anonymous>)\n    at runWithTimeout (file:///workspace/repo/frontend/node_modules/@vitest/runner/dist/index.js:1209:10)"],"meta":{}},{"ancestorTitles":["FormWizard Component"],"fullName":"FormWizard Component calls onSubmit when Submit button is clicked","status":"failed","title":"calls onSubmit when Submit button is clicked","duration":2.3626070000000254,"failureMessages":["Error: act(...) is not supported in production builds of React.\n    at X (/workspace/repo/frontend/node_modules/react/cjs/react.production.min.js:19:136)\n    at /workspace/repo/frontend/node_modules/@testing-library/react/dist/act-compat.js:46:25\n    at renderRoot (/workspace/repo/frontend/node_modules/@testing-library/react/dist/pure.js:189:26)\n    at render (/workspace/repo/frontend/node_modules/@testing-library/react/dist/pure.js:291:10)\n    at /workspace/repo/frontend/tests/FormWizard.test.tsx:154:5\n    at file:///workspace/repo/frontend/node_modules/@vitest/runner/dist/index.js:145:11\n    at file:///workspace/repo/frontend/node_modules/@vitest/runner/dist/index.js:915:26\n    at file:///workspace/repo/frontend/node_modules/@vitest/runner/dist/index.js:1243:20\n    at new Promise (<anonymous>)\n    at runWithTimeout (file:///workspace/repo/frontend/node_modules/@vitest/runner/dist/index.js:1209:10)","Error: act(...) is not supported in production builds of React.\n    at X (/workspace/repo/frontend/node_modules/react/cjs/react.production.min.js:19:136)\n    at /workspace/repo/frontend/node_modules/@testing-library/react/dist/act-compat.js:46:25\n    at /workspace/repo/frontend/node_modules/@testing-library/react/dist/pure.js:306:28\n    at Array.forEach (<anonymous>)\n    at cleanup (/workspace/repo/frontend/node_modules/@testing-library/react/dist/pure.js:302:22)\n    at /workspace/repo/frontend/vitest.setup.ts:9:3\n    at file:///workspace/repo/frontend/node_modules/@vitest/runner/dist/index.js:145:11\n    at file:///workspace/repo/frontend/node_modules/@vitest/runner/dist/index.js:1243:20\n    at new Promise (<anonymous>)\n    at runWithTimeout (file:///workspace/repo/frontend/node_modules/@vitest/runner/dist/index.js:1209:10)"],"meta":{}},{"ancestorTitles":["FormWizard Component"],"fullName":"FormWizard Component disables Next button when step is invalid","status":"failed","title":"disables Next button when step is invalid","duration":0.9312239999999292,"failureMessages":["Error: act(...) is not supported in production builds of React.\n    at X (/workspace/repo/frontend/node_modules/react/cjs/react.production.min.js:19:136)\n    at /workspace/repo/frontend/node_modules/@testing-library/react/dist/act-compat.js:46:25\n    at renderRoot (/workspace/repo/frontend/node_modules/@testing-library/react/dist/pure.js:189:26)\n    at render (/workspace/repo/frontend/node_modules/@testing-library/react/dist/pure.js:291:10)\n    at /workspace/repo/frontend/tests/FormWizard.test.tsx:165:5\n    at file:///workspace/repo/frontend/node_modules/@vitest/runner/dist/index.js:145:11\n    at file:///workspace/repo/frontend/node_modules/@vitest/runner/dist/index.js:915:26\n    at file:///workspace/repo/frontend/node_modules/@vitest/runner/dist/index.js:1243:20\n    at new Promise (<anonymous>)\n    at runWithTimeout (file:///workspace/repo/frontend/node_modules/@vitest/runner/dist/index.js:1209:10)","Error: act(...) is not supported in production builds of React.\n    at X (/workspace/repo/frontend/node_modules/react/cjs/react.production.min.js:19:136)\n    at /workspace/repo/frontend/node_modules/@testing-library/react/dist/act-compat.js:46:25\n    at /workspace/repo/frontend/node_modules/@testing-library/react/dist/pure.js:306:28\n    at Array.forEach (<anonymous>)\n    at cleanup (/workspace/repo/frontend/node_modules/@testing-library/react/dist/pure.js:302:22)\n    at /workspace/repo/frontend/vitest.setup.ts:9:3\n    at file:///workspace/repo/frontend/node_modules/@vitest/runner/dist/index.js:145:11\n    at file:///workspace/repo/frontend/node_modules/@vitest/runner/dist/index.js:1243:20\n    at new Promise (<anonymous>)\n    at runWithTimeout (file:///workspace/repo/frontend/node_modules/@vitest/runner/dist/index.js:1209:10)"],"meta":{}},{"ancestorTitles":["FormWizard Component"],"fullName":"FormWizard Component enables Next button when step is valid","status":"failed","title":"enables Next button when step is valid","duration":0.8557879999998477,"failureMessages":["Error: act(...) is not supported in production builds of React.\n    at X (/workspace/repo/frontend/node_modules/react/cjs/react.production.min.js:19:136)\n    at /workspace/repo/frontend/node_modules/@testing-library/react/dist/act-compat.js:46:25\n    at renderRoot (/workspace/repo/frontend/node_modules/@testing-library/react/dist/pure.js:189:26)\n    at render (/workspace/repo/frontend/node_modules/@testing-library/react/dist/pure.js:291:10)\n    at /workspace/repo/frontend/tests/FormWizard.test.tsx:177:5\n    at file:///workspace/repo/frontend/node_modules/@vitest/runner/dist/index.js:145:11\n    at file:///workspace/repo/frontend/node_modules/@vitest/runner/dist/index.js:915:26\n    at file:///workspace/repo/frontend/node_modules/@vitest/runner/dist/index.js:1243:20\n    at new Promise (<anonymous>)\n    at runWithTimeout (file:///workspace/repo/frontend/node_modules/@vitest/runner/dist/index.js:1209:10)","Error: act(...) is not supported in production builds of React.\n    at X (/workspace/repo/frontend/node_modules/react/cjs/react.production.min.js:19:136)\n    at /workspace/repo/frontend/node_modules/@testing-library/react/dist/act-compat.js:46:25\n    at /workspace/repo/frontend/node_modules/@testing-library/react/dist/pure.js:306:28\n    at Array.forEach (<anonymous>)\n    at cleanup (/workspace/repo/frontend/node_modules/@testing-library/react/dist/pure.js:302:22)\n    at /workspace/repo/frontend/vitest.setup.ts:9:3\n    at file:///workspace/repo/frontend/node_modules/@vitest/runner/dist/index.js:145:11\n    at file:///workspace/repo/frontend/node_modules/@vitest/runner/dist/index.js:1243:20\n    at new Promise (<anonymous>)\n    at runWithTimeout (file:///workspace/repo/frontend/node_modules/@vitest/runner/dist/index.js:1209:10)"],"meta":{}},{"ancestorTitles":["FormWizard Component"],"fullName":"FormWizard Component loads initial data correctly","status":"failed","title":"loads initial data correctly","duration":0.8657580000001417,"failureMessages":["Error: act(...) is not supported in production builds of React.\n    at X (/workspace/repo/frontend/node_modules/react/cjs/react.production.min.js:19:136)\n    at /workspace/repo/frontend/node_modules/@testing-library/react/dist/act-compat.js:46:25\n    at renderRoot (/workspace/repo/frontend/node_modules/@testing-library/react/dist/pure.js:189:26)\n    at render (/workspace/repo/frontend/node_modules/@testing-library/react/dist/pure.js:291:10)\n    at /workspace/repo/frontend/tests/FormWizard.test.tsx:189:5\n    at file:///workspace/repo/frontend/node_modules/@vitest/runner/dist/index.js:145:11\n    at file:///workspace/repo/frontend/node_modules/@vitest/runner/dist/index.js:915:26\n    at file:///workspace/repo/frontend/node_modules/@vitest/runner/dist/index.js:1243:20\n    at new Promise (<anonymous>)\n    at runWithTimeout (file:///workspace/repo/frontend/node_modules/@vitest/runner/dist/index.js:1209:10)","Error: act(...) is not supported in production builds of React.\n    at X (/workspace/repo/frontend/node_modules/react/cjs/react.production.min.js:19:136)\n    at /workspace/repo/frontend/node_modules/@testing-library/react/dist/act-compat.js:46:25\n    at /workspace/repo/frontend/node_modules/@testing-library/react/dist/pure.js:306:28\n    at Array.forEach (<anonymous>)\n    at cleanup (/workspace/repo/frontend/node_modules/@testing-library/react/dist/pure.js:302:22)\n    at /workspace/repo/frontend/vitest.setup.ts:9:3\n    at file:///workspace/repo/frontend/node_modules/@vitest/runner/dist/index.js:145:11\n    at file:///workspace/repo/frontend/node_modules/@vitest/runner/dist/index.js:1243:20\n    at new Promise (<anonymous>)\n    at runWithTimeout (file:///workspace/repo/frontend/node_modules/@vitest/runner/dist/index.js:1209:10)"],"meta":{}},{"ancestorTitles":["FormWizard Component"],"fullName":"FormWizard Component handles step click from stepper","status":"failed","title":"handles step click from stepper","duration":1.2967620000001716,"failureMessages":["Error: act(...) is not supported in production builds of React.\n    at X (/workspace/repo/frontend/node_modules/react/cjs/react.production.min.js:19:136)\n    at /workspace/repo/frontend/node_modules/@testing-library/react/dist/act-compat.js:46:25\n    at renderRoot (/workspace/repo/frontend/node_modules/@testing-library/react/dist/pure.js:189:26)\n    at render (/workspace/repo/frontend/node_modules/@testing-library/react/dist/pure.js:291:10)\n    at /workspace/repo/frontend/tests/FormWizard.test.tsx:199:5\n    at file:///workspace/repo/frontend/node_modules/@vitest/runner/dist/index.js:145:11\n    at file:///workspace/repo/frontend/node_modules/@vitest/runner/dist/index.js:915:26\n    at file:///workspace/repo/frontend/node_modules/@vitest/runner/dist/index.js:1243:20\n    at new Promise (<anonymous>)\n    at runWithTimeout (file:///workspace/repo/frontend/node_modules/@vitest/runner/dist/index.js:1209:10)","Error: act(...) is not supported in production builds of React.\n    at X (/workspace/repo/frontend/node_modules/react/cjs/react.production.min.js:19:136)\n    at /workspace/repo/frontend/node_modules/@testing-library/react/dist/act-compat.js:46:25\n    at /workspace/repo/frontend/node_modules/@testing-library/react/dist/pure.js:306:28\n    at Array.forEach (<anonymous>)\n    at cleanup (/workspace/repo/frontend/node_modules/@testing-library/react/dist/pure.js:302:22)\n    at /workspace/repo/frontend/vitest.setup.ts:9:3\n    at file:///workspace/repo/frontend/node_modules/@vitest/runner/dist/index.js:145:11\n    at file:///workspace/repo/frontend/node_modules/@vitest/runner/dist/index.js:1243:20\n    at new Promise (<anonymous>)\n    at runWithTimeout (file:///workspace/repo/frontend/node_modules/@vitest/runner/dist/index.js:1209:10)"],"meta":{}},{"ancestorTitles":["FormWizard Component"],"fullName":"FormWizard Component shows loading state in Save as Draft button when saving","status":"failed","title":"shows loading state in Save as Draft button when saving","duration":1.0763950000000477,"failureMessages":["Error: act(...) is not supported in production builds of React.\n    at X (/workspace/repo/frontend/node_modules/react/cjs/react.production.min.js:19:136)\n    at /workspace/repo/frontend/node_modules/@testing-library/react/dist/act-compat.js:46:25\n    at renderRoot (/workspace/repo/frontend/node_modules/@testing-library/react/dist/pure.js:189:26)\n    at render (/workspace/repo/frontend/node_modules/@testing-library/react/dist/pure.js:291:10)\n    at /workspace/repo/frontend/tests/FormWizard.test.tsx:213:5\n    at file:///workspace/repo/frontend/node_modules/@vitest/runner/dist/index.js:145:11\n    at file:///workspace/repo/frontend/node_modules/@vitest/runner/dist/index.js:915:26\n    at file:///workspace/repo/frontend/node_modules/@vitest/runner/dist/index.js:1243:20\n    at new Promise (<anonymous>)\n    at runWithTimeout (file:///workspace/repo/frontend/node_modules/@vitest/runner/dist/index.js:1209:10)","Error: act(...) is not supported in production builds of React.\n    at X (/workspace/repo/frontend/node_modules/react/cjs/react.production.min.js:19:136)\n    at /workspace/repo/frontend/node_modules/@testing-library/react/dist/act-compat.js:46:25\n    at /workspace/repo/frontend/node_modules/@testing-library/react/dist/pure.js:306:28\n    at Array.forEach (<anonymous>)\n    at cleanup (/workspace/repo/frontend/node_modules/@testing-library/react/dist/pure.js:302:22)\n    at /workspace/repo/frontend/vitest.setup.ts:9:3\n    at file:///workspace/repo/frontend/node_modules/@vitest/runner/dist/index.js:145:11\n    at file:///workspace/repo/frontend/node_modules/@vitest/runner/dist/index.js:1243:20\n    at new Promise (<anonymous>)\n    at runWithTimeout (file:///workspace/repo/frontend/node_modules/@vitest/runner/dist/index.js:1209:10)"],"meta":{}},{"ancestorTitles":["FormWizard Component"],"fullName":"FormWizard Component shows loading state in Submit button when submitting","status":"failed","title":"shows loading state in Submit button when submitting","duration":0.691921000000093,"failureMessages":["Error: act(...) is not supported in production builds of React.\n    at X (/workspace/repo/frontend/node_modules/react/cjs/react.production.min.js:19:136)\n    at /workspace/repo/frontend/node_modules/@testing-library/react/dist/act-compat.js:46:25\n    at renderRoot (/workspace/repo/frontend/node_modules/@testing-library/react/dist/pure.js:189:26)\n    at render (/workspace/repo/frontend/node_modules/@testing-library/react/dist/pure.js:291:10)\n    at /workspace/repo/frontend/tests/FormWizard.test.tsx:226:5\n    at file:///workspace/repo/frontend/node_modules/@vitest/runner/dist/index.js:145:11\n    at file:///workspace/repo/frontend/node_modules/@vitest/runner/dist/index.js:915:26\n    at file:///workspace/repo/frontend/node_modules/@vitest/runner/dist/index.js:1243:20\n    at new Promise (<anonymous>)\n    at runWithTimeout (file:///workspace/repo/frontend/node_modules/@vitest/runner/dist/index.js:1209:10)","Error: act(...) is not supported in production builds of React.\n    at X (/workspace/repo/frontend/node_modules/react/cjs/react.production.min.js:19:136)\n    at /workspace/repo/frontend/node_modules/@testing-library/react/dist/act-compat.js:46:25\n    at /workspace/repo/frontend/node_modules/@testing-library/react/dist/pure.js:306:28\n    at Array.forEach (<anonymous>)\n    at cleanup (/workspace/repo/frontend/node_modules/@testing-library/react/dist/pure.js:302:22)\n    at /workspace/repo/frontend/vitest.setup.ts:9:3\n    at file:///workspace/repo/frontend/node_modules/@vitest/runner/dist/index.js:145:11\n    at file:///workspace/repo/frontend/node_modules/@vitest/runner/dist/index.js:1243:20\n    at new Promise (<anonymous>)\n    at runWithTimeout (file:///workspace/repo/frontend/node_modules/@vitest/runner/dist/index.js:1209:10)"],"meta":{}},{"ancestorTitles":["FormWizard Component"],"fullName":"FormWizard Component disables navigation while submitting","status":"failed","title":"disables navigation while submitting","duration":0.6725030000000061,"failureMessages":["Error: act(...) is not supported in production builds of React.\n    at X (/workspace/repo/frontend/node_modules/react/cjs/react.production.min.js:19:136)\n    at /workspace/repo/frontend/node_modules/@testing-library/react/dist/act-compat.js:46:25\n    at renderRoot (/workspace/repo/frontend/node_modules/@testing-library/react/dist/pure.js:189:26)\n    at render (/workspace/repo/frontend/node_modules/@testing-library/react/dist/pure.js:291:10)\n    at /workspace/repo/frontend/tests/FormWizard.test.tsx:239:5\n    at file:///workspace/repo/frontend/node_modules/@vitest/runner/dist/index.js:145:11\n    at file:///workspace/repo/frontend/node_modules/@vitest/runner/dist/index.js:915:26\n    at file:///workspace/repo/frontend/node_modules/@vitest/runner/dist/index.js:1243:20\n    at new Promise (<anonymous>)\n    at runWithTimeout (file:///workspace/repo/frontend/node_modules/@vitest/runner/dist/index.js:1209:10)","Error: act(...) is not supported in production builds of React.\n    at X (/workspace/repo/frontend/node_modules/react/cjs/react.production.min.js:19:136)\n    at /workspace/repo/frontend/node_modules/@testing-library/react/dist/act-compat.js:46:25\n    at /workspace/repo/frontend/node_modules/@testing-library/react/dist/pure.js:306:28\n    at Array.forEach (<anonymous>)\n    at cleanup (/workspace/repo/frontend/node_modules/@testing-library/react/dist/pure.js:302:22)\n    at /workspace/repo/frontend/vitest.setup.ts:9:3\n    at file:///workspace/repo/frontend/node_modules/@vitest/runner/dist/index.js:145:11\n    at file:///workspace/repo/frontend/node_modules/@vitest/runner/dist/index.js:1243:20\n    at new Promise (<anonymous>)\n    at runWithTimeout (file:///workspace/repo/frontend/node_modules/@vitest/runner/dist/index.js:1209:10)"],"meta":{}},{"ancestorTitles":["FormWizard Component"],"fullName":"FormWizard Component handles save draft errors gracefully","status":"failed","title":"handles save draft errors gracefully","duration":1.3221609999998236,"failureMessages":["Error: act(...) is not supported in production builds of React.\n    at X (/workspace/repo/frontend/node_modules/react/cjs/react.production.min.js:19:136)\n    at /workspace/repo/frontend/node_modules/@testing-library/react/dist/act-compat.js:46:25\n    at renderRoot (/workspace/repo/frontend/node_modules/@testing-library/react/dist/pure.js:189:26)\n    at render (/workspace/repo/frontend/node_modules/@testing-library/react/dist/pure.js:291:10)\n    at /workspace/repo/frontend/tests/FormWizard.test.tsx:253:5\n    at file:///workspace/repo/frontend/node_modules/@vitest/runner/dist/index.js:145:11\n    at file:///workspace/repo/frontend/node_modules/@vitest/runner/dist/index.js:915:26\n    at file:///workspace/repo/frontend/node_modules/@vitest/runner/dist/index.js:1243:20\n    at new Promise (<anonymous>)\n    at runWithTimeout (file:///workspace/repo/frontend/node_modules/@vitest/runner/dist/index.js:1209:10)","Error: act(...) is not supported in production builds of React.\n    at X (/workspace/repo/frontend/node_modules/react/cjs/react.production.min.js:19:136)\n    at /workspace/repo/frontend/node_modules/@testing-library/react/dist/act-compat.js:46:25\n    at /workspace/repo/frontend/node_modules/@testing-library/react/dist/pure.js:306:28\n    at Array.forEach (<anonymous>)\n    at cleanup (/workspace/repo/frontend/node_modules/@testing-library/react/dist/pure.js:302:22)\n    at /workspace/repo/frontend/vitest.setup.ts:9:3\n    at file:///workspace/repo/frontend/node_modules/@vitest/runner/dist/index.js:145:11\n    at file:///workspace/repo/frontend/node_modules/@vitest/runner/dist/index.js:1243:20\n    at new Promise (<anonymous>)\n    at runWithTimeout (file:///workspace/repo/frontend/node_modules/@vitest/runner/dist/index.js:1209:10)"],"meta":{}},{"ancestorTitles":["FormWizard Component"],"fullName":"FormWizard Component handles submit errors gracefully","status":"failed","title":"handles submit errors gracefully","duration":0.7333009999999831,"failureMessages":["Error: act(...) is not supported in production builds of React.\n    at X (/workspace/repo/frontend/node_modules/react/cjs/react.production.min.js:19:136)\n    at /workspace/repo/frontend/node_modules/@testing-library/react/dist/act-compat.js:46:25\n    at renderRoot (/workspace/repo/frontend/node_modules/@testing-library/react/dist/pure.js:189:26)\n    at render (/workspace/repo/frontend/node_modules/@testing-library/react/dist/pure.js:291:10)\n    at /workspace/repo/frontend/tests/FormWizard.test.tsx:267:5\n    at file:///workspace/repo/frontend/node_modules/@vitest/runner/dist/index.js:145:11\n    at file:///workspace/repo/frontend/node_modules/@vitest/runner/dist/index.js:915:26\n    at file:///workspace/repo/frontend/node_modules/@vitest/runner/dist/index.js:1243:20\n    at new Promise (<anonymous>)\n    at runWithTimeout (file:///workspace/repo/frontend/node_modules/@vitest/runner/dist/index.js:1209:10)","Error: act(...) is not supported in production builds of React.\n    at X (/workspace/repo/frontend/node_modules/react/cjs/react.production.min.js:19:136)\n    at /workspace/repo/frontend/node_modules/@testing-library/react/dist/act-compat.js:46:25\n    at /workspace/repo/frontend/node_modules/@testing-library/react/dist/pure.js:306:28\n    at Array.forEach (<anonymous>)\n    at cleanup (/workspace/repo/frontend/node_modules/@testing-library/react/dist/pure.js:302:22)\n    at /workspace/repo/frontend/vitest.setup.ts:9:3\n    at file:///workspace/repo/frontend/node_modules/@vitest/runner/dist/index.js:145:11\n    at file:///workspace/repo/frontend/node_modules/@vitest/runner/dist/index.js:1243:20\n    at new Promise (<anonymous>)\n    at runWithTimeout (file:///workspace/repo/frontend/node_modules/@vitest/runner/dist/index.js:1209:10)"],"meta":{}}],"startTime":1766768139256,"endTime":1766768139284.7334,"status":"failed","message":"","name":"/workspace/repo/frontend/tests/FormWizard.test.tsx"},{"assertionResults":[{"ancestorTitles":["Stepper Component"],"fullName":"Stepper Component renders all steps","status":"failed","title":"renders all steps","duration":5.48127999999997,"failureMessages":["Error: act(...) is not supported in production builds of React.\n    at X (/workspace/repo/frontend/node_modules/react/cjs/react.production.min.js:19:136)\n    at /workspace/repo/frontend/node_modules/@testing-library/react/dist/act-compat.js:46:25\n    at renderRoot (/workspace/repo/frontend/node_modules/@testing-library/react/dist/pure.js:189:26)\n    at render (/workspace/repo/frontend/node_modules/@testing-library/react/dist/pure.js:291:10)\n    at /workspace/repo/frontend/tests/Stepper.test.tsx:17:5\n    at file:///workspace/repo/frontend/node_modules/@vitest/runner/dist/index.js:145:11\n    at file:///workspace/repo/frontend/node_modules/@vitest/runner/dist/index.js:915:26\n    at file:///workspace/repo/frontend/node_modules/@vitest/runner/dist/index.js:1243:20\n    at new Promise (<anonymous>)\n    at runWithTimeout (file:///workspace/repo/frontend/node_modules/@vitest/runner/dist/index.js:1209:10)","Error: act(...) is not supported in production builds of React.\n    at X (/workspace/repo/frontend/node_modules/react/cjs/react.production.min.js:19:136)\n    at /workspace/repo/frontend/node_modules/@testing-library/react/dist/act-compat.js:46:25\n    at /workspace/repo/frontend/node_modules/@testing-library/react/dist/pure.js:306:28\n    at Array.forEach (<anonymous>)\n    at cleanup (/workspace/repo/frontend/node_modules/@testing-library/react/dist/pure.js:302:22)\n    at /workspace/repo/frontend/vitest.setup.ts:9:3\n    at file:///workspace/repo/frontend/node_modules/@vitest/runner/dist/index.js:145:11\n    at file:///workspace/repo/frontend/node_modules/@vitest/runner/dist/index.js:1243:20\n    at new Promise (<anonymous>)\n    at runWithTimeout (file:///workspace/repo/frontend/node_modules/@vitest/runner/dist/index.js:1209:10)"],"meta":{}},{"ancestorTitles":["Stepper Component"],"fullName":"Stepper Component shows correct status indicators for each step","status":"failed","title":"shows correct status indicators for each step","duration":1.0586610000000292,"failureMessages":["Error: act(...) is not supported in production builds of React.\n    at X (/workspace/repo/frontend/node_modules/react/cjs/react.production.min.js:19:136)\n    at /workspace/repo/frontend/node_modules/@testing-library/react/dist/act-compat.js:46:25\n    at renderRoot (/workspace/repo/frontend/node_modules/@testing-library/react/dist/pure.js:189:26)\n    at render (/workspace/repo/frontend/node_modules/@testing-library/react/dist/pure.js:291:10)\n    at /workspace/repo/frontend/tests/Stepper.test.tsx:26:5\n    at file:///workspace/repo/frontend/node_modules/@vitest/runner/dist/index.js:145:11\n    at file:///workspace/repo/frontend/node_modules/@vitest/runner/dist/index.js:915:26\n    at file:///workspace/repo/frontend/node_modules/@vitest/runner/dist/index.js:1243:20\n    at new Promise (<anonymous>)\n    at runWithTimeout (file:///workspace/repo/frontend/node_modules/@vitest/runner/dist/index.js:1209:10)","Error: act(...) is not supported in production builds of React.\n    at X (/workspace/repo/frontend/node_modules/react/cjs/react.production.min.js:19:136)\n    at /workspace/repo/frontend/node_modules/@testing-library/react/dist/act-compat.js:46:25\n    at /workspace/repo/frontend/node_modules/@testing-library/react/dist/pure.js:306:28\n    at Array.forEach (<anonymous>)\n    at cleanup (/workspace/repo/frontend/node_modules/@testing-library/react/dist/pure.js:302:22)\n    at /workspace/repo/frontend/vitest.setup.ts:9:3\n    at file:///workspace/repo/frontend/node_modules/@vitest/runner/dist/index.js:145:11\n    at file:///workspace/repo/frontend/node_modules/@vitest/runner/dist/index.js:1243:20\n    at new Promise (<anonymous>)\n    at runWithTimeout (file:///workspace/repo/frontend/node_modules/@vitest/runner/dist/index.js:1209:10)"],"meta":{}},{"ancestorTitles":["Stepper Component"],"fullName":"Stepper Component renders horizontal orientation by default","status":"failed","title":"renders horizontal orientation by default","duration":0.9287100000000237,"failureMessages":["Error: act(...) is not supported in production builds of React.\n    at X (/workspace/repo/frontend/node_modules/react/cjs/react.production.min.js:19:136)\n    at /workspace/repo/frontend/node_modules/@testing-library/react/dist/act-compat.js:46:25\n    at renderRoot (/workspace/repo/frontend/node_modules/@testing-library/react/dist/pure.js:189:26)\n    at render (/workspace/repo/frontend/node_modules/@testing-library/react/dist/pure.js:291:10)\n    at /workspace/repo/frontend/tests/Stepper.test.tsx:42:5\n    at file:///workspace/repo/frontend/node_modules/@vitest/runner/dist/index.js:145:11\n    at file:///workspace/repo/frontend/node_modules/@vitest/runner/dist/index.js:915:26\n    at file:///workspace/repo/frontend/node_modules/@vitest/runner/dist/index.js:1243:20\n    at new Promise (<anonymous>)\n    at runWithTimeout (file:///workspace/repo/frontend/node_modules/@vitest/runner/dist/index.js:1209:10)","Error: act(...) is not supported in production builds of React.\n    at X (/workspace/repo/frontend/node_modules/react/cjs/react.production.min.js:19:136)\n    at /workspace/repo/frontend/node_modules/@testing-library/react/dist/act-compat.js:46:25\n    at /workspace/repo/frontend/node_modules/@testing-library/react/dist/pure.js:306:28\n    at Array.forEach (<anonymous>)\n    at cleanup (/workspace/repo/frontend/node_modules/@testing-library/react/dist/pure.js:302:22)\n    at /workspace/repo/frontend/vitest.setup.ts:9:3\n    at file:///workspace/repo/frontend/node_modules/@vitest/runner/dist/index.js:145:11\n    at file:///workspace/repo/frontend/node_modules/@vitest/runner/dist/index.js:1243:20\n    at new Promise (<anonymous>)\n    at runWithTimeout (file:///workspace/repo/frontend/node_modules/@vitest/runner/dist/index.js:1209:10)"],"meta":{}},{"ancestorTitles":["Stepper Component"],"fullName":"Stepper Component renders vertical orientation when specified","status":"failed","title":"renders vertical orientation when specified","duration":0.987111999999911,"failureMessages":["Error: act(...) is not supported in production builds of React.\n    at X (/workspace/repo/frontend/node_modules/react/cjs/react.production.min.js:19:136)\n    at /workspace/repo/frontend/node_modules/@testing-library/react/dist/act-compat.js:46:25\n    at renderRoot (/workspace/repo/frontend/node_modules/@testing-library/react/dist/pure.js:189:26)\n    at render (/workspace/repo/frontend/node_modules/@testing-library/react/dist/pure.js:291:10)\n    at /workspace/repo/frontend/tests/Stepper.test.tsx:50:5\n    at file:///workspace/repo/frontend/node_modules/@vitest/runner/dist/index.js:145:11\n    at file:///workspace/repo/frontend/node_modules/@vitest/runner/dist/index.js:915:26\n    at file:///workspace/repo/frontend/node_modules/@vitest/runner/dist/index.js:1243:20\n    at new Promise (<anonymous>)\n    at runWithTimeout (file:///workspace/repo/frontend/node_modules/@vitest/runner/dist/index.js:1209:10)","Error: act(...) is not supported in production builds of React.\n    at X (/workspace/repo/frontend/node_modules/react/cjs/react.production.min.js:19:136)\n    at /workspace/repo/frontend/node_modules/@testing-library/react/dist/act-compat.js:46:25\n    at /workspace/repo/frontend/node_modules/@testing-library/react/dist/pure.js:306:28\n    at Array.forEach (<anonymous>)\n    at cleanup (/workspace/repo/frontend/node_modules/@testing-library/react/dist/pure.js:302:22)\n    at /workspace/repo/frontend/vitest.setup.ts:9:3\n    at file:///workspace/repo/frontend/node_modules/@vitest/runner/dist/index.js:145:11\n    at file:///workspace/repo/frontend/node_modules/@vitest/runner/dist/index.js:1243:20\n    at new Promise (<anonymous>)\n    at runWithTimeout (file:///workspace/repo/frontend/node_modules/@vitest/runner/dist/index.js:1209:10)"],"meta":{}},{"ancestorTitles":["Stepper Component"],"fullName":"Stepper Component calls onStepClick when clicking a completed step","status":"failed","title":"calls onStepClick when clicking a completed step","duration":1.5656740000001719,"failureMessages":["Error: act(...) is not supported in production builds of React.\n    at X (/workspace/repo/frontend/node_modules/react/cjs/react.production.min.js:19:136)\n    at /workspace/repo/frontend/node_modules/@testing-library/react/dist/act-compat.js:46:25\n    at renderRoot (/workspace/repo/frontend/node_modules/@testing-library/react/dist/pure.js:189:26)\n    at render (/workspace/repo/frontend/node_modules/@testing-library/react/dist/pure.js:291:10)\n    at /workspace/repo/frontend/tests/Stepper.test.tsx:59:5\n    at file:///workspace/repo/frontend/node_modules/@vitest/runner/dist/index.js:145:11\n    at file:///workspace/repo/frontend/node_modules/@vitest/runner/dist/index.js:915:26\n    at file:///workspace/repo/frontend/node_modules/@vitest/runner/dist/index.js:1243:20\n    at new Promise (<anonymous>)\n    at runWithTimeout (file:///workspace/repo/frontend/node_modules/@vitest/runner/dist/index.js:1209:10)","Error: act(...) is not supported in production builds of React.\n    at X (/workspace/repo/frontend/node_modules/react/cjs/react.production.min.js:19:136)\n    at /workspace/repo/frontend/node_modules/@testing-library/react/dist/act-compat.js:46:25\n    at /workspace/repo/frontend/node_modules/@testing-library/react/dist/pure.js:306:28\n    at Array.forEach (<anonymous>)\n    at cleanup (/workspace/repo/frontend/node_modules/@testing-library/react/dist/pure.js:302:22)\n    at /workspace/repo/frontend/vitest.setup.ts:9:3\n    at file:///workspace/repo/frontend/node_modules/@vitest/runner/dist/index.js:145:11\n    at file:///workspace/repo/frontend/node_modules/@vitest/runner/dist/index.js:1243:20\n    at new Promise (<anonymous>)\n    at runWithTimeout (file:///workspace/repo/frontend/node_modules/@vitest/runner/dist/index.js:1209:10)"],"meta":{}},{"ancestorTitles":["Stepper Component"],"fullName":"Stepper Component calls onStepClick when clicking an earlier step","status":"failed","title":"calls onStepClick when clicking an earlier step","duration":0.9575150000000576,"failureMessages":["Error: act(...) is not supported in production builds of React.\n    at X (/workspace/repo/frontend/node_modules/react/cjs/react.production.min.js:19:136)\n    at /workspace/repo/frontend/node_modules/@testing-library/react/dist/act-compat.js:46:25\n    at renderRoot (/workspace/repo/frontend/node_modules/@testing-library/react/dist/pure.js:189:26)\n    at render (/workspace/repo/frontend/node_modules/@testing-library/react/dist/pure.js:291:10)\n    at /workspace/repo/frontend/tests/Stepper.test.tsx:68:5\n    at file:///workspace/repo/frontend/node_modules/@vitest/runner/dist/index.js:145:11\n    at file:///workspace/repo/frontend/node_modules/@vitest/runner/dist/index.js:915:26\n    at file:///workspace/repo/frontend/node_modules/@vitest/runner/dist/index.js:1243:20\n    at new Promise (<anonymous>)\n    at runWithTimeout (file:///workspace/repo/frontend/node_modules/@vitest/runner/dist/index.js:1209:10)","Error: act(...) is not supported in production builds of React.\n    at X (/workspace/repo/frontend/node_modules/react/cjs/react.production.min.js:19:136)\n    at /workspace/repo/frontend/node_modules/@testing-library/react/dist/act-compat.js:46:25\n    at /workspace/repo/frontend/node_modules/@testing-library/react/dist/pure.js:306:28\n    at Array.forEach (<anonymous>)\n    at cleanup (/workspace/repo/frontend/node_modules/@testing-library/react/dist/pure.js:302:22)\n    at /workspace/repo/frontend/vitest.setup.ts:9:3\n    at file:///workspace/repo/frontend/node_modules/@vitest/runner/dist/index.js:145:11\n    at file:///workspace/repo/frontend/node_modules/@vitest/runner/dist/index.js:1243:20\n    at new Promise (<anonymous>)\n    at runWithTimeout (file:///workspace/repo/frontend/node_modules/@vitest/runner/dist/index.js:1209:10)"],"meta":{}},{"ancestorTitles":["Stepper Component"],"fullName":"Stepper Component does not call onStepClick when clicking a future step","status":"failed","title":"does not call onStepClick when clicking a future step","duration":0.8922589999999673,"failureMessages":["Error: act(...) is not supported in production builds of React.\n    at X (/workspace/repo/frontend/node_modules/react/cjs/react.production.min.js:19:136)\n    at /workspace/repo/frontend/node_modules/@testing-library/react/dist/act-compat.js:46:25\n    at renderRoot (/workspace/repo/frontend/node_modules/@testing-library/react/dist/pure.js:189:26)\n    at render (/workspace/repo/frontend/node_modules/@testing-library/react/dist/pure.js:291:10)\n    at /workspace/repo/frontend/tests/Stepper.test.tsx:77:5\n    at file:///workspace/repo/frontend/node_modules/@vitest/runner/dist/index.js:145:11\n    at file:///workspace/repo/frontend/node_modules/@vitest/runner/dist/index.js:915:26\n    at file:///workspace/repo/frontend/node_modules/@vitest/runner/dist/index.js:1243:20\n    at new Promise (<anonymous>)\n    at runWithTimeout (file:///workspace/repo/frontend/node_modules/@vitest/runner/dist/index.js:1209:10)","Error: act(...) is not supported in production builds of React.\n    at X (/workspace/repo/frontend/node_modules/react/cjs/react.production.min.js:19:136)\n    at /workspace/repo/frontend/node_modules/@testing-library/react/dist/act-compat.js:46:25\n    at /workspace/repo/frontend/node_modules/@testing-library/react/dist/pure.js:306:28\n    at Array.forEach (<anonymous>)\n    at cleanup (/workspace/repo/frontend/node_modules/@testing-library/react/dist/pure.js:302:22)\n    at /workspace/repo/frontend/vitest.setup.ts:9:3\n    at file:///workspace/repo/frontend/node_modules/@vitest/runner/dist/index.js:145:11\n    at file:///workspace/repo/frontend/node_modules/@vitest/runner/dist/index.js:1243:20\n    at new Promise (<anonymous>)\n    at runWithTimeout (file:///workspace/repo/frontend/node_modules/@vitest/runner/dist/index.js:1209:10)"],"meta":{}},{"ancestorTitles":["Stepper Component"],"fullName":"Stepper Component shows error status when step has error status","status":"failed","title":"shows error status when step has error status","duration":0.8679619999998067,"failureMessages":["Error: act(...) is not supported in production builds of React.\n    at X (/workspace/repo/frontend/node_modules/react/cjs/react.production.min.js:19:136)\n    at /workspace/repo/frontend/node_modules/@testing-library/react/dist/act-compat.js:46:25\n    at renderRoot (/workspace/repo/frontend/node_modules/@testing-library/react/dist/pure.js:189:26)\n    at render (/workspace/repo/frontend/node_modules/@testing-library/react/dist/pure.js:291:10)\n    at /workspace/repo/frontend/tests/Stepper.test.tsx:93:5\n    at file:///workspace/repo/frontend/node_modules/@vitest/runner/dist/index.js:145:11\n    at file:///workspace/repo/frontend/node_modules/@vitest/runner/dist/index.js:915:26\n    at file:///workspace/repo/frontend/node_modules/@vitest/runner/dist/index.js:1243:20\n    at new Promise (<anonymous>)\n    at runWithTimeout (file:///workspace/repo/frontend/node_modules/@vitest/runner/dist/index.js:1209:10)","Error: act(...) is not supported in production builds of React.\n    at X (/workspace/repo/frontend/node_modules/react/cjs/react.production.min.js:19:136)\n    at /workspace/repo/frontend/node_modules/@testing-library/react/dist/act-compat.js:46:25\n    at /workspace/repo/frontend/node_modules/@testing-library/react/dist/pure.js:306:28\n    at Array.forEach (<anonymous>)\n    at cleanup (/workspace/repo/frontend/node_modules/@testing-library/react/dist/pure.js:302:22)\n    at /workspace/repo/frontend/vitest.setup.ts:9:3\n    at file:///workspace/repo/frontend/node_modules/@vitest/runner/dist/index.js:145:11\n    at file:///workspace/repo/frontend/node_modules/@vitest/runner/dist/index.js:1243:20\n    at new Promise (<anonymous>)\n    at runWithTimeout (file:///workspace/repo/frontend/node_modules/@vitest/runner/dist/index.js:1209:10)"],"meta":{}},{"ancestorTitles":["Stepper Component"],"fullName":"Stepper Component renders step description when provided","status":"failed","title":"renders step description when provided","duration":0.9949580000002243,"failureMessages":["Error: act(...) is not supported in production builds of React.\n    at X (/workspace/repo/frontend/node_modules/react/cjs/react.production.min.js:19:136)\n    at /workspace/repo/frontend/node_modules/@testing-library/react/dist/act-compat.js:46:25\n    at renderRoot (/workspace/repo/frontend/node_modules/@testing-library/react/dist/pure.js:189:26)\n    at render (/workspace/repo/frontend/node_modules/@testing-library/react/dist/pure.js:291:10)\n    at /workspace/repo/frontend/tests/Stepper.test.tsx:108:5\n    at file:///workspace/repo/frontend/node_modules/@vitest/runner/dist/index.js:145:11\n    at file:///workspace/repo/frontend/node_modules/@vitest/runner/dist/index.js:915:26\n    at file:///workspace/repo/frontend/node_modules/@vitest/runner/dist/index.js:1243:20\n    at new Promise (<anonymous>)\n    at runWithTimeout (file:///workspace/repo/frontend/node_modules/@vitest/runner/dist/index.js:1209:10)","Error: act(...) is not supported in production builds of React.\n    at X (/workspace/repo/frontend/node_modules/react/cjs/react.production.min.js:19:136)\n    at /workspace/repo/frontend/node_modules/@testing-library/react/dist/act-compat.js:46:25\n    at /workspace/repo/frontend/node_modules/@testing-library/react/dist/pure.js:306:28\n    at Array.forEach (<anonymous>)\n    at cleanup (/workspace/repo/frontend/node_modules/@testing-library/react/dist/pure.js:302:22)\n    at /workspace/repo/frontend/vitest.setup.ts:9:3\n    at file:///workspace/repo/frontend/node_modules/@vitest/runner/dist/index.js:145:11\n    at file:///workspace/repo/frontend/node_modules/@vitest/runner/dist/index.js:1243:20\n    at new Promise (<anonymous>)\n    at runWithTimeout (file:///workspace/repo/frontend/node_modules/@vitest/runner/dist/index.js:1209:10)"],"meta":{}}],"startTime":1766768139979,"endTime":1766768139992.9949,"status":"failed","message":"","name":"/workspace/repo/frontend/tests/Stepper.test.tsx"},{"assertionResults":[{"ancestorTitles":["Design System Foundation - Colors and Typography","Color System"],"fullName":"Design System Foundation - Colors and Typography Color System should define CSS variables for primary colors","status":"passed","title":"should define CSS variables for primary colors","duration":1567.4248390000002,"failureMessages":[],"meta":{}},{"ancestorTitles":["Design System Foundation - Colors and Typography","Color System"],"fullName":"Design System Foundation - Colors and Typography Color System should define CSS variables for neutral grays","status":"passed","title":"should define CSS variables for neutral grays","duration":1512.9069909999998,"failureMessages":[],"meta":{}},{"ancestorTitles":["Design System Foundation - Colors and Typography","Color System"],"fullName":"Design System Foundation - Colors and Typography Color System should define CSS variables for semantic colors","status":"passed","title":"should define CSS variables for semantic colors","duration":1475.8921560000008,"failureMessages":[],"meta":{}},{"ancestorTitles":["Design System Foundation - Colors and Typography","Color System"],"fullName":"Design System Foundation - Colors and Typography Color System should have sufficient contrast ratios for text on backgrounds","status":"failed","title":"should have sufficient contrast ratios for text on backgrounds","duration":1458.2042650000003,"failureMessages":["AssertionError: expected '' to be truthy\n    at /workspace/repo/frontend/tests/Task01-DesignSystem.test.tsx:41:25\n    at file:///workspace/repo/frontend/node_modules/@vitest/runner/dist/index.js:145:11\n    at file:///workspace/repo/frontend/node_modules/@vitest/runner/dist/index.js:915:26\n    at file:///workspace/repo/frontend/node_modules/@vitest/runner/dist/index.js:1243:20\n    at new Promise (<anonymous>)\n    at runWithTimeout (file:///workspace/repo/frontend/node_modules/@vitest/runner/dist/index.js:1209:10)\n    at file:///workspace/repo/frontend/node_modules/@vitest/runner/dist/index.js:1653:37\n    at Traces.$ (file:///workspace/repo/frontend/node_modules/vitest/dist/chunks/traces.U4xDYhzZ.js:115:27)\n    at trace (file:///workspace/repo/frontend/node_modules/vitest/dist/chunks/test.B8ej_ZHS.js:239:21)\n    at runTest (file:///workspace/repo/frontend/node_modules/@vitest/runner/dist/index.js:1653:12)"],"meta":{}},{"ancestorTitles":["Design System Foundation - Colors and Typography","Typography System"],"fullName":"Design System Foundation - Colors and Typography Typography System should define CSS variables for font sizes","status":"passed","title":"should define CSS variables for font sizes","duration":1491.6949939999995,"failureMessages":[],"meta":{}},{"ancestorTitles":["Design System Foundation - Colors and Typography","Typography System"],"fullName":"Design System Foundation - Colors and Typography Typography System should define line-height ratios","status":"passed","title":"should define line-height ratios","duration":1452.2895280000012,"failureMessages":[],"meta":{}},{"ancestorTitles":["Design System Foundation - Colors and Typography","Typography System"],"fullName":"Design System Foundation - Colors and Typography Typography System should define font families","status":"passed","title":"should define font families","duration":1450.8278150000006,"failureMessages":[],"meta":{}},{"ancestorTitles":["Design System Foundation - Colors and Typography","Spacing System"],"fullName":"Design System Foundation - Colors and Typography Spacing System should define 4px-based spacing scale","status":"passed","title":"should define 4px-based spacing scale","duration":1456.3863970000002,"failureMessages":[],"meta":{}},{"ancestorTitles":["Design System Foundation - Colors and Typography","Spacing System"],"fullName":"Design System Foundation - Colors and Typography Spacing System should define border radius tokens","status":"passed","title":"should define border radius tokens","duration":1458.9515370000008,"failureMessages":[],"meta":{}},{"ancestorTitles":["Design System Foundation - Colors and Typography","Spacing System"],"fullName":"Design System Foundation - Colors and Typography Spacing System should define elevation/shadow tokens","status":"passed","title":"should define elevation/shadow tokens","duration":1453.675204000001,"failureMessages":[],"meta":{}},{"ancestorTitles":["Design System Foundation - Colors and Typography","Token Accessibility"],"fullName":"Design System Foundation - Colors and Typography Token Accessibility should use semantic token names","status":"failed","title":"should use semantic token names","duration":1462.6862550000005,"failureMessages":["AssertionError: expected '0' to match /^(color|font|spacing|radius|shadow|li/\n    at /workspace/repo/frontend/tests/Task01-DesignSystem.test.tsx:96:22\n    at Array.forEach (<anonymous>)\n    at /workspace/repo/frontend/tests/Task01-DesignSystem.test.tsx:95:19\n    at file:///workspace/repo/frontend/node_modules/@vitest/runner/dist/index.js:145:11\n    at file:///workspace/repo/frontend/node_modules/@vitest/runner/dist/index.js:915:26\n    at file:///workspace/repo/frontend/node_modules/@vitest/runner/dist/index.js:1243:20\n    at new Promise (<anonymous>)\n    at runWithTimeout (file:///workspace/repo/frontend/node_modules/@vitest/runner/dist/index.js:1209:10)\n    at file:///workspace/repo/frontend/node_modules/@vitest/runner/dist/index.js:1653:37\n    at Traces.$ (file:///workspace/repo/frontend/node_modules/vitest/dist/chunks/traces.U4xDYhzZ.js:115:27)"],"meta":{}},{"ancestorTitles":["Design System Foundation - Colors and Typography","Token Accessibility"],"fullName":"Design System Foundation - Colors and Typography Token Accessibility should have defined WCAG contrast targets","status":"failed","title":"should have defined WCAG contrast targets","duration":1496.2512459999998,"failureMessages":["AssertionError: expected '' to be truthy\n    at /workspace/repo/frontend/tests/Task01-DesignSystem.test.tsx:107:28\n    at file:///workspace/repo/frontend/node_modules/@vitest/runner/dist/index.js:145:11\n    at file:///workspace/repo/frontend/node_modules/@vitest/runner/dist/index.js:915:26\n    at file:///workspace/repo/frontend/node_modules/@vitest/runner/dist/index.js:1243:20\n    at new Promise (<anonymous>)\n    at runWithTimeout (file:///workspace/repo/frontend/node_modules/@vitest/runner/dist/index.js:1209:10)\n    at file:///workspace/repo/frontend/node_modules/@vitest/runner/dist/index.js:1653:37\n    at Traces.$ (file:///workspace/repo/frontend/node_modules/vitest/dist/chunks/traces.U4xDYhzZ.js:115:27)\n    at trace (file:///workspace/repo/frontend/node_modules/vitest/dist/chunks/test.B8ej_ZHS.js:239:21)\n    at runTest (file:///workspace/repo/frontend/node_modules/@vitest/runner/dist/index.js:1653:12)"],"meta":{}}],"startTime":1766768141559,"endTime":1766768159296.2512,"status":"failed","message":"","name":"/workspace/repo/frontend/tests/Task01-DesignSystem.test.tsx"},{"assertionResults":[{"ancestorTitles":["Task 2 - Reusable Base UI Components Library","Button Component"],"fullName":"Task 2 - Reusable Base UI Components Library Button Component renders primary button variant","status":"failed","title":"renders primary button variant","duration":8.09985299999994,"failureMessages":["Error: act(...) is not supported in production builds of React.\n    at X (/workspace/repo/frontend/node_modules/react/cjs/react.production.min.js:19:136)\n    at /workspace/repo/frontend/node_modules/@testing-library/react/dist/act-compat.js:46:25\n    at renderRoot (/workspace/repo/frontend/node_modules/@testing-library/react/dist/pure.js:189:26)\n    at render (/workspace/repo/frontend/node_modules/@testing-library/react/dist/pure.js:291:10)\n    at /workspace/repo/frontend/tests/Task02-UIComponents.test.tsx:13:7\n    at file:///workspace/repo/frontend/node_modules/@vitest/runner/dist/index.js:145:11\n    at file:///workspace/repo/frontend/node_modules/@vitest/runner/dist/index.js:915:26\n    at file:///workspace/repo/frontend/node_modules/@vitest/runner/dist/index.js:1243:20\n    at new Promise (<anonymous>)\n    at runWithTimeout (file:///workspace/repo/frontend/node_modules/@vitest/runner/dist/index.js:1209:10)","Error: act(...) is not supported in production builds of React.\n    at X (/workspace/repo/frontend/node_modules/react/cjs/react.production.min.js:19:136)\n    at /workspace/repo/frontend/node_modules/@testing-library/react/dist/act-compat.js:46:25\n    at /workspace/repo/frontend/node_modules/@testing-library/react/dist/pure.js:306:28\n    at Array.forEach (<anonymous>)\n    at cleanup (/workspace/repo/frontend/node_modules/@testing-library/react/dist/pure.js:302:22)\n    at file:///workspace/repo/frontend/node_modules/@vitest/runner/dist/index.js:145:11\n    at file:///workspace/repo/frontend/node_modules/@vitest/runner/dist/index.js:1243:20\n    at new Promise (<anonymous>)\n    at runWithTimeout (file:///workspace/repo/frontend/node_modules/@vitest/runner/dist/index.js:1209:10)\n    at runHook (file:///workspace/repo/frontend/node_modules/@vitest/runner/dist/index.js:1514:51)"],"meta":{}},{"ancestorTitles":["Task 2 - Reusable Base UI Components Library","Button Component"],"fullName":"Task 2 - Reusable Base UI Components Library Button Component renders secondary button variant","status":"failed","title":"renders secondary button variant","duration":1.1088889999998628,"failureMessages":["Error: act(...) is not supported in production builds of React.\n    at X (/workspace/repo/frontend/node_modules/react/cjs/react.production.min.js:19:136)\n    at /workspace/repo/frontend/node_modules/@testing-library/react/dist/act-compat.js:46:25\n    at renderRoot (/workspace/repo/frontend/node_modules/@testing-library/react/dist/pure.js:189:26)\n    at render (/workspace/repo/frontend/node_modules/@testing-library/react/dist/pure.js:291:10)\n    at /workspace/repo/frontend/tests/Task02-UIComponents.test.tsx:19:7\n    at file:///workspace/repo/frontend/node_modules/@vitest/runner/dist/index.js:145:11\n    at file:///workspace/repo/frontend/node_modules/@vitest/runner/dist/index.js:915:26\n    at file:///workspace/repo/frontend/node_modules/@vitest/runner/dist/index.js:1243:20\n    at new Promise (<anonymous>)\n    at runWithTimeout (file:///workspace/repo/frontend/node_modules/@vitest/runner/dist/index.js:1209:10)","Error: act(...) is not supported in production builds of React.\n    at X (/workspace/repo/frontend/node_modules/react/cjs/react.production.min.js:19:136)\n    at /workspace/repo/frontend/node_modules/@testing-library/react/dist/act-compat.js:46:25\n    at /workspace/repo/frontend/node_modules/@testing-library/react/dist/pure.js:306:28\n    at Array.forEach (<anonymous>)\n    at cleanup (/workspace/repo/frontend/node_modules/@testing-library/react/dist/pure.js:302:22)\n    at file:///workspace/repo/frontend/node_modules/@vitest/runner/dist/index.js:145:11\n    at file:///workspace/repo/frontend/node_modules/@vitest/runner/dist/index.js:1243:20\n    at new Promise (<anonymous>)\n    at runWithTimeout (file:///workspace/repo/frontend/node_modules/@vitest/runner/dist/index.js:1209:10)\n    at runHook (file:///workspace/repo/frontend/node_modules/@vitest/runner/dist/index.js:1514:51)"],"meta":{}},{"ancestorTitles":["Task 2 - Reusable Base UI Components Library","Button Component"],"fullName":"Task 2 - Reusable Base UI Components Library Button Component renders ghost button variant","status":"failed","title":"renders ghost button variant","duration":0.9465440000001308,"failureMessages":["Error: act(...) is not supported in production builds of React.\n    at X (/workspace/repo/frontend/node_modules/react/cjs/react.production.min.js:19:136)\n    at /workspace/repo/frontend/node_modules/@testing-library/react/dist/act-compat.js:46:25\n    at renderRoot (/workspace/repo/frontend/node_modules/@testing-library/react/dist/pure.js:189:26)\n    at render (/workspace/repo/frontend/node_modules/@testing-library/react/dist/pure.js:291:10)\n    at /workspace/repo/frontend/tests/Task02-UIComponents.test.tsx:25:7\n    at file:///workspace/repo/frontend/node_modules/@vitest/runner/dist/index.js:145:11\n    at file:///workspace/repo/frontend/node_modules/@vitest/runner/dist/index.js:915:26\n    at file:///workspace/repo/frontend/node_modules/@vitest/runner/dist/index.js:1243:20\n    at new Promise (<anonymous>)\n    at runWithTimeout (file:///workspace/repo/frontend/node_modules/@vitest/runner/dist/index.js:1209:10)","Error: act(...) is not supported in production builds of React.\n    at X (/workspace/repo/frontend/node_modules/react/cjs/react.production.min.js:19:136)\n    at /workspace/repo/frontend/node_modules/@testing-library/react/dist/act-compat.js:46:25\n    at /workspace/repo/frontend/node_modules/@testing-library/react/dist/pure.js:306:28\n    at Array.forEach (<anonymous>)\n    at cleanup (/workspace/repo/frontend/node_modules/@testing-library/react/dist/pure.js:302:22)\n    at file:///workspace/repo/frontend/node_modules/@vitest/runner/dist/index.js:145:11\n    at file:///workspace/repo/frontend/node_modules/@vitest/runner/dist/index.js:1243:20\n    at new Promise (<anonymous>)\n    at runWithTimeout (file:///workspace/repo/frontend/node_modules/@vitest/runner/dist/index.js:1209:10)\n    at runHook (file:///workspace/repo/frontend/node_modules/@vitest/runner/dist/index.js:1514:51)"],"meta":{}},{"ancestorTitles":["Task 2 - Reusable Base UI Components Library","Button Component"],"fullName":"Task 2 - Reusable Base UI Components Library Button Component renders destructive button variant","status":"failed","title":"renders destructive button variant","duration":1.7239909999998417,"failureMessages":["Error: act(...) is not supported in production builds of React.\n    at X (/workspace/repo/frontend/node_modules/react/cjs/react.production.min.js:19:136)\n    at /workspace/repo/frontend/node_modules/@testing-library/react/dist/act-compat.js:46:25\n    at renderRoot (/workspace/repo/frontend/node_modules/@testing-library/react/dist/pure.js:189:26)\n    at render (/workspace/repo/frontend/node_modules/@testing-library/react/dist/pure.js:291:10)\n    at /workspace/repo/frontend/tests/Task02-UIComponents.test.tsx:31:7\n    at file:///workspace/repo/frontend/node_modules/@vitest/runner/dist/index.js:145:11\n    at file:///workspace/repo/frontend/node_modules/@vitest/runner/dist/index.js:915:26\n    at file:///workspace/repo/frontend/node_modules/@vitest/runner/dist/index.js:1243:20\n    at new Promise (<anonymous>)\n    at runWithTimeout (file:///workspace/repo/frontend/node_modules/@vitest/runner/dist/index.js:1209:10)","Error: act(...) is not supported in production builds of React.\n    at X (/workspace/repo/frontend/node_modules/react/cjs/react.production.min.js:19:136)\n    at /workspace/repo/frontend/node_modules/@testing-library/react/dist/act-compat.js:46:25\n    at /workspace/repo/frontend/node_modules/@testing-library/react/dist/pure.js:306:28\n    at Array.forEach (<anonymous>)\n    at cleanup (/workspace/repo/frontend/node_modules/@testing-library/react/dist/pure.js:302:22)\n    at file:///workspace/repo/frontend/node_modules/@vitest/runner/dist/index.js:145:11\n    at file:///workspace/repo/frontend/node_modules/@vitest/runner/dist/index.js:1243:20\n    at new Promise (<anonymous>)\n    at runWithTimeout (file:///workspace/repo/frontend/node_modules/@vitest/runner/dist/index.js:1209:10)\n    at runHook (file:///workspace/repo/frontend/node_modules/@vitest/runner/dist/index.js:1514:51)"],"meta":{}},{"ancestorTitles":["Task 2 - Reusable Base UI Components Library","Button Component"],"fullName":"Task 2 - Reusable Base UI Components Library Button Component renders different sizes","status":"failed","title":"renders different sizes","duration":1.1084280000000035,"failureMessages":["Error: act(...) is not supported in production builds of React.\n    at X (/workspace/repo/frontend/node_modules/react/cjs/react.production.min.js:19:136)\n    at /workspace/repo/frontend/node_modules/@testing-library/react/dist/act-compat.js:46:25\n    at renderRoot (/workspace/repo/frontend/node_modules/@testing-library/react/dist/pure.js:189:26)\n    at render (/workspace/repo/frontend/node_modules/@testing-library/react/dist/pure.js:291:10)\n    at /workspace/repo/frontend/tests/Task02-UIComponents.test.tsx:37:7\n    at file:///workspace/repo/frontend/node_modules/@vitest/runner/dist/index.js:145:11\n    at file:///workspace/repo/frontend/node_modules/@vitest/runner/dist/index.js:915:26\n    at file:///workspace/repo/frontend/node_modules/@vitest/runner/dist/index.js:1243:20\n    at new Promise (<anonymous>)\n    at runWithTimeout (file:///workspace/repo/frontend/node_modules/@vitest/runner/dist/index.js:1209:10)","Error: act(...) is not supported in production builds of React.\n    at X (/workspace/repo/frontend/node_modules/react/cjs/react.production.min.js:19:136)\n    at /workspace/repo/frontend/node_modules/@testing-library/react/dist/act-compat.js:46:25\n    at /workspace/repo/frontend/node_modules/@testing-library/react/dist/pure.js:306:28\n    at Array.forEach (<anonymous>)\n    at cleanup (/workspace/repo/frontend/node_modules/@testing-library/react/dist/pure.js:302:22)\n    at file:///workspace/repo/frontend/node_modules/@vitest/runner/dist/index.js:145:11\n    at file:///workspace/repo/frontend/node_modules/@vitest/runner/dist/index.js:1243:20\n    at new Promise (<anonymous>)\n    at runWithTimeout (file:///workspace/repo/frontend/node_modules/@vitest/runner/dist/index.js:1209:10)\n    at runHook (file:///workspace/repo/frontend/node_modules/@vitest/runner/dist/index.js:1514:51)"],"meta":{}},{"ancestorTitles":["Task 2 - Reusable Base UI Components Library","Button Component"],"fullName":"Task 2 - Reusable Base UI Components Library Button Component handles loading state","status":"failed","title":"handles loading state","duration":2.144315000000006,"failureMessages":["Error: act(...) is not supported in production builds of React.\n    at X (/workspace/repo/frontend/node_modules/react/cjs/react.production.min.js:19:136)\n    at /workspace/repo/frontend/node_modules/@testing-library/react/dist/act-compat.js:46:25\n    at renderRoot (/workspace/repo/frontend/node_modules/@testing-library/react/dist/pure.js:189:26)\n    at render (/workspace/repo/frontend/node_modules/@testing-library/react/dist/pure.js:291:10)\n    at /workspace/repo/frontend/tests/Task02-UIComponents.test.tsx:53:7\n    at file:///workspace/repo/frontend/node_modules/@vitest/runner/dist/index.js:145:11\n    at file:///workspace/repo/frontend/node_modules/@vitest/runner/dist/index.js:915:26\n    at file:///workspace/repo/frontend/node_modules/@vitest/runner/dist/index.js:1243:20\n    at new Promise (<anonymous>)\n    at runWithTimeout (file:///workspace/repo/frontend/node_modules/@vitest/runner/dist/index.js:1209:10)","Error: act(...) is not supported in production builds of React.\n    at X (/workspace/repo/frontend/node_modules/react/cjs/react.production.min.js:19:136)\n    at /workspace/repo/frontend/node_modules/@testing-library/react/dist/act-compat.js:46:25\n    at /workspace/repo/frontend/node_modules/@testing-library/react/dist/pure.js:306:28\n    at Array.forEach (<anonymous>)\n    at cleanup (/workspace/repo/frontend/node_modules/@testing-library/react/dist/pure.js:302:22)\n    at file:///workspace/repo/frontend/node_modules/@vitest/runner/dist/index.js:145:11\n    at file:///workspace/repo/frontend/node_modules/@vitest/runner/dist/index.js:1243:20\n    at new Promise (<anonymous>)\n    at runWithTimeout (file:///workspace/repo/frontend/node_modules/@vitest/runner/dist/index.js:1209:10)\n    at runHook (file:///workspace/repo/frontend/node_modules/@vitest/runner/dist/index.js:1514:51)"],"meta":{}},{"ancestorTitles":["Task 2 - Reusable Base UI Components Library","Button Component"],"fullName":"Task 2 - Reusable Base UI Components Library Button Component handles disabled state","status":"failed","title":"handles disabled state","duration":0.8687840000000051,"failureMessages":["Error: act(...) is not supported in production builds of React.\n    at X (/workspace/repo/frontend/node_modules/react/cjs/react.production.min.js:19:136)\n    at /workspace/repo/frontend/node_modules/@testing-library/react/dist/act-compat.js:46:25\n    at renderRoot (/workspace/repo/frontend/node_modules/@testing-library/react/dist/pure.js:189:26)\n    at render (/workspace/repo/frontend/node_modules/@testing-library/react/dist/pure.js:291:10)\n    at /workspace/repo/frontend/tests/Task02-UIComponents.test.tsx:60:7\n    at file:///workspace/repo/frontend/node_modules/@vitest/runner/dist/index.js:145:11\n    at file:///workspace/repo/frontend/node_modules/@vitest/runner/dist/index.js:915:26\n    at file:///workspace/repo/frontend/node_modules/@vitest/runner/dist/index.js:1243:20\n    at new Promise (<anonymous>)\n    at runWithTimeout (file:///workspace/repo/frontend/node_modules/@vitest/runner/dist/index.js:1209:10)","Error: act(...) is not supported in production builds of React.\n    at X (/workspace/repo/frontend/node_modules/react/cjs/react.production.min.js:19:136)\n    at /workspace/repo/frontend/node_modules/@testing-library/react/dist/act-compat.js:46:25\n    at /workspace/repo/frontend/node_modules/@testing-library/react/dist/pure.js:306:28\n    at Array.forEach (<anonymous>)\n    at cleanup (/workspace/repo/frontend/node_modules/@testing-library/react/dist/pure.js:302:22)\n    at file:///workspace/repo/frontend/node_modules/@vitest/runner/dist/index.js:145:11\n    at file:///workspace/repo/frontend/node_modules/@vitest/runner/dist/index.js:1243:20\n    at new Promise (<anonymous>)\n    at runWithTimeout (file:///workspace/repo/frontend/node_modules/@vitest/runner/dist/index.js:1209:10)\n    at runHook (file:///workspace/repo/frontend/node_modules/@vitest/runner/dist/index.js:1514:51)"],"meta":{}},{"ancestorTitles":["Task 2 - Reusable Base UI Components Library","Button Component"],"fullName":"Task 2 - Reusable Base UI Components Library Button Component renders icon-only button","status":"failed","title":"renders icon-only button","duration":0.8789420000000518,"failureMessages":["Error: act(...) is not supported in production builds of React.\n    at X (/workspace/repo/frontend/node_modules/react/cjs/react.production.min.js:19:136)\n    at /workspace/repo/frontend/node_modules/@testing-library/react/dist/act-compat.js:46:25\n    at renderRoot (/workspace/repo/frontend/node_modules/@testing-library/react/dist/pure.js:189:26)\n    at render (/workspace/repo/frontend/node_modules/@testing-library/react/dist/pure.js:291:10)\n    at /workspace/repo/frontend/tests/Task02-UIComponents.test.tsx:67:7\n    at file:///workspace/repo/frontend/node_modules/@vitest/runner/dist/index.js:145:11\n    at file:///workspace/repo/frontend/node_modules/@vitest/runner/dist/index.js:915:26\n    at file:///workspace/repo/frontend/node_modules/@vitest/runner/dist/index.js:1243:20\n    at new Promise (<anonymous>)\n    at runWithTimeout (file:///workspace/repo/frontend/node_modules/@vitest/runner/dist/index.js:1209:10)","Error: act(...) is not supported in production builds of React.\n    at X (/workspace/repo/frontend/node_modules/react/cjs/react.production.min.js:19:136)\n    at /workspace/repo/frontend/node_modules/@testing-library/react/dist/act-compat.js:46:25\n    at /workspace/repo/frontend/node_modules/@testing-library/react/dist/pure.js:306:28\n    at Array.forEach (<anonymous>)\n    at cleanup (/workspace/repo/frontend/node_modules/@testing-library/react/dist/pure.js:302:22)\n    at file:///workspace/repo/frontend/node_modules/@vitest/runner/dist/index.js:145:11\n    at file:///workspace/repo/frontend/node_modules/@vitest/runner/dist/index.js:1243:20\n    at new Promise (<anonymous>)\n    at runWithTimeout (file:///workspace/repo/frontend/node_modules/@vitest/runner/dist/index.js:1209:10)\n    at runHook (file:///workspace/repo/frontend/node_modules/@vitest/runner/dist/index.js:1514:51)"],"meta":{}},{"ancestorTitles":["Task 2 - Reusable Base UI Components Library","Button Component"],"fullName":"Task 2 - Reusable Base UI Components Library Button Component renders left and right icons","status":"failed","title":"renders left and right icons","duration":0.9465040000000045,"failureMessages":["Error: act(...) is not supported in production builds of React.\n    at X (/workspace/repo/frontend/node_modules/react/cjs/react.production.min.js:19:136)\n    at /workspace/repo/frontend/node_modules/@testing-library/react/dist/act-compat.js:46:25\n    at renderRoot (/workspace/repo/frontend/node_modules/@testing-library/react/dist/pure.js:189:26)\n    at render (/workspace/repo/frontend/node_modules/@testing-library/react/dist/pure.js:291:10)\n    at /workspace/repo/frontend/tests/Task02-UIComponents.test.tsx:72:7\n    at file:///workspace/repo/frontend/node_modules/@vitest/runner/dist/index.js:145:11\n    at file:///workspace/repo/frontend/node_modules/@vitest/runner/dist/index.js:915:26\n    at file:///workspace/repo/frontend/node_modules/@vitest/runner/dist/index.js:1243:20\n    at new Promise (<anonymous>)\n    at runWithTimeout (file:///workspace/repo/frontend/node_modules/@vitest/runner/dist/index.js:1209:10)","Error: act(...) is not supported in production builds of React.\n    at X (/workspace/repo/frontend/node_modules/react/cjs/react.production.min.js:19:136)\n    at /workspace/repo/frontend/node_modules/@testing-library/react/dist/act-compat.js:46:25\n    at /workspace/repo/frontend/node_modules/@testing-library/react/dist/pure.js:306:28\n    at Array.forEach (<anonymous>)\n    at cleanup (/workspace/repo/frontend/node_modules/@testing-library/react/dist/pure.js:302:22)\n    at file:///workspace/repo/frontend/node_modules/@vitest/runner/dist/index.js:145:11\n    at file:///workspace/repo/frontend/node_modules/@vitest/runner/dist/index.js:1243:20\n    at new Promise (<anonymous>)\n    at runWithTimeout (file:///workspace/repo/frontend/node_modules/@vitest/runner/dist/index.js:1209:10)\n    at runHook (file:///workspace/repo/frontend/node_modules/@vitest/runner/dist/index.js:1514:51)"],"meta":{}},{"ancestorTitles":["Task 2 - Reusable Base UI Components Library","Button Component"],"fullName":"Task 2 - Reusable Base UI Components Library Button Component handles click events","status":"failed","title":"handles click events","duration":1.2848189999999704,"failureMessages":["Error: act(...) is not supported in production builds of React.\n    at X (/workspace/repo/frontend/node_modules/react/cjs/react.production.min.js:19:136)\n    at /workspace/repo/frontend/node_modules/@testing-library/react/dist/act-compat.js:46:25\n    at renderRoot (/workspace/repo/frontend/node_modules/@testing-library/react/dist/pure.js:189:26)\n    at render (/workspace/repo/frontend/node_modules/@testing-library/react/dist/pure.js:291:10)\n    at /workspace/repo/frontend/tests/Task02-UIComponents.test.tsx:83:7\n    at file:///workspace/repo/frontend/node_modules/@vitest/runner/dist/index.js:145:11\n    at file:///workspace/repo/frontend/node_modules/@vitest/runner/dist/index.js:915:26\n    at file:///workspace/repo/frontend/node_modules/@vitest/runner/dist/index.js:1243:20\n    at new Promise (<anonymous>)\n    at runWithTimeout (file:///workspace/repo/frontend/node_modules/@vitest/runner/dist/index.js:1209:10)","Error: act(...) is not supported in production builds of React.\n    at X (/workspace/repo/frontend/node_modules/react/cjs/react.production.min.js:19:136)\n    at /workspace/repo/frontend/node_modules/@testing-library/react/dist/act-compat.js:46:25\n    at /workspace/repo/frontend/node_modules/@testing-library/react/dist/pure.js:306:28\n    at Array.forEach (<anonymous>)\n    at cleanup (/workspace/repo/frontend/node_modules/@testing-library/react/dist/pure.js:302:22)\n    at file:///workspace/repo/frontend/node_modules/@vitest/runner/dist/index.js:145:11\n    at file:///workspace/repo/frontend/node_modules/@vitest/runner/dist/index.js:1243:20\n    at new Promise (<anonymous>)\n    at runWithTimeout (file:///workspace/repo/frontend/node_modules/@vitest/runner/dist/index.js:1209:10)\n    at runHook (file:///workspace/repo/frontend/node_modules/@vitest/runner/dist/index.js:1514:51)"],"meta":{}},{"ancestorTitles":["Task 2 - Reusable Base UI Components Library","Button Component"],"fullName":"Task 2 - Reusable Base UI Components Library Button Component supports fullWidth prop","status":"failed","title":"supports fullWidth prop","duration":1.250402000000122,"failureMessages":["Error: act(...) is not supported in production builds of React.\n    at X (/workspace/repo/frontend/node_modules/react/cjs/react.production.min.js:19:136)\n    at /workspace/repo/frontend/node_modules/@testing-library/react/dist/act-compat.js:46:25\n    at renderRoot (/workspace/repo/frontend/node_modules/@testing-library/react/dist/pure.js:189:26)\n    at render (/workspace/repo/frontend/node_modules/@testing-library/react/dist/pure.js:291:10)\n    at /workspace/repo/frontend/tests/Task02-UIComponents.test.tsx:89:7\n    at file:///workspace/repo/frontend/node_modules/@vitest/runner/dist/index.js:145:11\n    at file:///workspace/repo/frontend/node_modules/@vitest/runner/dist/index.js:915:26\n    at file:///workspace/repo/frontend/node_modules/@vitest/runner/dist/index.js:1243:20\n    at new Promise (<anonymous>)\n    at runWithTimeout (file:///workspace/repo/frontend/node_modules/@vitest/runner/dist/index.js:1209:10)","Error: act(...) is not supported in production builds of React.\n    at X (/workspace/repo/frontend/node_modules/react/cjs/react.production.min.js:19:136)\n    at /workspace/repo/frontend/node_modules/@testing-library/react/dist/act-compat.js:46:25\n    at /workspace/repo/frontend/node_modules/@testing-library/react/dist/pure.js:306:28\n    at Array.forEach (<anonymous>)\n    at cleanup (/workspace/repo/frontend/node_modules/@testing-library/react/dist/pure.js:302:22)\n    at file:///workspace/repo/frontend/node_modules/@vitest/runner/dist/index.js:145:11\n    at file:///workspace/repo/frontend/node_modules/@vitest/runner/dist/index.js:1243:20\n    at new Promise (<anonymous>)\n    at runWithTimeout (file:///workspace/repo/frontend/node_modules/@vitest/runner/dist/index.js:1209:10)\n    at runHook (file:///workspace/repo/frontend/node_modules/@vitest/runner/dist/index.js:1514:51)"],"meta":{}},{"ancestorTitles":["Task 2 - Reusable Base UI Components Library","Input Component"],"fullName":"Task 2 - Reusable Base UI Components Library Input Component renders text input with label","status":"failed","title":"renders text input with label","duration":2.716384000000062,"failureMessages":["Error: act(...) is not supported in production builds of React.\n    at X (/workspace/repo/frontend/node_modules/react/cjs/react.production.min.js:19:136)\n    at /workspace/repo/frontend/node_modules/@testing-library/react/dist/act-compat.js:46:25\n    at renderRoot (/workspace/repo/frontend/node_modules/@testing-library/react/dist/pure.js:189:26)\n    at render (/workspace/repo/frontend/node_modules/@testing-library/react/dist/pure.js:291:10)\n    at /workspace/repo/frontend/tests/Task02-UIComponents.test.tsx:97:7\n    at file:///workspace/repo/frontend/node_modules/@vitest/runner/dist/index.js:145:11\n    at file:///workspace/repo/frontend/node_modules/@vitest/runner/dist/index.js:915:26\n    at file:///workspace/repo/frontend/node_modules/@vitest/runner/dist/index.js:1243:20\n    at new Promise (<anonymous>)\n    at runWithTimeout (file:///workspace/repo/frontend/node_modules/@vitest/runner/dist/index.js:1209:10)","Error: act(...) is not supported in production builds of React.\n    at X (/workspace/repo/frontend/node_modules/react/cjs/react.production.min.js:19:136)\n    at /workspace/repo/frontend/node_modules/@testing-library/react/dist/act-compat.js:46:25\n    at /workspace/repo/frontend/node_modules/@testing-library/react/dist/pure.js:306:28\n    at Array.forEach (<anonymous>)\n    at cleanup (/workspace/repo/frontend/node_modules/@testing-library/react/dist/pure.js:302:22)\n    at file:///workspace/repo/frontend/node_modules/@vitest/runner/dist/index.js:145:11\n    at file:///workspace/repo/frontend/node_modules/@vitest/runner/dist/index.js:1243:20\n    at new Promise (<anonymous>)\n    at runWithTimeout (file:///workspace/repo/frontend/node_modules/@vitest/runner/dist/index.js:1209:10)\n    at runHook (file:///workspace/repo/frontend/node_modules/@vitest/runner/dist/index.js:1514:51)"],"meta":{}},{"ancestorTitles":["Task 2 - Reusable Base UI Components Library","Input Component"],"fullName":"Task 2 - Reusable Base UI Components Library Input Component renders input with error state","status":"failed","title":"renders input with error state","duration":6.478380999999899,"failureMessages":["Error: act(...) is not supported in production builds of React.\n    at X (/workspace/repo/frontend/node_modules/react/cjs/react.production.min.js:19:136)\n    at /workspace/repo/frontend/node_modules/@testing-library/react/dist/act-compat.js:46:25\n    at renderRoot (/workspace/repo/frontend/node_modules/@testing-library/react/dist/pure.js:189:26)\n    at render (/workspace/repo/frontend/node_modules/@testing-library/react/dist/pure.js:291:10)\n    at /workspace/repo/frontend/tests/Task02-UIComponents.test.tsx:102:7\n    at file:///workspace/repo/frontend/node_modules/@vitest/runner/dist/index.js:145:11\n    at file:///workspace/repo/frontend/node_modules/@vitest/runner/dist/index.js:915:26\n    at file:///workspace/repo/frontend/node_modules/@vitest/runner/dist/index.js:1243:20\n    at new Promise (<anonymous>)\n    at runWithTimeout (file:///workspace/repo/frontend/node_modules/@vitest/runner/dist/index.js:1209:10)","Error: act(...) is not supported in production builds of React.\n    at X (/workspace/repo/frontend/node_modules/react/cjs/react.production.min.js:19:136)\n    at /workspace/repo/frontend/node_modules/@testing-library/react/dist/act-compat.js:46:25\n    at /workspace/repo/frontend/node_modules/@testing-library/react/dist/pure.js:306:28\n    at Array.forEach (<anonymous>)\n    at cleanup (/workspace/repo/frontend/node_modules/@testing-library/react/dist/pure.js:302:22)\n    at file:///workspace/repo/frontend/node_modules/@vitest/runner/dist/index.js:145:11\n    at file:///workspace/repo/frontend/node_modules/@vitest/runner/dist/index.js:1243:20\n    at new Promise (<anonymous>)\n    at runWithTimeout (file:///workspace/repo/frontend/node_modules/@vitest/runner/dist/index.js:1209:10)\n    at runHook (file:///workspace/repo/frontend/node_modules/@vitest/runner/dist/index.js:1514:51)"],"meta":{}},{"ancestorTitles":["Task 2 - Reusable Base UI Components Library","Input Component"],"fullName":"Task 2 - Reusable Base UI Components Library Input Component renders input with helper text","status":"failed","title":"renders input with helper text","duration":0.9000439999999799,"failureMessages":["Error: act(...) is not supported in production builds of React.\n    at X (/workspace/repo/frontend/node_modules/react/cjs/react.production.min.js:19:136)\n    at /workspace/repo/frontend/node_modules/@testing-library/react/dist/act-compat.js:46:25\n    at renderRoot (/workspace/repo/frontend/node_modules/@testing-library/react/dist/pure.js:189:26)\n    at render (/workspace/repo/frontend/node_modules/@testing-library/react/dist/pure.js:291:10)\n    at /workspace/repo/frontend/tests/Task02-UIComponents.test.tsx:107:7\n    at file:///workspace/repo/frontend/node_modules/@vitest/runner/dist/index.js:145:11\n    at file:///workspace/repo/frontend/node_modules/@vitest/runner/dist/index.js:915:26\n    at file:///workspace/repo/frontend/node_modules/@vitest/runner/dist/index.js:1243:20\n    at new Promise (<anonymous>)\n    at runWithTimeout (file:///workspace/repo/frontend/node_modules/@vitest/runner/dist/index.js:1209:10)","Error: act(...) is not supported in production builds of React.\n    at X (/workspace/repo/frontend/node_modules/react/cjs/react.production.min.js:19:136)\n    at /workspace/repo/frontend/node_modules/@testing-library/react/dist/act-compat.js:46:25\n    at /workspace/repo/frontend/node_modules/@testing-library/react/dist/pure.js:306:28\n    at Array.forEach (<anonymous>)\n    at cleanup (/workspace/repo/frontend/node_modules/@testing-library/react/dist/pure.js:302:22)\n    at file:///workspace/repo/frontend/node_modules/@vitest/runner/dist/index.js:145:11\n    at file:///workspace/repo/frontend/node_modules/@vitest/runner/dist/index.js:1243:20\n    at new Promise (<anonymous>)\n    at runWithTimeout (file:///workspace/repo/frontend/node_modules/@vitest/runner/dist/index.js:1209:10)\n    at runHook (file:///workspace/repo/frontend/node_modules/@vitest/runner/dist/index.js:1514:51)"],"meta":{}},{"ancestorTitles":["Task 2 - Reusable Base UI Components Library","Input Component"],"fullName":"Task 2 - Reusable Base UI Components Library Input Component handles required field indicator","status":"failed","title":"handles required field indicator","duration":0.7107359999999971,"failureMessages":["Error: act(...) is not supported in production builds of React.\n    at X (/workspace/repo/frontend/node_modules/react/cjs/react.production.min.js:19:136)\n    at /workspace/repo/frontend/node_modules/@testing-library/react/dist/act-compat.js:46:25\n    at renderRoot (/workspace/repo/frontend/node_modules/@testing-library/react/dist/pure.js:189:26)\n    at render (/workspace/repo/frontend/node_modules/@testing-library/react/dist/pure.js:291:10)\n    at /workspace/repo/frontend/tests/Task02-UIComponents.test.tsx:112:7\n    at file:///workspace/repo/frontend/node_modules/@vitest/runner/dist/index.js:145:11\n    at file:///workspace/repo/frontend/node_modules/@vitest/runner/dist/index.js:915:26\n    at file:///workspace/repo/frontend/node_modules/@vitest/runner/dist/index.js:1243:20\n    at new Promise (<anonymous>)\n    at runWithTimeout (file:///workspace/repo/frontend/node_modules/@vitest/runner/dist/index.js:1209:10)","Error: act(...) is not supported in production builds of React.\n    at X (/workspace/repo/frontend/node_modules/react/cjs/react.production.min.js:19:136)\n    at /workspace/repo/frontend/node_modules/@testing-library/react/dist/act-compat.js:46:25\n    at /workspace/repo/frontend/node_modules/@testing-library/react/dist/pure.js:306:28\n    at Array.forEach (<anonymous>)\n    at cleanup (/workspace/repo/frontend/node_modules/@testing-library/react/dist/pure.js:302:22)\n    at file:///workspace/repo/frontend/node_modules/@vitest/runner/dist/index.js:145:11\n    at file:///workspace/repo/frontend/node_modules/@vitest/runner/dist/index.js:1243:20\n    at new Promise (<anonymous>)\n    at runWithTimeout (file:///workspace/repo/frontend/node_modules/@vitest/runner/dist/index.js:1209:10)\n    at runHook (file:///workspace/repo/frontend/node_modules/@vitest/runner/dist/index.js:1514:51)"],"meta":{}},{"ancestorTitles":["Task 2 - Reusable Base UI Components Library","Input Component"],"fullName":"Task 2 - Reusable Base UI Components Library Input Component renders different input types","status":"failed","title":"renders different input types","duration":0.6379859999999553,"failureMessages":["Error: act(...) is not supported in production builds of React.\n    at X (/workspace/repo/frontend/node_modules/react/cjs/react.production.min.js:19:136)\n    at /workspace/repo/frontend/node_modules/@testing-library/react/dist/act-compat.js:46:25\n    at renderRoot (/workspace/repo/frontend/node_modules/@testing-library/react/dist/pure.js:189:26)\n    at render (/workspace/repo/frontend/node_modules/@testing-library/react/dist/pure.js:291:10)\n    at /workspace/repo/frontend/tests/Task02-UIComponents.test.tsx:117:7\n    at file:///workspace/repo/frontend/node_modules/@vitest/runner/dist/index.js:145:11\n    at file:///workspace/repo/frontend/node_modules/@vitest/runner/dist/index.js:915:26\n    at file:///workspace/repo/frontend/node_modules/@vitest/runner/dist/index.js:1243:20\n    at new Promise (<anonymous>)\n    at runWithTimeout (file:///workspace/repo/frontend/node_modules/@vitest/runner/dist/index.js:1209:10)","Error: act(...) is not supported in production builds of React.\n    at X (/workspace/repo/frontend/node_modules/react/cjs/react.production.min.js:19:136)\n    at /workspace/repo/frontend/node_modules/@testing-library/react/dist/act-compat.js:46:25\n    at /workspace/repo/frontend/node_modules/@testing-library/react/dist/pure.js:306:28\n    at Array.forEach (<anonymous>)\n    at cleanup (/workspace/repo/frontend/node_modules/@testing-library/react/dist/pure.js:302:22)\n    at file:///workspace/repo/frontend/node_modules/@vitest/runner/dist/index.js:145:11\n    at file:///workspace/repo/frontend/node_modules/@vitest/runner/dist/index.js:1243:20\n    at new Promise (<anonymous>)\n    at runWithTimeout (file:///workspace/repo/frontend/node_modules/@vitest/runner/dist/index.js:1209:10)\n    at runHook (file:///workspace/repo/frontend/node_modules/@vitest/runner/dist/index.js:1514:51)"],"meta":{}},{"ancestorTitles":["Task 2 - Reusable Base UI Components Library","Input Component"],"fullName":"Task 2 - Reusable Base UI Components Library Input Component renders input with left and right icons","status":"failed","title":"renders input with left and right icons","duration":0.7583789999998771,"failureMessages":["Error: act(...) is not supported in production builds of React.\n    at X (/workspace/repo/frontend/node_modules/react/cjs/react.production.min.js:19:136)\n    at /workspace/repo/frontend/node_modules/@testing-library/react/dist/act-compat.js:46:25\n    at renderRoot (/workspace/repo/frontend/node_modules/@testing-library/react/dist/pure.js:189:26)\n    at render (/workspace/repo/frontend/node_modules/@testing-library/react/dist/pure.js:291:10)\n    at /workspace/repo/frontend/tests/Task02-UIComponents.test.tsx:135:7\n    at file:///workspace/repo/frontend/node_modules/@vitest/runner/dist/index.js:145:11\n    at file:///workspace/repo/frontend/node_modules/@vitest/runner/dist/index.js:915:26\n    at file:///workspace/repo/frontend/node_modules/@vitest/runner/dist/index.js:1243:20\n    at new Promise (<anonymous>)\n    at runWithTimeout (file:///workspace/repo/frontend/node_modules/@vitest/runner/dist/index.js:1209:10)","Error: act(...) is not supported in production builds of React.\n    at X (/workspace/repo/frontend/node_modules/react/cjs/react.production.min.js:19:136)\n    at /workspace/repo/frontend/node_modules/@testing-library/react/dist/act-compat.js:46:25\n    at /workspace/repo/frontend/node_modules/@testing-library/react/dist/pure.js:306:28\n    at Array.forEach (<anonymous>)\n    at cleanup (/workspace/repo/frontend/node_modules/@testing-library/react/dist/pure.js:302:22)\n    at file:///workspace/repo/frontend/node_modules/@vitest/runner/dist/index.js:145:11\n    at file:///workspace/repo/frontend/node_modules/@vitest/runner/dist/index.js:1243:20\n    at new Promise (<anonymous>)\n    at runWithTimeout (file:///workspace/repo/frontend/node_modules/@vitest/runner/dist/index.js:1209:10)\n    at runHook (file:///workspace/repo/frontend/node_modules/@vitest/runner/dist/index.js:1514:51)"],"meta":{}},{"ancestorTitles":["Task 2 - Reusable Base UI Components Library","Input Component"],"fullName":"Task 2 - Reusable Base UI Components Library Input Component handles disabled and read-only states","status":"failed","title":"handles disabled and read-only states","duration":0.6055139999998573,"failureMessages":["Error: act(...) is not supported in production builds of React.\n    at X (/workspace/repo/frontend/node_modules/react/cjs/react.production.min.js:19:136)\n    at /workspace/repo/frontend/node_modules/@testing-library/react/dist/act-compat.js:46:25\n    at renderRoot (/workspace/repo/frontend/node_modules/@testing-library/react/dist/pure.js:189:26)\n    at render (/workspace/repo/frontend/node_modules/@testing-library/react/dist/pure.js:291:10)\n    at /workspace/repo/frontend/tests/Task02-UIComponents.test.tsx:147:7\n    at file:///workspace/repo/frontend/node_modules/@vitest/runner/dist/index.js:145:11\n    at file:///workspace/repo/frontend/node_modules/@vitest/runner/dist/index.js:915:26\n    at file:///workspace/repo/frontend/node_modules/@vitest/runner/dist/index.js:1243:20\n    at new Promise (<anonymous>)\n    at runWithTimeout (file:///workspace/repo/frontend/node_modules/@vitest/runner/dist/index.js:1209:10)","Error: act(...) is not supported in production builds of React.\n    at X (/workspace/repo/frontend/node_modules/react/cjs/react.production.min.js:19:136)\n    at /workspace/repo/frontend/node_modules/@testing-library/react/dist/act-compat.js:46:25\n    at /workspace/repo/frontend/node_modules/@testing-library/react/dist/pure.js:306:28\n    at Array.forEach (<anonymous>)\n    at cleanup (/workspace/repo/frontend/node_modules/@testing-library/react/dist/pure.js:302:22)\n    at file:///workspace/repo/frontend/node_modules/@vitest/runner/dist/index.js:145:11\n    at file:///workspace/repo/frontend/node_modules/@vitest/runner/dist/index.js:1243:20\n    at new Promise (<anonymous>)\n    at runWithTimeout (file:///workspace/repo/frontend/node_modules/@vitest/runner/dist/index.js:1209:10)\n    at runHook (file:///workspace/repo/frontend/node_modules/@vitest/runner/dist/index.js:1514:51)"],"meta":{}},{"ancestorTitles":["Task 2 - Reusable Base UI Components Library","Input Component"],"fullName":"Task 2 - Reusable Base UI Components Library Input Component handles onChange event","status":"failed","title":"handles onChange event","duration":0.5860050000001138,"failureMessages":["Error: act(...) is not supported in production builds of React.\n    at X (/workspace/repo/frontend/node_modules/react/cjs/react.production.min.js:19:136)\n    at /workspace/repo/frontend/node_modules/@testing-library/react/dist/act-compat.js:46:25\n    at renderRoot (/workspace/repo/frontend/node_modules/@testing-library/react/dist/pure.js:189:26)\n    at render (/workspace/repo/frontend/node_modules/@testing-library/react/dist/pure.js:291:10)\n    at /workspace/repo/frontend/tests/Task02-UIComponents.test.tsx:154:7\n    at file:///workspace/repo/frontend/node_modules/@vitest/runner/dist/index.js:145:11\n    at file:///workspace/repo/frontend/node_modules/@vitest/runner/dist/index.js:915:26\n    at file:///workspace/repo/frontend/node_modules/@vitest/runner/dist/index.js:1243:20\n    at new Promise (<anonymous>)\n    at runWithTimeout (file:///workspace/repo/frontend/node_modules/@vitest/runner/dist/index.js:1209:10)","Error: act(...) is not supported in production builds of React.\n    at X (/workspace/repo/frontend/node_modules/react/cjs/react.production.min.js:19:136)\n    at /workspace/repo/frontend/node_modules/@testing-library/react/dist/act-compat.js:46:25\n    at /workspace/repo/frontend/node_modules/@testing-library/react/dist/pure.js:306:28\n    at Array.forEach (<anonymous>)\n    at cleanup (/workspace/repo/frontend/node_modules/@testing-library/react/dist/pure.js:302:22)\n    at file:///workspace/repo/frontend/node_modules/@vitest/runner/dist/index.js:145:11\n    at file:///workspace/repo/frontend/node_modules/@vitest/runner/dist/index.js:1243:20\n    at new Promise (<anonymous>)\n    at runWithTimeout (file:///workspace/repo/frontend/node_modules/@vitest/runner/dist/index.js:1209:10)\n    at runHook (file:///workspace/repo/frontend/node_modules/@vitest/runner/dist/index.js:1514:51)"],"meta":{}},{"ancestorTitles":["Task 2 - Reusable Base UI Components Library","Input Component"],"fullName":"Task 2 - Reusable Base UI Components Library Input Component supports maxLength and minLength constraints","status":"failed","title":"supports maxLength and minLength constraints","duration":0.6335079999998925,"failureMessages":["Error: act(...) is not supported in production builds of React.\n    at X (/workspace/repo/frontend/node_modules/react/cjs/react.production.min.js:19:136)\n    at /workspace/repo/frontend/node_modules/@testing-library/react/dist/act-compat.js:46:25\n    at renderRoot (/workspace/repo/frontend/node_modules/@testing-library/react/dist/pure.js:189:26)\n    at render (/workspace/repo/frontend/node_modules/@testing-library/react/dist/pure.js:291:10)\n    at /workspace/repo/frontend/tests/Task02-UIComponents.test.tsx:162:7\n    at file:///workspace/repo/frontend/node_modules/@vitest/runner/dist/index.js:145:11\n    at file:///workspace/repo/frontend/node_modules/@vitest/runner/dist/index.js:915:26\n    at file:///workspace/repo/frontend/node_modules/@vitest/runner/dist/index.js:1243:20\n    at new Promise (<anonymous>)\n    at runWithTimeout (file:///workspace/repo/frontend/node_modules/@vitest/runner/dist/index.js:1209:10)","Error: act(...) is not supported in production builds of React.\n    at X (/workspace/repo/frontend/node_modules/react/cjs/react.production.min.js:19:136)\n    at /workspace/repo/frontend/node_modules/@testing-library/react/dist/act-compat.js:46:25\n    at /workspace/repo/frontend/node_modules/@testing-library/react/dist/pure.js:306:28\n    at Array.forEach (<anonymous>)\n    at cleanup (/workspace/repo/frontend/node_modules/@testing-library/react/dist/pure.js:302:22)\n    at file:///workspace/repo/frontend/node_modules/@vitest/runner/dist/index.js:145:11\n    at file:///workspace/repo/frontend/node_modules/@vitest/runner/dist/index.js:1243:20\n    at new Promise (<anonymous>)\n    at runWithTimeout (file:///workspace/repo/frontend/node_modules/@vitest/runner/dist/index.js:1209:10)\n    at runHook (file:///workspace/repo/frontend/node_modules/@vitest/runner/dist/index.js:1514:51)"],"meta":{}},{"ancestorTitles":["Task 2 - Reusable Base UI Components Library","Input Component"],"fullName":"Task 2 - Reusable Base UI Components Library Input Component has proper ARIA attributes","status":"failed","title":"has proper ARIA attributes","duration":0.5417390000000069,"failureMessages":["Error: act(...) is not supported in production builds of React.\n    at X (/workspace/repo/frontend/node_modules/react/cjs/react.production.min.js:19:136)\n    at /workspace/repo/frontend/node_modules/@testing-library/react/dist/act-compat.js:46:25\n    at renderRoot (/workspace/repo/frontend/node_modules/@testing-library/react/dist/pure.js:189:26)\n    at render (/workspace/repo/frontend/node_modules/@testing-library/react/dist/pure.js:291:10)\n    at /workspace/repo/frontend/tests/Task02-UIComponents.test.tsx:169:7\n    at file:///workspace/repo/frontend/node_modules/@vitest/runner/dist/index.js:145:11\n    at file:///workspace/repo/frontend/node_modules/@vitest/runner/dist/index.js:915:26\n    at file:///workspace/repo/frontend/node_modules/@vitest/runner/dist/index.js:1243:20\n    at new Promise (<anonymous>)\n    at runWithTimeout (file:///workspace/repo/frontend/node_modules/@vitest/runner/dist/index.js:1209:10)","Error: act(...) is not supported in production builds of React.\n    at X (/workspace/repo/frontend/node_modules/react/cjs/react.production.min.js:19:136)\n    at /workspace/repo/frontend/node_modules/@testing-library/react/dist/act-compat.js:46:25\n    at /workspace/repo/frontend/node_modules/@testing-library/react/dist/pure.js:306:28\n    at Array.forEach (<anonymous>)\n    at cleanup (/workspace/repo/frontend/node_modules/@testing-library/react/dist/pure.js:302:22)\n    at file:///workspace/repo/frontend/node_modules/@vitest/runner/dist/index.js:145:11\n    at file:///workspace/repo/frontend/node_modules/@vitest/runner/dist/index.js:1243:20\n    at new Promise (<anonymous>)\n    at runWithTimeout (file:///workspace/repo/frontend/node_modules/@vitest/runner/dist/index.js:1209:10)\n    at runHook (file:///workspace/repo/frontend/node_modules/@vitest/runner/dist/index.js:1514:51)"],"meta":{}},{"ancestorTitles":["Task 2 - Reusable Base UI Components Library","Select Component"],"fullName":"Task 2 - Reusable Base UI Components Library Select Component renders select with label and options","status":"failed","title":"renders select with label and options","duration":0.5280130000001009,"failureMessages":["Error: act(...) is not supported in production builds of React.\n    at X (/workspace/repo/frontend/node_modules/react/cjs/react.production.min.js:19:136)\n    at /workspace/repo/frontend/node_modules/@testing-library/react/dist/act-compat.js:46:25\n    at renderRoot (/workspace/repo/frontend/node_modules/@testing-library/react/dist/pure.js:189:26)\n    at render (/workspace/repo/frontend/node_modules/@testing-library/react/dist/pure.js:291:10)\n    at /workspace/repo/frontend/tests/Task02-UIComponents.test.tsx:186:7\n    at file:///workspace/repo/frontend/node_modules/@vitest/runner/dist/index.js:145:11\n    at file:///workspace/repo/frontend/node_modules/@vitest/runner/dist/index.js:915:26\n    at file:///workspace/repo/frontend/node_modules/@vitest/runner/dist/index.js:1243:20\n    at new Promise (<anonymous>)\n    at runWithTimeout (file:///workspace/repo/frontend/node_modules/@vitest/runner/dist/index.js:1209:10)","Error: act(...) is not supported in production builds of React.\n    at X (/workspace/repo/frontend/node_modules/react/cjs/react.production.min.js:19:136)\n    at /workspace/repo/frontend/node_modules/@testing-library/react/dist/act-compat.js:46:25\n    at /workspace/repo/frontend/node_modules/@testing-library/react/dist/pure.js:306:28\n    at Array.forEach (<anonymous>)\n    at cleanup (/workspace/repo/frontend/node_modules/@testing-library/react/dist/pure.js:302:22)\n    at file:///workspace/repo/frontend/node_modules/@vitest/runner/dist/index.js:145:11\n    at file:///workspace/repo/frontend/node_modules/@vitest/runner/dist/index.js:1243:20\n    at new Promise (<anonymous>)\n    at runWithTimeout (file:///workspace/repo/frontend/node_modules/@vitest/runner/dist/index.js:1209:10)\n    at runHook (file:///workspace/repo/frontend/node_modules/@vitest/runner/dist/index.js:1514:51)"],"meta":{}},{"ancestorTitles":["Task 2 - Reusable Base UI Components Library","Select Component"],"fullName":"Task 2 - Reusable Base UI Components Library Select Component renders select with error state","status":"failed","title":"renders select with error state","duration":0.5397060000000238,"failureMessages":["Error: act(...) is not supported in production builds of React.\n    at X (/workspace/repo/frontend/node_modules/react/cjs/react.production.min.js:19:136)\n    at /workspace/repo/frontend/node_modules/@testing-library/react/dist/act-compat.js:46:25\n    at renderRoot (/workspace/repo/frontend/node_modules/@testing-library/react/dist/pure.js:189:26)\n    at render (/workspace/repo/frontend/node_modules/@testing-library/react/dist/pure.js:291:10)\n    at /workspace/repo/frontend/tests/Task02-UIComponents.test.tsx:194:7\n    at file:///workspace/repo/frontend/node_modules/@vitest/runner/dist/index.js:145:11\n    at file:///workspace/repo/frontend/node_modules/@vitest/runner/dist/index.js:915:26\n    at file:///workspace/repo/frontend/node_modules/@vitest/runner/dist/index.js:1243:20\n    at new Promise (<anonymous>)\n    at runWithTimeout (file:///workspace/repo/frontend/node_modules/@vitest/runner/dist/index.js:1209:10)","Error: act(...) is not supported in production builds of React.\n    at X (/workspace/repo/frontend/node_modules/react/cjs/react.production.min.js:19:136)\n    at /workspace/repo/frontend/node_modules/@testing-library/react/dist/act-compat.js:46:25\n    at /workspace/repo/frontend/node_modules/@testing-library/react/dist/pure.js:306:28\n    at Array.forEach (<anonymous>)\n    at cleanup (/workspace/repo/frontend/node_modules/@testing-library/react/dist/pure.js:302:22)\n    at file:///workspace/repo/frontend/node_modules/@vitest/runner/dist/index.js:145:11\n    at file:///workspace/repo/frontend/node_modules/@vitest/runner/dist/index.js:1243:20\n    at new Promise (<anonymous>)\n    at runWithTimeout (file:///workspace/repo/frontend/node_modules/@vitest/runner/dist/index.js:1209:10)\n    at runHook (file:///workspace/repo/frontend/node_modules/@vitest/runner/dist/index.js:1514:51)"],"meta":{}},{"ancestorTitles":["Task 2 - Reusable Base UI Components Library","Select Component"],"fullName":"Task 2 - Reusable Base UI Components Library Select Component renders select with helper text","status":"failed","title":"renders select with helper text","duration":0.5592330000001766,"failureMessages":["Error: act(...) is not supported in production builds of React.\n    at X (/workspace/repo/frontend/node_modules/react/cjs/react.production.min.js:19:136)\n    at /workspace/repo/frontend/node_modules/@testing-library/react/dist/act-compat.js:46:25\n    at renderRoot (/workspace/repo/frontend/node_modules/@testing-library/react/dist/pure.js:189:26)\n    at render (/workspace/repo/frontend/node_modules/@testing-library/react/dist/pure.js:291:10)\n    at /workspace/repo/frontend/tests/Task02-UIComponents.test.tsx:199:7\n    at file:///workspace/repo/frontend/node_modules/@vitest/runner/dist/index.js:145:11\n    at file:///workspace/repo/frontend/node_modules/@vitest/runner/dist/index.js:915:26\n    at file:///workspace/repo/frontend/node_modules/@vitest/runner/dist/index.js:1243:20\n    at new Promise (<anonymous>)\n    at runWithTimeout (file:///workspace/repo/frontend/node_modules/@vitest/runner/dist/index.js:1209:10)","Error: act(...) is not supported in production builds of React.\n    at X (/workspace/repo/frontend/node_modules/react/cjs/react.production.min.js:19:136)\n    at /workspace/repo/frontend/node_modules/@testing-library/react/dist/act-compat.js:46:25\n    at /workspace/repo/frontend/node_modules/@testing-library/react/dist/pure.js:306:28\n    at Array.forEach (<anonymous>)\n    at cleanup (/workspace/repo/frontend/node_modules/@testing-library/react/dist/pure.js:302:22)\n    at file:///workspace/repo/frontend/node_modules/@vitest/runner/dist/index.js:145:11\n    at file:///workspace/repo/frontend/node_modules/@vitest/runner/dist/index.js:1243:20\n    at new Promise (<anonymous>)\n    at runWithTimeout (file:///workspace/repo/frontend/node_modules/@vitest/runner/dist/index.js:1209:10)\n    at runHook (file:///workspace/repo/frontend/node_modules/@vitest/runner/dist/index.js:1514:51)"],"meta":{}},{"ancestorTitles":["Task 2 - Reusable Base UI Components Library","Select Component"],"fullName":"Task 2 - Reusable Base UI Components Library Select Component handles disabled state","status":"failed","title":"handles disabled state","duration":0.5673589999998967,"failureMessages":["Error: act(...) is not supported in production builds of React.\n    at X (/workspace/repo/frontend/node_modules/react/cjs/react.production.min.js:19:136)\n    at /workspace/repo/frontend/node_modules/@testing-library/react/dist/act-compat.js:46:25\n    at renderRoot (/workspace/repo/frontend/node_modules/@testing-library/react/dist/pure.js:189:26)\n    at render (/workspace/repo/frontend/node_modules/@testing-library/react/dist/pure.js:291:10)\n    at /workspace/repo/frontend/tests/Task02-UIComponents.test.tsx:204:7\n    at file:///workspace/repo/frontend/node_modules/@vitest/runner/dist/index.js:145:11\n    at file:///workspace/repo/frontend/node_modules/@vitest/runner/dist/index.js:915:26\n    at file:///workspace/repo/frontend/node_modules/@vitest/runner/dist/index.js:1243:20\n    at new Promise (<anonymous>)\n    at runWithTimeout (file:///workspace/repo/frontend/node_modules/@vitest/runner/dist/index.js:1209:10)","Error: act(...) is not supported in production builds of React.\n    at X (/workspace/repo/frontend/node_modules/react/cjs/react.production.min.js:19:136)\n    at /workspace/repo/frontend/node_modules/@testing-library/react/dist/act-compat.js:46:25\n    at /workspace/repo/frontend/node_modules/@testing-library/react/dist/pure.js:306:28\n    at Array.forEach (<anonymous>)\n    at cleanup (/workspace/repo/frontend/node_modules/@testing-library/react/dist/pure.js:302:22)\n    at file:///workspace/repo/frontend/node_modules/@vitest/runner/dist/index.js:145:11\n    at file:///workspace/repo/frontend/node_modules/@vitest/runner/dist/index.js:1243:20\n    at new Promise (<anonymous>)\n    at runWithTimeout (file:///workspace/repo/frontend/node_modules/@vitest/runner/dist/index.js:1209:10)\n    at runHook (file:///workspace/repo/frontend/node_modules/@vitest/runner/dist/index.js:1514:51)"],"meta":{}},{"ancestorTitles":["Task 2 - Reusable Base UI Components Library","Select Component"],"fullName":"Task 2 - Reusable Base UI Components Library Select Component supports multiple select","status":"failed","title":"supports multiple select","duration":0.5573490000001584,"failureMessages":["Error: act(...) is not supported in production builds of React.\n    at X (/workspace/repo/frontend/node_modules/react/cjs/react.production.min.js:19:136)\n    at /workspace/repo/frontend/node_modules/@testing-library/react/dist/act-compat.js:46:25\n    at renderRoot (/workspace/repo/frontend/node_modules/@testing-library/react/dist/pure.js:189:26)\n    at render (/workspace/repo/frontend/node_modules/@testing-library/react/dist/pure.js:291:10)\n    at /workspace/repo/frontend/tests/Task02-UIComponents.test.tsx:210:7\n    at file:///workspace/repo/frontend/node_modules/@vitest/runner/dist/index.js:145:11\n    at file:///workspace/repo/frontend/node_modules/@vitest/runner/dist/index.js:915:26\n    at file:///workspace/repo/frontend/node_modules/@vitest/runner/dist/index.js:1243:20\n    at new Promise (<anonymous>)\n    at runWithTimeout (file:///workspace/repo/frontend/node_modules/@vitest/runner/dist/index.js:1209:10)","Error: act(...) is not supported in production builds of React.\n    at X (/workspace/repo/frontend/node_modules/react/cjs/react.production.min.js:19:136)\n    at /workspace/repo/frontend/node_modules/@testing-library/react/dist/act-compat.js:46:25\n    at /workspace/repo/frontend/node_modules/@testing-library/react/dist/pure.js:306:28\n    at Array.forEach (<anonymous>)\n    at cleanup (/workspace/repo/frontend/node_modules/@testing-library/react/dist/pure.js:302:22)\n    at file:///workspace/repo/frontend/node_modules/@vitest/runner/dist/index.js:145:11\n    at file:///workspace/repo/frontend/node_modules/@vitest/runner/dist/index.js:1243:20\n    at new Promise (<anonymous>)\n    at runWithTimeout (file:///workspace/repo/frontend/node_modules/@vitest/runner/dist/index.js:1209:10)\n    at runHook (file:///workspace/repo/frontend/node_modules/@vitest/runner/dist/index.js:1514:51)"],"meta":{}},{"ancestorTitles":["Task 2 - Reusable Base UI Components Library","Select Component"],"fullName":"Task 2 - Reusable Base UI Components Library Select Component has proper ARIA attributes","status":"failed","title":"has proper ARIA attributes","duration":0.48725400000012087,"failureMessages":["Error: act(...) is not supported in production builds of React.\n    at X (/workspace/repo/frontend/node_modules/react/cjs/react.production.min.js:19:136)\n    at /workspace/repo/frontend/node_modules/@testing-library/react/dist/act-compat.js:46:25\n    at renderRoot (/workspace/repo/frontend/node_modules/@testing-library/react/dist/pure.js:189:26)\n    at render (/workspace/repo/frontend/node_modules/@testing-library/react/dist/pure.js:291:10)\n    at /workspace/repo/frontend/tests/Task02-UIComponents.test.tsx:216:7\n    at file:///workspace/repo/frontend/node_modules/@vitest/runner/dist/index.js:145:11\n    at file:///workspace/repo/frontend/node_modules/@vitest/runner/dist/index.js:915:26\n    at file:///workspace/repo/frontend/node_modules/@vitest/runner/dist/index.js:1243:20\n    at new Promise (<anonymous>)\n    at runWithTimeout (file:///workspace/repo/frontend/node_modules/@vitest/runner/dist/index.js:1209:10)","Error: act(...) is not supported in production builds of React.\n    at X (/workspace/repo/frontend/node_modules/react/cjs/react.production.min.js:19:136)\n    at /workspace/repo/frontend/node_modules/@testing-library/react/dist/act-compat.js:46:25\n    at /workspace/repo/frontend/node_modules/@testing-library/react/dist/pure.js:306:28\n    at Array.forEach (<anonymous>)\n    at cleanup (/workspace/repo/frontend/node_modules/@testing-library/react/dist/pure.js:302:22)\n    at file:///workspace/repo/frontend/node_modules/@vitest/runner/dist/index.js:145:11\n    at file:///workspace/repo/frontend/node_modules/@vitest/runner/dist/index.js:1243:20\n    at new Promise (<anonymous>)\n    at runWithTimeout (file:///workspace/repo/frontend/node_modules/@vitest/runner/dist/index.js:1209:10)\n    at runHook (file:///workspace/repo/frontend/node_modules/@vitest/runner/dist/index.js:1514:51)"],"meta":{}},{"ancestorTitles":["Task 2 - Reusable Base UI Components Library","Checkbox Component"],"fullName":"Task 2 - Reusable Base UI Components Library Checkbox Component renders checkbox with label","status":"failed","title":"renders checkbox with label","duration":0.5618090000000393,"failureMessages":["Error: act(...) is not supported in production builds of React.\n    at X (/workspace/repo/frontend/node_modules/react/cjs/react.production.min.js:19:136)\n    at /workspace/repo/frontend/node_modules/@testing-library/react/dist/act-compat.js:46:25\n    at renderRoot (/workspace/repo/frontend/node_modules/@testing-library/react/dist/pure.js:189:26)\n    at render (/workspace/repo/frontend/node_modules/@testing-library/react/dist/pure.js:291:10)\n    at /workspace/repo/frontend/tests/Task02-UIComponents.test.tsx:224:7\n    at file:///workspace/repo/frontend/node_modules/@vitest/runner/dist/index.js:145:11\n    at file:///workspace/repo/frontend/node_modules/@vitest/runner/dist/index.js:915:26\n    at file:///workspace/repo/frontend/node_modules/@vitest/runner/dist/index.js:1243:20\n    at new Promise (<anonymous>)\n    at runWithTimeout (file:///workspace/repo/frontend/node_modules/@vitest/runner/dist/index.js:1209:10)","Error: act(...) is not supported in production builds of React.\n    at X (/workspace/repo/frontend/node_modules/react/cjs/react.production.min.js:19:136)\n    at /workspace/repo/frontend/node_modules/@testing-library/react/dist/act-compat.js:46:25\n    at /workspace/repo/frontend/node_modules/@testing-library/react/dist/pure.js:306:28\n    at Array.forEach (<anonymous>)\n    at cleanup (/workspace/repo/frontend/node_modules/@testing-library/react/dist/pure.js:302:22)\n    at file:///workspace/repo/frontend/node_modules/@vitest/runner/dist/index.js:145:11\n    at file:///workspace/repo/frontend/node_modules/@vitest/runner/dist/index.js:1243:20\n    at new Promise (<anonymous>)\n    at runWithTimeout (file:///workspace/repo/frontend/node_modules/@vitest/runner/dist/index.js:1209:10)\n    at runHook (file:///workspace/repo/frontend/node_modules/@vitest/runner/dist/index.js:1514:51)"],"meta":{}},{"ancestorTitles":["Task 2 - Reusable Base UI Components Library","Checkbox Component"],"fullName":"Task 2 - Reusable Base UI Components Library Checkbox Component handles checked and unchecked states","status":"failed","title":"handles checked and unchecked states","duration":0.4934370000000854,"failureMessages":["Error: act(...) is not supported in production builds of React.\n    at X (/workspace/repo/frontend/node_modules/react/cjs/react.production.min.js:19:136)\n    at /workspace/repo/frontend/node_modules/@testing-library/react/dist/act-compat.js:46:25\n    at renderRoot (/workspace/repo/frontend/node_modules/@testing-library/react/dist/pure.js:189:26)\n    at render (/workspace/repo/frontend/node_modules/@testing-library/react/dist/pure.js:291:10)\n    at /workspace/repo/frontend/tests/Task02-UIComponents.test.tsx:229:28\n    at file:///workspace/repo/frontend/node_modules/@vitest/runner/dist/index.js:145:11\n    at file:///workspace/repo/frontend/node_modules/@vitest/runner/dist/index.js:915:26\n    at file:///workspace/repo/frontend/node_modules/@vitest/runner/dist/index.js:1243:20\n    at new Promise (<anonymous>)\n    at runWithTimeout (file:///workspace/repo/frontend/node_modules/@vitest/runner/dist/index.js:1209:10)","Error: act(...) is not supported in production builds of React.\n    at X (/workspace/repo/frontend/node_modules/react/cjs/react.production.min.js:19:136)\n    at /workspace/repo/frontend/node_modules/@testing-library/react/dist/act-compat.js:46:25\n    at /workspace/repo/frontend/node_modules/@testing-library/react/dist/pure.js:306:28\n    at Array.forEach (<anonymous>)\n    at cleanup (/workspace/repo/frontend/node_modules/@testing-library/react/dist/pure.js:302:22)\n    at file:///workspace/repo/frontend/node_modules/@vitest/runner/dist/index.js:145:11\n    at file:///workspace/repo/frontend/node_modules/@vitest/runner/dist/index.js:1243:20\n    at new Promise (<anonymous>)\n    at runWithTimeout (file:///workspace/repo/frontend/node_modules/@vitest/runner/dist/index.js:1209:10)\n    at runHook (file:///workspace/repo/frontend/node_modules/@vitest/runner/dist/index.js:1514:51)"],"meta":{}},{"ancestorTitles":["Task 2 - Reusable Base UI Components Library","Checkbox Component"],"fullName":"Task 2 - Reusable Base UI Components Library Checkbox Component handles disabled state","status":"failed","title":"handles disabled state","duration":0.5052180000000135,"failureMessages":["Error: act(...) is not supported in production builds of React.\n    at X (/workspace/repo/frontend/node_modules/react/cjs/react.production.min.js:19:136)\n    at /workspace/repo/frontend/node_modules/@testing-library/react/dist/act-compat.js:46:25\n    at renderRoot (/workspace/repo/frontend/node_modules/@testing-library/react/dist/pure.js:189:26)\n    at render (/workspace/repo/frontend/node_modules/@testing-library/react/dist/pure.js:291:10)\n    at /workspace/repo/frontend/tests/Task02-UIComponents.test.tsx:237:7\n    at file:///workspace/repo/frontend/node_modules/@vitest/runner/dist/index.js:145:11\n    at file:///workspace/repo/frontend/node_modules/@vitest/runner/dist/index.js:915:26\n    at file:///workspace/repo/frontend/node_modules/@vitest/runner/dist/index.js:1243:20\n    at new Promise (<anonymous>)\n    at runWithTimeout (file:///workspace/repo/frontend/node_modules/@vitest/runner/dist/index.js:1209:10)","Error: act(...) is not supported in production builds of React.\n    at X (/workspace/repo/frontend/node_modules/react/cjs/react.production.min.js:19:136)\n    at /workspace/repo/frontend/node_modules/@testing-library/react/dist/act-compat.js:46:25\n    at /workspace/repo/frontend/node_modules/@testing-library/react/dist/pure.js:306:28\n    at Array.forEach (<anonymous>)\n    at cleanup (/workspace/repo/frontend/node_modules/@testing-library/react/dist/pure.js:302:22)\n    at file:///workspace/repo/frontend/node_modules/@vitest/runner/dist/index.js:145:11\n    at file:///workspace/repo/frontend/node_modules/@vitest/runner/dist/index.js:1243:20\n    at new Promise (<anonymous>)\n    at runWithTimeout (file:///workspace/repo/frontend/node_modules/@vitest/runner/dist/index.js:1209:10)\n    at runHook (file:///workspace/repo/frontend/node_modules/@vitest/runner/dist/index.js:1514:51)"],"meta":{}},{"ancestorTitles":["Task 2 - Reusable Base UI Components Library","Checkbox Component"],"fullName":"Task 2 - Reusable Base UI Components Library Checkbox Component handles onChange event","status":"failed","title":"handles onChange event","duration":0.5514980000000378,"failureMessages":["Error: act(...) is not supported in production builds of React.\n    at X (/workspace/repo/frontend/node_modules/react/cjs/react.production.min.js:19:136)\n    at /workspace/repo/frontend/node_modules/@testing-library/react/dist/act-compat.js:46:25\n    at renderRoot (/workspace/repo/frontend/node_modules/@testing-library/react/dist/pure.js:189:26)\n    at render (/workspace/repo/frontend/node_modules/@testing-library/react/dist/pure.js:291:10)\n    at /workspace/repo/frontend/tests/Task02-UIComponents.test.tsx:244:7\n    at file:///workspace/repo/frontend/node_modules/@vitest/runner/dist/index.js:145:11\n    at file:///workspace/repo/frontend/node_modules/@vitest/runner/dist/index.js:915:26\n    at file:///workspace/repo/frontend/node_modules/@vitest/runner/dist/index.js:1243:20\n    at new Promise (<anonymous>)\n    at runWithTimeout (file:///workspace/repo/frontend/node_modules/@vitest/runner/dist/index.js:1209:10)","Error: act(...) is not supported in production builds of React.\n    at X (/workspace/repo/frontend/node_modules/react/cjs/react.production.min.js:19:136)\n    at /workspace/repo/frontend/node_modules/@testing-library/react/dist/act-compat.js:46:25\n    at /workspace/repo/frontend/node_modules/@testing-library/react/dist/pure.js:306:28\n    at Array.forEach (<anonymous>)\n    at cleanup (/workspace/repo/frontend/node_modules/@testing-library/react/dist/pure.js:302:22)\n    at file:///workspace/repo/frontend/node_modules/@vitest/runner/dist/index.js:145:11\n    at file:///workspace/repo/frontend/node_modules/@vitest/runner/dist/index.js:1243:20\n    at new Promise (<anonymous>)\n    at runWithTimeout (file:///workspace/repo/frontend/node_modules/@vitest/runner/dist/index.js:1209:10)\n    at runHook (file:///workspace/repo/frontend/node_modules/@vitest/runner/dist/index.js:1514:51)"],"meta":{}},{"ancestorTitles":["Task 2 - Reusable Base UI Components Library","Checkbox Component"],"fullName":"Task 2 - Reusable Base UI Components Library Checkbox Component has proper ARIA attributes","status":"failed","title":"has proper ARIA attributes","duration":0.521699000000126,"failureMessages":["Error: act(...) is not supported in production builds of React.\n    at X (/workspace/repo/frontend/node_modules/react/cjs/react.production.min.js:19:136)\n    at /workspace/repo/frontend/node_modules/@testing-library/react/dist/act-compat.js:46:25\n    at renderRoot (/workspace/repo/frontend/node_modules/@testing-library/react/dist/pure.js:189:26)\n    at render (/workspace/repo/frontend/node_modules/@testing-library/react/dist/pure.js:291:10)\n    at /workspace/repo/frontend/tests/Task02-UIComponents.test.tsx:251:7\n    at file:///workspace/repo/frontend/node_modules/@vitest/runner/dist/index.js:145:11\n    at file:///workspace/repo/frontend/node_modules/@vitest/runner/dist/index.js:915:26\n    at file:///workspace/repo/frontend/node_modules/@vitest/runner/dist/index.js:1243:20\n    at new Promise (<anonymous>)\n    at runWithTimeout (file:///workspace/repo/frontend/node_modules/@vitest/runner/dist/index.js:1209:10)","Error: act(...) is not supported in production builds of React.\n    at X (/workspace/repo/frontend/node_modules/react/cjs/react.production.min.js:19:136)\n    at /workspace/repo/frontend/node_modules/@testing-library/react/dist/act-compat.js:46:25\n    at /workspace/repo/frontend/node_modules/@testing-library/react/dist/pure.js:306:28\n    at Array.forEach (<anonymous>)\n    at cleanup (/workspace/repo/frontend/node_modules/@testing-library/react/dist/pure.js:302:22)\n    at file:///workspace/repo/frontend/node_modules/@vitest/runner/dist/index.js:145:11\n    at file:///workspace/repo/frontend/node_modules/@vitest/runner/dist/index.js:1243:20\n    at new Promise (<anonymous>)\n    at runWithTimeout (file:///workspace/repo/frontend/node_modules/@vitest/runner/dist/index.js:1209:10)\n    at runHook (file:///workspace/repo/frontend/node_modules/@vitest/runner/dist/index.js:1514:51)"],"meta":{}},{"ancestorTitles":["Task 2 - Reusable Base UI Components Library","Component Composition"],"fullName":"Task 2 - Reusable Base UI Components Library Component Composition Button and Input work together","status":"failed","title":"Button and Input work together","duration":5.827630999999883,"failureMessages":["Error: act(...) is not supported in production builds of React.\n    at X (/workspace/repo/frontend/node_modules/react/cjs/react.production.min.js:19:136)\n    at /workspace/repo/frontend/node_modules/@testing-library/react/dist/act-compat.js:46:25\n    at renderRoot (/workspace/repo/frontend/node_modules/@testing-library/react/dist/pure.js:189:26)\n    at render (/workspace/repo/frontend/node_modules/@testing-library/react/dist/pure.js:291:10)\n    at /workspace/repo/frontend/tests/Task02-UIComponents.test.tsx:259:7\n    at file:///workspace/repo/frontend/node_modules/@vitest/runner/dist/index.js:145:11\n    at file:///workspace/repo/frontend/node_modules/@vitest/runner/dist/index.js:915:26\n    at file:///workspace/repo/frontend/node_modules/@vitest/runner/dist/index.js:1243:20\n    at new Promise (<anonymous>)\n    at runWithTimeout (file:///workspace/repo/frontend/node_modules/@vitest/runner/dist/index.js:1209:10)","Error: act(...) is not supported in production builds of React.\n    at X (/workspace/repo/frontend/node_modules/react/cjs/react.production.min.js:19:136)\n    at /workspace/repo/frontend/node_modules/@testing-library/react/dist/act-compat.js:46:25\n    at /workspace/repo/frontend/node_modules/@testing-library/react/dist/pure.js:306:28\n    at Array.forEach (<anonymous>)\n    at cleanup (/workspace/repo/frontend/node_modules/@testing-library/react/dist/pure.js:302:22)\n    at file:///workspace/repo/frontend/node_modules/@vitest/runner/dist/index.js:145:11\n    at file:///workspace/repo/frontend/node_modules/@vitest/runner/dist/index.js:1243:20\n    at new Promise (<anonymous>)\n    at runWithTimeout (file:///workspace/repo/frontend/node_modules/@vitest/runner/dist/index.js:1209:10)\n    at runHook (file:///workspace/repo/frontend/node_modules/@vitest/runner/dist/index.js:1514:51)"],"meta":{}},{"ancestorTitles":["Task 2 - Reusable Base UI Components Library","Component Composition"],"fullName":"Task 2 - Reusable Base UI Components Library Component Composition multiple form controls maintain consistent styling","status":"failed","title":"multiple form controls maintain consistent styling","duration":0.6790550000000621,"failureMessages":["Error: act(...) is not supported in production builds of React.\n    at X (/workspace/repo/frontend/node_modules/react/cjs/react.production.min.js:19:136)\n    at /workspace/repo/frontend/node_modules/@testing-library/react/dist/act-compat.js:46:25\n    at renderRoot (/workspace/repo/frontend/node_modules/@testing-library/react/dist/pure.js:189:26)\n    at render (/workspace/repo/frontend/node_modules/@testing-library/react/dist/pure.js:291:10)\n    at /workspace/repo/frontend/tests/Task02-UIComponents.test.tsx:271:7\n    at file:///workspace/repo/frontend/node_modules/@vitest/runner/dist/index.js:145:11\n    at file:///workspace/repo/frontend/node_modules/@vitest/runner/dist/index.js:915:26\n    at file:///workspace/repo/frontend/node_modules/@vitest/runner/dist/index.js:1243:20\n    at new Promise (<anonymous>)\n    at runWithTimeout (file:///workspace/repo/frontend/node_modules/@vitest/runner/dist/index.js:1209:10)","Error: act(...) is not supported in production builds of React.\n    at X (/workspace/repo/frontend/node_modules/react/cjs/react.production.min.js:19:136)\n    at /workspace/repo/frontend/node_modules/@testing-library/react/dist/act-compat.js:46:25\n    at /workspace/repo/frontend/node_modules/@testing-library/react/dist/pure.js:306:28\n    at Array.forEach (<anonymous>)\n    at cleanup (/workspace/repo/frontend/node_modules/@testing-library/react/dist/pure.js:302:22)\n    at file:///workspace/repo/frontend/node_modules/@vitest/runner/dist/index.js:145:11\n    at file:///workspace/repo/frontend/node_modules/@vitest/runner/dist/index.js:1243:20\n    at new Promise (<anonymous>)\n    at runWithTimeout (file:///workspace/repo/frontend/node_modules/@vitest/runner/dist/index.js:1209:10)\n    at runHook (file:///workspace/repo/frontend/node_modules/@vitest/runner/dist/index.js:1514:51)"],"meta":{}}],"startTime":1766768139084,"endTime":1766768139131.8276,"status":"failed","message":"","name":"/workspace/repo/frontend/tests/Task02-UIComponents.test.tsx"},{"assertionResults":[{"ancestorTitles":["Task 3 - Role-based Navigation Structure","Sitemap Structure"],"fullName":"Task 3 - Role-based Navigation Structure Sitemap Structure includes all roles defined in PRD","status":"passed","title":"includes all roles defined in PRD","duration":1.8277810000000727,"failureMessages":[],"meta":{}},{"ancestorTitles":["Task 3 - Role-based Navigation Structure","Sitemap Structure"],"fullName":"Task 3 - Role-based Navigation Structure Sitemap Structure maps sections to each role correctly","status":"passed","title":"maps sections to each role correctly","duration":0.4782460000000128,"failureMessages":[],"meta":{}},{"ancestorTitles":["Task 3 - Role-based Navigation Structure","Sitemap Structure"],"fullName":"Task 3 - Role-based Navigation Structure Sitemap Structure includes vertical context for hostel-specific sections","status":"passed","title":"includes vertical context for hostel-specific sections","duration":0.3780619999999999,"failureMessages":[],"meta":{}},{"ancestorTitles":["Task 3 - Role-based Navigation Structure","Navigation Patterns"],"fullName":"Task 3 - Role-based Navigation Structure Navigation Patterns top nav displays correctly","status":"failed","title":"top nav displays correctly","duration":6.206774999999993,"failureMessages":["Error: act(...) is not supported in production builds of React.\n    at X (/workspace/repo/frontend/node_modules/react/cjs/react.production.min.js:19:136)\n    at /workspace/repo/frontend/node_modules/@testing-library/react/dist/act-compat.js:46:25\n    at renderRoot (/workspace/repo/frontend/node_modules/@testing-library/react/dist/pure.js:189:26)\n    at render (/workspace/repo/frontend/node_modules/@testing-library/react/dist/pure.js:291:10)\n    at /workspace/repo/frontend/tests/Task03-NavigationStructure.test.tsx:59:7\n    at file:///workspace/repo/frontend/node_modules/@vitest/runner/dist/index.js:145:11\n    at file:///workspace/repo/frontend/node_modules/@vitest/runner/dist/index.js:915:26\n    at file:///workspace/repo/frontend/node_modules/@vitest/runner/dist/index.js:1243:20\n    at new Promise (<anonymous>)\n    at runWithTimeout (file:///workspace/repo/frontend/node_modules/@vitest/runner/dist/index.js:1209:10)","Error: act(...) is not supported in production builds of React.\n    at X (/workspace/repo/frontend/node_modules/react/cjs/react.production.min.js:19:136)\n    at /workspace/repo/frontend/node_modules/@testing-library/react/dist/act-compat.js:46:25\n    at /workspace/repo/frontend/node_modules/@testing-library/react/dist/pure.js:306:28\n    at Array.forEach (<anonymous>)\n    at cleanup (/workspace/repo/frontend/node_modules/@testing-library/react/dist/pure.js:302:22)\n    at /workspace/repo/frontend/vitest.setup.ts:9:3\n    at file:///workspace/repo/frontend/node_modules/@vitest/runner/dist/index.js:145:11\n    at file:///workspace/repo/frontend/node_modules/@vitest/runner/dist/index.js:1243:20\n    at new Promise (<anonymous>)\n    at runWithTimeout (file:///workspace/repo/frontend/node_modules/@vitest/runner/dist/index.js:1209:10)"],"meta":{}},{"ancestorTitles":["Task 3 - Role-based Navigation Structure","Navigation Patterns"],"fullName":"Task 3 - Role-based Navigation Structure Navigation Patterns side nav displays correctly","status":"failed","title":"side nav displays correctly","duration":1.0086039999999912,"failureMessages":["Error: act(...) is not supported in production builds of React.\n    at X (/workspace/repo/frontend/node_modules/react/cjs/react.production.min.js:19:136)\n    at /workspace/repo/frontend/node_modules/@testing-library/react/dist/act-compat.js:46:25\n    at renderRoot (/workspace/repo/frontend/node_modules/@testing-library/react/dist/pure.js:189:26)\n    at render (/workspace/repo/frontend/node_modules/@testing-library/react/dist/pure.js:291:10)\n    at /workspace/repo/frontend/tests/Task03-NavigationStructure.test.tsx:65:7\n    at file:///workspace/repo/frontend/node_modules/@vitest/runner/dist/index.js:145:11\n    at file:///workspace/repo/frontend/node_modules/@vitest/runner/dist/index.js:915:26\n    at file:///workspace/repo/frontend/node_modules/@vitest/runner/dist/index.js:1243:20\n    at new Promise (<anonymous>)\n    at runWithTimeout (file:///workspace/repo/frontend/node_modules/@vitest/runner/dist/index.js:1209:10)","Error: act(...) is not supported in production builds of React.\n    at X (/workspace/repo/frontend/node_modules/react/cjs/react.production.min.js:19:136)\n    at /workspace/repo/frontend/node_modules/@testing-library/react/dist/act-compat.js:46:25\n    at /workspace/repo/frontend/node_modules/@testing-library/react/dist/pure.js:306:28\n    at Array.forEach (<anonymous>)\n    at cleanup (/workspace/repo/frontend/node_modules/@testing-library/react/dist/pure.js:302:22)\n    at /workspace/repo/frontend/vitest.setup.ts:9:3\n    at file:///workspace/repo/frontend/node_modules/@vitest/runner/dist/index.js:145:11\n    at file:///workspace/repo/frontend/node_modules/@vitest/runner/dist/index.js:1243:20\n    at new Promise (<anonymous>)\n    at runWithTimeout (file:///workspace/repo/frontend/node_modules/@vitest/runner/dist/index.js:1209:10)"],"meta":{}},{"ancestorTitles":["Task 3 - Role-based Navigation Structure","Navigation Patterns"],"fullName":"Task 3 - Role-based Navigation Structure Navigation Patterns breadcrumbs render correctly","status":"failed","title":"breadcrumbs render correctly","duration":0.94256699999994,"failureMessages":["Error: act(...) is not supported in production builds of React.\n    at X (/workspace/repo/frontend/node_modules/react/cjs/react.production.min.js:19:136)\n    at /workspace/repo/frontend/node_modules/@testing-library/react/dist/act-compat.js:46:25\n    at renderRoot (/workspace/repo/frontend/node_modules/@testing-library/react/dist/pure.js:189:26)\n    at render (/workspace/repo/frontend/node_modules/@testing-library/react/dist/pure.js:291:10)\n    at /workspace/repo/frontend/tests/Task03-NavigationStructure.test.tsx:78:7\n    at file:///workspace/repo/frontend/node_modules/@vitest/runner/dist/index.js:145:11\n    at file:///workspace/repo/frontend/node_modules/@vitest/runner/dist/index.js:915:26\n    at file:///workspace/repo/frontend/node_modules/@vitest/runner/dist/index.js:1243:20\n    at new Promise (<anonymous>)\n    at runWithTimeout (file:///workspace/repo/frontend/node_modules/@vitest/runner/dist/index.js:1209:10)","Error: act(...) is not supported in production builds of React.\n    at X (/workspace/repo/frontend/node_modules/react/cjs/react.production.min.js:19:136)\n    at /workspace/repo/frontend/node_modules/@testing-library/react/dist/act-compat.js:46:25\n    at /workspace/repo/frontend/node_modules/@testing-library/react/dist/pure.js:306:28\n    at Array.forEach (<anonymous>)\n    at cleanup (/workspace/repo/frontend/node_modules/@testing-library/react/dist/pure.js:302:22)\n    at /workspace/repo/frontend/vitest.setup.ts:9:3\n    at file:///workspace/repo/frontend/node_modules/@vitest/runner/dist/index.js:145:11\n    at file:///workspace/repo/frontend/node_modules/@vitest/runner/dist/index.js:1243:20\n    at new Promise (<anonymous>)\n    at runWithTimeout (file:///workspace/repo/frontend/node_modules/@vitest/runner/dist/index.js:1209:10)"],"meta":{}},{"ancestorTitles":["Task 3 - Role-based Navigation Structure","Navigation Patterns"],"fullName":"Task 3 - Role-based Navigation Structure Navigation Patterns role-specific nav items are conditionally rendered","status":"failed","title":"role-specific nav items are conditionally rendered","duration":0.7057670000000371,"failureMessages":["Error: act(...) is not supported in production builds of React.\n    at X (/workspace/repo/frontend/node_modules/react/cjs/react.production.min.js:19:136)\n    at /workspace/repo/frontend/node_modules/@testing-library/react/dist/act-compat.js:46:25\n    at /workspace/repo/frontend/node_modules/@testing-library/react/dist/pure.js:306:28\n    at Array.forEach (<anonymous>)\n    at cleanup (/workspace/repo/frontend/node_modules/@testing-library/react/dist/pure.js:302:22)\n    at /workspace/repo/frontend/vitest.setup.ts:9:3\n    at file:///workspace/repo/frontend/node_modules/@vitest/runner/dist/index.js:145:11\n    at file:///workspace/repo/frontend/node_modules/@vitest/runner/dist/index.js:1243:20\n    at new Promise (<anonymous>)\n    at runWithTimeout (file:///workspace/repo/frontend/node_modules/@vitest/runner/dist/index.js:1209:10)"],"meta":{}},{"ancestorTitles":["Task 3 - Role-based Navigation Structure","Login Entry Points and Redirection"],"fullName":"Task 3 - Role-based Navigation Structure Login Entry Points and Redirection applicants route through landing page","status":"failed","title":"applicants route through landing page","duration":0.5621009999999842,"failureMessages":["Error: act(...) is not supported in production builds of React.\n    at X (/workspace/repo/frontend/node_modules/react/cjs/react.production.min.js:19:136)\n    at /workspace/repo/frontend/node_modules/@testing-library/react/dist/act-compat.js:46:25\n    at /workspace/repo/frontend/node_modules/@testing-library/react/dist/pure.js:306:28\n    at Array.forEach (<anonymous>)\n    at cleanup (/workspace/repo/frontend/node_modules/@testing-library/react/dist/pure.js:302:22)\n    at /workspace/repo/frontend/vitest.setup.ts:9:3\n    at file:///workspace/repo/frontend/node_modules/@vitest/runner/dist/index.js:145:11\n    at file:///workspace/repo/frontend/node_modules/@vitest/runner/dist/index.js:1243:20\n    at new Promise (<anonymous>)\n    at runWithTimeout (file:///workspace/repo/frontend/node_modules/@vitest/runner/dist/index.js:1209:10)"],"meta":{}},{"ancestorTitles":["Task 3 - Role-based Navigation Structure","Login Entry Points and Redirection"],"fullName":"Task 3 - Role-based Navigation Structure Login Entry Points and Redirection login redirects to role-specific dashboards","status":"failed","title":"login redirects to role-specific dashboards","duration":0.5639720000000352,"failureMessages":["Error: act(...) is not supported in production builds of React.\n    at X (/workspace/repo/frontend/node_modules/react/cjs/react.production.min.js:19:136)\n    at /workspace/repo/frontend/node_modules/@testing-library/react/dist/act-compat.js:46:25\n    at /workspace/repo/frontend/node_modules/@testing-library/react/dist/pure.js:306:28\n    at Array.forEach (<anonymous>)\n    at cleanup (/workspace/repo/frontend/node_modules/@testing-library/react/dist/pure.js:302:22)\n    at /workspace/repo/frontend/vitest.setup.ts:9:3\n    at file:///workspace/repo/frontend/node_modules/@vitest/runner/dist/index.js:145:11\n    at file:///workspace/repo/frontend/node_modules/@vitest/runner/dist/index.js:1243:20\n    at new Promise (<anonymous>)\n    at runWithTimeout (file:///workspace/repo/frontend/node_modules/@vitest/runner/dist/index.js:1209:10)"],"meta":{}},{"ancestorTitles":["Task 3 - Role-based Navigation Structure","Login Entry Points and Redirection"],"fullName":"Task 3 - Role-based Navigation Structure Login Entry Points and Redirection unauthenticated users cannot access protected routes","status":"failed","title":"unauthenticated users cannot access protected routes","duration":3.7682810000000018,"failureMessages":["Error: act(...) is not supported in production builds of React.\n    at X (/workspace/repo/frontend/node_modules/react/cjs/react.production.min.js:19:136)\n    at /workspace/repo/frontend/node_modules/@testing-library/react/dist/act-compat.js:46:25\n    at /workspace/repo/frontend/node_modules/@testing-library/react/dist/pure.js:306:28\n    at Array.forEach (<anonymous>)\n    at cleanup (/workspace/repo/frontend/node_modules/@testing-library/react/dist/pure.js:302:22)\n    at /workspace/repo/frontend/vitest.setup.ts:9:3\n    at file:///workspace/repo/frontend/node_modules/@vitest/runner/dist/index.js:145:11\n    at file:///workspace/repo/frontend/node_modules/@vitest/runner/dist/index.js:1243:20\n    at new Promise (<anonymous>)\n    at runWithTimeout (file:///workspace/repo/frontend/node_modules/@vitest/runner/dist/index.js:1209:10)"],"meta":{}},{"ancestorTitles":["Task 3 - Role-based Navigation Structure","Vertical Context Propagation"],"fullName":"Task 3 - Role-based Navigation Structure Vertical Context Propagation vertical selection affects dashboard labels","status":"failed","title":"vertical selection affects dashboard labels","duration":0.47891699999991033,"failureMessages":["Error: act(...) is not supported in production builds of React.\n    at X (/workspace/repo/frontend/node_modules/react/cjs/react.production.min.js:19:136)\n    at /workspace/repo/frontend/node_modules/@testing-library/react/dist/act-compat.js:46:25\n    at /workspace/repo/frontend/node_modules/@testing-library/react/dist/pure.js:306:28\n    at Array.forEach (<anonymous>)\n    at cleanup (/workspace/repo/frontend/node_modules/@testing-library/react/dist/pure.js:302:22)\n    at /workspace/repo/frontend/vitest.setup.ts:9:3\n    at file:///workspace/repo/frontend/node_modules/@vitest/runner/dist/index.js:145:11\n    at file:///workspace/repo/frontend/node_modules/@vitest/runner/dist/index.js:1243:20\n    at new Promise (<anonymous>)\n    at runWithTimeout (file:///workspace/repo/frontend/node_modules/@vitest/runner/dist/index.js:1209:10)"],"meta":{}},{"ancestorTitles":["Task 3 - Role-based Navigation Structure","Vertical Context Propagation"],"fullName":"Task 3 - Role-based Navigation Structure Vertical Context Propagation vertical context persists across dashboard sections","status":"failed","title":"vertical context persists across dashboard sections","duration":0.4092130000000225,"failureMessages":["Error: act(...) is not supported in production builds of React.\n    at X (/workspace/repo/frontend/node_modules/react/cjs/react.production.min.js:19:136)\n    at /workspace/repo/frontend/node_modules/@testing-library/react/dist/act-compat.js:46:25\n    at /workspace/repo/frontend/node_modules/@testing-library/react/dist/pure.js:306:28\n    at Array.forEach (<anonymous>)\n    at cleanup (/workspace/repo/frontend/node_modules/@testing-library/react/dist/pure.js:302:22)\n    at /workspace/repo/frontend/vitest.setup.ts:9:3\n    at file:///workspace/repo/frontend/node_modules/@vitest/runner/dist/index.js:145:11\n    at file:///workspace/repo/frontend/node_modules/@vitest/runner/dist/index.js:1243:20\n    at new Promise (<anonymous>)\n    at runWithTimeout (file:///workspace/repo/frontend/node_modules/@vitest/runner/dist/index.js:1209:10)"],"meta":{}}],"startTime":1766768139771,"endTime":1766768139790.7683,"status":"failed","message":"","name":"/workspace/repo/frontend/tests/Task03-NavigationStructure.test.tsx"},{"assertionResults":[{"ancestorTitles":["Task 4 - Responsive Landing Page with Vertical Selection","Landing Page Layout"],"fullName":"Task 4 - Responsive Landing Page with Vertical Selection Landing Page Layout renders hostel overview in hero section","status":"failed","title":"renders hostel overview in hero section","duration":3.556621999999834,"failureMessages":["ReferenceError: AppPage is not defined\n    at /workspace/repo/frontend/tests/Task04-LandingPage.test.tsx:13:15\n    at file:///workspace/repo/frontend/node_modules/@vitest/runner/dist/index.js:145:11\n    at file:///workspace/repo/frontend/node_modules/@vitest/runner/dist/index.js:915:26\n    at file:///workspace/repo/frontend/node_modules/@vitest/runner/dist/index.js:1243:20\n    at new Promise (<anonymous>)\n    at runWithTimeout (file:///workspace/repo/frontend/node_modules/@vitest/runner/dist/index.js:1209:10)\n    at file:///workspace/repo/frontend/node_modules/@vitest/runner/dist/index.js:1653:37\n    at Traces.$ (file:///workspace/repo/frontend/node_modules/vitest/dist/chunks/traces.U4xDYhzZ.js:115:27)\n    at trace (file:///workspace/repo/frontend/node_modules/vitest/dist/chunks/test.B8ej_ZHS.js:239:21)\n    at runTest (file:///workspace/repo/frontend/node_modules/@vitest/runner/dist/index.js:1653:12)"],"meta":{}},{"ancestorTitles":["Task 4 - Responsive Landing Page with Vertical Selection","Landing Page Layout"],"fullName":"Task 4 - Responsive Landing Page with Vertical Selection Landing Page Layout displays vertical selection cards","status":"failed","title":"displays vertical selection cards","duration":0.7159070000000156,"failureMessages":["ReferenceError: AppPage is not defined\n    at /workspace/repo/frontend/tests/Task04-LandingPage.test.tsx:19:15\n    at file:///workspace/repo/frontend/node_modules/@vitest/runner/dist/index.js:145:11\n    at file:///workspace/repo/frontend/node_modules/@vitest/runner/dist/index.js:915:26\n    at file:///workspace/repo/frontend/node_modules/@vitest/runner/dist/index.js:1243:20\n    at new Promise (<anonymous>)\n    at runWithTimeout (file:///workspace/repo/frontend/node_modules/@vitest/runner/dist/index.js:1209:10)\n    at file:///workspace/repo/frontend/node_modules/@vitest/runner/dist/index.js:1653:37\n    at Traces.$ (file:///workspace/repo/frontend/node_modules/vitest/dist/chunks/traces.U4xDYhzZ.js:115:27)\n    at trace (file:///workspace/repo/frontend/node_modules/vitest/dist/chunks/test.B8ej_ZHS.js:239:21)\n    at runTest (file:///workspace/repo/frontend/node_modules/@vitest/runner/dist/index.js:1653:12)"],"meta":{}},{"ancestorTitles":["Task 4 - Responsive Landing Page with Vertical Selection","Landing Page Layout"],"fullName":"Task 4 - Responsive Landing Page with Vertical Selection Landing Page Layout shows DPDP consent banner","status":"failed","title":"shows DPDP consent banner","duration":0.5662270000000262,"failureMessages":["ReferenceError: AppPage is not defined\n    at /workspace/repo/frontend/tests/Task04-LandingPage.test.tsx:26:15\n    at file:///workspace/repo/frontend/node_modules/@vitest/runner/dist/index.js:145:11\n    at file:///workspace/repo/frontend/node_modules/@vitest/runner/dist/index.js:915:26\n    at file:///workspace/repo/frontend/node_modules/@vitest/runner/dist/index.js:1243:20\n    at new Promise (<anonymous>)\n    at runWithTimeout (file:///workspace/repo/frontend/node_modules/@vitest/runner/dist/index.js:1209:10)\n    at file:///workspace/repo/frontend/node_modules/@vitest/runner/dist/index.js:1653:37\n    at Traces.$ (file:///workspace/repo/frontend/node_modules/vitest/dist/chunks/traces.U4xDYhzZ.js:115:27)\n    at trace (file:///workspace/repo/frontend/node_modules/vitest/dist/chunks/test.B8ej_ZHS.js:239:21)\n    at runTest (file:///workspace/repo/frontend/node_modules/@vitest/runner/dist/index.js:1653:12)"],"meta":{}},{"ancestorTitles":["Task 4 - Responsive Landing Page with Vertical Selection","Landing Page Layout"],"fullName":"Task 4 - Responsive Landing Page with Vertical Selection Landing Page Layout renders admission process timeline","status":"failed","title":"renders admission process timeline","duration":0.4341300000000956,"failureMessages":["ReferenceError: AppPage is not defined\n    at /workspace/repo/frontend/tests/Task04-LandingPage.test.tsx:32:15\n    at file:///workspace/repo/frontend/node_modules/@vitest/runner/dist/index.js:145:11\n    at file:///workspace/repo/frontend/node_modules/@vitest/runner/dist/index.js:915:26\n    at file:///workspace/repo/frontend/node_modules/@vitest/runner/dist/index.js:1243:20\n    at new Promise (<anonymous>)\n    at runWithTimeout (file:///workspace/repo/frontend/node_modules/@vitest/runner/dist/index.js:1209:10)\n    at file:///workspace/repo/frontend/node_modules/@vitest/runner/dist/index.js:1653:37\n    at Traces.$ (file:///workspace/repo/frontend/node_modules/vitest/dist/chunks/traces.U4xDYhzZ.js:115:27)\n    at trace (file:///workspace/repo/frontend/node_modules/vitest/dist/chunks/test.B8ej_ZHS.js:239:21)\n    at runTest (file:///workspace/repo/frontend/node_modules/@vitest/runner/dist/index.js:1653:12)"],"meta":{}},{"ancestorTitles":["Task 4 - Responsive Landing Page with Vertical Selection","Landing Page Layout"],"fullName":"Task 4 - Responsive Landing Page with Vertical Selection Landing Page Layout displays announcements section","status":"failed","title":"displays announcements section","duration":0.29197499999986576,"failureMessages":["ReferenceError: AppPage is not defined\n    at /workspace/repo/frontend/tests/Task04-LandingPage.test.tsx:49:15\n    at file:///workspace/repo/frontend/node_modules/@vitest/runner/dist/index.js:145:11\n    at file:///workspace/repo/frontend/node_modules/@vitest/runner/dist/index.js:915:26\n    at file:///workspace/repo/frontend/node_modules/@vitest/runner/dist/index.js:1243:20\n    at new Promise (<anonymous>)\n    at runWithTimeout (file:///workspace/repo/frontend/node_modules/@vitest/runner/dist/index.js:1209:10)\n    at file:///workspace/repo/frontend/node_modules/@vitest/runner/dist/index.js:1653:37\n    at Traces.$ (file:///workspace/repo/frontend/node_modules/vitest/dist/chunks/traces.U4xDYhzZ.js:115:27)\n    at trace (file:///workspace/repo/frontend/node_modules/vitest/dist/chunks/test.B8ej_ZHS.js:239:21)\n    at runTest (file:///workspace/repo/frontend/node_modules/@vitest/runner/dist/index.js:1653:12)"],"meta":{}},{"ancestorTitles":["Task 4 - Responsive Landing Page with Vertical Selection","Vertical Selection"],"fullName":"Task 4 - Responsive Landing Page with Vertical Selection Vertical Selection all three vertical cards are clickable","status":"failed","title":"all three vertical cards are clickable","duration":0.38247200000000703,"failureMessages":["ReferenceError: AppPage is not defined\n    at /workspace/repo/frontend/tests/Task04-LandingPage.test.tsx:56:15\n    at file:///workspace/repo/frontend/node_modules/@vitest/runner/dist/index.js:145:11\n    at file:///workspace/repo/frontend/node_modules/@vitest/runner/dist/index.js:915:26\n    at file:///workspace/repo/frontend/node_modules/@vitest/runner/dist/index.js:1243:20\n    at new Promise (<anonymous>)\n    at runWithTimeout (file:///workspace/repo/frontend/node_modules/@vitest/runner/dist/index.js:1209:10)\n    at file:///workspace/repo/frontend/node_modules/@vitest/runner/dist/index.js:1653:37\n    at Traces.$ (file:///workspace/repo/frontend/node_modules/vitest/dist/chunks/traces.U4xDYhzZ.js:115:27)\n    at trace (file:///workspace/repo/frontend/node_modules/vitest/dist/chunks/test.B8ej_ZHS.js:239:21)\n    at runTest (file:///workspace/repo/frontend/node_modules/@vitest/runner/dist/index.js:1653:12)"],"meta":{}},{"ancestorTitles":["Task 4 - Responsive Landing Page with Vertical Selection","Vertical Selection"],"fullName":"Task 4 - Responsive Landing Page with Vertical Selection Vertical Selection vertical cards link to correct paths","status":"failed","title":"vertical cards link to correct paths","duration":0.3207919999999831,"failureMessages":["ReferenceError: AppPage is not defined\n    at /workspace/repo/frontend/tests/Task04-LandingPage.test.tsx:68:15\n    at file:///workspace/repo/frontend/node_modules/@vitest/runner/dist/index.js:145:11\n    at file:///workspace/repo/frontend/node_modules/@vitest/runner/dist/index.js:915:26\n    at file:///workspace/repo/frontend/node_modules/@vitest/runner/dist/index.js:1243:20\n    at new Promise (<anonymous>)\n    at runWithTimeout (file:///workspace/repo/frontend/node_modules/@vitest/runner/dist/index.js:1209:10)\n    at file:///workspace/repo/frontend/node_modules/@vitest/runner/dist/index.js:1653:37\n    at Traces.$ (file:///workspace/repo/frontend/node_modules/vitest/dist/chunks/traces.U4xDYhzZ.js:115:27)\n    at trace (file:///workspace/repo/frontend/node_modules/vitest/dist/chunks/test.B8ej_ZHS.js:239:21)\n    at runTest (file:///workspace/repo/frontend/node_modules/@vitest/runner/dist/index.js:1653:12)"],"meta":{}},{"ancestorTitles":["Task 4 - Responsive Landing Page with Vertical Selection","Vertical Selection"],"fullName":"Task 4 - Responsive Landing Page with Vertical Selection Vertical Selection vertical cards display descriptions correctly","status":"failed","title":"vertical cards display descriptions correctly","duration":0.28599499999995714,"failureMessages":["ReferenceError: AppPage is not defined\n    at /workspace/repo/frontend/tests/Task04-LandingPage.test.tsx:80:15\n    at file:///workspace/repo/frontend/node_modules/@vitest/runner/dist/index.js:145:11\n    at file:///workspace/repo/frontend/node_modules/@vitest/runner/dist/index.js:915:26\n    at file:///workspace/repo/frontend/node_modules/@vitest/runner/dist/index.js:1243:20\n    at new Promise (<anonymous>)\n    at runWithTimeout (file:///workspace/repo/frontend/node_modules/@vitest/runner/dist/index.js:1209:10)\n    at file:///workspace/repo/frontend/node_modules/@vitest/runner/dist/index.js:1653:37\n    at Traces.$ (file:///workspace/repo/frontend/node_modules/vitest/dist/chunks/traces.U4xDYhzZ.js:115:27)\n    at trace (file:///workspace/repo/frontend/node_modules/vitest/dist/chunks/test.B8ej_ZHS.js:239:21)\n    at runTest (file:///workspace/repo/frontend/node_modules/@vitest/runner/dist/index.js:1653:12)"],"meta":{}},{"ancestorTitles":["Task 4 - Responsive Landing Page with Vertical Selection","CTA Buttons and Navigation"],"fullName":"Task 4 - Responsive Landing Page with Vertical Selection CTA Buttons and Navigation Apply Now CTA is prominent","status":"failed","title":"Apply Now CTA is prominent","duration":1.1364819999998872,"failureMessages":["ReferenceError: AppPage is not defined\n    at /workspace/repo/frontend/tests/Task04-LandingPage.test.tsx:91:15\n    at file:///workspace/repo/frontend/node_modules/@vitest/runner/dist/index.js:145:11\n    at file:///workspace/repo/frontend/node_modules/@vitest/runner/dist/index.js:915:26\n    at file:///workspace/repo/frontend/node_modules/@vitest/runner/dist/index.js:1243:20\n    at new Promise (<anonymous>)\n    at runWithTimeout (file:///workspace/repo/frontend/node_modules/@vitest/runner/dist/index.js:1209:10)\n    at file:///workspace/repo/frontend/node_modules/@vitest/runner/dist/index.js:1653:37\n    at Traces.$ (file:///workspace/repo/frontend/node_modules/vitest/dist/chunks/traces.U4xDYhzZ.js:115:27)\n    at trace (file:///workspace/repo/frontend/node_modules/vitest/dist/chunks/test.B8ej_ZHS.js:239:21)\n    at runTest (file:///workspace/repo/frontend/node_modules/@vitest/runner/dist/index.js:1653:12)"],"meta":{}},{"ancestorTitles":["Task 4 - Responsive Landing Page with Vertical Selection","CTA Buttons and Navigation"],"fullName":"Task 4 - Responsive Landing Page with Vertical Selection CTA Buttons and Navigation Check Status CTA is visible","status":"failed","title":"Check Status CTA is visible","duration":0.35751200000004246,"failureMessages":["ReferenceError: AppPage is not defined\n    at /workspace/repo/frontend/tests/Task04-LandingPage.test.tsx:98:15\n    at file:///workspace/repo/frontend/node_modules/@vitest/runner/dist/index.js:145:11\n    at file:///workspace/repo/frontend/node_modules/@vitest/runner/dist/index.js:915:26\n    at file:///workspace/repo/frontend/node_modules/@vitest/runner/dist/index.js:1243:20\n    at new Promise (<anonymous>)\n    at runWithTimeout (file:///workspace/repo/frontend/node_modules/@vitest/runner/dist/index.js:1209:10)\n    at file:///workspace/repo/frontend/node_modules/@vitest/runner/dist/index.js:1653:37\n    at Traces.$ (file:///workspace/repo/frontend/node_modules/vitest/dist/chunks/traces.U4xDYhzZ.js:115:27)\n    at trace (file:///workspace/repo/frontend/node_modules/vitest/dist/chunks/test.B8ej_ZHS.js:239:21)\n    at runTest (file:///workspace/repo/frontend/node_modules/@vitest/runner/dist/index.js:1653:12)"],"meta":{}},{"ancestorTitles":["Task 4 - Responsive Landing Page with Vertical Selection","CTA Buttons and Navigation"],"fullName":"Task 4 - Responsive Landing Page with Vertical Selection CTA Buttons and Navigation Login button is visible","status":"failed","title":"Login button is visible","duration":0.3961980000001404,"failureMessages":["ReferenceError: AppPage is not defined\n    at /workspace/repo/frontend/tests/Task04-LandingPage.test.tsx:103:15\n    at file:///workspace/repo/frontend/node_modules/@vitest/runner/dist/index.js:145:11\n    at file:///workspace/repo/frontend/node_modules/@vitest/runner/dist/index.js:915:26\n    at file:///workspace/repo/frontend/node_modules/@vitest/runner/dist/index.js:1243:20\n    at new Promise (<anonymous>)\n    at runWithTimeout (file:///workspace/repo/frontend/node_modules/@vitest/runner/dist/index.js:1209:10)\n    at file:///workspace/repo/frontend/node_modules/@vitest/runner/dist/index.js:1653:37\n    at Traces.$ (file:///workspace/repo/frontend/node_modules/vitest/dist/chunks/traces.U4xDYhzZ.js:115:27)\n    at trace (file:///workspace/repo/frontend/node_modules/vitest/dist/chunks/test.B8ej_ZHS.js:239:21)\n    at runTest (file:///workspace/repo/frontend/node_modules/@vitest/runner/dist/index.js:1653:12)"],"meta":{}},{"ancestorTitles":["Task 4 - Responsive Landing Page with Vertical Selection","CTA Buttons and Navigation"],"fullName":"Task 4 - Responsive Landing Page with Vertical Selection CTA Buttons and Navigation nav links are functional","status":"failed","title":"nav links are functional","duration":0.3181569999999283,"failureMessages":["ReferenceError: AppPage is not defined\n    at /workspace/repo/frontend/tests/Task04-LandingPage.test.tsx:108:15\n    at file:///workspace/repo/frontend/node_modules/@vitest/runner/dist/index.js:145:11\n    at file:///workspace/repo/frontend/node_modules/@vitest/runner/dist/index.js:915:26\n    at file:///workspace/repo/frontend/node_modules/@vitest/runner/dist/index.js:1243:20\n    at new Promise (<anonymous>)\n    at runWithTimeout (file:///workspace/repo/frontend/node_modules/@vitest/runner/dist/index.js:1209:10)\n    at file:///workspace/repo/frontend/node_modules/@vitest/runner/dist/index.js:1653:37\n    at Traces.$ (file:///workspace/repo/frontend/node_modules/vitest/dist/chunks/traces.U4xDYhzZ.js:115:27)\n    at trace (file:///workspace/repo/frontend/node_modules/vitest/dist/chunks/test.B8ej_ZHS.js:239:21)\n    at runTest (file:///workspace/repo/frontend/node_modules/@vitest/runner/dist/index.js:1653:12)"],"meta":{}},{"ancestorTitles":["Task 4 - Responsive Landing Page with Vertical Selection","Responsive Behavior"],"fullName":"Task 4 - Responsive Landing Page with Vertical Selection Responsive Behavior cards stack vertically on mobile","status":"failed","title":"cards stack vertically on mobile","duration":0.709775000000036,"failureMessages":["ReferenceError: AppPage is not defined\n    at /workspace/repo/frontend/tests/Task04-LandingPage.test.tsx:126:15\n    at file:///workspace/repo/frontend/node_modules/@vitest/runner/dist/index.js:145:11\n    at file:///workspace/repo/frontend/node_modules/@vitest/runner/dist/index.js:915:26\n    at file:///workspace/repo/frontend/node_modules/@vitest/runner/dist/index.js:1243:20\n    at new Promise (<anonymous>)\n    at runWithTimeout (file:///workspace/repo/frontend/node_modules/@vitest/runner/dist/index.js:1209:10)\n    at file:///workspace/repo/frontend/node_modules/@vitest/runner/dist/index.js:1653:37\n    at Traces.$ (file:///workspace/repo/frontend/node_modules/vitest/dist/chunks/traces.U4xDYhzZ.js:115:27)\n    at trace (file:///workspace/repo/frontend/node_modules/vitest/dist/chunks/test.B8ej_ZHS.js:239:21)\n    at runTest (file:///workspace/repo/frontend/node_modules/@vitest/runner/dist/index.js:1653:12)"],"meta":{}},{"ancestorTitles":["Task 4 - Responsive Landing Page with Vertical Selection","Responsive Behavior"],"fullName":"Task 4 - Responsive Landing Page with Vertical Selection Responsive Behavior cards display in grid on desktop","status":"failed","title":"cards display in grid on desktop","duration":0.4088530000001356,"failureMessages":["ReferenceError: AppPage is not defined\n    at /workspace/repo/frontend/tests/Task04-LandingPage.test.tsx:150:15\n    at file:///workspace/repo/frontend/node_modules/@vitest/runner/dist/index.js:145:11\n    at file:///workspace/repo/frontend/node_modules/@vitest/runner/dist/index.js:915:26\n    at file:///workspace/repo/frontend/node_modules/@vitest/runner/dist/index.js:1243:20\n    at new Promise (<anonymous>)\n    at runWithTimeout (file:///workspace/repo/frontend/node_modules/@vitest/runner/dist/index.js:1209:10)\n    at file:///workspace/repo/frontend/node_modules/@vitest/runner/dist/index.js:1653:37\n    at Traces.$ (file:///workspace/repo/frontend/node_modules/vitest/dist/chunks/traces.U4xDYhzZ.js:115:27)\n    at trace (file:///workspace/repo/frontend/node_modules/vitest/dist/chunks/test.B8ej_ZHS.js:239:21)\n    at runTest (file:///workspace/repo/frontend/node_modules/@vitest/runner/dist/index.js:1653:12)"],"meta":{}},{"ancestorTitles":["Task 4 - Responsive Landing Page with Vertical Selection","Responsive Behavior"],"fullName":"Task 4 - Responsive Landing Page with Vertical Selection Responsive Behavior timeline reflows vertically on mobile","status":"failed","title":"timeline reflows vertically on mobile","duration":0.3881420000000162,"failureMessages":["ReferenceError: AppPage is not defined\n    at /workspace/repo/frontend/tests/Task04-LandingPage.test.tsx:164:15\n    at file:///workspace/repo/frontend/node_modules/@vitest/runner/dist/index.js:145:11\n    at file:///workspace/repo/frontend/node_modules/@vitest/runner/dist/index.js:915:26\n    at file:///workspace/repo/frontend/node_modules/@vitest/runner/dist/index.js:1243:20\n    at new Promise (<anonymous>)\n    at runWithTimeout (file:///workspace/repo/frontend/node_modules/@vitest/runner/dist/index.js:1209:10)\n    at file:///workspace/repo/frontend/node_modules/@vitest/runner/dist/index.js:1653:37\n    at Traces.$ (file:///workspace/repo/frontend/node_modules/vitest/dist/chunks/traces.U4xDYhzZ.js:115:27)\n    at trace (file:///workspace/repo/frontend/node_modules/vitest/dist/chunks/test.B8ej_ZHS.js:239:21)\n    at runTest (file:///workspace/repo/frontend/node_modules/@vitest/runner/dist/index.js:1653:12)"],"meta":{}},{"ancestorTitles":["Task 4 - Responsive Landing Page with Vertical Selection","Accessibility"],"fullName":"Task 4 - Responsive Landing Page with Vertical Selection Accessibility all buttons have proper aria labels","status":"failed","title":"all buttons have proper aria labels","duration":0.32276500000011765,"failureMessages":["ReferenceError: AppPage is not defined\n    at /workspace/repo/frontend/tests/Task04-LandingPage.test.tsx:174:15\n    at file:///workspace/repo/frontend/node_modules/@vitest/runner/dist/index.js:145:11\n    at file:///workspace/repo/frontend/node_modules/@vitest/runner/dist/index.js:915:26\n    at file:///workspace/repo/frontend/node_modules/@vitest/runner/dist/index.js:1243:20\n    at new Promise (<anonymous>)\n    at runWithTimeout (file:///workspace/repo/frontend/node_modules/@vitest/runner/dist/index.js:1209:10)\n    at file:///workspace/repo/frontend/node_modules/@vitest/runner/dist/index.js:1653:37\n    at Traces.$ (file:///workspace/repo/frontend/node_modules/vitest/dist/chunks/traces.U4xDYhzZ.js:115:27)\n    at trace (file:///workspace/repo/frontend/node_modules/vitest/dist/chunks/test.B8ej_ZHS.js:239:21)\n    at runTest (file:///workspace/repo/frontend/node_modules/@vitest/runner/dist/index.js:1653:12)"],"meta":{}},{"ancestorTitles":["Task 4 - Responsive Landing Page with Vertical Selection","Accessibility"],"fullName":"Task 4 - Responsive Landing Page with Vertical Selection Accessibility links are accessible via keyboard navigation","status":"failed","title":"links are accessible via keyboard navigation","duration":0.24765100000013263,"failureMessages":["ReferenceError: AppPage is not defined\n    at /workspace/repo/frontend/tests/Task04-LandingPage.test.tsx:183:15\n    at file:///workspace/repo/frontend/node_modules/@vitest/runner/dist/index.js:145:11\n    at file:///workspace/repo/frontend/node_modules/@vitest/runner/dist/index.js:915:26\n    at file:///workspace/repo/frontend/node_modules/@vitest/runner/dist/index.js:1243:20\n    at new Promise (<anonymous>)\n    at runWithTimeout (file:///workspace/repo/frontend/node_modules/@vitest/runner/dist/index.js:1209:10)\n    at file:///workspace/repo/frontend/node_modules/@vitest/runner/dist/index.js:1653:37\n    at Traces.$ (file:///workspace/repo/frontend/node_modules/vitest/dist/chunks/traces.U4xDYhzZ.js:115:27)\n    at trace (file:///workspace/repo/frontend/node_modules/vitest/dist/chunks/test.B8ej_ZHS.js:239:21)\n    at runTest (file:///workspace/repo/frontend/node_modules/@vitest/runner/dist/index.js:1653:12)"],"meta":{}},{"ancestorTitles":["Task 4 - Responsive Landing Page with Vertical Selection","Accessibility"],"fullName":"Task 4 - Responsive Landing Page with Vertical Selection Accessibility images have alt text","status":"failed","title":"images have alt text","duration":0.2356569999999465,"failureMessages":["ReferenceError: AppPage is not defined\n    at /workspace/repo/frontend/tests/Task04-LandingPage.test.tsx:190:15\n    at file:///workspace/repo/frontend/node_modules/@vitest/runner/dist/index.js:145:11\n    at file:///workspace/repo/frontend/node_modules/@vitest/runner/dist/index.js:915:26\n    at file:///workspace/repo/frontend/node_modules/@vitest/runner/dist/index.js:1243:20\n    at new Promise (<anonymous>)\n    at runWithTimeout (file:///workspace/repo/frontend/node_modules/@vitest/runner/dist/index.js:1209:10)\n    at file:///workspace/repo/frontend/node_modules/@vitest/runner/dist/index.js:1653:37\n    at Traces.$ (file:///workspace/repo/frontend/node_modules/vitest/dist/chunks/traces.U4xDYhzZ.js:115:27)\n    at trace (file:///workspace/repo/frontend/node_modules/vitest/dist/chunks/test.B8ej_ZHS.js:239:21)\n    at runTest (file:///workspace/repo/frontend/node_modules/@vitest/runner/dist/index.js:1653:12)"],"meta":{}},{"ancestorTitles":["Task 4 - Responsive Landing Page with Vertical Selection","Accessibility"],"fullName":"Task 4 - Responsive Landing Page with Vertical Selection Accessibility text contrast meets WCAG AA standards","status":"failed","title":"text contrast meets WCAG AA standards","duration":0.22484499999995933,"failureMessages":["ReferenceError: AppPage is not defined\n    at /workspace/repo/frontend/tests/Task04-LandingPage.test.tsx:201:15\n    at file:///workspace/repo/frontend/node_modules/@vitest/runner/dist/index.js:145:11\n    at file:///workspace/repo/frontend/node_modules/@vitest/runner/dist/index.js:915:26\n    at file:///workspace/repo/frontend/node_modules/@vitest/runner/dist/index.js:1243:20\n    at new Promise (<anonymous>)\n    at runWithTimeout (file:///workspace/repo/frontend/node_modules/@vitest/runner/dist/index.js:1209:10)\n    at file:///workspace/repo/frontend/node_modules/@vitest/runner/dist/index.js:1653:37\n    at Traces.$ (file:///workspace/repo/frontend/node_modules/vitest/dist/chunks/traces.U4xDYhzZ.js:115:27)\n    at trace (file:///workspace/repo/frontend/node_modules/vitest/dist/chunks/test.B8ej_ZHS.js:239:21)\n    at runTest (file:///workspace/repo/frontend/node_modules/@vitest/runner/dist/index.js:1653:12)"],"meta":{}}],"startTime":1766768140057,"endTime":1766768140069.2356,"status":"failed","message":"","name":"/workspace/repo/frontend/tests/Task04-LandingPage.test.tsx"},{"assertionResults":[],"startTime":1766768137915,"endTime":1766768137915,"status":"failed","message":"Failed to resolve import \"../src/components/forms/OtpInput\" from \"tests/Task05-OTPFlow.test.tsx\". Does the file exist?","name":"/workspace/repo/frontend/tests/Task05-OTPFlow.test.tsx"},{"assertionResults":[],"startTime":1766768137915,"endTime":1766768137915,"status":"failed","message":"Transform failed with 1 error:\n/workspace/repo/frontend/tests/Task06-ApplicationTracking.test.tsx:311:6: ERROR: \"await\" can only be used inside an \"async\" function","name":"/workspace/repo/frontend/tests/Task06-ApplicationTracking.test.tsx"},{"assertionResults":[],"startTime":1766768137915,"endTime":1766768137915,"status":"failed","message":"Transform failed with 1 error:\n/workspace/repo/frontend/tests/Task07-StudentLogin.test.tsx:148:6: ERROR: \"await\" can only be used inside an \"async\" function","name":"/workspace/repo/frontend/tests/Task07-StudentLogin.test.tsx"},{"assertionResults":[],"startTime":1766768137915,"endTime":1766768137915,"status":"failed","message":"Transform failed with 1 error:\n/workspace/repo/frontend/tests/Task08-ParentLogin.test.tsx:249:6: ERROR: \"await\" can only be used inside an \"async\" function","name":"/workspace/repo/frontend/tests/Task08-ParentLogin.test.tsx"},{"assertionResults":[],"startTime":1766768137915,"endTime":1766768137915,"status":"failed","message":"Transform failed with 2 errors:\n/workspace/repo/frontend/tests/Task09-StudentDashboard.test.tsx:206:12: ERROR: The symbol \"renewalCard\" has already been declared\n/workspace/repo/frontend/tests/Task09-StudentDashboard.test.tsx:352:0: ERROR: Unexpected \"}\"","name":"/workspace/repo/frontend/tests/Task09-StudentDashboard.test.tsx"}]}