
> frontend@0.1.0 test
> vitest --run --reporter=json

{"numTotalTestSuites":37,"numPassedTestSuites":3,"numFailedTestSuites":34,"numPendingTestSuites":0,"numTotalTests":119,"numPassedTests":12,"numFailedTests":107,"numPendingTests":0,"numTodoTests":0,"snapshot":{"added":0,"failure":false,"filesAdded":0,"filesRemoved":0,"filesRemovedList":[],"filesUnmatched":0,"filesUpdated":0,"matched":0,"total":0,"unchecked":0,"uncheckedKeysByFile":[],"unmatched":0,"updated":0,"didUpdate":false},"startTime":1766767635160,"success":false,"testResults":[{"assertionResults":[{"ancestorTitles":["FileUpload Component"],"fullName":"FileUpload Component renders label correctly","status":"failed","title":"renders label correctly","duration":8.008333999999877,"failureMessages":["TypeError: React.act is not a function\n    at exports.act (/workspace/repo/frontend/node_modules/react-dom/cjs/react-dom-test-utils.production.js:20:16)\n    at /workspace/repo/frontend/node_modules/@testing-library/react/dist/act-compat.js:46:25\n    at renderRoot (/workspace/repo/frontend/node_modules/@testing-library/react/dist/pure.js:189:26)\n    at render (/workspace/repo/frontend/node_modules/@testing-library/react/dist/pure.js:291:10)\n    at /workspace/repo/frontend/tests/FileUpload.test.tsx:16:5\n    at file:///workspace/repo/frontend/node_modules/@vitest/runner/dist/index.js:145:11\n    at file:///workspace/repo/frontend/node_modules/@vitest/runner/dist/index.js:915:26\n    at file:///workspace/repo/frontend/node_modules/@vitest/runner/dist/index.js:1243:20\n    at new Promise (<anonymous>)\n    at runWithTimeout (file:///workspace/repo/frontend/node_modules/@vitest/runner/dist/index.js:1209:10)","TypeError: React.act is not a function\n    at exports.act (/workspace/repo/frontend/node_modules/react-dom/cjs/react-dom-test-utils.production.js:20:16)\n    at /workspace/repo/frontend/node_modules/@testing-library/react/dist/act-compat.js:46:25\n    at /workspace/repo/frontend/node_modules/@testing-library/react/dist/pure.js:306:28\n    at Array.forEach (<anonymous>)\n    at cleanup (/workspace/repo/frontend/node_modules/@testing-library/react/dist/pure.js:302:22)\n    at /workspace/repo/frontend/vitest.setup.ts:9:3\n    at file:///workspace/repo/frontend/node_modules/@vitest/runner/dist/index.js:145:11\n    at file:///workspace/repo/frontend/node_modules/@vitest/runner/dist/index.js:1243:20\n    at new Promise (<anonymous>)\n    at runWithTimeout (file:///workspace/repo/frontend/node_modules/@vitest/runner/dist/index.js:1209:10)"],"meta":{}},{"ancestorTitles":["FileUpload Component"],"fullName":"FileUpload Component shows drag and drop UI when no file selected","status":"failed","title":"shows drag and drop UI when no file selected","duration":1.1931520000000546,"failureMessages":["TypeError: React.act is not a function\n    at exports.act (/workspace/repo/frontend/node_modules/react-dom/cjs/react-dom-test-utils.production.js:20:16)\n    at /workspace/repo/frontend/node_modules/@testing-library/react/dist/act-compat.js:46:25\n    at renderRoot (/workspace/repo/frontend/node_modules/@testing-library/react/dist/pure.js:189:26)\n    at render (/workspace/repo/frontend/node_modules/@testing-library/react/dist/pure.js:291:10)\n    at /workspace/repo/frontend/tests/FileUpload.test.tsx:22:5\n    at file:///workspace/repo/frontend/node_modules/@vitest/runner/dist/index.js:145:11\n    at file:///workspace/repo/frontend/node_modules/@vitest/runner/dist/index.js:915:26\n    at file:///workspace/repo/frontend/node_modules/@vitest/runner/dist/index.js:1243:20\n    at new Promise (<anonymous>)\n    at runWithTimeout (file:///workspace/repo/frontend/node_modules/@vitest/runner/dist/index.js:1209:10)","TypeError: React.act is not a function\n    at exports.act (/workspace/repo/frontend/node_modules/react-dom/cjs/react-dom-test-utils.production.js:20:16)\n    at /workspace/repo/frontend/node_modules/@testing-library/react/dist/act-compat.js:46:25\n    at /workspace/repo/frontend/node_modules/@testing-library/react/dist/pure.js:306:28\n    at Array.forEach (<anonymous>)\n    at cleanup (/workspace/repo/frontend/node_modules/@testing-library/react/dist/pure.js:302:22)\n    at /workspace/repo/frontend/vitest.setup.ts:9:3\n    at file:///workspace/repo/frontend/node_modules/@vitest/runner/dist/index.js:145:11\n    at file:///workspace/repo/frontend/node_modules/@vitest/runner/dist/index.js:1243:20\n    at new Promise (<anonymous>)\n    at runWithTimeout (file:///workspace/repo/frontend/node_modules/@vitest/runner/dist/index.js:1209:10)"],"meta":{}},{"ancestorTitles":["FileUpload Component"],"fullName":"FileUpload Component shows error when provided","status":"failed","title":"shows error when provided","duration":1.025576000000001,"failureMessages":["TypeError: React.act is not a function\n    at exports.act (/workspace/repo/frontend/node_modules/react-dom/cjs/react-dom-test-utils.production.js:20:16)\n    at /workspace/repo/frontend/node_modules/@testing-library/react/dist/act-compat.js:46:25\n    at renderRoot (/workspace/repo/frontend/node_modules/@testing-library/react/dist/pure.js:189:26)\n    at render (/workspace/repo/frontend/node_modules/@testing-library/react/dist/pure.js:291:10)\n    at /workspace/repo/frontend/tests/FileUpload.test.tsx:28:5\n    at file:///workspace/repo/frontend/node_modules/@vitest/runner/dist/index.js:145:11\n    at file:///workspace/repo/frontend/node_modules/@vitest/runner/dist/index.js:915:26\n    at file:///workspace/repo/frontend/node_modules/@vitest/runner/dist/index.js:1243:20\n    at new Promise (<anonymous>)\n    at runWithTimeout (file:///workspace/repo/frontend/node_modules/@vitest/runner/dist/index.js:1209:10)","TypeError: React.act is not a function\n    at exports.act (/workspace/repo/frontend/node_modules/react-dom/cjs/react-dom-test-utils.production.js:20:16)\n    at /workspace/repo/frontend/node_modules/@testing-library/react/dist/act-compat.js:46:25\n    at /workspace/repo/frontend/node_modules/@testing-library/react/dist/pure.js:306:28\n    at Array.forEach (<anonymous>)\n    at cleanup (/workspace/repo/frontend/node_modules/@testing-library/react/dist/pure.js:302:22)\n    at /workspace/repo/frontend/vitest.setup.ts:9:3\n    at file:///workspace/repo/frontend/node_modules/@vitest/runner/dist/index.js:145:11\n    at file:///workspace/repo/frontend/node_modules/@vitest/runner/dist/index.js:1243:20\n    at new Promise (<anonymous>)\n    at runWithTimeout (file:///workspace/repo/frontend/node_modules/@vitest/runner/dist/index.js:1209:10)"],"meta":{}},{"ancestorTitles":["FileUpload Component"],"fullName":"FileUpload Component shows helper text when provided","status":"failed","title":"shows helper text when provided","duration":1.0470479999999043,"failureMessages":["TypeError: React.act is not a function\n    at exports.act (/workspace/repo/frontend/node_modules/react-dom/cjs/react-dom-test-utils.production.js:20:16)\n    at /workspace/repo/frontend/node_modules/@testing-library/react/dist/act-compat.js:46:25\n    at renderRoot (/workspace/repo/frontend/node_modules/@testing-library/react/dist/pure.js:189:26)\n    at render (/workspace/repo/frontend/node_modules/@testing-library/react/dist/pure.js:291:10)\n    at /workspace/repo/frontend/tests/FileUpload.test.tsx:33:5\n    at file:///workspace/repo/frontend/node_modules/@vitest/runner/dist/index.js:145:11\n    at file:///workspace/repo/frontend/node_modules/@vitest/runner/dist/index.js:915:26\n    at file:///workspace/repo/frontend/node_modules/@vitest/runner/dist/index.js:1243:20\n    at new Promise (<anonymous>)\n    at runWithTimeout (file:///workspace/repo/frontend/node_modules/@vitest/runner/dist/index.js:1209:10)","TypeError: React.act is not a function\n    at exports.act (/workspace/repo/frontend/node_modules/react-dom/cjs/react-dom-test-utils.production.js:20:16)\n    at /workspace/repo/frontend/node_modules/@testing-library/react/dist/act-compat.js:46:25\n    at /workspace/repo/frontend/node_modules/@testing-library/react/dist/pure.js:306:28\n    at Array.forEach (<anonymous>)\n    at cleanup (/workspace/repo/frontend/node_modules/@testing-library/react/dist/pure.js:302:22)\n    at /workspace/repo/frontend/vitest.setup.ts:9:3\n    at file:///workspace/repo/frontend/node_modules/@vitest/runner/dist/index.js:145:11\n    at file:///workspace/repo/frontend/node_modules/@vitest/runner/dist/index.js:1243:20\n    at new Promise (<anonymous>)\n    at runWithTimeout (file:///workspace/repo/frontend/node_modules/@vitest/runner/dist/index.js:1209:10)"],"meta":{}},{"ancestorTitles":["FileUpload Component"],"fullName":"FileUpload Component is disabled when disabled prop is true","status":"failed","title":"is disabled when disabled prop is true","duration":1.2256640000000516,"failureMessages":["TypeError: React.act is not a function\n    at exports.act (/workspace/repo/frontend/node_modules/react-dom/cjs/react-dom-test-utils.production.js:20:16)\n    at /workspace/repo/frontend/node_modules/@testing-library/react/dist/act-compat.js:46:25\n    at renderRoot (/workspace/repo/frontend/node_modules/@testing-library/react/dist/pure.js:189:26)\n    at render (/workspace/repo/frontend/node_modules/@testing-library/react/dist/pure.js:291:10)\n    at /workspace/repo/frontend/tests/FileUpload.test.tsx:38:5\n    at file:///workspace/repo/frontend/node_modules/@vitest/runner/dist/index.js:145:11\n    at file:///workspace/repo/frontend/node_modules/@vitest/runner/dist/index.js:915:26\n    at file:///workspace/repo/frontend/node_modules/@vitest/runner/dist/index.js:1243:20\n    at new Promise (<anonymous>)\n    at runWithTimeout (file:///workspace/repo/frontend/node_modules/@vitest/runner/dist/index.js:1209:10)","TypeError: React.act is not a function\n    at exports.act (/workspace/repo/frontend/node_modules/react-dom/cjs/react-dom-test-utils.production.js:20:16)\n    at /workspace/repo/frontend/node_modules/@testing-library/react/dist/act-compat.js:46:25\n    at /workspace/repo/frontend/node_modules/@testing-library/react/dist/pure.js:306:28\n    at Array.forEach (<anonymous>)\n    at cleanup (/workspace/repo/frontend/node_modules/@testing-library/react/dist/pure.js:302:22)\n    at /workspace/repo/frontend/vitest.setup.ts:9:3\n    at file:///workspace/repo/frontend/node_modules/@vitest/runner/dist/index.js:145:11\n    at file:///workspace/repo/frontend/node_modules/@vitest/runner/dist/index.js:1243:20\n    at new Promise (<anonymous>)\n    at runWithTimeout (file:///workspace/repo/frontend/node_modules/@vitest/runner/dist/index.js:1209:10)"],"meta":{}},{"ancestorTitles":["FileUpload Component"],"fullName":"FileUpload Component calls onChange when file is selected via input","status":"failed","title":"calls onChange when file is selected via input","duration":1.845343999999841,"failureMessages":["TypeError: React.act is not a function\n    at exports.act (/workspace/repo/frontend/node_modules/react-dom/cjs/react-dom-test-utils.production.js:20:16)\n    at /workspace/repo/frontend/node_modules/@testing-library/react/dist/act-compat.js:46:25\n    at renderRoot (/workspace/repo/frontend/node_modules/@testing-library/react/dist/pure.js:189:26)\n    at render (/workspace/repo/frontend/node_modules/@testing-library/react/dist/pure.js:291:10)\n    at /workspace/repo/frontend/tests/FileUpload.test.tsx:45:5\n    at file:///workspace/repo/frontend/node_modules/@vitest/runner/dist/index.js:145:11\n    at file:///workspace/repo/frontend/node_modules/@vitest/runner/dist/index.js:915:26\n    at file:///workspace/repo/frontend/node_modules/@vitest/runner/dist/index.js:1243:20\n    at new Promise (<anonymous>)\n    at runWithTimeout (file:///workspace/repo/frontend/node_modules/@vitest/runner/dist/index.js:1209:10)","TypeError: React.act is not a function\n    at exports.act (/workspace/repo/frontend/node_modules/react-dom/cjs/react-dom-test-utils.production.js:20:16)\n    at /workspace/repo/frontend/node_modules/@testing-library/react/dist/act-compat.js:46:25\n    at /workspace/repo/frontend/node_modules/@testing-library/react/dist/pure.js:306:28\n    at Array.forEach (<anonymous>)\n    at cleanup (/workspace/repo/frontend/node_modules/@testing-library/react/dist/pure.js:302:22)\n    at /workspace/repo/frontend/vitest.setup.ts:9:3\n    at file:///workspace/repo/frontend/node_modules/@vitest/runner/dist/index.js:145:11\n    at file:///workspace/repo/frontend/node_modules/@vitest/runner/dist/index.js:1243:20\n    at new Promise (<anonymous>)\n    at runWithTimeout (file:///workspace/repo/frontend/node_modules/@vitest/runner/dist/index.js:1209:10)"],"meta":{}},{"ancestorTitles":["FileUpload Component"],"fullName":"FileUpload Component rejects files larger than max size","status":"failed","title":"rejects files larger than max size","duration":0.9971219999999903,"failureMessages":["TypeError: React.act is not a function\n    at exports.act (/workspace/repo/frontend/node_modules/react-dom/cjs/react-dom-test-utils.production.js:20:16)\n    at /workspace/repo/frontend/node_modules/@testing-library/react/dist/act-compat.js:46:25\n    at renderRoot (/workspace/repo/frontend/node_modules/@testing-library/react/dist/pure.js:189:26)\n    at render (/workspace/repo/frontend/node_modules/@testing-library/react/dist/pure.js:291:10)\n    at /workspace/repo/frontend/tests/FileUpload.test.tsx:59:5\n    at file:///workspace/repo/frontend/node_modules/@vitest/runner/dist/index.js:145:11\n    at file:///workspace/repo/frontend/node_modules/@vitest/runner/dist/index.js:915:26\n    at file:///workspace/repo/frontend/node_modules/@vitest/runner/dist/index.js:1243:20\n    at new Promise (<anonymous>)\n    at runWithTimeout (file:///workspace/repo/frontend/node_modules/@vitest/runner/dist/index.js:1209:10)","TypeError: React.act is not a function\n    at exports.act (/workspace/repo/frontend/node_modules/react-dom/cjs/react-dom-test-utils.production.js:20:16)\n    at /workspace/repo/frontend/node_modules/@testing-library/react/dist/act-compat.js:46:25\n    at /workspace/repo/frontend/node_modules/@testing-library/react/dist/pure.js:306:28\n    at Array.forEach (<anonymous>)\n    at cleanup (/workspace/repo/frontend/node_modules/@testing-library/react/dist/pure.js:302:22)\n    at /workspace/repo/frontend/vitest.setup.ts:9:3\n    at file:///workspace/repo/frontend/node_modules/@vitest/runner/dist/index.js:145:11\n    at file:///workspace/repo/frontend/node_modules/@vitest/runner/dist/index.js:1243:20\n    at new Promise (<anonymous>)\n    at runWithTimeout (file:///workspace/repo/frontend/node_modules/@vitest/runner/dist/index.js:1209:10)"],"meta":{}},{"ancestorTitles":["FileUpload Component"],"fullName":"FileUpload Component rejects invalid file types","status":"failed","title":"rejects invalid file types","duration":1.2224880000001122,"failureMessages":["TypeError: React.act is not a function\n    at exports.act (/workspace/repo/frontend/node_modules/react-dom/cjs/react-dom-test-utils.production.js:20:16)\n    at /workspace/repo/frontend/node_modules/@testing-library/react/dist/act-compat.js:46:25\n    at renderRoot (/workspace/repo/frontend/node_modules/@testing-library/react/dist/pure.js:189:26)\n    at render (/workspace/repo/frontend/node_modules/@testing-library/react/dist/pure.js:291:10)\n    at /workspace/repo/frontend/tests/FileUpload.test.tsx:73:5\n    at file:///workspace/repo/frontend/node_modules/@vitest/runner/dist/index.js:145:11\n    at file:///workspace/repo/frontend/node_modules/@vitest/runner/dist/index.js:915:26\n    at file:///workspace/repo/frontend/node_modules/@vitest/runner/dist/index.js:1243:20\n    at new Promise (<anonymous>)\n    at runWithTimeout (file:///workspace/repo/frontend/node_modules/@vitest/runner/dist/index.js:1209:10)","TypeError: React.act is not a function\n    at exports.act (/workspace/repo/frontend/node_modules/react-dom/cjs/react-dom-test-utils.production.js:20:16)\n    at /workspace/repo/frontend/node_modules/@testing-library/react/dist/act-compat.js:46:25\n    at /workspace/repo/frontend/node_modules/@testing-library/react/dist/pure.js:306:28\n    at Array.forEach (<anonymous>)\n    at cleanup (/workspace/repo/frontend/node_modules/@testing-library/react/dist/pure.js:302:22)\n    at /workspace/repo/frontend/vitest.setup.ts:9:3\n    at file:///workspace/repo/frontend/node_modules/@vitest/runner/dist/index.js:145:11\n    at file:///workspace/repo/frontend/node_modules/@vitest/runner/dist/index.js:1243:20\n    at new Promise (<anonymous>)\n    at runWithTimeout (file:///workspace/repo/frontend/node_modules/@vitest/runner/dist/index.js:1209:10)"],"meta":{}},{"ancestorTitles":["FileUpload Component"],"fullName":"FileUpload Component shows file preview when image file is selected","status":"failed","title":"shows file preview when image file is selected","duration":1.6748949999998786,"failureMessages":["TypeError: React.act is not a function\n    at exports.act (/workspace/repo/frontend/node_modules/react-dom/cjs/react-dom-test-utils.production.js:20:16)\n    at /workspace/repo/frontend/node_modules/@testing-library/react/dist/act-compat.js:46:25\n    at renderRoot (/workspace/repo/frontend/node_modules/@testing-library/react/dist/pure.js:189:26)\n    at render (/workspace/repo/frontend/node_modules/@testing-library/react/dist/pure.js:291:10)\n    at /workspace/repo/frontend/tests/FileUpload.test.tsx:87:5\n    at file:///workspace/repo/frontend/node_modules/@vitest/runner/dist/index.js:145:11\n    at file:///workspace/repo/frontend/node_modules/@vitest/runner/dist/index.js:915:26\n    at file:///workspace/repo/frontend/node_modules/@vitest/runner/dist/index.js:1243:20\n    at new Promise (<anonymous>)\n    at runWithTimeout (file:///workspace/repo/frontend/node_modules/@vitest/runner/dist/index.js:1209:10)","TypeError: React.act is not a function\n    at exports.act (/workspace/repo/frontend/node_modules/react-dom/cjs/react-dom-test-utils.production.js:20:16)\n    at /workspace/repo/frontend/node_modules/@testing-library/react/dist/act-compat.js:46:25\n    at /workspace/repo/frontend/node_modules/@testing-library/react/dist/pure.js:306:28\n    at Array.forEach (<anonymous>)\n    at cleanup (/workspace/repo/frontend/node_modules/@testing-library/react/dist/pure.js:302:22)\n    at /workspace/repo/frontend/vitest.setup.ts:9:3\n    at file:///workspace/repo/frontend/node_modules/@vitest/runner/dist/index.js:145:11\n    at file:///workspace/repo/frontend/node_modules/@vitest/runner/dist/index.js:1243:20\n    at new Promise (<anonymous>)\n    at runWithTimeout (file:///workspace/repo/frontend/node_modules/@vitest/runner/dist/index.js:1209:10)"],"meta":{}},{"ancestorTitles":["FileUpload Component"],"fullName":"FileUpload Component shows PDF preview when PDF file is selected","status":"failed","title":"shows PDF preview when PDF file is selected","duration":1.245102000000088,"failureMessages":["TypeError: React.act is not a function\n    at exports.act (/workspace/repo/frontend/node_modules/react-dom/cjs/react-dom-test-utils.production.js:20:16)\n    at /workspace/repo/frontend/node_modules/@testing-library/react/dist/act-compat.js:46:25\n    at renderRoot (/workspace/repo/frontend/node_modules/@testing-library/react/dist/pure.js:189:26)\n    at render (/workspace/repo/frontend/node_modules/@testing-library/react/dist/pure.js:291:10)\n    at /workspace/repo/frontend/tests/FileUpload.test.tsx:94:5\n    at file:///workspace/repo/frontend/node_modules/@vitest/runner/dist/index.js:145:11\n    at file:///workspace/repo/frontend/node_modules/@vitest/runner/dist/index.js:915:26\n    at file:///workspace/repo/frontend/node_modules/@vitest/runner/dist/index.js:1243:20\n    at new Promise (<anonymous>)\n    at runWithTimeout (file:///workspace/repo/frontend/node_modules/@vitest/runner/dist/index.js:1209:10)","TypeError: React.act is not a function\n    at exports.act (/workspace/repo/frontend/node_modules/react-dom/cjs/react-dom-test-utils.production.js:20:16)\n    at /workspace/repo/frontend/node_modules/@testing-library/react/dist/act-compat.js:46:25\n    at /workspace/repo/frontend/node_modules/@testing-library/react/dist/pure.js:306:28\n    at Array.forEach (<anonymous>)\n    at cleanup (/workspace/repo/frontend/node_modules/@testing-library/react/dist/pure.js:302:22)\n    at /workspace/repo/frontend/vitest.setup.ts:9:3\n    at file:///workspace/repo/frontend/node_modules/@vitest/runner/dist/index.js:145:11\n    at file:///workspace/repo/frontend/node_modules/@vitest/runner/dist/index.js:1243:20\n    at new Promise (<anonymous>)\n    at runWithTimeout (file:///workspace/repo/frontend/node_modules/@vitest/runner/dist/index.js:1209:10)"],"meta":{}},{"ancestorTitles":["FileUpload Component"],"fullName":"FileUpload Component allows removing file","status":"failed","title":"allows removing file","duration":1.0655040000001463,"failureMessages":["TypeError: React.act is not a function\n    at exports.act (/workspace/repo/frontend/node_modules/react-dom/cjs/react-dom-test-utils.production.js:20:16)\n    at /workspace/repo/frontend/node_modules/@testing-library/react/dist/act-compat.js:46:25\n    at renderRoot (/workspace/repo/frontend/node_modules/@testing-library/react/dist/pure.js:189:26)\n    at render (/workspace/repo/frontend/node_modules/@testing-library/react/dist/pure.js:291:10)\n    at /workspace/repo/frontend/tests/FileUpload.test.tsx:102:5\n    at file:///workspace/repo/frontend/node_modules/@vitest/runner/dist/index.js:145:11\n    at file:///workspace/repo/frontend/node_modules/@vitest/runner/dist/index.js:915:26\n    at file:///workspace/repo/frontend/node_modules/@vitest/runner/dist/index.js:1243:20\n    at new Promise (<anonymous>)\n    at runWithTimeout (file:///workspace/repo/frontend/node_modules/@vitest/runner/dist/index.js:1209:10)","TypeError: React.act is not a function\n    at exports.act (/workspace/repo/frontend/node_modules/react-dom/cjs/react-dom-test-utils.production.js:20:16)\n    at /workspace/repo/frontend/node_modules/@testing-library/react/dist/act-compat.js:46:25\n    at /workspace/repo/frontend/node_modules/@testing-library/react/dist/pure.js:306:28\n    at Array.forEach (<anonymous>)\n    at cleanup (/workspace/repo/frontend/node_modules/@testing-library/react/dist/pure.js:302:22)\n    at /workspace/repo/frontend/vitest.setup.ts:9:3\n    at file:///workspace/repo/frontend/node_modules/@vitest/runner/dist/index.js:145:11\n    at file:///workspace/repo/frontend/node_modules/@vitest/runner/dist/index.js:1243:20\n    at new Promise (<anonymous>)\n    at runWithTimeout (file:///workspace/repo/frontend/node_modules/@vitest/runner/dist/index.js:1209:10)"],"meta":{}},{"ancestorTitles":["FileUpload Component"],"fullName":"FileUpload Component handles drag and drop events","status":"failed","title":"handles drag and drop events","duration":1.0809540000000197,"failureMessages":["TypeError: React.act is not a function\n    at exports.act (/workspace/repo/frontend/node_modules/react-dom/cjs/react-dom-test-utils.production.js:20:16)\n    at /workspace/repo/frontend/node_modules/@testing-library/react/dist/act-compat.js:46:25\n    at renderRoot (/workspace/repo/frontend/node_modules/@testing-library/react/dist/pure.js:189:26)\n    at render (/workspace/repo/frontend/node_modules/@testing-library/react/dist/pure.js:291:10)\n    at /workspace/repo/frontend/tests/FileUpload.test.tsx:112:5\n    at file:///workspace/repo/frontend/node_modules/@vitest/runner/dist/index.js:145:11\n    at file:///workspace/repo/frontend/node_modules/@vitest/runner/dist/index.js:915:26\n    at file:///workspace/repo/frontend/node_modules/@vitest/runner/dist/index.js:1243:20\n    at new Promise (<anonymous>)\n    at runWithTimeout (file:///workspace/repo/frontend/node_modules/@vitest/runner/dist/index.js:1209:10)","TypeError: React.act is not a function\n    at exports.act (/workspace/repo/frontend/node_modules/react-dom/cjs/react-dom-test-utils.production.js:20:16)\n    at /workspace/repo/frontend/node_modules/@testing-library/react/dist/act-compat.js:46:25\n    at /workspace/repo/frontend/node_modules/@testing-library/react/dist/pure.js:306:28\n    at Array.forEach (<anonymous>)\n    at cleanup (/workspace/repo/frontend/node_modules/@testing-library/react/dist/pure.js:302:22)\n    at /workspace/repo/frontend/vitest.setup.ts:9:3\n    at file:///workspace/repo/frontend/node_modules/@vitest/runner/dist/index.js:145:11\n    at file:///workspace/repo/frontend/node_modules/@vitest/runner/dist/index.js:1243:20\n    at new Promise (<anonymous>)\n    at runWithTimeout (file:///workspace/repo/frontend/node_modules/@vitest/runner/dist/index.js:1209:10)"],"meta":{}},{"ancestorTitles":["FileUpload Component"],"fullName":"FileUpload Component validates file type on drag and drop","status":"failed","title":"validates file type on drag and drop","duration":1.0492529999999078,"failureMessages":["TypeError: React.act is not a function\n    at exports.act (/workspace/repo/frontend/node_modules/react-dom/cjs/react-dom-test-utils.production.js:20:16)\n    at /workspace/repo/frontend/node_modules/@testing-library/react/dist/act-compat.js:46:25\n    at renderRoot (/workspace/repo/frontend/node_modules/@testing-library/react/dist/pure.js:189:26)\n    at render (/workspace/repo/frontend/node_modules/@testing-library/react/dist/pure.js:291:10)\n    at /workspace/repo/frontend/tests/FileUpload.test.tsx:128:5\n    at file:///workspace/repo/frontend/node_modules/@vitest/runner/dist/index.js:145:11\n    at file:///workspace/repo/frontend/node_modules/@vitest/runner/dist/index.js:915:26\n    at file:///workspace/repo/frontend/node_modules/@vitest/runner/dist/index.js:1243:20\n    at new Promise (<anonymous>)\n    at runWithTimeout (file:///workspace/repo/frontend/node_modules/@vitest/runner/dist/index.js:1209:10)","TypeError: React.act is not a function\n    at exports.act (/workspace/repo/frontend/node_modules/react-dom/cjs/react-dom-test-utils.production.js:20:16)\n    at /workspace/repo/frontend/node_modules/@testing-library/react/dist/act-compat.js:46:25\n    at /workspace/repo/frontend/node_modules/@testing-library/react/dist/pure.js:306:28\n    at Array.forEach (<anonymous>)\n    at cleanup (/workspace/repo/frontend/node_modules/@testing-library/react/dist/pure.js:302:22)\n    at /workspace/repo/frontend/vitest.setup.ts:9:3\n    at file:///workspace/repo/frontend/node_modules/@vitest/runner/dist/index.js:145:11\n    at file:///workspace/repo/frontend/node_modules/@vitest/runner/dist/index.js:1243:20\n    at new Promise (<anonymous>)\n    at runWithTimeout (file:///workspace/repo/frontend/node_modules/@vitest/runner/dist/index.js:1209:10)"],"meta":{}}],"startTime":1766767636399,"endTime":1766767636422.0493,"status":"failed","message":"","name":"/workspace/repo/frontend/tests/FileUpload.test.tsx"},{"assertionResults":[{"ancestorTitles":["FormWizard Component"],"fullName":"FormWizard Component renders stepper component","status":"failed","title":"renders stepper component","duration":7.319749000000002,"failureMessages":["TypeError: React.act is not a function\n    at exports.act (/workspace/repo/frontend/node_modules/react-dom/cjs/react-dom-test-utils.production.js:20:16)\n    at /workspace/repo/frontend/node_modules/@testing-library/react/dist/act-compat.js:46:25\n    at renderRoot (/workspace/repo/frontend/node_modules/@testing-library/react/dist/pure.js:189:26)\n    at render (/workspace/repo/frontend/node_modules/@testing-library/react/dist/pure.js:291:10)\n    at /workspace/repo/frontend/tests/FormWizard.test.tsx:56:5\n    at file:///workspace/repo/frontend/node_modules/@vitest/runner/dist/index.js:145:11\n    at file:///workspace/repo/frontend/node_modules/@vitest/runner/dist/index.js:915:26\n    at file:///workspace/repo/frontend/node_modules/@vitest/runner/dist/index.js:1243:20\n    at new Promise (<anonymous>)\n    at runWithTimeout (file:///workspace/repo/frontend/node_modules/@vitest/runner/dist/index.js:1209:10)","TypeError: React.act is not a function\n    at exports.act (/workspace/repo/frontend/node_modules/react-dom/cjs/react-dom-test-utils.production.js:20:16)\n    at /workspace/repo/frontend/node_modules/@testing-library/react/dist/act-compat.js:46:25\n    at /workspace/repo/frontend/node_modules/@testing-library/react/dist/pure.js:306:28\n    at Array.forEach (<anonymous>)\n    at cleanup (/workspace/repo/frontend/node_modules/@testing-library/react/dist/pure.js:302:22)\n    at /workspace/repo/frontend/vitest.setup.ts:9:3\n    at file:///workspace/repo/frontend/node_modules/@vitest/runner/dist/index.js:145:11\n    at file:///workspace/repo/frontend/node_modules/@vitest/runner/dist/index.js:1243:20\n    at new Promise (<anonymous>)\n    at runWithTimeout (file:///workspace/repo/frontend/node_modules/@vitest/runner/dist/index.js:1209:10)"],"meta":{}},{"ancestorTitles":["FormWizard Component"],"fullName":"FormWizard Component renders current step component","status":"failed","title":"renders current step component","duration":1.1375029999999242,"failureMessages":["TypeError: React.act is not a function\n    at exports.act (/workspace/repo/frontend/node_modules/react-dom/cjs/react-dom-test-utils.production.js:20:16)\n    at /workspace/repo/frontend/node_modules/@testing-library/react/dist/act-compat.js:46:25\n    at renderRoot (/workspace/repo/frontend/node_modules/@testing-library/react/dist/pure.js:189:26)\n    at render (/workspace/repo/frontend/node_modules/@testing-library/react/dist/pure.js:291:10)\n    at /workspace/repo/frontend/tests/FormWizard.test.tsx:63:5\n    at file:///workspace/repo/frontend/node_modules/@vitest/runner/dist/index.js:145:11\n    at file:///workspace/repo/frontend/node_modules/@vitest/runner/dist/index.js:915:26\n    at file:///workspace/repo/frontend/node_modules/@vitest/runner/dist/index.js:1243:20\n    at new Promise (<anonymous>)\n    at runWithTimeout (file:///workspace/repo/frontend/node_modules/@vitest/runner/dist/index.js:1209:10)","TypeError: React.act is not a function\n    at exports.act (/workspace/repo/frontend/node_modules/react-dom/cjs/react-dom-test-utils.production.js:20:16)\n    at /workspace/repo/frontend/node_modules/@testing-library/react/dist/act-compat.js:46:25\n    at /workspace/repo/frontend/node_modules/@testing-library/react/dist/pure.js:306:28\n    at Array.forEach (<anonymous>)\n    at cleanup (/workspace/repo/frontend/node_modules/@testing-library/react/dist/pure.js:302:22)\n    at /workspace/repo/frontend/vitest.setup.ts:9:3\n    at file:///workspace/repo/frontend/node_modules/@vitest/runner/dist/index.js:145:11\n    at file:///workspace/repo/frontend/node_modules/@vitest/runner/dist/index.js:1243:20\n    at new Promise (<anonymous>)\n    at runWithTimeout (file:///workspace/repo/frontend/node_modules/@vitest/runner/dist/index.js:1209:10)"],"meta":{}},{"ancestorTitles":["FormWizard Component"],"fullName":"FormWizard Component renders Back button on steps after first step","status":"failed","title":"renders Back button on steps after first step","duration":1.1363409999999021,"failureMessages":["TypeError: React.act is not a function\n    at exports.act (/workspace/repo/frontend/node_modules/react-dom/cjs/react-dom-test-utils.production.js:20:16)\n    at /workspace/repo/frontend/node_modules/@testing-library/react/dist/act-compat.js:46:25\n    at renderRoot (/workspace/repo/frontend/node_modules/@testing-library/react/dist/pure.js:189:26)\n    at render (/workspace/repo/frontend/node_modules/@testing-library/react/dist/pure.js:291:10)\n    at /workspace/repo/frontend/tests/FormWizard.test.tsx:70:5\n    at file:///workspace/repo/frontend/node_modules/@vitest/runner/dist/index.js:145:11\n    at file:///workspace/repo/frontend/node_modules/@vitest/runner/dist/index.js:915:26\n    at file:///workspace/repo/frontend/node_modules/@vitest/runner/dist/index.js:1243:20\n    at new Promise (<anonymous>)\n    at runWithTimeout (file:///workspace/repo/frontend/node_modules/@vitest/runner/dist/index.js:1209:10)","TypeError: React.act is not a function\n    at exports.act (/workspace/repo/frontend/node_modules/react-dom/cjs/react-dom-test-utils.production.js:20:16)\n    at /workspace/repo/frontend/node_modules/@testing-library/react/dist/act-compat.js:46:25\n    at /workspace/repo/frontend/node_modules/@testing-library/react/dist/pure.js:306:28\n    at Array.forEach (<anonymous>)\n    at cleanup (/workspace/repo/frontend/node_modules/@testing-library/react/dist/pure.js:302:22)\n    at /workspace/repo/frontend/vitest.setup.ts:9:3\n    at file:///workspace/repo/frontend/node_modules/@vitest/runner/dist/index.js:145:11\n    at file:///workspace/repo/frontend/node_modules/@vitest/runner/dist/index.js:1243:20\n    at new Promise (<anonymous>)\n    at runWithTimeout (file:///workspace/repo/frontend/node_modules/@vitest/runner/dist/index.js:1209:10)"],"meta":{}},{"ancestorTitles":["FormWizard Component"],"fullName":"FormWizard Component does not render Back button on first step","status":"failed","title":"does not render Back button on first step","duration":1.044704000000138,"failureMessages":["TypeError: React.act is not a function\n    at exports.act (/workspace/repo/frontend/node_modules/react-dom/cjs/react-dom-test-utils.production.js:20:16)\n    at /workspace/repo/frontend/node_modules/@testing-library/react/dist/act-compat.js:46:25\n    at renderRoot (/workspace/repo/frontend/node_modules/@testing-library/react/dist/pure.js:189:26)\n    at render (/workspace/repo/frontend/node_modules/@testing-library/react/dist/pure.js:291:10)\n    at /workspace/repo/frontend/tests/FormWizard.test.tsx:77:5\n    at file:///workspace/repo/frontend/node_modules/@vitest/runner/dist/index.js:145:11\n    at file:///workspace/repo/frontend/node_modules/@vitest/runner/dist/index.js:915:26\n    at file:///workspace/repo/frontend/node_modules/@vitest/runner/dist/index.js:1243:20\n    at new Promise (<anonymous>)\n    at runWithTimeout (file:///workspace/repo/frontend/node_modules/@vitest/runner/dist/index.js:1209:10)","TypeError: React.act is not a function\n    at exports.act (/workspace/repo/frontend/node_modules/react-dom/cjs/react-dom-test-utils.production.js:20:16)\n    at /workspace/repo/frontend/node_modules/@testing-library/react/dist/act-compat.js:46:25\n    at /workspace/repo/frontend/node_modules/@testing-library/react/dist/pure.js:306:28\n    at Array.forEach (<anonymous>)\n    at cleanup (/workspace/repo/frontend/node_modules/@testing-library/react/dist/pure.js:302:22)\n    at /workspace/repo/frontend/vitest.setup.ts:9:3\n    at file:///workspace/repo/frontend/node_modules/@vitest/runner/dist/index.js:145:11\n    at file:///workspace/repo/frontend/node_modules/@vitest/runner/dist/index.js:1243:20\n    at new Promise (<anonymous>)\n    at runWithTimeout (file:///workspace/repo/frontend/node_modules/@vitest/runner/dist/index.js:1209:10)"],"meta":{}},{"ancestorTitles":["FormWizard Component"],"fullName":"FormWizard Component calls step validation before navigating to next","status":"failed","title":"calls step validation before navigating to next","duration":1.366636999999855,"failureMessages":["TypeError: React.act is not a function\n    at exports.act (/workspace/repo/frontend/node_modules/react-dom/cjs/react-dom-test-utils.production.js:20:16)\n    at /workspace/repo/frontend/node_modules/@testing-library/react/dist/act-compat.js:46:25\n    at renderRoot (/workspace/repo/frontend/node_modules/@testing-library/react/dist/pure.js:189:26)\n    at render (/workspace/repo/frontend/node_modules/@testing-library/react/dist/pure.js:291:10)\n    at /workspace/repo/frontend/tests/FormWizard.test.tsx:84:5\n    at file:///workspace/repo/frontend/node_modules/@vitest/runner/dist/index.js:145:11\n    at file:///workspace/repo/frontend/node_modules/@vitest/runner/dist/index.js:915:26\n    at file:///workspace/repo/frontend/node_modules/@vitest/runner/dist/index.js:1243:20\n    at new Promise (<anonymous>)\n    at runWithTimeout (file:///workspace/repo/frontend/node_modules/@vitest/runner/dist/index.js:1209:10)","TypeError: React.act is not a function\n    at exports.act (/workspace/repo/frontend/node_modules/react-dom/cjs/react-dom-test-utils.production.js:20:16)\n    at /workspace/repo/frontend/node_modules/@testing-library/react/dist/act-compat.js:46:25\n    at /workspace/repo/frontend/node_modules/@testing-library/react/dist/pure.js:306:28\n    at Array.forEach (<anonymous>)\n    at cleanup (/workspace/repo/frontend/node_modules/@testing-library/react/dist/pure.js:302:22)\n    at /workspace/repo/frontend/vitest.setup.ts:9:3\n    at file:///workspace/repo/frontend/node_modules/@vitest/runner/dist/index.js:145:11\n    at file:///workspace/repo/frontend/node_modules/@vitest/runner/dist/index.js:1243:20\n    at new Promise (<anonymous>)\n    at runWithTimeout (file:///workspace/repo/frontend/node_modules/@vitest/runner/dist/index.js:1209:10)"],"meta":{}},{"ancestorTitles":["FormWizard Component"],"fullName":"FormWizard Component allows navigation to next step after validation passes","status":"failed","title":"allows navigation to next step after validation passes","duration":1.018542000000025,"failureMessages":["TypeError: React.act is not a function\n    at exports.act (/workspace/repo/frontend/node_modules/react-dom/cjs/react-dom-test-utils.production.js:20:16)\n    at /workspace/repo/frontend/node_modules/@testing-library/react/dist/act-compat.js:46:25\n    at renderRoot (/workspace/repo/frontend/node_modules/@testing-library/react/dist/pure.js:189:26)\n    at render (/workspace/repo/frontend/node_modules/@testing-library/react/dist/pure.js:291:10)\n    at /workspace/repo/frontend/tests/FormWizard.test.tsx:99:5\n    at file:///workspace/repo/frontend/node_modules/@vitest/runner/dist/index.js:145:11\n    at file:///workspace/repo/frontend/node_modules/@vitest/runner/dist/index.js:915:26\n    at file:///workspace/repo/frontend/node_modules/@vitest/runner/dist/index.js:1243:20\n    at new Promise (<anonymous>)\n    at runWithTimeout (file:///workspace/repo/frontend/node_modules/@vitest/runner/dist/index.js:1209:10)","TypeError: React.act is not a function\n    at exports.act (/workspace/repo/frontend/node_modules/react-dom/cjs/react-dom-test-utils.production.js:20:16)\n    at /workspace/repo/frontend/node_modules/@testing-library/react/dist/act-compat.js:46:25\n    at /workspace/repo/frontend/node_modules/@testing-library/react/dist/pure.js:306:28\n    at Array.forEach (<anonymous>)\n    at cleanup (/workspace/repo/frontend/node_modules/@testing-library/react/dist/pure.js:302:22)\n    at /workspace/repo/frontend/vitest.setup.ts:9:3\n    at file:///workspace/repo/frontend/node_modules/@vitest/runner/dist/index.js:145:11\n    at file:///workspace/repo/frontend/node_modules/@vitest/runner/dist/index.js:1243:20\n    at new Promise (<anonymous>)\n    at runWithTimeout (file:///workspace/repo/frontend/node_modules/@vitest/runner/dist/index.js:1209:10)"],"meta":{}},{"ancestorTitles":["FormWizard Component"],"fullName":"FormWizard Component renders Save as Draft button when onSaveDraft is provided","status":"failed","title":"renders Save as Draft button when onSaveDraft is provided","duration":1.329234999999926,"failureMessages":["TypeError: React.act is not a function\n    at exports.act (/workspace/repo/frontend/node_modules/react-dom/cjs/react-dom-test-utils.production.js:20:16)\n    at /workspace/repo/frontend/node_modules/@testing-library/react/dist/act-compat.js:46:25\n    at renderRoot (/workspace/repo/frontend/node_modules/@testing-library/react/dist/pure.js:189:26)\n    at render (/workspace/repo/frontend/node_modules/@testing-library/react/dist/pure.js:291:10)\n    at /workspace/repo/frontend/tests/FormWizard.test.tsx:112:5\n    at file:///workspace/repo/frontend/node_modules/@vitest/runner/dist/index.js:145:11\n    at file:///workspace/repo/frontend/node_modules/@vitest/runner/dist/index.js:915:26\n    at file:///workspace/repo/frontend/node_modules/@vitest/runner/dist/index.js:1243:20\n    at new Promise (<anonymous>)\n    at runWithTimeout (file:///workspace/repo/frontend/node_modules/@vitest/runner/dist/index.js:1209:10)","TypeError: React.act is not a function\n    at exports.act (/workspace/repo/frontend/node_modules/react-dom/cjs/react-dom-test-utils.production.js:20:16)\n    at /workspace/repo/frontend/node_modules/@testing-library/react/dist/act-compat.js:46:25\n    at /workspace/repo/frontend/node_modules/@testing-library/react/dist/pure.js:306:28\n    at Array.forEach (<anonymous>)\n    at cleanup (/workspace/repo/frontend/node_modules/@testing-library/react/dist/pure.js:302:22)\n    at /workspace/repo/frontend/vitest.setup.ts:9:3\n    at file:///workspace/repo/frontend/node_modules/@vitest/runner/dist/index.js:145:11\n    at file:///workspace/repo/frontend/node_modules/@vitest/runner/dist/index.js:1243:20\n    at new Promise (<anonymous>)\n    at runWithTimeout (file:///workspace/repo/frontend/node_modules/@vitest/runner/dist/index.js:1209:10)"],"meta":{}},{"ancestorTitles":["FormWizard Component"],"fullName":"FormWizard Component does not render Save as Draft when onSaveDraft is not provided","status":"failed","title":"does not render Save as Draft when onSaveDraft is not provided","duration":0.9638480000000982,"failureMessages":["TypeError: React.act is not a function\n    at exports.act (/workspace/repo/frontend/node_modules/react-dom/cjs/react-dom-test-utils.production.js:20:16)\n    at /workspace/repo/frontend/node_modules/@testing-library/react/dist/act-compat.js:46:25\n    at renderRoot (/workspace/repo/frontend/node_modules/@testing-library/react/dist/pure.js:189:26)\n    at render (/workspace/repo/frontend/node_modules/@testing-library/react/dist/pure.js:291:10)\n    at /workspace/repo/frontend/tests/FormWizard.test.tsx:122:5\n    at file:///workspace/repo/frontend/node_modules/@vitest/runner/dist/index.js:145:11\n    at file:///workspace/repo/frontend/node_modules/@vitest/runner/dist/index.js:915:26\n    at file:///workspace/repo/frontend/node_modules/@vitest/runner/dist/index.js:1243:20\n    at new Promise (<anonymous>)\n    at runWithTimeout (file:///workspace/repo/frontend/node_modules/@vitest/runner/dist/index.js:1209:10)","TypeError: React.act is not a function\n    at exports.act (/workspace/repo/frontend/node_modules/react-dom/cjs/react-dom-test-utils.production.js:20:16)\n    at /workspace/repo/frontend/node_modules/@testing-library/react/dist/act-compat.js:46:25\n    at /workspace/repo/frontend/node_modules/@testing-library/react/dist/pure.js:306:28\n    at Array.forEach (<anonymous>)\n    at cleanup (/workspace/repo/frontend/node_modules/@testing-library/react/dist/pure.js:302:22)\n    at /workspace/repo/frontend/vitest.setup.ts:9:3\n    at file:///workspace/repo/frontend/node_modules/@vitest/runner/dist/index.js:145:11\n    at file:///workspace/repo/frontend/node_modules/@vitest/runner/dist/index.js:1243:20\n    at new Promise (<anonymous>)\n    at runWithTimeout (file:///workspace/repo/frontend/node_modules/@vitest/runner/dist/index.js:1209:10)"],"meta":{}},{"ancestorTitles":["FormWizard Component"],"fullName":"FormWizard Component shows last saved time when draft is saved","status":"failed","title":"shows last saved time when draft is saved","duration":1.079672999999957,"failureMessages":["TypeError: React.act is not a function\n    at exports.act (/workspace/repo/frontend/node_modules/react-dom/cjs/react-dom-test-utils.production.js:20:16)\n    at /workspace/repo/frontend/node_modules/@testing-library/react/dist/act-compat.js:46:25\n    at renderRoot (/workspace/repo/frontend/node_modules/@testing-library/react/dist/pure.js:189:26)\n    at render (/workspace/repo/frontend/node_modules/@testing-library/react/dist/pure.js:291:10)\n    at /workspace/repo/frontend/tests/FormWizard.test.tsx:131:5\n    at file:///workspace/repo/frontend/node_modules/@vitest/runner/dist/index.js:145:11\n    at file:///workspace/repo/frontend/node_modules/@vitest/runner/dist/index.js:915:26\n    at file:///workspace/repo/frontend/node_modules/@vitest/runner/dist/index.js:1243:20\n    at new Promise (<anonymous>)\n    at runWithTimeout (file:///workspace/repo/frontend/node_modules/@vitest/runner/dist/index.js:1209:10)","TypeError: React.act is not a function\n    at exports.act (/workspace/repo/frontend/node_modules/react-dom/cjs/react-dom-test-utils.production.js:20:16)\n    at /workspace/repo/frontend/node_modules/@testing-library/react/dist/act-compat.js:46:25\n    at /workspace/repo/frontend/node_modules/@testing-library/react/dist/pure.js:306:28\n    at Array.forEach (<anonymous>)\n    at cleanup (/workspace/repo/frontend/node_modules/@testing-library/react/dist/pure.js:302:22)\n    at /workspace/repo/frontend/vitest.setup.ts:9:3\n    at file:///workspace/repo/frontend/node_modules/@vitest/runner/dist/index.js:145:11\n    at file:///workspace/repo/frontend/node_modules/@vitest/runner/dist/index.js:1243:20\n    at new Promise (<anonymous>)\n    at runWithTimeout (file:///workspace/repo/frontend/node_modules/@vitest/runner/dist/index.js:1209:10)"],"meta":{}},{"ancestorTitles":["FormWizard Component"],"fullName":"FormWizard Component renders Submit button on last step","status":"failed","title":"renders Submit button on last step","duration":1.5842000000000098,"failureMessages":["TypeError: React.act is not a function\n    at exports.act (/workspace/repo/frontend/node_modules/react-dom/cjs/react-dom-test-utils.production.js:20:16)\n    at /workspace/repo/frontend/node_modules/@testing-library/react/dist/act-compat.js:46:25\n    at renderRoot (/workspace/repo/frontend/node_modules/@testing-library/react/dist/pure.js:189:26)\n    at render (/workspace/repo/frontend/node_modules/@testing-library/react/dist/pure.js:291:10)\n    at /workspace/repo/frontend/tests/FormWizard.test.tsx:142:5\n    at file:///workspace/repo/frontend/node_modules/@vitest/runner/dist/index.js:145:11\n    at file:///workspace/repo/frontend/node_modules/@vitest/runner/dist/index.js:915:26\n    at file:///workspace/repo/frontend/node_modules/@vitest/runner/dist/index.js:1243:20\n    at new Promise (<anonymous>)\n    at runWithTimeout (file:///workspace/repo/frontend/node_modules/@vitest/runner/dist/index.js:1209:10)","TypeError: React.act is not a function\n    at exports.act (/workspace/repo/frontend/node_modules/react-dom/cjs/react-dom-test-utils.production.js:20:16)\n    at /workspace/repo/frontend/node_modules/@testing-library/react/dist/act-compat.js:46:25\n    at /workspace/repo/frontend/node_modules/@testing-library/react/dist/pure.js:306:28\n    at Array.forEach (<anonymous>)\n    at cleanup (/workspace/repo/frontend/node_modules/@testing-library/react/dist/pure.js:302:22)\n    at /workspace/repo/frontend/vitest.setup.ts:9:3\n    at file:///workspace/repo/frontend/node_modules/@vitest/runner/dist/index.js:145:11\n    at file:///workspace/repo/frontend/node_modules/@vitest/runner/dist/index.js:1243:20\n    at new Promise (<anonymous>)\n    at runWithTimeout (file:///workspace/repo/frontend/node_modules/@vitest/runner/dist/index.js:1209:10)"],"meta":{}},{"ancestorTitles":["FormWizard Component"],"fullName":"FormWizard Component calls onSubmit when Submit button is clicked","status":"failed","title":"calls onSubmit when Submit button is clicked","duration":1.0822760000000926,"failureMessages":["TypeError: React.act is not a function\n    at exports.act (/workspace/repo/frontend/node_modules/react-dom/cjs/react-dom-test-utils.production.js:20:16)\n    at /workspace/repo/frontend/node_modules/@testing-library/react/dist/act-compat.js:46:25\n    at renderRoot (/workspace/repo/frontend/node_modules/@testing-library/react/dist/pure.js:189:26)\n    at render (/workspace/repo/frontend/node_modules/@testing-library/react/dist/pure.js:291:10)\n    at /workspace/repo/frontend/tests/FormWizard.test.tsx:154:5\n    at file:///workspace/repo/frontend/node_modules/@vitest/runner/dist/index.js:145:11\n    at file:///workspace/repo/frontend/node_modules/@vitest/runner/dist/index.js:915:26\n    at file:///workspace/repo/frontend/node_modules/@vitest/runner/dist/index.js:1243:20\n    at new Promise (<anonymous>)\n    at runWithTimeout (file:///workspace/repo/frontend/node_modules/@vitest/runner/dist/index.js:1209:10)","TypeError: React.act is not a function\n    at exports.act (/workspace/repo/frontend/node_modules/react-dom/cjs/react-dom-test-utils.production.js:20:16)\n    at /workspace/repo/frontend/node_modules/@testing-library/react/dist/act-compat.js:46:25\n    at /workspace/repo/frontend/node_modules/@testing-library/react/dist/pure.js:306:28\n    at Array.forEach (<anonymous>)\n    at cleanup (/workspace/repo/frontend/node_modules/@testing-library/react/dist/pure.js:302:22)\n    at /workspace/repo/frontend/vitest.setup.ts:9:3\n    at file:///workspace/repo/frontend/node_modules/@vitest/runner/dist/index.js:145:11\n    at file:///workspace/repo/frontend/node_modules/@vitest/runner/dist/index.js:1243:20\n    at new Promise (<anonymous>)\n    at runWithTimeout (file:///workspace/repo/frontend/node_modules/@vitest/runner/dist/index.js:1209:10)"],"meta":{}},{"ancestorTitles":["FormWizard Component"],"fullName":"FormWizard Component disables Next button when step is invalid","status":"failed","title":"disables Next button when step is invalid","duration":1.0085429999999178,"failureMessages":["TypeError: React.act is not a function\n    at exports.act (/workspace/repo/frontend/node_modules/react-dom/cjs/react-dom-test-utils.production.js:20:16)\n    at /workspace/repo/frontend/node_modules/@testing-library/react/dist/act-compat.js:46:25\n    at renderRoot (/workspace/repo/frontend/node_modules/@testing-library/react/dist/pure.js:189:26)\n    at render (/workspace/repo/frontend/node_modules/@testing-library/react/dist/pure.js:291:10)\n    at /workspace/repo/frontend/tests/FormWizard.test.tsx:165:5\n    at file:///workspace/repo/frontend/node_modules/@vitest/runner/dist/index.js:145:11\n    at file:///workspace/repo/frontend/node_modules/@vitest/runner/dist/index.js:915:26\n    at file:///workspace/repo/frontend/node_modules/@vitest/runner/dist/index.js:1243:20\n    at new Promise (<anonymous>)\n    at runWithTimeout (file:///workspace/repo/frontend/node_modules/@vitest/runner/dist/index.js:1209:10)","TypeError: React.act is not a function\n    at exports.act (/workspace/repo/frontend/node_modules/react-dom/cjs/react-dom-test-utils.production.js:20:16)\n    at /workspace/repo/frontend/node_modules/@testing-library/react/dist/act-compat.js:46:25\n    at /workspace/repo/frontend/node_modules/@testing-library/react/dist/pure.js:306:28\n    at Array.forEach (<anonymous>)\n    at cleanup (/workspace/repo/frontend/node_modules/@testing-library/react/dist/pure.js:302:22)\n    at /workspace/repo/frontend/vitest.setup.ts:9:3\n    at file:///workspace/repo/frontend/node_modules/@vitest/runner/dist/index.js:145:11\n    at file:///workspace/repo/frontend/node_modules/@vitest/runner/dist/index.js:1243:20\n    at new Promise (<anonymous>)\n    at runWithTimeout (file:///workspace/repo/frontend/node_modules/@vitest/runner/dist/index.js:1209:10)"],"meta":{}},{"ancestorTitles":["FormWizard Component"],"fullName":"FormWizard Component enables Next button when step is valid","status":"failed","title":"enables Next button when step is valid","duration":0.8765079999998306,"failureMessages":["TypeError: React.act is not a function\n    at exports.act (/workspace/repo/frontend/node_modules/react-dom/cjs/react-dom-test-utils.production.js:20:16)\n    at /workspace/repo/frontend/node_modules/@testing-library/react/dist/act-compat.js:46:25\n    at renderRoot (/workspace/repo/frontend/node_modules/@testing-library/react/dist/pure.js:189:26)\n    at render (/workspace/repo/frontend/node_modules/@testing-library/react/dist/pure.js:291:10)\n    at /workspace/repo/frontend/tests/FormWizard.test.tsx:177:5\n    at file:///workspace/repo/frontend/node_modules/@vitest/runner/dist/index.js:145:11\n    at file:///workspace/repo/frontend/node_modules/@vitest/runner/dist/index.js:915:26\n    at file:///workspace/repo/frontend/node_modules/@vitest/runner/dist/index.js:1243:20\n    at new Promise (<anonymous>)\n    at runWithTimeout (file:///workspace/repo/frontend/node_modules/@vitest/runner/dist/index.js:1209:10)","TypeError: React.act is not a function\n    at exports.act (/workspace/repo/frontend/node_modules/react-dom/cjs/react-dom-test-utils.production.js:20:16)\n    at /workspace/repo/frontend/node_modules/@testing-library/react/dist/act-compat.js:46:25\n    at /workspace/repo/frontend/node_modules/@testing-library/react/dist/pure.js:306:28\n    at Array.forEach (<anonymous>)\n    at cleanup (/workspace/repo/frontend/node_modules/@testing-library/react/dist/pure.js:302:22)\n    at /workspace/repo/frontend/vitest.setup.ts:9:3\n    at file:///workspace/repo/frontend/node_modules/@vitest/runner/dist/index.js:145:11\n    at file:///workspace/repo/frontend/node_modules/@vitest/runner/dist/index.js:1243:20\n    at new Promise (<anonymous>)\n    at runWithTimeout (file:///workspace/repo/frontend/node_modules/@vitest/runner/dist/index.js:1209:10)"],"meta":{}},{"ancestorTitles":["FormWizard Component"],"fullName":"FormWizard Component loads initial data correctly","status":"failed","title":"loads initial data correctly","duration":0.9069469999999455,"failureMessages":["TypeError: React.act is not a function\n    at exports.act (/workspace/repo/frontend/node_modules/react-dom/cjs/react-dom-test-utils.production.js:20:16)\n    at /workspace/repo/frontend/node_modules/@testing-library/react/dist/act-compat.js:46:25\n    at renderRoot (/workspace/repo/frontend/node_modules/@testing-library/react/dist/pure.js:189:26)\n    at render (/workspace/repo/frontend/node_modules/@testing-library/react/dist/pure.js:291:10)\n    at /workspace/repo/frontend/tests/FormWizard.test.tsx:189:5\n    at file:///workspace/repo/frontend/node_modules/@vitest/runner/dist/index.js:145:11\n    at file:///workspace/repo/frontend/node_modules/@vitest/runner/dist/index.js:915:26\n    at file:///workspace/repo/frontend/node_modules/@vitest/runner/dist/index.js:1243:20\n    at new Promise (<anonymous>)\n    at runWithTimeout (file:///workspace/repo/frontend/node_modules/@vitest/runner/dist/index.js:1209:10)","TypeError: React.act is not a function\n    at exports.act (/workspace/repo/frontend/node_modules/react-dom/cjs/react-dom-test-utils.production.js:20:16)\n    at /workspace/repo/frontend/node_modules/@testing-library/react/dist/act-compat.js:46:25\n    at /workspace/repo/frontend/node_modules/@testing-library/react/dist/pure.js:306:28\n    at Array.forEach (<anonymous>)\n    at cleanup (/workspace/repo/frontend/node_modules/@testing-library/react/dist/pure.js:302:22)\n    at /workspace/repo/frontend/vitest.setup.ts:9:3\n    at file:///workspace/repo/frontend/node_modules/@vitest/runner/dist/index.js:145:11\n    at file:///workspace/repo/frontend/node_modules/@vitest/runner/dist/index.js:1243:20\n    at new Promise (<anonymous>)\n    at runWithTimeout (file:///workspace/repo/frontend/node_modules/@vitest/runner/dist/index.js:1209:10)"],"meta":{}},{"ancestorTitles":["FormWizard Component"],"fullName":"FormWizard Component handles step click from stepper","status":"failed","title":"handles step click from stepper","duration":8.792903000000024,"failureMessages":["TypeError: React.act is not a function\n    at exports.act (/workspace/repo/frontend/node_modules/react-dom/cjs/react-dom-test-utils.production.js:20:16)\n    at /workspace/repo/frontend/node_modules/@testing-library/react/dist/act-compat.js:46:25\n    at renderRoot (/workspace/repo/frontend/node_modules/@testing-library/react/dist/pure.js:189:26)\n    at render (/workspace/repo/frontend/node_modules/@testing-library/react/dist/pure.js:291:10)\n    at /workspace/repo/frontend/tests/FormWizard.test.tsx:199:5\n    at file:///workspace/repo/frontend/node_modules/@vitest/runner/dist/index.js:145:11\n    at file:///workspace/repo/frontend/node_modules/@vitest/runner/dist/index.js:915:26\n    at file:///workspace/repo/frontend/node_modules/@vitest/runner/dist/index.js:1243:20\n    at new Promise (<anonymous>)\n    at runWithTimeout (file:///workspace/repo/frontend/node_modules/@vitest/runner/dist/index.js:1209:10)","TypeError: React.act is not a function\n    at exports.act (/workspace/repo/frontend/node_modules/react-dom/cjs/react-dom-test-utils.production.js:20:16)\n    at /workspace/repo/frontend/node_modules/@testing-library/react/dist/act-compat.js:46:25\n    at /workspace/repo/frontend/node_modules/@testing-library/react/dist/pure.js:306:28\n    at Array.forEach (<anonymous>)\n    at cleanup (/workspace/repo/frontend/node_modules/@testing-library/react/dist/pure.js:302:22)\n    at /workspace/repo/frontend/vitest.setup.ts:9:3\n    at file:///workspace/repo/frontend/node_modules/@vitest/runner/dist/index.js:145:11\n    at file:///workspace/repo/frontend/node_modules/@vitest/runner/dist/index.js:1243:20\n    at new Promise (<anonymous>)\n    at runWithTimeout (file:///workspace/repo/frontend/node_modules/@vitest/runner/dist/index.js:1209:10)"],"meta":{}},{"ancestorTitles":["FormWizard Component"],"fullName":"FormWizard Component shows loading state in Save as Draft button when saving","status":"failed","title":"shows loading state in Save as Draft button when saving","duration":0.9332180000001244,"failureMessages":["TypeError: React.act is not a function\n    at exports.act (/workspace/repo/frontend/node_modules/react-dom/cjs/react-dom-test-utils.production.js:20:16)\n    at /workspace/repo/frontend/node_modules/@testing-library/react/dist/act-compat.js:46:25\n    at renderRoot (/workspace/repo/frontend/node_modules/@testing-library/react/dist/pure.js:189:26)\n    at render (/workspace/repo/frontend/node_modules/@testing-library/react/dist/pure.js:291:10)\n    at /workspace/repo/frontend/tests/FormWizard.test.tsx:213:5\n    at file:///workspace/repo/frontend/node_modules/@vitest/runner/dist/index.js:145:11\n    at file:///workspace/repo/frontend/node_modules/@vitest/runner/dist/index.js:915:26\n    at file:///workspace/repo/frontend/node_modules/@vitest/runner/dist/index.js:1243:20\n    at new Promise (<anonymous>)\n    at runWithTimeout (file:///workspace/repo/frontend/node_modules/@vitest/runner/dist/index.js:1209:10)","TypeError: React.act is not a function\n    at exports.act (/workspace/repo/frontend/node_modules/react-dom/cjs/react-dom-test-utils.production.js:20:16)\n    at /workspace/repo/frontend/node_modules/@testing-library/react/dist/act-compat.js:46:25\n    at /workspace/repo/frontend/node_modules/@testing-library/react/dist/pure.js:306:28\n    at Array.forEach (<anonymous>)\n    at cleanup (/workspace/repo/frontend/node_modules/@testing-library/react/dist/pure.js:302:22)\n    at /workspace/repo/frontend/vitest.setup.ts:9:3\n    at file:///workspace/repo/frontend/node_modules/@vitest/runner/dist/index.js:145:11\n    at file:///workspace/repo/frontend/node_modules/@vitest/runner/dist/index.js:1243:20\n    at new Promise (<anonymous>)\n    at runWithTimeout (file:///workspace/repo/frontend/node_modules/@vitest/runner/dist/index.js:1209:10)"],"meta":{}},{"ancestorTitles":["FormWizard Component"],"fullName":"FormWizard Component shows loading state in Submit button when submitting","status":"failed","title":"shows loading state in Submit button when submitting","duration":0.7926159999999527,"failureMessages":["TypeError: React.act is not a function\n    at exports.act (/workspace/repo/frontend/node_modules/react-dom/cjs/react-dom-test-utils.production.js:20:16)\n    at /workspace/repo/frontend/node_modules/@testing-library/react/dist/act-compat.js:46:25\n    at renderRoot (/workspace/repo/frontend/node_modules/@testing-library/react/dist/pure.js:189:26)\n    at render (/workspace/repo/frontend/node_modules/@testing-library/react/dist/pure.js:291:10)\n    at /workspace/repo/frontend/tests/FormWizard.test.tsx:226:5\n    at file:///workspace/repo/frontend/node_modules/@vitest/runner/dist/index.js:145:11\n    at file:///workspace/repo/frontend/node_modules/@vitest/runner/dist/index.js:915:26\n    at file:///workspace/repo/frontend/node_modules/@vitest/runner/dist/index.js:1243:20\n    at new Promise (<anonymous>)\n    at runWithTimeout (file:///workspace/repo/frontend/node_modules/@vitest/runner/dist/index.js:1209:10)","TypeError: React.act is not a function\n    at exports.act (/workspace/repo/frontend/node_modules/react-dom/cjs/react-dom-test-utils.production.js:20:16)\n    at /workspace/repo/frontend/node_modules/@testing-library/react/dist/act-compat.js:46:25\n    at /workspace/repo/frontend/node_modules/@testing-library/react/dist/pure.js:306:28\n    at Array.forEach (<anonymous>)\n    at cleanup (/workspace/repo/frontend/node_modules/@testing-library/react/dist/pure.js:302:22)\n    at /workspace/repo/frontend/vitest.setup.ts:9:3\n    at file:///workspace/repo/frontend/node_modules/@vitest/runner/dist/index.js:145:11\n    at file:///workspace/repo/frontend/node_modules/@vitest/runner/dist/index.js:1243:20\n    at new Promise (<anonymous>)\n    at runWithTimeout (file:///workspace/repo/frontend/node_modules/@vitest/runner/dist/index.js:1209:10)"],"meta":{}},{"ancestorTitles":["FormWizard Component"],"fullName":"FormWizard Component disables navigation while submitting","status":"failed","title":"disables navigation while submitting","duration":0.8449570000000222,"failureMessages":["TypeError: React.act is not a function\n    at exports.act (/workspace/repo/frontend/node_modules/react-dom/cjs/react-dom-test-utils.production.js:20:16)\n    at /workspace/repo/frontend/node_modules/@testing-library/react/dist/act-compat.js:46:25\n    at renderRoot (/workspace/repo/frontend/node_modules/@testing-library/react/dist/pure.js:189:26)\n    at render (/workspace/repo/frontend/node_modules/@testing-library/react/dist/pure.js:291:10)\n    at /workspace/repo/frontend/tests/FormWizard.test.tsx:239:5\n    at file:///workspace/repo/frontend/node_modules/@vitest/runner/dist/index.js:145:11\n    at file:///workspace/repo/frontend/node_modules/@vitest/runner/dist/index.js:915:26\n    at file:///workspace/repo/frontend/node_modules/@vitest/runner/dist/index.js:1243:20\n    at new Promise (<anonymous>)\n    at runWithTimeout (file:///workspace/repo/frontend/node_modules/@vitest/runner/dist/index.js:1209:10)","TypeError: React.act is not a function\n    at exports.act (/workspace/repo/frontend/node_modules/react-dom/cjs/react-dom-test-utils.production.js:20:16)\n    at /workspace/repo/frontend/node_modules/@testing-library/react/dist/act-compat.js:46:25\n    at /workspace/repo/frontend/node_modules/@testing-library/react/dist/pure.js:306:28\n    at Array.forEach (<anonymous>)\n    at cleanup (/workspace/repo/frontend/node_modules/@testing-library/react/dist/pure.js:302:22)\n    at /workspace/repo/frontend/vitest.setup.ts:9:3\n    at file:///workspace/repo/frontend/node_modules/@vitest/runner/dist/index.js:145:11\n    at file:///workspace/repo/frontend/node_modules/@vitest/runner/dist/index.js:1243:20\n    at new Promise (<anonymous>)\n    at runWithTimeout (file:///workspace/repo/frontend/node_modules/@vitest/runner/dist/index.js:1209:10)"],"meta":{}},{"ancestorTitles":["FormWizard Component"],"fullName":"FormWizard Component handles save draft errors gracefully","status":"failed","title":"handles save draft errors gracefully","duration":0.7255350000000362,"failureMessages":["TypeError: React.act is not a function\n    at exports.act (/workspace/repo/frontend/node_modules/react-dom/cjs/react-dom-test-utils.production.js:20:16)\n    at /workspace/repo/frontend/node_modules/@testing-library/react/dist/act-compat.js:46:25\n    at renderRoot (/workspace/repo/frontend/node_modules/@testing-library/react/dist/pure.js:189:26)\n    at render (/workspace/repo/frontend/node_modules/@testing-library/react/dist/pure.js:291:10)\n    at /workspace/repo/frontend/tests/FormWizard.test.tsx:253:5\n    at file:///workspace/repo/frontend/node_modules/@vitest/runner/dist/index.js:145:11\n    at file:///workspace/repo/frontend/node_modules/@vitest/runner/dist/index.js:915:26\n    at file:///workspace/repo/frontend/node_modules/@vitest/runner/dist/index.js:1243:20\n    at new Promise (<anonymous>)\n    at runWithTimeout (file:///workspace/repo/frontend/node_modules/@vitest/runner/dist/index.js:1209:10)","TypeError: React.act is not a function\n    at exports.act (/workspace/repo/frontend/node_modules/react-dom/cjs/react-dom-test-utils.production.js:20:16)\n    at /workspace/repo/frontend/node_modules/@testing-library/react/dist/act-compat.js:46:25\n    at /workspace/repo/frontend/node_modules/@testing-library/react/dist/pure.js:306:28\n    at Array.forEach (<anonymous>)\n    at cleanup (/workspace/repo/frontend/node_modules/@testing-library/react/dist/pure.js:302:22)\n    at /workspace/repo/frontend/vitest.setup.ts:9:3\n    at file:///workspace/repo/frontend/node_modules/@vitest/runner/dist/index.js:145:11\n    at file:///workspace/repo/frontend/node_modules/@vitest/runner/dist/index.js:1243:20\n    at new Promise (<anonymous>)\n    at runWithTimeout (file:///workspace/repo/frontend/node_modules/@vitest/runner/dist/index.js:1209:10)"],"meta":{}},{"ancestorTitles":["FormWizard Component"],"fullName":"FormWizard Component handles submit errors gracefully","status":"failed","title":"handles submit errors gracefully","duration":0.7149249999999938,"failureMessages":["TypeError: React.act is not a function\n    at exports.act (/workspace/repo/frontend/node_modules/react-dom/cjs/react-dom-test-utils.production.js:20:16)\n    at /workspace/repo/frontend/node_modules/@testing-library/react/dist/act-compat.js:46:25\n    at renderRoot (/workspace/repo/frontend/node_modules/@testing-library/react/dist/pure.js:189:26)\n    at render (/workspace/repo/frontend/node_modules/@testing-library/react/dist/pure.js:291:10)\n    at /workspace/repo/frontend/tests/FormWizard.test.tsx:267:5\n    at file:///workspace/repo/frontend/node_modules/@vitest/runner/dist/index.js:145:11\n    at file:///workspace/repo/frontend/node_modules/@vitest/runner/dist/index.js:915:26\n    at file:///workspace/repo/frontend/node_modules/@vitest/runner/dist/index.js:1243:20\n    at new Promise (<anonymous>)\n    at runWithTimeout (file:///workspace/repo/frontend/node_modules/@vitest/runner/dist/index.js:1209:10)","TypeError: React.act is not a function\n    at exports.act (/workspace/repo/frontend/node_modules/react-dom/cjs/react-dom-test-utils.production.js:20:16)\n    at /workspace/repo/frontend/node_modules/@testing-library/react/dist/act-compat.js:46:25\n    at /workspace/repo/frontend/node_modules/@testing-library/react/dist/pure.js:306:28\n    at Array.forEach (<anonymous>)\n    at cleanup (/workspace/repo/frontend/node_modules/@testing-library/react/dist/pure.js:302:22)\n    at /workspace/repo/frontend/vitest.setup.ts:9:3\n    at file:///workspace/repo/frontend/node_modules/@vitest/runner/dist/index.js:145:11\n    at file:///workspace/repo/frontend/node_modules/@vitest/runner/dist/index.js:1243:20\n    at new Promise (<anonymous>)\n    at runWithTimeout (file:///workspace/repo/frontend/node_modules/@vitest/runner/dist/index.js:1209:10)"],"meta":{}}],"startTime":1766767636404,"endTime":1766767636438.7148,"status":"failed","message":"","name":"/workspace/repo/frontend/tests/FormWizard.test.tsx"},{"assertionResults":[{"ancestorTitles":["Stepper Component"],"fullName":"Stepper Component renders all steps","status":"failed","title":"renders all steps","duration":6.227673999999979,"failureMessages":["TypeError: React.act is not a function\n    at exports.act (/workspace/repo/frontend/node_modules/react-dom/cjs/react-dom-test-utils.production.js:20:16)\n    at /workspace/repo/frontend/node_modules/@testing-library/react/dist/act-compat.js:46:25\n    at renderRoot (/workspace/repo/frontend/node_modules/@testing-library/react/dist/pure.js:189:26)\n    at render (/workspace/repo/frontend/node_modules/@testing-library/react/dist/pure.js:291:10)\n    at /workspace/repo/frontend/tests/Stepper.test.tsx:17:5\n    at file:///workspace/repo/frontend/node_modules/@vitest/runner/dist/index.js:145:11\n    at file:///workspace/repo/frontend/node_modules/@vitest/runner/dist/index.js:915:26\n    at file:///workspace/repo/frontend/node_modules/@vitest/runner/dist/index.js:1243:20\n    at new Promise (<anonymous>)\n    at runWithTimeout (file:///workspace/repo/frontend/node_modules/@vitest/runner/dist/index.js:1209:10)","TypeError: React.act is not a function\n    at exports.act (/workspace/repo/frontend/node_modules/react-dom/cjs/react-dom-test-utils.production.js:20:16)\n    at /workspace/repo/frontend/node_modules/@testing-library/react/dist/act-compat.js:46:25\n    at /workspace/repo/frontend/node_modules/@testing-library/react/dist/pure.js:306:28\n    at Array.forEach (<anonymous>)\n    at cleanup (/workspace/repo/frontend/node_modules/@testing-library/react/dist/pure.js:302:22)\n    at /workspace/repo/frontend/vitest.setup.ts:9:3\n    at file:///workspace/repo/frontend/node_modules/@vitest/runner/dist/index.js:145:11\n    at file:///workspace/repo/frontend/node_modules/@vitest/runner/dist/index.js:1243:20\n    at new Promise (<anonymous>)\n    at runWithTimeout (file:///workspace/repo/frontend/node_modules/@vitest/runner/dist/index.js:1209:10)"],"meta":{}},{"ancestorTitles":["Stepper Component"],"fullName":"Stepper Component shows correct status indicators for each step","status":"failed","title":"shows correct status indicators for each step","duration":1.120279999999866,"failureMessages":["TypeError: React.act is not a function\n    at exports.act (/workspace/repo/frontend/node_modules/react-dom/cjs/react-dom-test-utils.production.js:20:16)\n    at /workspace/repo/frontend/node_modules/@testing-library/react/dist/act-compat.js:46:25\n    at renderRoot (/workspace/repo/frontend/node_modules/@testing-library/react/dist/pure.js:189:26)\n    at render (/workspace/repo/frontend/node_modules/@testing-library/react/dist/pure.js:291:10)\n    at /workspace/repo/frontend/tests/Stepper.test.tsx:26:5\n    at file:///workspace/repo/frontend/node_modules/@vitest/runner/dist/index.js:145:11\n    at file:///workspace/repo/frontend/node_modules/@vitest/runner/dist/index.js:915:26\n    at file:///workspace/repo/frontend/node_modules/@vitest/runner/dist/index.js:1243:20\n    at new Promise (<anonymous>)\n    at runWithTimeout (file:///workspace/repo/frontend/node_modules/@vitest/runner/dist/index.js:1209:10)","TypeError: React.act is not a function\n    at exports.act (/workspace/repo/frontend/node_modules/react-dom/cjs/react-dom-test-utils.production.js:20:16)\n    at /workspace/repo/frontend/node_modules/@testing-library/react/dist/act-compat.js:46:25\n    at /workspace/repo/frontend/node_modules/@testing-library/react/dist/pure.js:306:28\n    at Array.forEach (<anonymous>)\n    at cleanup (/workspace/repo/frontend/node_modules/@testing-library/react/dist/pure.js:302:22)\n    at /workspace/repo/frontend/vitest.setup.ts:9:3\n    at file:///workspace/repo/frontend/node_modules/@vitest/runner/dist/index.js:145:11\n    at file:///workspace/repo/frontend/node_modules/@vitest/runner/dist/index.js:1243:20\n    at new Promise (<anonymous>)\n    at runWithTimeout (file:///workspace/repo/frontend/node_modules/@vitest/runner/dist/index.js:1209:10)"],"meta":{}},{"ancestorTitles":["Stepper Component"],"fullName":"Stepper Component renders horizontal orientation by default","status":"failed","title":"renders horizontal orientation by default","duration":0.9979530000000523,"failureMessages":["TypeError: React.act is not a function\n    at exports.act (/workspace/repo/frontend/node_modules/react-dom/cjs/react-dom-test-utils.production.js:20:16)\n    at /workspace/repo/frontend/node_modules/@testing-library/react/dist/act-compat.js:46:25\n    at renderRoot (/workspace/repo/frontend/node_modules/@testing-library/react/dist/pure.js:189:26)\n    at render (/workspace/repo/frontend/node_modules/@testing-library/react/dist/pure.js:291:10)\n    at /workspace/repo/frontend/tests/Stepper.test.tsx:42:5\n    at file:///workspace/repo/frontend/node_modules/@vitest/runner/dist/index.js:145:11\n    at file:///workspace/repo/frontend/node_modules/@vitest/runner/dist/index.js:915:26\n    at file:///workspace/repo/frontend/node_modules/@vitest/runner/dist/index.js:1243:20\n    at new Promise (<anonymous>)\n    at runWithTimeout (file:///workspace/repo/frontend/node_modules/@vitest/runner/dist/index.js:1209:10)","TypeError: React.act is not a function\n    at exports.act (/workspace/repo/frontend/node_modules/react-dom/cjs/react-dom-test-utils.production.js:20:16)\n    at /workspace/repo/frontend/node_modules/@testing-library/react/dist/act-compat.js:46:25\n    at /workspace/repo/frontend/node_modules/@testing-library/react/dist/pure.js:306:28\n    at Array.forEach (<anonymous>)\n    at cleanup (/workspace/repo/frontend/node_modules/@testing-library/react/dist/pure.js:302:22)\n    at /workspace/repo/frontend/vitest.setup.ts:9:3\n    at file:///workspace/repo/frontend/node_modules/@vitest/runner/dist/index.js:145:11\n    at file:///workspace/repo/frontend/node_modules/@vitest/runner/dist/index.js:1243:20\n    at new Promise (<anonymous>)\n    at runWithTimeout (file:///workspace/repo/frontend/node_modules/@vitest/runner/dist/index.js:1209:10)"],"meta":{}},{"ancestorTitles":["Stepper Component"],"fullName":"Stepper Component renders vertical orientation when specified","status":"failed","title":"renders vertical orientation when specified","duration":1.0445040000001882,"failureMessages":["TypeError: React.act is not a function\n    at exports.act (/workspace/repo/frontend/node_modules/react-dom/cjs/react-dom-test-utils.production.js:20:16)\n    at /workspace/repo/frontend/node_modules/@testing-library/react/dist/act-compat.js:46:25\n    at renderRoot (/workspace/repo/frontend/node_modules/@testing-library/react/dist/pure.js:189:26)\n    at render (/workspace/repo/frontend/node_modules/@testing-library/react/dist/pure.js:291:10)\n    at /workspace/repo/frontend/tests/Stepper.test.tsx:50:5\n    at file:///workspace/repo/frontend/node_modules/@vitest/runner/dist/index.js:145:11\n    at file:///workspace/repo/frontend/node_modules/@vitest/runner/dist/index.js:915:26\n    at file:///workspace/repo/frontend/node_modules/@vitest/runner/dist/index.js:1243:20\n    at new Promise (<anonymous>)\n    at runWithTimeout (file:///workspace/repo/frontend/node_modules/@vitest/runner/dist/index.js:1209:10)","TypeError: React.act is not a function\n    at exports.act (/workspace/repo/frontend/node_modules/react-dom/cjs/react-dom-test-utils.production.js:20:16)\n    at /workspace/repo/frontend/node_modules/@testing-library/react/dist/act-compat.js:46:25\n    at /workspace/repo/frontend/node_modules/@testing-library/react/dist/pure.js:306:28\n    at Array.forEach (<anonymous>)\n    at cleanup (/workspace/repo/frontend/node_modules/@testing-library/react/dist/pure.js:302:22)\n    at /workspace/repo/frontend/vitest.setup.ts:9:3\n    at file:///workspace/repo/frontend/node_modules/@vitest/runner/dist/index.js:145:11\n    at file:///workspace/repo/frontend/node_modules/@vitest/runner/dist/index.js:1243:20\n    at new Promise (<anonymous>)\n    at runWithTimeout (file:///workspace/repo/frontend/node_modules/@vitest/runner/dist/index.js:1209:10)"],"meta":{}},{"ancestorTitles":["Stepper Component"],"fullName":"Stepper Component calls onStepClick when clicking a completed step","status":"failed","title":"calls onStepClick when clicking a completed step","duration":1.6032149999998637,"failureMessages":["TypeError: React.act is not a function\n    at exports.act (/workspace/repo/frontend/node_modules/react-dom/cjs/react-dom-test-utils.production.js:20:16)\n    at /workspace/repo/frontend/node_modules/@testing-library/react/dist/act-compat.js:46:25\n    at renderRoot (/workspace/repo/frontend/node_modules/@testing-library/react/dist/pure.js:189:26)\n    at render (/workspace/repo/frontend/node_modules/@testing-library/react/dist/pure.js:291:10)\n    at /workspace/repo/frontend/tests/Stepper.test.tsx:59:5\n    at file:///workspace/repo/frontend/node_modules/@vitest/runner/dist/index.js:145:11\n    at file:///workspace/repo/frontend/node_modules/@vitest/runner/dist/index.js:915:26\n    at file:///workspace/repo/frontend/node_modules/@vitest/runner/dist/index.js:1243:20\n    at new Promise (<anonymous>)\n    at runWithTimeout (file:///workspace/repo/frontend/node_modules/@vitest/runner/dist/index.js:1209:10)","TypeError: React.act is not a function\n    at exports.act (/workspace/repo/frontend/node_modules/react-dom/cjs/react-dom-test-utils.production.js:20:16)\n    at /workspace/repo/frontend/node_modules/@testing-library/react/dist/act-compat.js:46:25\n    at /workspace/repo/frontend/node_modules/@testing-library/react/dist/pure.js:306:28\n    at Array.forEach (<anonymous>)\n    at cleanup (/workspace/repo/frontend/node_modules/@testing-library/react/dist/pure.js:302:22)\n    at /workspace/repo/frontend/vitest.setup.ts:9:3\n    at file:///workspace/repo/frontend/node_modules/@vitest/runner/dist/index.js:145:11\n    at file:///workspace/repo/frontend/node_modules/@vitest/runner/dist/index.js:1243:20\n    at new Promise (<anonymous>)\n    at runWithTimeout (file:///workspace/repo/frontend/node_modules/@vitest/runner/dist/index.js:1209:10)"],"meta":{}},{"ancestorTitles":["Stepper Component"],"fullName":"Stepper Component calls onStepClick when clicking an earlier step","status":"failed","title":"calls onStepClick when clicking an earlier step","duration":1.0108480000001236,"failureMessages":["TypeError: React.act is not a function\n    at exports.act (/workspace/repo/frontend/node_modules/react-dom/cjs/react-dom-test-utils.production.js:20:16)\n    at /workspace/repo/frontend/node_modules/@testing-library/react/dist/act-compat.js:46:25\n    at renderRoot (/workspace/repo/frontend/node_modules/@testing-library/react/dist/pure.js:189:26)\n    at render (/workspace/repo/frontend/node_modules/@testing-library/react/dist/pure.js:291:10)\n    at /workspace/repo/frontend/tests/Stepper.test.tsx:68:5\n    at file:///workspace/repo/frontend/node_modules/@vitest/runner/dist/index.js:145:11\n    at file:///workspace/repo/frontend/node_modules/@vitest/runner/dist/index.js:915:26\n    at file:///workspace/repo/frontend/node_modules/@vitest/runner/dist/index.js:1243:20\n    at new Promise (<anonymous>)\n    at runWithTimeout (file:///workspace/repo/frontend/node_modules/@vitest/runner/dist/index.js:1209:10)","TypeError: React.act is not a function\n    at exports.act (/workspace/repo/frontend/node_modules/react-dom/cjs/react-dom-test-utils.production.js:20:16)\n    at /workspace/repo/frontend/node_modules/@testing-library/react/dist/act-compat.js:46:25\n    at /workspace/repo/frontend/node_modules/@testing-library/react/dist/pure.js:306:28\n    at Array.forEach (<anonymous>)\n    at cleanup (/workspace/repo/frontend/node_modules/@testing-library/react/dist/pure.js:302:22)\n    at /workspace/repo/frontend/vitest.setup.ts:9:3\n    at file:///workspace/repo/frontend/node_modules/@vitest/runner/dist/index.js:145:11\n    at file:///workspace/repo/frontend/node_modules/@vitest/runner/dist/index.js:1243:20\n    at new Promise (<anonymous>)\n    at runWithTimeout (file:///workspace/repo/frontend/node_modules/@vitest/runner/dist/index.js:1209:10)"],"meta":{}},{"ancestorTitles":["Stepper Component"],"fullName":"Stepper Component does not call onStepClick when clicking a future step","status":"failed","title":"does not call onStepClick when clicking a future step","duration":0.9378070000000207,"failureMessages":["TypeError: React.act is not a function\n    at exports.act (/workspace/repo/frontend/node_modules/react-dom/cjs/react-dom-test-utils.production.js:20:16)\n    at /workspace/repo/frontend/node_modules/@testing-library/react/dist/act-compat.js:46:25\n    at renderRoot (/workspace/repo/frontend/node_modules/@testing-library/react/dist/pure.js:189:26)\n    at render (/workspace/repo/frontend/node_modules/@testing-library/react/dist/pure.js:291:10)\n    at /workspace/repo/frontend/tests/Stepper.test.tsx:77:5\n    at file:///workspace/repo/frontend/node_modules/@vitest/runner/dist/index.js:145:11\n    at file:///workspace/repo/frontend/node_modules/@vitest/runner/dist/index.js:915:26\n    at file:///workspace/repo/frontend/node_modules/@vitest/runner/dist/index.js:1243:20\n    at new Promise (<anonymous>)\n    at runWithTimeout (file:///workspace/repo/frontend/node_modules/@vitest/runner/dist/index.js:1209:10)","TypeError: React.act is not a function\n    at exports.act (/workspace/repo/frontend/node_modules/react-dom/cjs/react-dom-test-utils.production.js:20:16)\n    at /workspace/repo/frontend/node_modules/@testing-library/react/dist/act-compat.js:46:25\n    at /workspace/repo/frontend/node_modules/@testing-library/react/dist/pure.js:306:28\n    at Array.forEach (<anonymous>)\n    at cleanup (/workspace/repo/frontend/node_modules/@testing-library/react/dist/pure.js:302:22)\n    at /workspace/repo/frontend/vitest.setup.ts:9:3\n    at file:///workspace/repo/frontend/node_modules/@vitest/runner/dist/index.js:145:11\n    at file:///workspace/repo/frontend/node_modules/@vitest/runner/dist/index.js:1243:20\n    at new Promise (<anonymous>)\n    at runWithTimeout (file:///workspace/repo/frontend/node_modules/@vitest/runner/dist/index.js:1209:10)"],"meta":{}},{"ancestorTitles":["Stepper Component"],"fullName":"Stepper Component shows error status when step has error status","status":"failed","title":"shows error status when step has error status","duration":0.9721730000001116,"failureMessages":["TypeError: React.act is not a function\n    at exports.act (/workspace/repo/frontend/node_modules/react-dom/cjs/react-dom-test-utils.production.js:20:16)\n    at /workspace/repo/frontend/node_modules/@testing-library/react/dist/act-compat.js:46:25\n    at renderRoot (/workspace/repo/frontend/node_modules/@testing-library/react/dist/pure.js:189:26)\n    at render (/workspace/repo/frontend/node_modules/@testing-library/react/dist/pure.js:291:10)\n    at /workspace/repo/frontend/tests/Stepper.test.tsx:93:5\n    at file:///workspace/repo/frontend/node_modules/@vitest/runner/dist/index.js:145:11\n    at file:///workspace/repo/frontend/node_modules/@vitest/runner/dist/index.js:915:26\n    at file:///workspace/repo/frontend/node_modules/@vitest/runner/dist/index.js:1243:20\n    at new Promise (<anonymous>)\n    at runWithTimeout (file:///workspace/repo/frontend/node_modules/@vitest/runner/dist/index.js:1209:10)","TypeError: React.act is not a function\n    at exports.act (/workspace/repo/frontend/node_modules/react-dom/cjs/react-dom-test-utils.production.js:20:16)\n    at /workspace/repo/frontend/node_modules/@testing-library/react/dist/act-compat.js:46:25\n    at /workspace/repo/frontend/node_modules/@testing-library/react/dist/pure.js:306:28\n    at Array.forEach (<anonymous>)\n    at cleanup (/workspace/repo/frontend/node_modules/@testing-library/react/dist/pure.js:302:22)\n    at /workspace/repo/frontend/vitest.setup.ts:9:3\n    at file:///workspace/repo/frontend/node_modules/@vitest/runner/dist/index.js:145:11\n    at file:///workspace/repo/frontend/node_modules/@vitest/runner/dist/index.js:1243:20\n    at new Promise (<anonymous>)\n    at runWithTimeout (file:///workspace/repo/frontend/node_modules/@vitest/runner/dist/index.js:1209:10)"],"meta":{}},{"ancestorTitles":["Stepper Component"],"fullName":"Stepper Component renders step description when provided","status":"failed","title":"renders step description when provided","duration":1.0202070000000276,"failureMessages":["TypeError: React.act is not a function\n    at exports.act (/workspace/repo/frontend/node_modules/react-dom/cjs/react-dom-test-utils.production.js:20:16)\n    at /workspace/repo/frontend/node_modules/@testing-library/react/dist/act-compat.js:46:25\n    at renderRoot (/workspace/repo/frontend/node_modules/@testing-library/react/dist/pure.js:189:26)\n    at render (/workspace/repo/frontend/node_modules/@testing-library/react/dist/pure.js:291:10)\n    at /workspace/repo/frontend/tests/Stepper.test.tsx:108:5\n    at file:///workspace/repo/frontend/node_modules/@vitest/runner/dist/index.js:145:11\n    at file:///workspace/repo/frontend/node_modules/@vitest/runner/dist/index.js:915:26\n    at file:///workspace/repo/frontend/node_modules/@vitest/runner/dist/index.js:1243:20\n    at new Promise (<anonymous>)\n    at runWithTimeout (file:///workspace/repo/frontend/node_modules/@vitest/runner/dist/index.js:1209:10)","TypeError: React.act is not a function\n    at exports.act (/workspace/repo/frontend/node_modules/react-dom/cjs/react-dom-test-utils.production.js:20:16)\n    at /workspace/repo/frontend/node_modules/@testing-library/react/dist/act-compat.js:46:25\n    at /workspace/repo/frontend/node_modules/@testing-library/react/dist/pure.js:306:28\n    at Array.forEach (<anonymous>)\n    at cleanup (/workspace/repo/frontend/node_modules/@testing-library/react/dist/pure.js:302:22)\n    at /workspace/repo/frontend/vitest.setup.ts:9:3\n    at file:///workspace/repo/frontend/node_modules/@vitest/runner/dist/index.js:145:11\n    at file:///workspace/repo/frontend/node_modules/@vitest/runner/dist/index.js:1243:20\n    at new Promise (<anonymous>)\n    at runWithTimeout (file:///workspace/repo/frontend/node_modules/@vitest/runner/dist/index.js:1209:10)"],"meta":{}}],"startTime":1766767636397,"endTime":1766767636413.0203,"status":"failed","message":"","name":"/workspace/repo/frontend/tests/Stepper.test.tsx"},{"assertionResults":[{"ancestorTitles":["Design System Foundation - Colors and Typography","Color System"],"fullName":"Design System Foundation - Colors and Typography Color System should define CSS variables for primary colors","status":"passed","title":"should define CSS variables for primary colors","duration":1578.9710639999998,"failureMessages":[],"meta":{}},{"ancestorTitles":["Design System Foundation - Colors and Typography","Color System"],"fullName":"Design System Foundation - Colors and Typography Color System should define CSS variables for neutral grays","status":"passed","title":"should define CSS variables for neutral grays","duration":1507.6569399999998,"failureMessages":[],"meta":{}},{"ancestorTitles":["Design System Foundation - Colors and Typography","Color System"],"fullName":"Design System Foundation - Colors and Typography Color System should define CSS variables for semantic colors","status":"passed","title":"should define CSS variables for semantic colors","duration":1478.6074250000001,"failureMessages":[],"meta":{}},{"ancestorTitles":["Design System Foundation - Colors and Typography","Color System"],"fullName":"Design System Foundation - Colors and Typography Color System should have sufficient contrast ratios for text on backgrounds","status":"failed","title":"should have sufficient contrast ratios for text on backgrounds","duration":1470.2647549999992,"failureMessages":["AssertionError: expected '' to be truthy\n    at /workspace/repo/frontend/tests/Task01-DesignSystem.test.tsx:41:25\n    at file:///workspace/repo/frontend/node_modules/@vitest/runner/dist/index.js:145:11\n    at file:///workspace/repo/frontend/node_modules/@vitest/runner/dist/index.js:915:26\n    at file:///workspace/repo/frontend/node_modules/@vitest/runner/dist/index.js:1243:20\n    at new Promise (<anonymous>)\n    at runWithTimeout (file:///workspace/repo/frontend/node_modules/@vitest/runner/dist/index.js:1209:10)\n    at file:///workspace/repo/frontend/node_modules/@vitest/runner/dist/index.js:1653:37\n    at Traces.$ (file:///workspace/repo/frontend/node_modules/vitest/dist/chunks/traces.U4xDYhzZ.js:115:27)\n    at trace (file:///workspace/repo/frontend/node_modules/vitest/dist/chunks/test.B8ej_ZHS.js:239:21)\n    at runTest (file:///workspace/repo/frontend/node_modules/@vitest/runner/dist/index.js:1653:12)"],"meta":{}},{"ancestorTitles":["Design System Foundation - Colors and Typography","Typography System"],"fullName":"Design System Foundation - Colors and Typography Typography System should define CSS variables for font sizes","status":"passed","title":"should define CSS variables for font sizes","duration":1480.7460119999996,"failureMessages":[],"meta":{}},{"ancestorTitles":["Design System Foundation - Colors and Typography","Typography System"],"fullName":"Design System Foundation - Colors and Typography Typography System should define line-height ratios","status":"passed","title":"should define line-height ratios","duration":1474.8137719999995,"failureMessages":[],"meta":{}},{"ancestorTitles":["Design System Foundation - Colors and Typography","Typography System"],"fullName":"Design System Foundation - Colors and Typography Typography System should define font families","status":"passed","title":"should define font families","duration":1473.665269000001,"failureMessages":[],"meta":{}},{"ancestorTitles":["Design System Foundation - Colors and Typography","Spacing System"],"fullName":"Design System Foundation - Colors and Typography Spacing System should define 4px-based spacing scale","status":"passed","title":"should define 4px-based spacing scale","duration":1480.4567370000004,"failureMessages":[],"meta":{}},{"ancestorTitles":["Design System Foundation - Colors and Typography","Spacing System"],"fullName":"Design System Foundation - Colors and Typography Spacing System should define border radius tokens","status":"passed","title":"should define border radius tokens","duration":1490.8661639999991,"failureMessages":[],"meta":{}},{"ancestorTitles":["Design System Foundation - Colors and Typography","Spacing System"],"fullName":"Design System Foundation - Colors and Typography Spacing System should define elevation/shadow tokens","status":"passed","title":"should define elevation/shadow tokens","duration":1485.3470829999987,"failureMessages":[],"meta":{}},{"ancestorTitles":["Design System Foundation - Colors and Typography","Token Accessibility"],"fullName":"Design System Foundation - Colors and Typography Token Accessibility should use semantic token names","status":"failed","title":"should use semantic token names","duration":1471.354256999999,"failureMessages":["AssertionError: expected '0' to match /^(color|font|spacing|radius|shadow|li/\n    at /workspace/repo/frontend/tests/Task01-DesignSystem.test.tsx:96:22\n    at Array.forEach (<anonymous>)\n    at /workspace/repo/frontend/tests/Task01-DesignSystem.test.tsx:95:19\n    at file:///workspace/repo/frontend/node_modules/@vitest/runner/dist/index.js:145:11\n    at file:///workspace/repo/frontend/node_modules/@vitest/runner/dist/index.js:915:26\n    at file:///workspace/repo/frontend/node_modules/@vitest/runner/dist/index.js:1243:20\n    at new Promise (<anonymous>)\n    at runWithTimeout (file:///workspace/repo/frontend/node_modules/@vitest/runner/dist/index.js:1209:10)\n    at file:///workspace/repo/frontend/node_modules/@vitest/runner/dist/index.js:1653:37\n    at Traces.$ (file:///workspace/repo/frontend/node_modules/vitest/dist/chunks/traces.U4xDYhzZ.js:115:27)"],"meta":{}},{"ancestorTitles":["Design System Foundation - Colors and Typography","Token Accessibility"],"fullName":"Design System Foundation - Colors and Typography Token Accessibility should have defined WCAG contrast targets","status":"failed","title":"should have defined WCAG contrast targets","duration":1506.758135,"failureMessages":["AssertionError: expected '' to be truthy\n    at /workspace/repo/frontend/tests/Task01-DesignSystem.test.tsx:107:28\n    at file:///workspace/repo/frontend/node_modules/@vitest/runner/dist/index.js:145:11\n    at file:///workspace/repo/frontend/node_modules/@vitest/runner/dist/index.js:915:26\n    at file:///workspace/repo/frontend/node_modules/@vitest/runner/dist/index.js:1243:20\n    at new Promise (<anonymous>)\n    at runWithTimeout (file:///workspace/repo/frontend/node_modules/@vitest/runner/dist/index.js:1209:10)\n    at file:///workspace/repo/frontend/node_modules/@vitest/runner/dist/index.js:1653:37\n    at Traces.$ (file:///workspace/repo/frontend/node_modules/vitest/dist/chunks/traces.U4xDYhzZ.js:115:27)\n    at trace (file:///workspace/repo/frontend/node_modules/vitest/dist/chunks/test.B8ej_ZHS.js:239:21)\n    at runTest (file:///workspace/repo/frontend/node_modules/@vitest/runner/dist/index.js:1653:12)"],"meta":{}}],"startTime":1766767638093,"endTime":1766767655992.758,"status":"failed","message":"","name":"/workspace/repo/frontend/tests/Task01-DesignSystem.test.tsx"},{"assertionResults":[{"ancestorTitles":["Task 2 - Reusable Base UI Components Library","Button Component"],"fullName":"Task 2 - Reusable Base UI Components Library Button Component renders primary button variant","status":"failed","title":"renders primary button variant","duration":13.346135999999888,"failureMessages":["TypeError: React.act is not a function\n    at exports.act (/workspace/repo/frontend/node_modules/react-dom/cjs/react-dom-test-utils.production.js:20:16)\n    at /workspace/repo/frontend/node_modules/@testing-library/react/dist/act-compat.js:46:25\n    at renderRoot (/workspace/repo/frontend/node_modules/@testing-library/react/dist/pure.js:189:26)\n    at render (/workspace/repo/frontend/node_modules/@testing-library/react/dist/pure.js:291:10)\n    at /workspace/repo/frontend/tests/Task02-UIComponents.test.tsx:13:7\n    at file:///workspace/repo/frontend/node_modules/@vitest/runner/dist/index.js:145:11\n    at file:///workspace/repo/frontend/node_modules/@vitest/runner/dist/index.js:915:26\n    at file:///workspace/repo/frontend/node_modules/@vitest/runner/dist/index.js:1243:20\n    at new Promise (<anonymous>)\n    at runWithTimeout (file:///workspace/repo/frontend/node_modules/@vitest/runner/dist/index.js:1209:10)","TypeError: React.act is not a function\n    at exports.act (/workspace/repo/frontend/node_modules/react-dom/cjs/react-dom-test-utils.production.js:20:16)\n    at /workspace/repo/frontend/node_modules/@testing-library/react/dist/act-compat.js:46:25\n    at /workspace/repo/frontend/node_modules/@testing-library/react/dist/pure.js:306:28\n    at Array.forEach (<anonymous>)\n    at cleanup (/workspace/repo/frontend/node_modules/@testing-library/react/dist/pure.js:302:22)\n    at file:///workspace/repo/frontend/node_modules/@vitest/runner/dist/index.js:145:11\n    at file:///workspace/repo/frontend/node_modules/@vitest/runner/dist/index.js:1243:20\n    at new Promise (<anonymous>)\n    at runWithTimeout (file:///workspace/repo/frontend/node_modules/@vitest/runner/dist/index.js:1209:10)\n    at runHook (file:///workspace/repo/frontend/node_modules/@vitest/runner/dist/index.js:1514:51)"],"meta":{}},{"ancestorTitles":["Task 2 - Reusable Base UI Components Library","Button Component"],"fullName":"Task 2 - Reusable Base UI Components Library Button Component renders secondary button variant","status":"failed","title":"renders secondary button variant","duration":1.1552279999998518,"failureMessages":["TypeError: React.act is not a function\n    at exports.act (/workspace/repo/frontend/node_modules/react-dom/cjs/react-dom-test-utils.production.js:20:16)\n    at /workspace/repo/frontend/node_modules/@testing-library/react/dist/act-compat.js:46:25\n    at renderRoot (/workspace/repo/frontend/node_modules/@testing-library/react/dist/pure.js:189:26)\n    at render (/workspace/repo/frontend/node_modules/@testing-library/react/dist/pure.js:291:10)\n    at /workspace/repo/frontend/tests/Task02-UIComponents.test.tsx:19:7\n    at file:///workspace/repo/frontend/node_modules/@vitest/runner/dist/index.js:145:11\n    at file:///workspace/repo/frontend/node_modules/@vitest/runner/dist/index.js:915:26\n    at file:///workspace/repo/frontend/node_modules/@vitest/runner/dist/index.js:1243:20\n    at new Promise (<anonymous>)\n    at runWithTimeout (file:///workspace/repo/frontend/node_modules/@vitest/runner/dist/index.js:1209:10)","TypeError: React.act is not a function\n    at exports.act (/workspace/repo/frontend/node_modules/react-dom/cjs/react-dom-test-utils.production.js:20:16)\n    at /workspace/repo/frontend/node_modules/@testing-library/react/dist/act-compat.js:46:25\n    at /workspace/repo/frontend/node_modules/@testing-library/react/dist/pure.js:306:28\n    at Array.forEach (<anonymous>)\n    at cleanup (/workspace/repo/frontend/node_modules/@testing-library/react/dist/pure.js:302:22)\n    at file:///workspace/repo/frontend/node_modules/@vitest/runner/dist/index.js:145:11\n    at file:///workspace/repo/frontend/node_modules/@vitest/runner/dist/index.js:1243:20\n    at new Promise (<anonymous>)\n    at runWithTimeout (file:///workspace/repo/frontend/node_modules/@vitest/runner/dist/index.js:1209:10)\n    at runHook (file:///workspace/repo/frontend/node_modules/@vitest/runner/dist/index.js:1514:51)"],"meta":{}},{"ancestorTitles":["Task 2 - Reusable Base UI Components Library","Button Component"],"fullName":"Task 2 - Reusable Base UI Components Library Button Component renders ghost button variant","status":"failed","title":"renders ghost button variant","duration":1.041197000000011,"failureMessages":["TypeError: React.act is not a function\n    at exports.act (/workspace/repo/frontend/node_modules/react-dom/cjs/react-dom-test-utils.production.js:20:16)\n    at /workspace/repo/frontend/node_modules/@testing-library/react/dist/act-compat.js:46:25\n    at renderRoot (/workspace/repo/frontend/node_modules/@testing-library/react/dist/pure.js:189:26)\n    at render (/workspace/repo/frontend/node_modules/@testing-library/react/dist/pure.js:291:10)\n    at /workspace/repo/frontend/tests/Task02-UIComponents.test.tsx:25:7\n    at file:///workspace/repo/frontend/node_modules/@vitest/runner/dist/index.js:145:11\n    at file:///workspace/repo/frontend/node_modules/@vitest/runner/dist/index.js:915:26\n    at file:///workspace/repo/frontend/node_modules/@vitest/runner/dist/index.js:1243:20\n    at new Promise (<anonymous>)\n    at runWithTimeout (file:///workspace/repo/frontend/node_modules/@vitest/runner/dist/index.js:1209:10)","TypeError: React.act is not a function\n    at exports.act (/workspace/repo/frontend/node_modules/react-dom/cjs/react-dom-test-utils.production.js:20:16)\n    at /workspace/repo/frontend/node_modules/@testing-library/react/dist/act-compat.js:46:25\n    at /workspace/repo/frontend/node_modules/@testing-library/react/dist/pure.js:306:28\n    at Array.forEach (<anonymous>)\n    at cleanup (/workspace/repo/frontend/node_modules/@testing-library/react/dist/pure.js:302:22)\n    at file:///workspace/repo/frontend/node_modules/@vitest/runner/dist/index.js:145:11\n    at file:///workspace/repo/frontend/node_modules/@vitest/runner/dist/index.js:1243:20\n    at new Promise (<anonymous>)\n    at runWithTimeout (file:///workspace/repo/frontend/node_modules/@vitest/runner/dist/index.js:1209:10)\n    at runHook (file:///workspace/repo/frontend/node_modules/@vitest/runner/dist/index.js:1514:51)"],"meta":{}},{"ancestorTitles":["Task 2 - Reusable Base UI Components Library","Button Component"],"fullName":"Task 2 - Reusable Base UI Components Library Button Component renders destructive button variant","status":"failed","title":"renders destructive button variant","duration":1.1158919999998034,"failureMessages":["TypeError: React.act is not a function\n    at exports.act (/workspace/repo/frontend/node_modules/react-dom/cjs/react-dom-test-utils.production.js:20:16)\n    at /workspace/repo/frontend/node_modules/@testing-library/react/dist/act-compat.js:46:25\n    at renderRoot (/workspace/repo/frontend/node_modules/@testing-library/react/dist/pure.js:189:26)\n    at render (/workspace/repo/frontend/node_modules/@testing-library/react/dist/pure.js:291:10)\n    at /workspace/repo/frontend/tests/Task02-UIComponents.test.tsx:31:7\n    at file:///workspace/repo/frontend/node_modules/@vitest/runner/dist/index.js:145:11\n    at file:///workspace/repo/frontend/node_modules/@vitest/runner/dist/index.js:915:26\n    at file:///workspace/repo/frontend/node_modules/@vitest/runner/dist/index.js:1243:20\n    at new Promise (<anonymous>)\n    at runWithTimeout (file:///workspace/repo/frontend/node_modules/@vitest/runner/dist/index.js:1209:10)","TypeError: React.act is not a function\n    at exports.act (/workspace/repo/frontend/node_modules/react-dom/cjs/react-dom-test-utils.production.js:20:16)\n    at /workspace/repo/frontend/node_modules/@testing-library/react/dist/act-compat.js:46:25\n    at /workspace/repo/frontend/node_modules/@testing-library/react/dist/pure.js:306:28\n    at Array.forEach (<anonymous>)\n    at cleanup (/workspace/repo/frontend/node_modules/@testing-library/react/dist/pure.js:302:22)\n    at file:///workspace/repo/frontend/node_modules/@vitest/runner/dist/index.js:145:11\n    at file:///workspace/repo/frontend/node_modules/@vitest/runner/dist/index.js:1243:20\n    at new Promise (<anonymous>)\n    at runWithTimeout (file:///workspace/repo/frontend/node_modules/@vitest/runner/dist/index.js:1209:10)\n    at runHook (file:///workspace/repo/frontend/node_modules/@vitest/runner/dist/index.js:1514:51)"],"meta":{}},{"ancestorTitles":["Task 2 - Reusable Base UI Components Library","Button Component"],"fullName":"Task 2 - Reusable Base UI Components Library Button Component renders different sizes","status":"failed","title":"renders different sizes","duration":1.3700149999999667,"failureMessages":["TypeError: React.act is not a function\n    at exports.act (/workspace/repo/frontend/node_modules/react-dom/cjs/react-dom-test-utils.production.js:20:16)\n    at /workspace/repo/frontend/node_modules/@testing-library/react/dist/act-compat.js:46:25\n    at renderRoot (/workspace/repo/frontend/node_modules/@testing-library/react/dist/pure.js:189:26)\n    at render (/workspace/repo/frontend/node_modules/@testing-library/react/dist/pure.js:291:10)\n    at /workspace/repo/frontend/tests/Task02-UIComponents.test.tsx:37:7\n    at file:///workspace/repo/frontend/node_modules/@vitest/runner/dist/index.js:145:11\n    at file:///workspace/repo/frontend/node_modules/@vitest/runner/dist/index.js:915:26\n    at file:///workspace/repo/frontend/node_modules/@vitest/runner/dist/index.js:1243:20\n    at new Promise (<anonymous>)\n    at runWithTimeout (file:///workspace/repo/frontend/node_modules/@vitest/runner/dist/index.js:1209:10)","TypeError: React.act is not a function\n    at exports.act (/workspace/repo/frontend/node_modules/react-dom/cjs/react-dom-test-utils.production.js:20:16)\n    at /workspace/repo/frontend/node_modules/@testing-library/react/dist/act-compat.js:46:25\n    at /workspace/repo/frontend/node_modules/@testing-library/react/dist/pure.js:306:28\n    at Array.forEach (<anonymous>)\n    at cleanup (/workspace/repo/frontend/node_modules/@testing-library/react/dist/pure.js:302:22)\n    at file:///workspace/repo/frontend/node_modules/@vitest/runner/dist/index.js:145:11\n    at file:///workspace/repo/frontend/node_modules/@vitest/runner/dist/index.js:1243:20\n    at new Promise (<anonymous>)\n    at runWithTimeout (file:///workspace/repo/frontend/node_modules/@vitest/runner/dist/index.js:1209:10)\n    at runHook (file:///workspace/repo/frontend/node_modules/@vitest/runner/dist/index.js:1514:51)"],"meta":{}},{"ancestorTitles":["Task 2 - Reusable Base UI Components Library","Button Component"],"fullName":"Task 2 - Reusable Base UI Components Library Button Component handles loading state","status":"failed","title":"handles loading state","duration":1.0523890000001757,"failureMessages":["TypeError: React.act is not a function\n    at exports.act (/workspace/repo/frontend/node_modules/react-dom/cjs/react-dom-test-utils.production.js:20:16)\n    at /workspace/repo/frontend/node_modules/@testing-library/react/dist/act-compat.js:46:25\n    at renderRoot (/workspace/repo/frontend/node_modules/@testing-library/react/dist/pure.js:189:26)\n    at render (/workspace/repo/frontend/node_modules/@testing-library/react/dist/pure.js:291:10)\n    at /workspace/repo/frontend/tests/Task02-UIComponents.test.tsx:53:7\n    at file:///workspace/repo/frontend/node_modules/@vitest/runner/dist/index.js:145:11\n    at file:///workspace/repo/frontend/node_modules/@vitest/runner/dist/index.js:915:26\n    at file:///workspace/repo/frontend/node_modules/@vitest/runner/dist/index.js:1243:20\n    at new Promise (<anonymous>)\n    at runWithTimeout (file:///workspace/repo/frontend/node_modules/@vitest/runner/dist/index.js:1209:10)","TypeError: React.act is not a function\n    at exports.act (/workspace/repo/frontend/node_modules/react-dom/cjs/react-dom-test-utils.production.js:20:16)\n    at /workspace/repo/frontend/node_modules/@testing-library/react/dist/act-compat.js:46:25\n    at /workspace/repo/frontend/node_modules/@testing-library/react/dist/pure.js:306:28\n    at Array.forEach (<anonymous>)\n    at cleanup (/workspace/repo/frontend/node_modules/@testing-library/react/dist/pure.js:302:22)\n    at file:///workspace/repo/frontend/node_modules/@vitest/runner/dist/index.js:145:11\n    at file:///workspace/repo/frontend/node_modules/@vitest/runner/dist/index.js:1243:20\n    at new Promise (<anonymous>)\n    at runWithTimeout (file:///workspace/repo/frontend/node_modules/@vitest/runner/dist/index.js:1209:10)\n    at runHook (file:///workspace/repo/frontend/node_modules/@vitest/runner/dist/index.js:1514:51)"],"meta":{}},{"ancestorTitles":["Task 2 - Reusable Base UI Components Library","Button Component"],"fullName":"Task 2 - Reusable Base UI Components Library Button Component handles disabled state","status":"failed","title":"handles disabled state","duration":3.77837999999997,"failureMessages":["TypeError: React.act is not a function\n    at exports.act (/workspace/repo/frontend/node_modules/react-dom/cjs/react-dom-test-utils.production.js:20:16)\n    at /workspace/repo/frontend/node_modules/@testing-library/react/dist/act-compat.js:46:25\n    at renderRoot (/workspace/repo/frontend/node_modules/@testing-library/react/dist/pure.js:189:26)\n    at render (/workspace/repo/frontend/node_modules/@testing-library/react/dist/pure.js:291:10)\n    at /workspace/repo/frontend/tests/Task02-UIComponents.test.tsx:60:7\n    at file:///workspace/repo/frontend/node_modules/@vitest/runner/dist/index.js:145:11\n    at file:///workspace/repo/frontend/node_modules/@vitest/runner/dist/index.js:915:26\n    at file:///workspace/repo/frontend/node_modules/@vitest/runner/dist/index.js:1243:20\n    at new Promise (<anonymous>)\n    at runWithTimeout (file:///workspace/repo/frontend/node_modules/@vitest/runner/dist/index.js:1209:10)","TypeError: React.act is not a function\n    at exports.act (/workspace/repo/frontend/node_modules/react-dom/cjs/react-dom-test-utils.production.js:20:16)\n    at /workspace/repo/frontend/node_modules/@testing-library/react/dist/act-compat.js:46:25\n    at /workspace/repo/frontend/node_modules/@testing-library/react/dist/pure.js:306:28\n    at Array.forEach (<anonymous>)\n    at cleanup (/workspace/repo/frontend/node_modules/@testing-library/react/dist/pure.js:302:22)\n    at file:///workspace/repo/frontend/node_modules/@vitest/runner/dist/index.js:145:11\n    at file:///workspace/repo/frontend/node_modules/@vitest/runner/dist/index.js:1243:20\n    at new Promise (<anonymous>)\n    at runWithTimeout (file:///workspace/repo/frontend/node_modules/@vitest/runner/dist/index.js:1209:10)\n    at runHook (file:///workspace/repo/frontend/node_modules/@vitest/runner/dist/index.js:1514:51)"],"meta":{}},{"ancestorTitles":["Task 2 - Reusable Base UI Components Library","Button Component"],"fullName":"Task 2 - Reusable Base UI Components Library Button Component renders icon-only button","status":"failed","title":"renders icon-only button","duration":0.9421550000001844,"failureMessages":["TypeError: React.act is not a function\n    at exports.act (/workspace/repo/frontend/node_modules/react-dom/cjs/react-dom-test-utils.production.js:20:16)\n    at /workspace/repo/frontend/node_modules/@testing-library/react/dist/act-compat.js:46:25\n    at renderRoot (/workspace/repo/frontend/node_modules/@testing-library/react/dist/pure.js:189:26)\n    at render (/workspace/repo/frontend/node_modules/@testing-library/react/dist/pure.js:291:10)\n    at /workspace/repo/frontend/tests/Task02-UIComponents.test.tsx:67:7\n    at file:///workspace/repo/frontend/node_modules/@vitest/runner/dist/index.js:145:11\n    at file:///workspace/repo/frontend/node_modules/@vitest/runner/dist/index.js:915:26\n    at file:///workspace/repo/frontend/node_modules/@vitest/runner/dist/index.js:1243:20\n    at new Promise (<anonymous>)\n    at runWithTimeout (file:///workspace/repo/frontend/node_modules/@vitest/runner/dist/index.js:1209:10)","TypeError: React.act is not a function\n    at exports.act (/workspace/repo/frontend/node_modules/react-dom/cjs/react-dom-test-utils.production.js:20:16)\n    at /workspace/repo/frontend/node_modules/@testing-library/react/dist/act-compat.js:46:25\n    at /workspace/repo/frontend/node_modules/@testing-library/react/dist/pure.js:306:28\n    at Array.forEach (<anonymous>)\n    at cleanup (/workspace/repo/frontend/node_modules/@testing-library/react/dist/pure.js:302:22)\n    at file:///workspace/repo/frontend/node_modules/@vitest/runner/dist/index.js:145:11\n    at file:///workspace/repo/frontend/node_modules/@vitest/runner/dist/index.js:1243:20\n    at new Promise (<anonymous>)\n    at runWithTimeout (file:///workspace/repo/frontend/node_modules/@vitest/runner/dist/index.js:1209:10)\n    at runHook (file:///workspace/repo/frontend/node_modules/@vitest/runner/dist/index.js:1514:51)"],"meta":{}},{"ancestorTitles":["Task 2 - Reusable Base UI Components Library","Button Component"],"fullName":"Task 2 - Reusable Base UI Components Library Button Component renders left and right icons","status":"failed","title":"renders left and right icons","duration":1.6880710000000363,"failureMessages":["TypeError: React.act is not a function\n    at exports.act (/workspace/repo/frontend/node_modules/react-dom/cjs/react-dom-test-utils.production.js:20:16)\n    at /workspace/repo/frontend/node_modules/@testing-library/react/dist/act-compat.js:46:25\n    at renderRoot (/workspace/repo/frontend/node_modules/@testing-library/react/dist/pure.js:189:26)\n    at render (/workspace/repo/frontend/node_modules/@testing-library/react/dist/pure.js:291:10)\n    at /workspace/repo/frontend/tests/Task02-UIComponents.test.tsx:72:7\n    at file:///workspace/repo/frontend/node_modules/@vitest/runner/dist/index.js:145:11\n    at file:///workspace/repo/frontend/node_modules/@vitest/runner/dist/index.js:915:26\n    at file:///workspace/repo/frontend/node_modules/@vitest/runner/dist/index.js:1243:20\n    at new Promise (<anonymous>)\n    at runWithTimeout (file:///workspace/repo/frontend/node_modules/@vitest/runner/dist/index.js:1209:10)","TypeError: React.act is not a function\n    at exports.act (/workspace/repo/frontend/node_modules/react-dom/cjs/react-dom-test-utils.production.js:20:16)\n    at /workspace/repo/frontend/node_modules/@testing-library/react/dist/act-compat.js:46:25\n    at /workspace/repo/frontend/node_modules/@testing-library/react/dist/pure.js:306:28\n    at Array.forEach (<anonymous>)\n    at cleanup (/workspace/repo/frontend/node_modules/@testing-library/react/dist/pure.js:302:22)\n    at file:///workspace/repo/frontend/node_modules/@vitest/runner/dist/index.js:145:11\n    at file:///workspace/repo/frontend/node_modules/@vitest/runner/dist/index.js:1243:20\n    at new Promise (<anonymous>)\n    at runWithTimeout (file:///workspace/repo/frontend/node_modules/@vitest/runner/dist/index.js:1209:10)\n    at runHook (file:///workspace/repo/frontend/node_modules/@vitest/runner/dist/index.js:1514:51)"],"meta":{}},{"ancestorTitles":["Task 2 - Reusable Base UI Components Library","Button Component"],"fullName":"Task 2 - Reusable Base UI Components Library Button Component handles click events","status":"failed","title":"handles click events","duration":1.5557340000000295,"failureMessages":["TypeError: React.act is not a function\n    at exports.act (/workspace/repo/frontend/node_modules/react-dom/cjs/react-dom-test-utils.production.js:20:16)\n    at /workspace/repo/frontend/node_modules/@testing-library/react/dist/act-compat.js:46:25\n    at renderRoot (/workspace/repo/frontend/node_modules/@testing-library/react/dist/pure.js:189:26)\n    at render (/workspace/repo/frontend/node_modules/@testing-library/react/dist/pure.js:291:10)\n    at /workspace/repo/frontend/tests/Task02-UIComponents.test.tsx:83:7\n    at file:///workspace/repo/frontend/node_modules/@vitest/runner/dist/index.js:145:11\n    at file:///workspace/repo/frontend/node_modules/@vitest/runner/dist/index.js:915:26\n    at file:///workspace/repo/frontend/node_modules/@vitest/runner/dist/index.js:1243:20\n    at new Promise (<anonymous>)\n    at runWithTimeout (file:///workspace/repo/frontend/node_modules/@vitest/runner/dist/index.js:1209:10)","TypeError: React.act is not a function\n    at exports.act (/workspace/repo/frontend/node_modules/react-dom/cjs/react-dom-test-utils.production.js:20:16)\n    at /workspace/repo/frontend/node_modules/@testing-library/react/dist/act-compat.js:46:25\n    at /workspace/repo/frontend/node_modules/@testing-library/react/dist/pure.js:306:28\n    at Array.forEach (<anonymous>)\n    at cleanup (/workspace/repo/frontend/node_modules/@testing-library/react/dist/pure.js:302:22)\n    at file:///workspace/repo/frontend/node_modules/@vitest/runner/dist/index.js:145:11\n    at file:///workspace/repo/frontend/node_modules/@vitest/runner/dist/index.js:1243:20\n    at new Promise (<anonymous>)\n    at runWithTimeout (file:///workspace/repo/frontend/node_modules/@vitest/runner/dist/index.js:1209:10)\n    at runHook (file:///workspace/repo/frontend/node_modules/@vitest/runner/dist/index.js:1514:51)"],"meta":{}},{"ancestorTitles":["Task 2 - Reusable Base UI Components Library","Button Component"],"fullName":"Task 2 - Reusable Base UI Components Library Button Component supports fullWidth prop","status":"failed","title":"supports fullWidth prop","duration":4.391908999999941,"failureMessages":["TypeError: React.act is not a function\n    at exports.act (/workspace/repo/frontend/node_modules/react-dom/cjs/react-dom-test-utils.production.js:20:16)\n    at /workspace/repo/frontend/node_modules/@testing-library/react/dist/act-compat.js:46:25\n    at renderRoot (/workspace/repo/frontend/node_modules/@testing-library/react/dist/pure.js:189:26)\n    at render (/workspace/repo/frontend/node_modules/@testing-library/react/dist/pure.js:291:10)\n    at /workspace/repo/frontend/tests/Task02-UIComponents.test.tsx:89:7\n    at file:///workspace/repo/frontend/node_modules/@vitest/runner/dist/index.js:145:11\n    at file:///workspace/repo/frontend/node_modules/@vitest/runner/dist/index.js:915:26\n    at file:///workspace/repo/frontend/node_modules/@vitest/runner/dist/index.js:1243:20\n    at new Promise (<anonymous>)\n    at runWithTimeout (file:///workspace/repo/frontend/node_modules/@vitest/runner/dist/index.js:1209:10)","TypeError: React.act is not a function\n    at exports.act (/workspace/repo/frontend/node_modules/react-dom/cjs/react-dom-test-utils.production.js:20:16)\n    at /workspace/repo/frontend/node_modules/@testing-library/react/dist/act-compat.js:46:25\n    at /workspace/repo/frontend/node_modules/@testing-library/react/dist/pure.js:306:28\n    at Array.forEach (<anonymous>)\n    at cleanup (/workspace/repo/frontend/node_modules/@testing-library/react/dist/pure.js:302:22)\n    at file:///workspace/repo/frontend/node_modules/@vitest/runner/dist/index.js:145:11\n    at file:///workspace/repo/frontend/node_modules/@vitest/runner/dist/index.js:1243:20\n    at new Promise (<anonymous>)\n    at runWithTimeout (file:///workspace/repo/frontend/node_modules/@vitest/runner/dist/index.js:1209:10)\n    at runHook (file:///workspace/repo/frontend/node_modules/@vitest/runner/dist/index.js:1514:51)"],"meta":{}},{"ancestorTitles":["Task 2 - Reusable Base UI Components Library","Input Component"],"fullName":"Task 2 - Reusable Base UI Components Library Input Component renders text input with label","status":"failed","title":"renders text input with label","duration":1.0673890000000483,"failureMessages":["TypeError: React.act is not a function\n    at exports.act (/workspace/repo/frontend/node_modules/react-dom/cjs/react-dom-test-utils.production.js:20:16)\n    at /workspace/repo/frontend/node_modules/@testing-library/react/dist/act-compat.js:46:25\n    at renderRoot (/workspace/repo/frontend/node_modules/@testing-library/react/dist/pure.js:189:26)\n    at render (/workspace/repo/frontend/node_modules/@testing-library/react/dist/pure.js:291:10)\n    at /workspace/repo/frontend/tests/Task02-UIComponents.test.tsx:97:7\n    at file:///workspace/repo/frontend/node_modules/@vitest/runner/dist/index.js:145:11\n    at file:///workspace/repo/frontend/node_modules/@vitest/runner/dist/index.js:915:26\n    at file:///workspace/repo/frontend/node_modules/@vitest/runner/dist/index.js:1243:20\n    at new Promise (<anonymous>)\n    at runWithTimeout (file:///workspace/repo/frontend/node_modules/@vitest/runner/dist/index.js:1209:10)","TypeError: React.act is not a function\n    at exports.act (/workspace/repo/frontend/node_modules/react-dom/cjs/react-dom-test-utils.production.js:20:16)\n    at /workspace/repo/frontend/node_modules/@testing-library/react/dist/act-compat.js:46:25\n    at /workspace/repo/frontend/node_modules/@testing-library/react/dist/pure.js:306:28\n    at Array.forEach (<anonymous>)\n    at cleanup (/workspace/repo/frontend/node_modules/@testing-library/react/dist/pure.js:302:22)\n    at file:///workspace/repo/frontend/node_modules/@vitest/runner/dist/index.js:145:11\n    at file:///workspace/repo/frontend/node_modules/@vitest/runner/dist/index.js:1243:20\n    at new Promise (<anonymous>)\n    at runWithTimeout (file:///workspace/repo/frontend/node_modules/@vitest/runner/dist/index.js:1209:10)\n    at runHook (file:///workspace/repo/frontend/node_modules/@vitest/runner/dist/index.js:1514:51)"],"meta":{}},{"ancestorTitles":["Task 2 - Reusable Base UI Components Library","Input Component"],"fullName":"Task 2 - Reusable Base UI Components Library Input Component renders input with error state","status":"failed","title":"renders input with error state","duration":0.8183450000001358,"failureMessages":["TypeError: React.act is not a function\n    at exports.act (/workspace/repo/frontend/node_modules/react-dom/cjs/react-dom-test-utils.production.js:20:16)\n    at /workspace/repo/frontend/node_modules/@testing-library/react/dist/act-compat.js:46:25\n    at renderRoot (/workspace/repo/frontend/node_modules/@testing-library/react/dist/pure.js:189:26)\n    at render (/workspace/repo/frontend/node_modules/@testing-library/react/dist/pure.js:291:10)\n    at /workspace/repo/frontend/tests/Task02-UIComponents.test.tsx:102:7\n    at file:///workspace/repo/frontend/node_modules/@vitest/runner/dist/index.js:145:11\n    at file:///workspace/repo/frontend/node_modules/@vitest/runner/dist/index.js:915:26\n    at file:///workspace/repo/frontend/node_modules/@vitest/runner/dist/index.js:1243:20\n    at new Promise (<anonymous>)\n    at runWithTimeout (file:///workspace/repo/frontend/node_modules/@vitest/runner/dist/index.js:1209:10)","TypeError: React.act is not a function\n    at exports.act (/workspace/repo/frontend/node_modules/react-dom/cjs/react-dom-test-utils.production.js:20:16)\n    at /workspace/repo/frontend/node_modules/@testing-library/react/dist/act-compat.js:46:25\n    at /workspace/repo/frontend/node_modules/@testing-library/react/dist/pure.js:306:28\n    at Array.forEach (<anonymous>)\n    at cleanup (/workspace/repo/frontend/node_modules/@testing-library/react/dist/pure.js:302:22)\n    at file:///workspace/repo/frontend/node_modules/@vitest/runner/dist/index.js:145:11\n    at file:///workspace/repo/frontend/node_modules/@vitest/runner/dist/index.js:1243:20\n    at new Promise (<anonymous>)\n    at runWithTimeout (file:///workspace/repo/frontend/node_modules/@vitest/runner/dist/index.js:1209:10)\n    at runHook (file:///workspace/repo/frontend/node_modules/@vitest/runner/dist/index.js:1514:51)"],"meta":{}},{"ancestorTitles":["Task 2 - Reusable Base UI Components Library","Input Component"],"fullName":"Task 2 - Reusable Base UI Components Library Input Component renders input with helper text","status":"failed","title":"renders input with helper text","duration":2.939975999999888,"failureMessages":["TypeError: React.act is not a function\n    at exports.act (/workspace/repo/frontend/node_modules/react-dom/cjs/react-dom-test-utils.production.js:20:16)\n    at /workspace/repo/frontend/node_modules/@testing-library/react/dist/act-compat.js:46:25\n    at renderRoot (/workspace/repo/frontend/node_modules/@testing-library/react/dist/pure.js:189:26)\n    at render (/workspace/repo/frontend/node_modules/@testing-library/react/dist/pure.js:291:10)\n    at /workspace/repo/frontend/tests/Task02-UIComponents.test.tsx:107:7\n    at file:///workspace/repo/frontend/node_modules/@vitest/runner/dist/index.js:145:11\n    at file:///workspace/repo/frontend/node_modules/@vitest/runner/dist/index.js:915:26\n    at file:///workspace/repo/frontend/node_modules/@vitest/runner/dist/index.js:1243:20\n    at new Promise (<anonymous>)\n    at runWithTimeout (file:///workspace/repo/frontend/node_modules/@vitest/runner/dist/index.js:1209:10)","TypeError: React.act is not a function\n    at exports.act (/workspace/repo/frontend/node_modules/react-dom/cjs/react-dom-test-utils.production.js:20:16)\n    at /workspace/repo/frontend/node_modules/@testing-library/react/dist/act-compat.js:46:25\n    at /workspace/repo/frontend/node_modules/@testing-library/react/dist/pure.js:306:28\n    at Array.forEach (<anonymous>)\n    at cleanup (/workspace/repo/frontend/node_modules/@testing-library/react/dist/pure.js:302:22)\n    at file:///workspace/repo/frontend/node_modules/@vitest/runner/dist/index.js:145:11\n    at file:///workspace/repo/frontend/node_modules/@vitest/runner/dist/index.js:1243:20\n    at new Promise (<anonymous>)\n    at runWithTimeout (file:///workspace/repo/frontend/node_modules/@vitest/runner/dist/index.js:1209:10)\n    at runHook (file:///workspace/repo/frontend/node_modules/@vitest/runner/dist/index.js:1514:51)"],"meta":{}},{"ancestorTitles":["Task 2 - Reusable Base UI Components Library","Input Component"],"fullName":"Task 2 - Reusable Base UI Components Library Input Component handles required field indicator","status":"failed","title":"handles required field indicator","duration":0.7456849999998667,"failureMessages":["TypeError: React.act is not a function\n    at exports.act (/workspace/repo/frontend/node_modules/react-dom/cjs/react-dom-test-utils.production.js:20:16)\n    at /workspace/repo/frontend/node_modules/@testing-library/react/dist/act-compat.js:46:25\n    at renderRoot (/workspace/repo/frontend/node_modules/@testing-library/react/dist/pure.js:189:26)\n    at render (/workspace/repo/frontend/node_modules/@testing-library/react/dist/pure.js:291:10)\n    at /workspace/repo/frontend/tests/Task02-UIComponents.test.tsx:112:7\n    at file:///workspace/repo/frontend/node_modules/@vitest/runner/dist/index.js:145:11\n    at file:///workspace/repo/frontend/node_modules/@vitest/runner/dist/index.js:915:26\n    at file:///workspace/repo/frontend/node_modules/@vitest/runner/dist/index.js:1243:20\n    at new Promise (<anonymous>)\n    at runWithTimeout (file:///workspace/repo/frontend/node_modules/@vitest/runner/dist/index.js:1209:10)","TypeError: React.act is not a function\n    at exports.act (/workspace/repo/frontend/node_modules/react-dom/cjs/react-dom-test-utils.production.js:20:16)\n    at /workspace/repo/frontend/node_modules/@testing-library/react/dist/act-compat.js:46:25\n    at /workspace/repo/frontend/node_modules/@testing-library/react/dist/pure.js:306:28\n    at Array.forEach (<anonymous>)\n    at cleanup (/workspace/repo/frontend/node_modules/@testing-library/react/dist/pure.js:302:22)\n    at file:///workspace/repo/frontend/node_modules/@vitest/runner/dist/index.js:145:11\n    at file:///workspace/repo/frontend/node_modules/@vitest/runner/dist/index.js:1243:20\n    at new Promise (<anonymous>)\n    at runWithTimeout (file:///workspace/repo/frontend/node_modules/@vitest/runner/dist/index.js:1209:10)\n    at runHook (file:///workspace/repo/frontend/node_modules/@vitest/runner/dist/index.js:1514:51)"],"meta":{}},{"ancestorTitles":["Task 2 - Reusable Base UI Components Library","Input Component"],"fullName":"Task 2 - Reusable Base UI Components Library Input Component renders different input types","status":"failed","title":"renders different input types","duration":0.6987129999999979,"failureMessages":["TypeError: React.act is not a function\n    at exports.act (/workspace/repo/frontend/node_modules/react-dom/cjs/react-dom-test-utils.production.js:20:16)\n    at /workspace/repo/frontend/node_modules/@testing-library/react/dist/act-compat.js:46:25\n    at renderRoot (/workspace/repo/frontend/node_modules/@testing-library/react/dist/pure.js:189:26)\n    at render (/workspace/repo/frontend/node_modules/@testing-library/react/dist/pure.js:291:10)\n    at /workspace/repo/frontend/tests/Task02-UIComponents.test.tsx:117:7\n    at file:///workspace/repo/frontend/node_modules/@vitest/runner/dist/index.js:145:11\n    at file:///workspace/repo/frontend/node_modules/@vitest/runner/dist/index.js:915:26\n    at file:///workspace/repo/frontend/node_modules/@vitest/runner/dist/index.js:1243:20\n    at new Promise (<anonymous>)\n    at runWithTimeout (file:///workspace/repo/frontend/node_modules/@vitest/runner/dist/index.js:1209:10)","TypeError: React.act is not a function\n    at exports.act (/workspace/repo/frontend/node_modules/react-dom/cjs/react-dom-test-utils.production.js:20:16)\n    at /workspace/repo/frontend/node_modules/@testing-library/react/dist/act-compat.js:46:25\n    at /workspace/repo/frontend/node_modules/@testing-library/react/dist/pure.js:306:28\n    at Array.forEach (<anonymous>)\n    at cleanup (/workspace/repo/frontend/node_modules/@testing-library/react/dist/pure.js:302:22)\n    at file:///workspace/repo/frontend/node_modules/@vitest/runner/dist/index.js:145:11\n    at file:///workspace/repo/frontend/node_modules/@vitest/runner/dist/index.js:1243:20\n    at new Promise (<anonymous>)\n    at runWithTimeout (file:///workspace/repo/frontend/node_modules/@vitest/runner/dist/index.js:1209:10)\n    at runHook (file:///workspace/repo/frontend/node_modules/@vitest/runner/dist/index.js:1514:51)"],"meta":{}},{"ancestorTitles":["Task 2 - Reusable Base UI Components Library","Input Component"],"fullName":"Task 2 - Reusable Base UI Components Library Input Component renders input with left and right icons","status":"failed","title":"renders input with left and right icons","duration":0.8987609999999222,"failureMessages":["TypeError: React.act is not a function\n    at exports.act (/workspace/repo/frontend/node_modules/react-dom/cjs/react-dom-test-utils.production.js:20:16)\n    at /workspace/repo/frontend/node_modules/@testing-library/react/dist/act-compat.js:46:25\n    at renderRoot (/workspace/repo/frontend/node_modules/@testing-library/react/dist/pure.js:189:26)\n    at render (/workspace/repo/frontend/node_modules/@testing-library/react/dist/pure.js:291:10)\n    at /workspace/repo/frontend/tests/Task02-UIComponents.test.tsx:135:7\n    at file:///workspace/repo/frontend/node_modules/@vitest/runner/dist/index.js:145:11\n    at file:///workspace/repo/frontend/node_modules/@vitest/runner/dist/index.js:915:26\n    at file:///workspace/repo/frontend/node_modules/@vitest/runner/dist/index.js:1243:20\n    at new Promise (<anonymous>)\n    at runWithTimeout (file:///workspace/repo/frontend/node_modules/@vitest/runner/dist/index.js:1209:10)","TypeError: React.act is not a function\n    at exports.act (/workspace/repo/frontend/node_modules/react-dom/cjs/react-dom-test-utils.production.js:20:16)\n    at /workspace/repo/frontend/node_modules/@testing-library/react/dist/act-compat.js:46:25\n    at /workspace/repo/frontend/node_modules/@testing-library/react/dist/pure.js:306:28\n    at Array.forEach (<anonymous>)\n    at cleanup (/workspace/repo/frontend/node_modules/@testing-library/react/dist/pure.js:302:22)\n    at file:///workspace/repo/frontend/node_modules/@vitest/runner/dist/index.js:145:11\n    at file:///workspace/repo/frontend/node_modules/@vitest/runner/dist/index.js:1243:20\n    at new Promise (<anonymous>)\n    at runWithTimeout (file:///workspace/repo/frontend/node_modules/@vitest/runner/dist/index.js:1209:10)\n    at runHook (file:///workspace/repo/frontend/node_modules/@vitest/runner/dist/index.js:1514:51)"],"meta":{}},{"ancestorTitles":["Task 2 - Reusable Base UI Components Library","Input Component"],"fullName":"Task 2 - Reusable Base UI Components Library Input Component handles disabled and read-only states","status":"failed","title":"handles disabled and read-only states","duration":0.6312419999999292,"failureMessages":["TypeError: React.act is not a function\n    at exports.act (/workspace/repo/frontend/node_modules/react-dom/cjs/react-dom-test-utils.production.js:20:16)\n    at /workspace/repo/frontend/node_modules/@testing-library/react/dist/act-compat.js:46:25\n    at renderRoot (/workspace/repo/frontend/node_modules/@testing-library/react/dist/pure.js:189:26)\n    at render (/workspace/repo/frontend/node_modules/@testing-library/react/dist/pure.js:291:10)\n    at /workspace/repo/frontend/tests/Task02-UIComponents.test.tsx:147:7\n    at file:///workspace/repo/frontend/node_modules/@vitest/runner/dist/index.js:145:11\n    at file:///workspace/repo/frontend/node_modules/@vitest/runner/dist/index.js:915:26\n    at file:///workspace/repo/frontend/node_modules/@vitest/runner/dist/index.js:1243:20\n    at new Promise (<anonymous>)\n    at runWithTimeout (file:///workspace/repo/frontend/node_modules/@vitest/runner/dist/index.js:1209:10)","TypeError: React.act is not a function\n    at exports.act (/workspace/repo/frontend/node_modules/react-dom/cjs/react-dom-test-utils.production.js:20:16)\n    at /workspace/repo/frontend/node_modules/@testing-library/react/dist/act-compat.js:46:25\n    at /workspace/repo/frontend/node_modules/@testing-library/react/dist/pure.js:306:28\n    at Array.forEach (<anonymous>)\n    at cleanup (/workspace/repo/frontend/node_modules/@testing-library/react/dist/pure.js:302:22)\n    at file:///workspace/repo/frontend/node_modules/@vitest/runner/dist/index.js:145:11\n    at file:///workspace/repo/frontend/node_modules/@vitest/runner/dist/index.js:1243:20\n    at new Promise (<anonymous>)\n    at runWithTimeout (file:///workspace/repo/frontend/node_modules/@vitest/runner/dist/index.js:1209:10)\n    at runHook (file:///workspace/repo/frontend/node_modules/@vitest/runner/dist/index.js:1514:51)"],"meta":{}},{"ancestorTitles":["Task 2 - Reusable Base UI Components Library","Input Component"],"fullName":"Task 2 - Reusable Base UI Components Library Input Component handles onChange event","status":"failed","title":"handles onChange event","duration":0.6626330000001417,"failureMessages":["TypeError: React.act is not a function\n    at exports.act (/workspace/repo/frontend/node_modules/react-dom/cjs/react-dom-test-utils.production.js:20:16)\n    at /workspace/repo/frontend/node_modules/@testing-library/react/dist/act-compat.js:46:25\n    at renderRoot (/workspace/repo/frontend/node_modules/@testing-library/react/dist/pure.js:189:26)\n    at render (/workspace/repo/frontend/node_modules/@testing-library/react/dist/pure.js:291:10)\n    at /workspace/repo/frontend/tests/Task02-UIComponents.test.tsx:154:7\n    at file:///workspace/repo/frontend/node_modules/@vitest/runner/dist/index.js:145:11\n    at file:///workspace/repo/frontend/node_modules/@vitest/runner/dist/index.js:915:26\n    at file:///workspace/repo/frontend/node_modules/@vitest/runner/dist/index.js:1243:20\n    at new Promise (<anonymous>)\n    at runWithTimeout (file:///workspace/repo/frontend/node_modules/@vitest/runner/dist/index.js:1209:10)","TypeError: React.act is not a function\n    at exports.act (/workspace/repo/frontend/node_modules/react-dom/cjs/react-dom-test-utils.production.js:20:16)\n    at /workspace/repo/frontend/node_modules/@testing-library/react/dist/act-compat.js:46:25\n    at /workspace/repo/frontend/node_modules/@testing-library/react/dist/pure.js:306:28\n    at Array.forEach (<anonymous>)\n    at cleanup (/workspace/repo/frontend/node_modules/@testing-library/react/dist/pure.js:302:22)\n    at file:///workspace/repo/frontend/node_modules/@vitest/runner/dist/index.js:145:11\n    at file:///workspace/repo/frontend/node_modules/@vitest/runner/dist/index.js:1243:20\n    at new Promise (<anonymous>)\n    at runWithTimeout (file:///workspace/repo/frontend/node_modules/@vitest/runner/dist/index.js:1209:10)\n    at runHook (file:///workspace/repo/frontend/node_modules/@vitest/runner/dist/index.js:1514:51)"],"meta":{}},{"ancestorTitles":["Task 2 - Reusable Base UI Components Library","Input Component"],"fullName":"Task 2 - Reusable Base UI Components Library Input Component supports maxLength and minLength constraints","status":"failed","title":"supports maxLength and minLength constraints","duration":0.6472039999998742,"failureMessages":["TypeError: React.act is not a function\n    at exports.act (/workspace/repo/frontend/node_modules/react-dom/cjs/react-dom-test-utils.production.js:20:16)\n    at /workspace/repo/frontend/node_modules/@testing-library/react/dist/act-compat.js:46:25\n    at renderRoot (/workspace/repo/frontend/node_modules/@testing-library/react/dist/pure.js:189:26)\n    at render (/workspace/repo/frontend/node_modules/@testing-library/react/dist/pure.js:291:10)\n    at /workspace/repo/frontend/tests/Task02-UIComponents.test.tsx:162:7\n    at file:///workspace/repo/frontend/node_modules/@vitest/runner/dist/index.js:145:11\n    at file:///workspace/repo/frontend/node_modules/@vitest/runner/dist/index.js:915:26\n    at file:///workspace/repo/frontend/node_modules/@vitest/runner/dist/index.js:1243:20\n    at new Promise (<anonymous>)\n    at runWithTimeout (file:///workspace/repo/frontend/node_modules/@vitest/runner/dist/index.js:1209:10)","TypeError: React.act is not a function\n    at exports.act (/workspace/repo/frontend/node_modules/react-dom/cjs/react-dom-test-utils.production.js:20:16)\n    at /workspace/repo/frontend/node_modules/@testing-library/react/dist/act-compat.js:46:25\n    at /workspace/repo/frontend/node_modules/@testing-library/react/dist/pure.js:306:28\n    at Array.forEach (<anonymous>)\n    at cleanup (/workspace/repo/frontend/node_modules/@testing-library/react/dist/pure.js:302:22)\n    at file:///workspace/repo/frontend/node_modules/@vitest/runner/dist/index.js:145:11\n    at file:///workspace/repo/frontend/node_modules/@vitest/runner/dist/index.js:1243:20\n    at new Promise (<anonymous>)\n    at runWithTimeout (file:///workspace/repo/frontend/node_modules/@vitest/runner/dist/index.js:1209:10)\n    at runHook (file:///workspace/repo/frontend/node_modules/@vitest/runner/dist/index.js:1514:51)"],"meta":{}},{"ancestorTitles":["Task 2 - Reusable Base UI Components Library","Input Component"],"fullName":"Task 2 - Reusable Base UI Components Library Input Component has proper ARIA attributes","status":"failed","title":"has proper ARIA attributes","duration":0.6187290000000303,"failureMessages":["TypeError: React.act is not a function\n    at exports.act (/workspace/repo/frontend/node_modules/react-dom/cjs/react-dom-test-utils.production.js:20:16)\n    at /workspace/repo/frontend/node_modules/@testing-library/react/dist/act-compat.js:46:25\n    at renderRoot (/workspace/repo/frontend/node_modules/@testing-library/react/dist/pure.js:189:26)\n    at render (/workspace/repo/frontend/node_modules/@testing-library/react/dist/pure.js:291:10)\n    at /workspace/repo/frontend/tests/Task02-UIComponents.test.tsx:169:7\n    at file:///workspace/repo/frontend/node_modules/@vitest/runner/dist/index.js:145:11\n    at file:///workspace/repo/frontend/node_modules/@vitest/runner/dist/index.js:915:26\n    at file:///workspace/repo/frontend/node_modules/@vitest/runner/dist/index.js:1243:20\n    at new Promise (<anonymous>)\n    at runWithTimeout (file:///workspace/repo/frontend/node_modules/@vitest/runner/dist/index.js:1209:10)","TypeError: React.act is not a function\n    at exports.act (/workspace/repo/frontend/node_modules/react-dom/cjs/react-dom-test-utils.production.js:20:16)\n    at /workspace/repo/frontend/node_modules/@testing-library/react/dist/act-compat.js:46:25\n    at /workspace/repo/frontend/node_modules/@testing-library/react/dist/pure.js:306:28\n    at Array.forEach (<anonymous>)\n    at cleanup (/workspace/repo/frontend/node_modules/@testing-library/react/dist/pure.js:302:22)\n    at file:///workspace/repo/frontend/node_modules/@vitest/runner/dist/index.js:145:11\n    at file:///workspace/repo/frontend/node_modules/@vitest/runner/dist/index.js:1243:20\n    at new Promise (<anonymous>)\n    at runWithTimeout (file:///workspace/repo/frontend/node_modules/@vitest/runner/dist/index.js:1209:10)\n    at runHook (file:///workspace/repo/frontend/node_modules/@vitest/runner/dist/index.js:1514:51)"],"meta":{}},{"ancestorTitles":["Task 2 - Reusable Base UI Components Library","Select Component"],"fullName":"Task 2 - Reusable Base UI Components Library Select Component renders select with label and options","status":"failed","title":"renders select with label and options","duration":1.3146060000001398,"failureMessages":["TypeError: React.act is not a function\n    at exports.act (/workspace/repo/frontend/node_modules/react-dom/cjs/react-dom-test-utils.production.js:20:16)\n    at /workspace/repo/frontend/node_modules/@testing-library/react/dist/act-compat.js:46:25\n    at renderRoot (/workspace/repo/frontend/node_modules/@testing-library/react/dist/pure.js:189:26)\n    at render (/workspace/repo/frontend/node_modules/@testing-library/react/dist/pure.js:291:10)\n    at /workspace/repo/frontend/tests/Task02-UIComponents.test.tsx:186:7\n    at file:///workspace/repo/frontend/node_modules/@vitest/runner/dist/index.js:145:11\n    at file:///workspace/repo/frontend/node_modules/@vitest/runner/dist/index.js:915:26\n    at file:///workspace/repo/frontend/node_modules/@vitest/runner/dist/index.js:1243:20\n    at new Promise (<anonymous>)\n    at runWithTimeout (file:///workspace/repo/frontend/node_modules/@vitest/runner/dist/index.js:1209:10)","TypeError: React.act is not a function\n    at exports.act (/workspace/repo/frontend/node_modules/react-dom/cjs/react-dom-test-utils.production.js:20:16)\n    at /workspace/repo/frontend/node_modules/@testing-library/react/dist/act-compat.js:46:25\n    at /workspace/repo/frontend/node_modules/@testing-library/react/dist/pure.js:306:28\n    at Array.forEach (<anonymous>)\n    at cleanup (/workspace/repo/frontend/node_modules/@testing-library/react/dist/pure.js:302:22)\n    at file:///workspace/repo/frontend/node_modules/@vitest/runner/dist/index.js:145:11\n    at file:///workspace/repo/frontend/node_modules/@vitest/runner/dist/index.js:1243:20\n    at new Promise (<anonymous>)\n    at runWithTimeout (file:///workspace/repo/frontend/node_modules/@vitest/runner/dist/index.js:1209:10)\n    at runHook (file:///workspace/repo/frontend/node_modules/@vitest/runner/dist/index.js:1514:51)"],"meta":{}},{"ancestorTitles":["Task 2 - Reusable Base UI Components Library","Select Component"],"fullName":"Task 2 - Reusable Base UI Components Library Select Component renders select with error state","status":"failed","title":"renders select with error state","duration":0.6981930000001739,"failureMessages":["TypeError: React.act is not a function\n    at exports.act (/workspace/repo/frontend/node_modules/react-dom/cjs/react-dom-test-utils.production.js:20:16)\n    at /workspace/repo/frontend/node_modules/@testing-library/react/dist/act-compat.js:46:25\n    at renderRoot (/workspace/repo/frontend/node_modules/@testing-library/react/dist/pure.js:189:26)\n    at render (/workspace/repo/frontend/node_modules/@testing-library/react/dist/pure.js:291:10)\n    at /workspace/repo/frontend/tests/Task02-UIComponents.test.tsx:194:7\n    at file:///workspace/repo/frontend/node_modules/@vitest/runner/dist/index.js:145:11\n    at file:///workspace/repo/frontend/node_modules/@vitest/runner/dist/index.js:915:26\n    at file:///workspace/repo/frontend/node_modules/@vitest/runner/dist/index.js:1243:20\n    at new Promise (<anonymous>)\n    at runWithTimeout (file:///workspace/repo/frontend/node_modules/@vitest/runner/dist/index.js:1209:10)","TypeError: React.act is not a function\n    at exports.act (/workspace/repo/frontend/node_modules/react-dom/cjs/react-dom-test-utils.production.js:20:16)\n    at /workspace/repo/frontend/node_modules/@testing-library/react/dist/act-compat.js:46:25\n    at /workspace/repo/frontend/node_modules/@testing-library/react/dist/pure.js:306:28\n    at Array.forEach (<anonymous>)\n    at cleanup (/workspace/repo/frontend/node_modules/@testing-library/react/dist/pure.js:302:22)\n    at file:///workspace/repo/frontend/node_modules/@vitest/runner/dist/index.js:145:11\n    at file:///workspace/repo/frontend/node_modules/@vitest/runner/dist/index.js:1243:20\n    at new Promise (<anonymous>)\n    at runWithTimeout (file:///workspace/repo/frontend/node_modules/@vitest/runner/dist/index.js:1209:10)\n    at runHook (file:///workspace/repo/frontend/node_modules/@vitest/runner/dist/index.js:1514:51)"],"meta":{}},{"ancestorTitles":["Task 2 - Reusable Base UI Components Library","Select Component"],"fullName":"Task 2 - Reusable Base UI Components Library Select Component renders select with helper text","status":"failed","title":"renders select with helper text","duration":0.529926999999816,"failureMessages":["TypeError: React.act is not a function\n    at exports.act (/workspace/repo/frontend/node_modules/react-dom/cjs/react-dom-test-utils.production.js:20:16)\n    at /workspace/repo/frontend/node_modules/@testing-library/react/dist/act-compat.js:46:25\n    at renderRoot (/workspace/repo/frontend/node_modules/@testing-library/react/dist/pure.js:189:26)\n    at render (/workspace/repo/frontend/node_modules/@testing-library/react/dist/pure.js:291:10)\n    at /workspace/repo/frontend/tests/Task02-UIComponents.test.tsx:199:7\n    at file:///workspace/repo/frontend/node_modules/@vitest/runner/dist/index.js:145:11\n    at file:///workspace/repo/frontend/node_modules/@vitest/runner/dist/index.js:915:26\n    at file:///workspace/repo/frontend/node_modules/@vitest/runner/dist/index.js:1243:20\n    at new Promise (<anonymous>)\n    at runWithTimeout (file:///workspace/repo/frontend/node_modules/@vitest/runner/dist/index.js:1209:10)","TypeError: React.act is not a function\n    at exports.act (/workspace/repo/frontend/node_modules/react-dom/cjs/react-dom-test-utils.production.js:20:16)\n    at /workspace/repo/frontend/node_modules/@testing-library/react/dist/act-compat.js:46:25\n    at /workspace/repo/frontend/node_modules/@testing-library/react/dist/pure.js:306:28\n    at Array.forEach (<anonymous>)\n    at cleanup (/workspace/repo/frontend/node_modules/@testing-library/react/dist/pure.js:302:22)\n    at file:///workspace/repo/frontend/node_modules/@vitest/runner/dist/index.js:145:11\n    at file:///workspace/repo/frontend/node_modules/@vitest/runner/dist/index.js:1243:20\n    at new Promise (<anonymous>)\n    at runWithTimeout (file:///workspace/repo/frontend/node_modules/@vitest/runner/dist/index.js:1209:10)\n    at runHook (file:///workspace/repo/frontend/node_modules/@vitest/runner/dist/index.js:1514:51)"],"meta":{}},{"ancestorTitles":["Task 2 - Reusable Base UI Components Library","Select Component"],"fullName":"Task 2 - Reusable Base UI Components Library Select Component handles disabled state","status":"failed","title":"handles disabled state","duration":0.594662999999855,"failureMessages":["TypeError: React.act is not a function\n    at exports.act (/workspace/repo/frontend/node_modules/react-dom/cjs/react-dom-test-utils.production.js:20:16)\n    at /workspace/repo/frontend/node_modules/@testing-library/react/dist/act-compat.js:46:25\n    at renderRoot (/workspace/repo/frontend/node_modules/@testing-library/react/dist/pure.js:189:26)\n    at render (/workspace/repo/frontend/node_modules/@testing-library/react/dist/pure.js:291:10)\n    at /workspace/repo/frontend/tests/Task02-UIComponents.test.tsx:204:7\n    at file:///workspace/repo/frontend/node_modules/@vitest/runner/dist/index.js:145:11\n    at file:///workspace/repo/frontend/node_modules/@vitest/runner/dist/index.js:915:26\n    at file:///workspace/repo/frontend/node_modules/@vitest/runner/dist/index.js:1243:20\n    at new Promise (<anonymous>)\n    at runWithTimeout (file:///workspace/repo/frontend/node_modules/@vitest/runner/dist/index.js:1209:10)","TypeError: React.act is not a function\n    at exports.act (/workspace/repo/frontend/node_modules/react-dom/cjs/react-dom-test-utils.production.js:20:16)\n    at /workspace/repo/frontend/node_modules/@testing-library/react/dist/act-compat.js:46:25\n    at /workspace/repo/frontend/node_modules/@testing-library/react/dist/pure.js:306:28\n    at Array.forEach (<anonymous>)\n    at cleanup (/workspace/repo/frontend/node_modules/@testing-library/react/dist/pure.js:302:22)\n    at file:///workspace/repo/frontend/node_modules/@vitest/runner/dist/index.js:145:11\n    at file:///workspace/repo/frontend/node_modules/@vitest/runner/dist/index.js:1243:20\n    at new Promise (<anonymous>)\n    at runWithTimeout (file:///workspace/repo/frontend/node_modules/@vitest/runner/dist/index.js:1209:10)\n    at runHook (file:///workspace/repo/frontend/node_modules/@vitest/runner/dist/index.js:1514:51)"],"meta":{}},{"ancestorTitles":["Task 2 - Reusable Base UI Components Library","Select Component"],"fullName":"Task 2 - Reusable Base UI Components Library Select Component supports multiple select","status":"failed","title":"supports multiple select","duration":0.5668869999999515,"failureMessages":["TypeError: React.act is not a function\n    at exports.act (/workspace/repo/frontend/node_modules/react-dom/cjs/react-dom-test-utils.production.js:20:16)\n    at /workspace/repo/frontend/node_modules/@testing-library/react/dist/act-compat.js:46:25\n    at renderRoot (/workspace/repo/frontend/node_modules/@testing-library/react/dist/pure.js:189:26)\n    at render (/workspace/repo/frontend/node_modules/@testing-library/react/dist/pure.js:291:10)\n    at /workspace/repo/frontend/tests/Task02-UIComponents.test.tsx:210:7\n    at file:///workspace/repo/frontend/node_modules/@vitest/runner/dist/index.js:145:11\n    at file:///workspace/repo/frontend/node_modules/@vitest/runner/dist/index.js:915:26\n    at file:///workspace/repo/frontend/node_modules/@vitest/runner/dist/index.js:1243:20\n    at new Promise (<anonymous>)\n    at runWithTimeout (file:///workspace/repo/frontend/node_modules/@vitest/runner/dist/index.js:1209:10)","TypeError: React.act is not a function\n    at exports.act (/workspace/repo/frontend/node_modules/react-dom/cjs/react-dom-test-utils.production.js:20:16)\n    at /workspace/repo/frontend/node_modules/@testing-library/react/dist/act-compat.js:46:25\n    at /workspace/repo/frontend/node_modules/@testing-library/react/dist/pure.js:306:28\n    at Array.forEach (<anonymous>)\n    at cleanup (/workspace/repo/frontend/node_modules/@testing-library/react/dist/pure.js:302:22)\n    at file:///workspace/repo/frontend/node_modules/@vitest/runner/dist/index.js:145:11\n    at file:///workspace/repo/frontend/node_modules/@vitest/runner/dist/index.js:1243:20\n    at new Promise (<anonymous>)\n    at runWithTimeout (file:///workspace/repo/frontend/node_modules/@vitest/runner/dist/index.js:1209:10)\n    at runHook (file:///workspace/repo/frontend/node_modules/@vitest/runner/dist/index.js:1514:51)"],"meta":{}},{"ancestorTitles":["Task 2 - Reusable Base UI Components Library","Select Component"],"fullName":"Task 2 - Reusable Base UI Components Library Select Component has proper ARIA attributes","status":"failed","title":"has proper ARIA attributes","duration":0.5439140000000862,"failureMessages":["TypeError: React.act is not a function\n    at exports.act (/workspace/repo/frontend/node_modules/react-dom/cjs/react-dom-test-utils.production.js:20:16)\n    at /workspace/repo/frontend/node_modules/@testing-library/react/dist/act-compat.js:46:25\n    at renderRoot (/workspace/repo/frontend/node_modules/@testing-library/react/dist/pure.js:189:26)\n    at render (/workspace/repo/frontend/node_modules/@testing-library/react/dist/pure.js:291:10)\n    at /workspace/repo/frontend/tests/Task02-UIComponents.test.tsx:216:7\n    at file:///workspace/repo/frontend/node_modules/@vitest/runner/dist/index.js:145:11\n    at file:///workspace/repo/frontend/node_modules/@vitest/runner/dist/index.js:915:26\n    at file:///workspace/repo/frontend/node_modules/@vitest/runner/dist/index.js:1243:20\n    at new Promise (<anonymous>)\n    at runWithTimeout (file:///workspace/repo/frontend/node_modules/@vitest/runner/dist/index.js:1209:10)","TypeError: React.act is not a function\n    at exports.act (/workspace/repo/frontend/node_modules/react-dom/cjs/react-dom-test-utils.production.js:20:16)\n    at /workspace/repo/frontend/node_modules/@testing-library/react/dist/act-compat.js:46:25\n    at /workspace/repo/frontend/node_modules/@testing-library/react/dist/pure.js:306:28\n    at Array.forEach (<anonymous>)\n    at cleanup (/workspace/repo/frontend/node_modules/@testing-library/react/dist/pure.js:302:22)\n    at file:///workspace/repo/frontend/node_modules/@vitest/runner/dist/index.js:145:11\n    at file:///workspace/repo/frontend/node_modules/@vitest/runner/dist/index.js:1243:20\n    at new Promise (<anonymous>)\n    at runWithTimeout (file:///workspace/repo/frontend/node_modules/@vitest/runner/dist/index.js:1209:10)\n    at runHook (file:///workspace/repo/frontend/node_modules/@vitest/runner/dist/index.js:1514:51)"],"meta":{}},{"ancestorTitles":["Task 2 - Reusable Base UI Components Library","Checkbox Component"],"fullName":"Task 2 - Reusable Base UI Components Library Checkbox Component renders checkbox with label","status":"failed","title":"renders checkbox with label","duration":0.6006930000000921,"failureMessages":["TypeError: React.act is not a function\n    at exports.act (/workspace/repo/frontend/node_modules/react-dom/cjs/react-dom-test-utils.production.js:20:16)\n    at /workspace/repo/frontend/node_modules/@testing-library/react/dist/act-compat.js:46:25\n    at renderRoot (/workspace/repo/frontend/node_modules/@testing-library/react/dist/pure.js:189:26)\n    at render (/workspace/repo/frontend/node_modules/@testing-library/react/dist/pure.js:291:10)\n    at /workspace/repo/frontend/tests/Task02-UIComponents.test.tsx:224:7\n    at file:///workspace/repo/frontend/node_modules/@vitest/runner/dist/index.js:145:11\n    at file:///workspace/repo/frontend/node_modules/@vitest/runner/dist/index.js:915:26\n    at file:///workspace/repo/frontend/node_modules/@vitest/runner/dist/index.js:1243:20\n    at new Promise (<anonymous>)\n    at runWithTimeout (file:///workspace/repo/frontend/node_modules/@vitest/runner/dist/index.js:1209:10)","TypeError: React.act is not a function\n    at exports.act (/workspace/repo/frontend/node_modules/react-dom/cjs/react-dom-test-utils.production.js:20:16)\n    at /workspace/repo/frontend/node_modules/@testing-library/react/dist/act-compat.js:46:25\n    at /workspace/repo/frontend/node_modules/@testing-library/react/dist/pure.js:306:28\n    at Array.forEach (<anonymous>)\n    at cleanup (/workspace/repo/frontend/node_modules/@testing-library/react/dist/pure.js:302:22)\n    at file:///workspace/repo/frontend/node_modules/@vitest/runner/dist/index.js:145:11\n    at file:///workspace/repo/frontend/node_modules/@vitest/runner/dist/index.js:1243:20\n    at new Promise (<anonymous>)\n    at runWithTimeout (file:///workspace/repo/frontend/node_modules/@vitest/runner/dist/index.js:1209:10)\n    at runHook (file:///workspace/repo/frontend/node_modules/@vitest/runner/dist/index.js:1514:51)"],"meta":{}},{"ancestorTitles":["Task 2 - Reusable Base UI Components Library","Checkbox Component"],"fullName":"Task 2 - Reusable Base UI Components Library Checkbox Component handles checked and unchecked states","status":"failed","title":"handles checked and unchecked states","duration":0.5373710000001211,"failureMessages":["TypeError: React.act is not a function\n    at exports.act (/workspace/repo/frontend/node_modules/react-dom/cjs/react-dom-test-utils.production.js:20:16)\n    at /workspace/repo/frontend/node_modules/@testing-library/react/dist/act-compat.js:46:25\n    at renderRoot (/workspace/repo/frontend/node_modules/@testing-library/react/dist/pure.js:189:26)\n    at render (/workspace/repo/frontend/node_modules/@testing-library/react/dist/pure.js:291:10)\n    at /workspace/repo/frontend/tests/Task02-UIComponents.test.tsx:229:28\n    at file:///workspace/repo/frontend/node_modules/@vitest/runner/dist/index.js:145:11\n    at file:///workspace/repo/frontend/node_modules/@vitest/runner/dist/index.js:915:26\n    at file:///workspace/repo/frontend/node_modules/@vitest/runner/dist/index.js:1243:20\n    at new Promise (<anonymous>)\n    at runWithTimeout (file:///workspace/repo/frontend/node_modules/@vitest/runner/dist/index.js:1209:10)","TypeError: React.act is not a function\n    at exports.act (/workspace/repo/frontend/node_modules/react-dom/cjs/react-dom-test-utils.production.js:20:16)\n    at /workspace/repo/frontend/node_modules/@testing-library/react/dist/act-compat.js:46:25\n    at /workspace/repo/frontend/node_modules/@testing-library/react/dist/pure.js:306:28\n    at Array.forEach (<anonymous>)\n    at cleanup (/workspace/repo/frontend/node_modules/@testing-library/react/dist/pure.js:302:22)\n    at file:///workspace/repo/frontend/node_modules/@vitest/runner/dist/index.js:145:11\n    at file:///workspace/repo/frontend/node_modules/@vitest/runner/dist/index.js:1243:20\n    at new Promise (<anonymous>)\n    at runWithTimeout (file:///workspace/repo/frontend/node_modules/@vitest/runner/dist/index.js:1209:10)\n    at runHook (file:///workspace/repo/frontend/node_modules/@vitest/runner/dist/index.js:1514:51)"],"meta":{}},{"ancestorTitles":["Task 2 - Reusable Base UI Components Library","Checkbox Component"],"fullName":"Task 2 - Reusable Base UI Components Library Checkbox Component handles disabled state","status":"failed","title":"handles disabled state","duration":0.5818870000000516,"failureMessages":["TypeError: React.act is not a function\n    at exports.act (/workspace/repo/frontend/node_modules/react-dom/cjs/react-dom-test-utils.production.js:20:16)\n    at /workspace/repo/frontend/node_modules/@testing-library/react/dist/act-compat.js:46:25\n    at renderRoot (/workspace/repo/frontend/node_modules/@testing-library/react/dist/pure.js:189:26)\n    at render (/workspace/repo/frontend/node_modules/@testing-library/react/dist/pure.js:291:10)\n    at /workspace/repo/frontend/tests/Task02-UIComponents.test.tsx:237:7\n    at file:///workspace/repo/frontend/node_modules/@vitest/runner/dist/index.js:145:11\n    at file:///workspace/repo/frontend/node_modules/@vitest/runner/dist/index.js:915:26\n    at file:///workspace/repo/frontend/node_modules/@vitest/runner/dist/index.js:1243:20\n    at new Promise (<anonymous>)\n    at runWithTimeout (file:///workspace/repo/frontend/node_modules/@vitest/runner/dist/index.js:1209:10)","TypeError: React.act is not a function\n    at exports.act (/workspace/repo/frontend/node_modules/react-dom/cjs/react-dom-test-utils.production.js:20:16)\n    at /workspace/repo/frontend/node_modules/@testing-library/react/dist/act-compat.js:46:25\n    at /workspace/repo/frontend/node_modules/@testing-library/react/dist/pure.js:306:28\n    at Array.forEach (<anonymous>)\n    at cleanup (/workspace/repo/frontend/node_modules/@testing-library/react/dist/pure.js:302:22)\n    at file:///workspace/repo/frontend/node_modules/@vitest/runner/dist/index.js:145:11\n    at file:///workspace/repo/frontend/node_modules/@vitest/runner/dist/index.js:1243:20\n    at new Promise (<anonymous>)\n    at runWithTimeout (file:///workspace/repo/frontend/node_modules/@vitest/runner/dist/index.js:1209:10)\n    at runHook (file:///workspace/repo/frontend/node_modules/@vitest/runner/dist/index.js:1514:51)"],"meta":{}},{"ancestorTitles":["Task 2 - Reusable Base UI Components Library","Checkbox Component"],"fullName":"Task 2 - Reusable Base UI Components Library Checkbox Component handles onChange event","status":"failed","title":"handles onChange event","duration":0.5641020000000481,"failureMessages":["TypeError: React.act is not a function\n    at exports.act (/workspace/repo/frontend/node_modules/react-dom/cjs/react-dom-test-utils.production.js:20:16)\n    at /workspace/repo/frontend/node_modules/@testing-library/react/dist/act-compat.js:46:25\n    at renderRoot (/workspace/repo/frontend/node_modules/@testing-library/react/dist/pure.js:189:26)\n    at render (/workspace/repo/frontend/node_modules/@testing-library/react/dist/pure.js:291:10)\n    at /workspace/repo/frontend/tests/Task02-UIComponents.test.tsx:244:7\n    at file:///workspace/repo/frontend/node_modules/@vitest/runner/dist/index.js:145:11\n    at file:///workspace/repo/frontend/node_modules/@vitest/runner/dist/index.js:915:26\n    at file:///workspace/repo/frontend/node_modules/@vitest/runner/dist/index.js:1243:20\n    at new Promise (<anonymous>)\n    at runWithTimeout (file:///workspace/repo/frontend/node_modules/@vitest/runner/dist/index.js:1209:10)","TypeError: React.act is not a function\n    at exports.act (/workspace/repo/frontend/node_modules/react-dom/cjs/react-dom-test-utils.production.js:20:16)\n    at /workspace/repo/frontend/node_modules/@testing-library/react/dist/act-compat.js:46:25\n    at /workspace/repo/frontend/node_modules/@testing-library/react/dist/pure.js:306:28\n    at Array.forEach (<anonymous>)\n    at cleanup (/workspace/repo/frontend/node_modules/@testing-library/react/dist/pure.js:302:22)\n    at file:///workspace/repo/frontend/node_modules/@vitest/runner/dist/index.js:145:11\n    at file:///workspace/repo/frontend/node_modules/@vitest/runner/dist/index.js:1243:20\n    at new Promise (<anonymous>)\n    at runWithTimeout (file:///workspace/repo/frontend/node_modules/@vitest/runner/dist/index.js:1209:10)\n    at runHook (file:///workspace/repo/frontend/node_modules/@vitest/runner/dist/index.js:1514:51)"],"meta":{}},{"ancestorTitles":["Task 2 - Reusable Base UI Components Library","Checkbox Component"],"fullName":"Task 2 - Reusable Base UI Components Library Checkbox Component has proper ARIA attributes","status":"failed","title":"has proper ARIA attributes","duration":9.929755999999998,"failureMessages":["TypeError: React.act is not a function\n    at exports.act (/workspace/repo/frontend/node_modules/react-dom/cjs/react-dom-test-utils.production.js:20:16)\n    at /workspace/repo/frontend/node_modules/@testing-library/react/dist/act-compat.js:46:25\n    at renderRoot (/workspace/repo/frontend/node_modules/@testing-library/react/dist/pure.js:189:26)\n    at render (/workspace/repo/frontend/node_modules/@testing-library/react/dist/pure.js:291:10)\n    at /workspace/repo/frontend/tests/Task02-UIComponents.test.tsx:251:7\n    at file:///workspace/repo/frontend/node_modules/@vitest/runner/dist/index.js:145:11\n    at file:///workspace/repo/frontend/node_modules/@vitest/runner/dist/index.js:915:26\n    at file:///workspace/repo/frontend/node_modules/@vitest/runner/dist/index.js:1243:20\n    at new Promise (<anonymous>)\n    at runWithTimeout (file:///workspace/repo/frontend/node_modules/@vitest/runner/dist/index.js:1209:10)","TypeError: React.act is not a function\n    at exports.act (/workspace/repo/frontend/node_modules/react-dom/cjs/react-dom-test-utils.production.js:20:16)\n    at /workspace/repo/frontend/node_modules/@testing-library/react/dist/act-compat.js:46:25\n    at /workspace/repo/frontend/node_modules/@testing-library/react/dist/pure.js:306:28\n    at Array.forEach (<anonymous>)\n    at cleanup (/workspace/repo/frontend/node_modules/@testing-library/react/dist/pure.js:302:22)\n    at file:///workspace/repo/frontend/node_modules/@vitest/runner/dist/index.js:145:11\n    at file:///workspace/repo/frontend/node_modules/@vitest/runner/dist/index.js:1243:20\n    at new Promise (<anonymous>)\n    at runWithTimeout (file:///workspace/repo/frontend/node_modules/@vitest/runner/dist/index.js:1209:10)\n    at runHook (file:///workspace/repo/frontend/node_modules/@vitest/runner/dist/index.js:1514:51)"],"meta":{}},{"ancestorTitles":["Task 2 - Reusable Base UI Components Library","Component Composition"],"fullName":"Task 2 - Reusable Base UI Components Library Component Composition Button and Input work together","status":"failed","title":"Button and Input work together","duration":0.683283000000074,"failureMessages":["TypeError: React.act is not a function\n    at exports.act (/workspace/repo/frontend/node_modules/react-dom/cjs/react-dom-test-utils.production.js:20:16)\n    at /workspace/repo/frontend/node_modules/@testing-library/react/dist/act-compat.js:46:25\n    at renderRoot (/workspace/repo/frontend/node_modules/@testing-library/react/dist/pure.js:189:26)\n    at render (/workspace/repo/frontend/node_modules/@testing-library/react/dist/pure.js:291:10)\n    at /workspace/repo/frontend/tests/Task02-UIComponents.test.tsx:259:7\n    at file:///workspace/repo/frontend/node_modules/@vitest/runner/dist/index.js:145:11\n    at file:///workspace/repo/frontend/node_modules/@vitest/runner/dist/index.js:915:26\n    at file:///workspace/repo/frontend/node_modules/@vitest/runner/dist/index.js:1243:20\n    at new Promise (<anonymous>)\n    at runWithTimeout (file:///workspace/repo/frontend/node_modules/@vitest/runner/dist/index.js:1209:10)","TypeError: React.act is not a function\n    at exports.act (/workspace/repo/frontend/node_modules/react-dom/cjs/react-dom-test-utils.production.js:20:16)\n    at /workspace/repo/frontend/node_modules/@testing-library/react/dist/act-compat.js:46:25\n    at /workspace/repo/frontend/node_modules/@testing-library/react/dist/pure.js:306:28\n    at Array.forEach (<anonymous>)\n    at cleanup (/workspace/repo/frontend/node_modules/@testing-library/react/dist/pure.js:302:22)\n    at file:///workspace/repo/frontend/node_modules/@vitest/runner/dist/index.js:145:11\n    at file:///workspace/repo/frontend/node_modules/@vitest/runner/dist/index.js:1243:20\n    at new Promise (<anonymous>)\n    at runWithTimeout (file:///workspace/repo/frontend/node_modules/@vitest/runner/dist/index.js:1209:10)\n    at runHook (file:///workspace/repo/frontend/node_modules/@vitest/runner/dist/index.js:1514:51)"],"meta":{}},{"ancestorTitles":["Task 2 - Reusable Base UI Components Library","Component Composition"],"fullName":"Task 2 - Reusable Base UI Components Library Component Composition multiple form controls maintain consistent styling","status":"failed","title":"multiple form controls maintain consistent styling","duration":0.6452499999998054,"failureMessages":["TypeError: React.act is not a function\n    at exports.act (/workspace/repo/frontend/node_modules/react-dom/cjs/react-dom-test-utils.production.js:20:16)\n    at /workspace/repo/frontend/node_modules/@testing-library/react/dist/act-compat.js:46:25\n    at renderRoot (/workspace/repo/frontend/node_modules/@testing-library/react/dist/pure.js:189:26)\n    at render (/workspace/repo/frontend/node_modules/@testing-library/react/dist/pure.js:291:10)\n    at /workspace/repo/frontend/tests/Task02-UIComponents.test.tsx:271:7\n    at file:///workspace/repo/frontend/node_modules/@vitest/runner/dist/index.js:145:11\n    at file:///workspace/repo/frontend/node_modules/@vitest/runner/dist/index.js:915:26\n    at file:///workspace/repo/frontend/node_modules/@vitest/runner/dist/index.js:1243:20\n    at new Promise (<anonymous>)\n    at runWithTimeout (file:///workspace/repo/frontend/node_modules/@vitest/runner/dist/index.js:1209:10)","TypeError: React.act is not a function\n    at exports.act (/workspace/repo/frontend/node_modules/react-dom/cjs/react-dom-test-utils.production.js:20:16)\n    at /workspace/repo/frontend/node_modules/@testing-library/react/dist/act-compat.js:46:25\n    at /workspace/repo/frontend/node_modules/@testing-library/react/dist/pure.js:306:28\n    at Array.forEach (<anonymous>)\n    at cleanup (/workspace/repo/frontend/node_modules/@testing-library/react/dist/pure.js:302:22)\n    at file:///workspace/repo/frontend/node_modules/@vitest/runner/dist/index.js:145:11\n    at file:///workspace/repo/frontend/node_modules/@vitest/runner/dist/index.js:1243:20\n    at new Promise (<anonymous>)\n    at runWithTimeout (file:///workspace/repo/frontend/node_modules/@vitest/runner/dist/index.js:1209:10)\n    at runHook (file:///workspace/repo/frontend/node_modules/@vitest/runner/dist/index.js:1514:51)"],"meta":{}}],"startTime":1766767636505,"endTime":1766767636565.6453,"status":"failed","message":"","name":"/workspace/repo/frontend/tests/Task02-UIComponents.test.tsx"},{"assertionResults":[{"ancestorTitles":["Task 3 - Role-based Navigation Structure","Sitemap Structure"],"fullName":"Task 3 - Role-based Navigation Structure Sitemap Structure includes all roles defined in PRD","status":"passed","title":"includes all roles defined in PRD","duration":1.6516100000001188,"failureMessages":[],"meta":{}},{"ancestorTitles":["Task 3 - Role-based Navigation Structure","Sitemap Structure"],"fullName":"Task 3 - Role-based Navigation Structure Sitemap Structure maps sections to each role correctly","status":"passed","title":"maps sections to each role correctly","duration":0.4469970000000103,"failureMessages":[],"meta":{}},{"ancestorTitles":["Task 3 - Role-based Navigation Structure","Sitemap Structure"],"fullName":"Task 3 - Role-based Navigation Structure Sitemap Structure includes vertical context for hostel-specific sections","status":"passed","title":"includes vertical context for hostel-specific sections","duration":0.3776319999999487,"failureMessages":[],"meta":{}},{"ancestorTitles":["Task 3 - Role-based Navigation Structure","Navigation Patterns"],"fullName":"Task 3 - Role-based Navigation Structure Navigation Patterns top nav displays correctly","status":"failed","title":"top nav displays correctly","duration":6.627009000000044,"failureMessages":["TypeError: React.act is not a function\n    at exports.act (/workspace/repo/frontend/node_modules/react-dom/cjs/react-dom-test-utils.production.js:20:16)\n    at /workspace/repo/frontend/node_modules/@testing-library/react/dist/act-compat.js:46:25\n    at renderRoot (/workspace/repo/frontend/node_modules/@testing-library/react/dist/pure.js:189:26)\n    at render (/workspace/repo/frontend/node_modules/@testing-library/react/dist/pure.js:291:10)\n    at /workspace/repo/frontend/tests/Task03-NavigationStructure.test.tsx:59:7\n    at file:///workspace/repo/frontend/node_modules/@vitest/runner/dist/index.js:145:11\n    at file:///workspace/repo/frontend/node_modules/@vitest/runner/dist/index.js:915:26\n    at file:///workspace/repo/frontend/node_modules/@vitest/runner/dist/index.js:1243:20\n    at new Promise (<anonymous>)\n    at runWithTimeout (file:///workspace/repo/frontend/node_modules/@vitest/runner/dist/index.js:1209:10)","TypeError: React.act is not a function\n    at exports.act (/workspace/repo/frontend/node_modules/react-dom/cjs/react-dom-test-utils.production.js:20:16)\n    at /workspace/repo/frontend/node_modules/@testing-library/react/dist/act-compat.js:46:25\n    at /workspace/repo/frontend/node_modules/@testing-library/react/dist/pure.js:306:28\n    at Array.forEach (<anonymous>)\n    at cleanup (/workspace/repo/frontend/node_modules/@testing-library/react/dist/pure.js:302:22)\n    at /workspace/repo/frontend/vitest.setup.ts:9:3\n    at file:///workspace/repo/frontend/node_modules/@vitest/runner/dist/index.js:145:11\n    at file:///workspace/repo/frontend/node_modules/@vitest/runner/dist/index.js:1243:20\n    at new Promise (<anonymous>)\n    at runWithTimeout (file:///workspace/repo/frontend/node_modules/@vitest/runner/dist/index.js:1209:10)"],"meta":{}},{"ancestorTitles":["Task 3 - Role-based Navigation Structure","Navigation Patterns"],"fullName":"Task 3 - Role-based Navigation Structure Navigation Patterns side nav displays correctly","status":"failed","title":"side nav displays correctly","duration":1.2030009999998583,"failureMessages":["TypeError: React.act is not a function\n    at exports.act (/workspace/repo/frontend/node_modules/react-dom/cjs/react-dom-test-utils.production.js:20:16)\n    at /workspace/repo/frontend/node_modules/@testing-library/react/dist/act-compat.js:46:25\n    at renderRoot (/workspace/repo/frontend/node_modules/@testing-library/react/dist/pure.js:189:26)\n    at render (/workspace/repo/frontend/node_modules/@testing-library/react/dist/pure.js:291:10)\n    at /workspace/repo/frontend/tests/Task03-NavigationStructure.test.tsx:65:7\n    at file:///workspace/repo/frontend/node_modules/@vitest/runner/dist/index.js:145:11\n    at file:///workspace/repo/frontend/node_modules/@vitest/runner/dist/index.js:915:26\n    at file:///workspace/repo/frontend/node_modules/@vitest/runner/dist/index.js:1243:20\n    at new Promise (<anonymous>)\n    at runWithTimeout (file:///workspace/repo/frontend/node_modules/@vitest/runner/dist/index.js:1209:10)","TypeError: React.act is not a function\n    at exports.act (/workspace/repo/frontend/node_modules/react-dom/cjs/react-dom-test-utils.production.js:20:16)\n    at /workspace/repo/frontend/node_modules/@testing-library/react/dist/act-compat.js:46:25\n    at /workspace/repo/frontend/node_modules/@testing-library/react/dist/pure.js:306:28\n    at Array.forEach (<anonymous>)\n    at cleanup (/workspace/repo/frontend/node_modules/@testing-library/react/dist/pure.js:302:22)\n    at /workspace/repo/frontend/vitest.setup.ts:9:3\n    at file:///workspace/repo/frontend/node_modules/@vitest/runner/dist/index.js:145:11\n    at file:///workspace/repo/frontend/node_modules/@vitest/runner/dist/index.js:1243:20\n    at new Promise (<anonymous>)\n    at runWithTimeout (file:///workspace/repo/frontend/node_modules/@vitest/runner/dist/index.js:1209:10)"],"meta":{}},{"ancestorTitles":["Task 3 - Role-based Navigation Structure","Navigation Patterns"],"fullName":"Task 3 - Role-based Navigation Structure Navigation Patterns breadcrumbs render correctly","status":"failed","title":"breadcrumbs render correctly","duration":1.0452250000000731,"failureMessages":["TypeError: React.act is not a function\n    at exports.act (/workspace/repo/frontend/node_modules/react-dom/cjs/react-dom-test-utils.production.js:20:16)\n    at /workspace/repo/frontend/node_modules/@testing-library/react/dist/act-compat.js:46:25\n    at renderRoot (/workspace/repo/frontend/node_modules/@testing-library/react/dist/pure.js:189:26)\n    at render (/workspace/repo/frontend/node_modules/@testing-library/react/dist/pure.js:291:10)\n    at /workspace/repo/frontend/tests/Task03-NavigationStructure.test.tsx:78:7\n    at file:///workspace/repo/frontend/node_modules/@vitest/runner/dist/index.js:145:11\n    at file:///workspace/repo/frontend/node_modules/@vitest/runner/dist/index.js:915:26\n    at file:///workspace/repo/frontend/node_modules/@vitest/runner/dist/index.js:1243:20\n    at new Promise (<anonymous>)\n    at runWithTimeout (file:///workspace/repo/frontend/node_modules/@vitest/runner/dist/index.js:1209:10)","TypeError: React.act is not a function\n    at exports.act (/workspace/repo/frontend/node_modules/react-dom/cjs/react-dom-test-utils.production.js:20:16)\n    at /workspace/repo/frontend/node_modules/@testing-library/react/dist/act-compat.js:46:25\n    at /workspace/repo/frontend/node_modules/@testing-library/react/dist/pure.js:306:28\n    at Array.forEach (<anonymous>)\n    at cleanup (/workspace/repo/frontend/node_modules/@testing-library/react/dist/pure.js:302:22)\n    at /workspace/repo/frontend/vitest.setup.ts:9:3\n    at file:///workspace/repo/frontend/node_modules/@vitest/runner/dist/index.js:145:11\n    at file:///workspace/repo/frontend/node_modules/@vitest/runner/dist/index.js:1243:20\n    at new Promise (<anonymous>)\n    at runWithTimeout (file:///workspace/repo/frontend/node_modules/@vitest/runner/dist/index.js:1209:10)"],"meta":{}},{"ancestorTitles":["Task 3 - Role-based Navigation Structure","Navigation Patterns"],"fullName":"Task 3 - Role-based Navigation Structure Navigation Patterns role-specific nav items are conditionally rendered","status":"failed","title":"role-specific nav items are conditionally rendered","duration":0.7292119999999613,"failureMessages":["TypeError: React.act is not a function\n    at exports.act (/workspace/repo/frontend/node_modules/react-dom/cjs/react-dom-test-utils.production.js:20:16)\n    at /workspace/repo/frontend/node_modules/@testing-library/react/dist/act-compat.js:46:25\n    at /workspace/repo/frontend/node_modules/@testing-library/react/dist/pure.js:306:28\n    at Array.forEach (<anonymous>)\n    at cleanup (/workspace/repo/frontend/node_modules/@testing-library/react/dist/pure.js:302:22)\n    at /workspace/repo/frontend/vitest.setup.ts:9:3\n    at file:///workspace/repo/frontend/node_modules/@vitest/runner/dist/index.js:145:11\n    at file:///workspace/repo/frontend/node_modules/@vitest/runner/dist/index.js:1243:20\n    at new Promise (<anonymous>)\n    at runWithTimeout (file:///workspace/repo/frontend/node_modules/@vitest/runner/dist/index.js:1209:10)"],"meta":{}},{"ancestorTitles":["Task 3 - Role-based Navigation Structure","Login Entry Points and Redirection"],"fullName":"Task 3 - Role-based Navigation Structure Login Entry Points and Redirection applicants route through landing page","status":"failed","title":"applicants route through landing page","duration":0.5401970000000347,"failureMessages":["TypeError: React.act is not a function\n    at exports.act (/workspace/repo/frontend/node_modules/react-dom/cjs/react-dom-test-utils.production.js:20:16)\n    at /workspace/repo/frontend/node_modules/@testing-library/react/dist/act-compat.js:46:25\n    at /workspace/repo/frontend/node_modules/@testing-library/react/dist/pure.js:306:28\n    at Array.forEach (<anonymous>)\n    at cleanup (/workspace/repo/frontend/node_modules/@testing-library/react/dist/pure.js:302:22)\n    at /workspace/repo/frontend/vitest.setup.ts:9:3\n    at file:///workspace/repo/frontend/node_modules/@vitest/runner/dist/index.js:145:11\n    at file:///workspace/repo/frontend/node_modules/@vitest/runner/dist/index.js:1243:20\n    at new Promise (<anonymous>)\n    at runWithTimeout (file:///workspace/repo/frontend/node_modules/@vitest/runner/dist/index.js:1209:10)"],"meta":{}},{"ancestorTitles":["Task 3 - Role-based Navigation Structure","Login Entry Points and Redirection"],"fullName":"Task 3 - Role-based Navigation Structure Login Entry Points and Redirection login redirects to role-specific dashboards","status":"failed","title":"login redirects to role-specific dashboards","duration":1.3766960000000381,"failureMessages":["TypeError: React.act is not a function\n    at exports.act (/workspace/repo/frontend/node_modules/react-dom/cjs/react-dom-test-utils.production.js:20:16)\n    at /workspace/repo/frontend/node_modules/@testing-library/react/dist/act-compat.js:46:25\n    at /workspace/repo/frontend/node_modules/@testing-library/react/dist/pure.js:306:28\n    at Array.forEach (<anonymous>)\n    at cleanup (/workspace/repo/frontend/node_modules/@testing-library/react/dist/pure.js:302:22)\n    at /workspace/repo/frontend/vitest.setup.ts:9:3\n    at file:///workspace/repo/frontend/node_modules/@vitest/runner/dist/index.js:145:11\n    at file:///workspace/repo/frontend/node_modules/@vitest/runner/dist/index.js:1243:20\n    at new Promise (<anonymous>)\n    at runWithTimeout (file:///workspace/repo/frontend/node_modules/@vitest/runner/dist/index.js:1209:10)"],"meta":{}},{"ancestorTitles":["Task 3 - Role-based Navigation Structure","Login Entry Points and Redirection"],"fullName":"Task 3 - Role-based Navigation Structure Login Entry Points and Redirection unauthenticated users cannot access protected routes","status":"failed","title":"unauthenticated users cannot access protected routes","duration":0.5950729999999567,"failureMessages":["TypeError: React.act is not a function\n    at exports.act (/workspace/repo/frontend/node_modules/react-dom/cjs/react-dom-test-utils.production.js:20:16)\n    at /workspace/repo/frontend/node_modules/@testing-library/react/dist/act-compat.js:46:25\n    at /workspace/repo/frontend/node_modules/@testing-library/react/dist/pure.js:306:28\n    at Array.forEach (<anonymous>)\n    at cleanup (/workspace/repo/frontend/node_modules/@testing-library/react/dist/pure.js:302:22)\n    at /workspace/repo/frontend/vitest.setup.ts:9:3\n    at file:///workspace/repo/frontend/node_modules/@vitest/runner/dist/index.js:145:11\n    at file:///workspace/repo/frontend/node_modules/@vitest/runner/dist/index.js:1243:20\n    at new Promise (<anonymous>)\n    at runWithTimeout (file:///workspace/repo/frontend/node_modules/@vitest/runner/dist/index.js:1209:10)"],"meta":{}},{"ancestorTitles":["Task 3 - Role-based Navigation Structure","Vertical Context Propagation"],"fullName":"Task 3 - Role-based Navigation Structure Vertical Context Propagation vertical selection affects dashboard labels","status":"failed","title":"vertical selection affects dashboard labels","duration":0.4615440000000035,"failureMessages":["TypeError: React.act is not a function\n    at exports.act (/workspace/repo/frontend/node_modules/react-dom/cjs/react-dom-test-utils.production.js:20:16)\n    at /workspace/repo/frontend/node_modules/@testing-library/react/dist/act-compat.js:46:25\n    at /workspace/repo/frontend/node_modules/@testing-library/react/dist/pure.js:306:28\n    at Array.forEach (<anonymous>)\n    at cleanup (/workspace/repo/frontend/node_modules/@testing-library/react/dist/pure.js:302:22)\n    at /workspace/repo/frontend/vitest.setup.ts:9:3\n    at file:///workspace/repo/frontend/node_modules/@vitest/runner/dist/index.js:145:11\n    at file:///workspace/repo/frontend/node_modules/@vitest/runner/dist/index.js:1243:20\n    at new Promise (<anonymous>)\n    at runWithTimeout (file:///workspace/repo/frontend/node_modules/@vitest/runner/dist/index.js:1209:10)"],"meta":{}},{"ancestorTitles":["Task 3 - Role-based Navigation Structure","Vertical Context Propagation"],"fullName":"Task 3 - Role-based Navigation Structure Vertical Context Propagation vertical context persists across dashboard sections","status":"failed","title":"vertical context persists across dashboard sections","duration":0.4398909999999887,"failureMessages":["TypeError: React.act is not a function\n    at exports.act (/workspace/repo/frontend/node_modules/react-dom/cjs/react-dom-test-utils.production.js:20:16)\n    at /workspace/repo/frontend/node_modules/@testing-library/react/dist/act-compat.js:46:25\n    at /workspace/repo/frontend/node_modules/@testing-library/react/dist/pure.js:306:28\n    at Array.forEach (<anonymous>)\n    at cleanup (/workspace/repo/frontend/node_modules/@testing-library/react/dist/pure.js:302:22)\n    at /workspace/repo/frontend/vitest.setup.ts:9:3\n    at file:///workspace/repo/frontend/node_modules/@vitest/runner/dist/index.js:145:11\n    at file:///workspace/repo/frontend/node_modules/@vitest/runner/dist/index.js:1243:20\n    at new Promise (<anonymous>)\n    at runWithTimeout (file:///workspace/repo/frontend/node_modules/@vitest/runner/dist/index.js:1209:10)"],"meta":{}}],"startTime":1766767636230,"endTime":1766767636246.44,"status":"failed","message":"","name":"/workspace/repo/frontend/tests/Task03-NavigationStructure.test.tsx"},{"assertionResults":[{"ancestorTitles":["Task 4 - Responsive Landing Page with Vertical Selection","Landing Page Layout"],"fullName":"Task 4 - Responsive Landing Page with Vertical Selection Landing Page Layout renders hostel overview in hero section","status":"failed","title":"renders hostel overview in hero section","duration":4.212792000000036,"failureMessages":["ReferenceError: AppPage is not defined\n    at /workspace/repo/frontend/tests/Task04-LandingPage.test.tsx:13:15\n    at file:///workspace/repo/frontend/node_modules/@vitest/runner/dist/index.js:145:11\n    at file:///workspace/repo/frontend/node_modules/@vitest/runner/dist/index.js:915:26\n    at file:///workspace/repo/frontend/node_modules/@vitest/runner/dist/index.js:1243:20\n    at new Promise (<anonymous>)\n    at runWithTimeout (file:///workspace/repo/frontend/node_modules/@vitest/runner/dist/index.js:1209:10)\n    at file:///workspace/repo/frontend/node_modules/@vitest/runner/dist/index.js:1653:37\n    at Traces.$ (file:///workspace/repo/frontend/node_modules/vitest/dist/chunks/traces.U4xDYhzZ.js:115:27)\n    at trace (file:///workspace/repo/frontend/node_modules/vitest/dist/chunks/test.B8ej_ZHS.js:239:21)\n    at runTest (file:///workspace/repo/frontend/node_modules/@vitest/runner/dist/index.js:1653:12)"],"meta":{}},{"ancestorTitles":["Task 4 - Responsive Landing Page with Vertical Selection","Landing Page Layout"],"fullName":"Task 4 - Responsive Landing Page with Vertical Selection Landing Page Layout displays vertical selection cards","status":"failed","title":"displays vertical selection cards","duration":0.6953270000001339,"failureMessages":["ReferenceError: AppPage is not defined\n    at /workspace/repo/frontend/tests/Task04-LandingPage.test.tsx:19:15\n    at file:///workspace/repo/frontend/node_modules/@vitest/runner/dist/index.js:145:11\n    at file:///workspace/repo/frontend/node_modules/@vitest/runner/dist/index.js:915:26\n    at file:///workspace/repo/frontend/node_modules/@vitest/runner/dist/index.js:1243:20\n    at new Promise (<anonymous>)\n    at runWithTimeout (file:///workspace/repo/frontend/node_modules/@vitest/runner/dist/index.js:1209:10)\n    at file:///workspace/repo/frontend/node_modules/@vitest/runner/dist/index.js:1653:37\n    at Traces.$ (file:///workspace/repo/frontend/node_modules/vitest/dist/chunks/traces.U4xDYhzZ.js:115:27)\n    at trace (file:///workspace/repo/frontend/node_modules/vitest/dist/chunks/test.B8ej_ZHS.js:239:21)\n    at runTest (file:///workspace/repo/frontend/node_modules/@vitest/runner/dist/index.js:1653:12)"],"meta":{}},{"ancestorTitles":["Task 4 - Responsive Landing Page with Vertical Selection","Landing Page Layout"],"fullName":"Task 4 - Responsive Landing Page with Vertical Selection Landing Page Layout shows DPDP consent banner","status":"failed","title":"shows DPDP consent banner","duration":0.5526609999999437,"failureMessages":["ReferenceError: AppPage is not defined\n    at /workspace/repo/frontend/tests/Task04-LandingPage.test.tsx:26:15\n    at file:///workspace/repo/frontend/node_modules/@vitest/runner/dist/index.js:145:11\n    at file:///workspace/repo/frontend/node_modules/@vitest/runner/dist/index.js:915:26\n    at file:///workspace/repo/frontend/node_modules/@vitest/runner/dist/index.js:1243:20\n    at new Promise (<anonymous>)\n    at runWithTimeout (file:///workspace/repo/frontend/node_modules/@vitest/runner/dist/index.js:1209:10)\n    at file:///workspace/repo/frontend/node_modules/@vitest/runner/dist/index.js:1653:37\n    at Traces.$ (file:///workspace/repo/frontend/node_modules/vitest/dist/chunks/traces.U4xDYhzZ.js:115:27)\n    at trace (file:///workspace/repo/frontend/node_modules/vitest/dist/chunks/test.B8ej_ZHS.js:239:21)\n    at runTest (file:///workspace/repo/frontend/node_modules/@vitest/runner/dist/index.js:1653:12)"],"meta":{}},{"ancestorTitles":["Task 4 - Responsive Landing Page with Vertical Selection","Landing Page Layout"],"fullName":"Task 4 - Responsive Landing Page with Vertical Selection Landing Page Layout renders admission process timeline","status":"failed","title":"renders admission process timeline","duration":0.6797070000000076,"failureMessages":["ReferenceError: AppPage is not defined\n    at /workspace/repo/frontend/tests/Task04-LandingPage.test.tsx:32:15\n    at file:///workspace/repo/frontend/node_modules/@vitest/runner/dist/index.js:145:11\n    at file:///workspace/repo/frontend/node_modules/@vitest/runner/dist/index.js:915:26\n    at file:///workspace/repo/frontend/node_modules/@vitest/runner/dist/index.js:1243:20\n    at new Promise (<anonymous>)\n    at runWithTimeout (file:///workspace/repo/frontend/node_modules/@vitest/runner/dist/index.js:1209:10)\n    at file:///workspace/repo/frontend/node_modules/@vitest/runner/dist/index.js:1653:37\n    at Traces.$ (file:///workspace/repo/frontend/node_modules/vitest/dist/chunks/traces.U4xDYhzZ.js:115:27)\n    at trace (file:///workspace/repo/frontend/node_modules/vitest/dist/chunks/test.B8ej_ZHS.js:239:21)\n    at runTest (file:///workspace/repo/frontend/node_modules/@vitest/runner/dist/index.js:1653:12)"],"meta":{}},{"ancestorTitles":["Task 4 - Responsive Landing Page with Vertical Selection","Landing Page Layout"],"fullName":"Task 4 - Responsive Landing Page with Vertical Selection Landing Page Layout displays announcements section","status":"failed","title":"displays announcements section","duration":0.4545410000000629,"failureMessages":["ReferenceError: AppPage is not defined\n    at /workspace/repo/frontend/tests/Task04-LandingPage.test.tsx:49:15\n    at file:///workspace/repo/frontend/node_modules/@vitest/runner/dist/index.js:145:11\n    at file:///workspace/repo/frontend/node_modules/@vitest/runner/dist/index.js:915:26\n    at file:///workspace/repo/frontend/node_modules/@vitest/runner/dist/index.js:1243:20\n    at new Promise (<anonymous>)\n    at runWithTimeout (file:///workspace/repo/frontend/node_modules/@vitest/runner/dist/index.js:1209:10)\n    at file:///workspace/repo/frontend/node_modules/@vitest/runner/dist/index.js:1653:37\n    at Traces.$ (file:///workspace/repo/frontend/node_modules/vitest/dist/chunks/traces.U4xDYhzZ.js:115:27)\n    at trace (file:///workspace/repo/frontend/node_modules/vitest/dist/chunks/test.B8ej_ZHS.js:239:21)\n    at runTest (file:///workspace/repo/frontend/node_modules/@vitest/runner/dist/index.js:1653:12)"],"meta":{}},{"ancestorTitles":["Task 4 - Responsive Landing Page with Vertical Selection","Vertical Selection"],"fullName":"Task 4 - Responsive Landing Page with Vertical Selection Vertical Selection all three vertical cards are clickable","status":"failed","title":"all three vertical cards are clickable","duration":0.3777419999998983,"failureMessages":["ReferenceError: AppPage is not defined\n    at /workspace/repo/frontend/tests/Task04-LandingPage.test.tsx:56:15\n    at file:///workspace/repo/frontend/node_modules/@vitest/runner/dist/index.js:145:11\n    at file:///workspace/repo/frontend/node_modules/@vitest/runner/dist/index.js:915:26\n    at file:///workspace/repo/frontend/node_modules/@vitest/runner/dist/index.js:1243:20\n    at new Promise (<anonymous>)\n    at runWithTimeout (file:///workspace/repo/frontend/node_modules/@vitest/runner/dist/index.js:1209:10)\n    at file:///workspace/repo/frontend/node_modules/@vitest/runner/dist/index.js:1653:37\n    at Traces.$ (file:///workspace/repo/frontend/node_modules/vitest/dist/chunks/traces.U4xDYhzZ.js:115:27)\n    at trace (file:///workspace/repo/frontend/node_modules/vitest/dist/chunks/test.B8ej_ZHS.js:239:21)\n    at runTest (file:///workspace/repo/frontend/node_modules/@vitest/runner/dist/index.js:1653:12)"],"meta":{}},{"ancestorTitles":["Task 4 - Responsive Landing Page with Vertical Selection","Vertical Selection"],"fullName":"Task 4 - Responsive Landing Page with Vertical Selection Vertical Selection vertical cards link to correct paths","status":"failed","title":"vertical cards link to correct paths","duration":0.3569709999999304,"failureMessages":["ReferenceError: AppPage is not defined\n    at /workspace/repo/frontend/tests/Task04-LandingPage.test.tsx:68:15\n    at file:///workspace/repo/frontend/node_modules/@vitest/runner/dist/index.js:145:11\n    at file:///workspace/repo/frontend/node_modules/@vitest/runner/dist/index.js:915:26\n    at file:///workspace/repo/frontend/node_modules/@vitest/runner/dist/index.js:1243:20\n    at new Promise (<anonymous>)\n    at runWithTimeout (file:///workspace/repo/frontend/node_modules/@vitest/runner/dist/index.js:1209:10)\n    at file:///workspace/repo/frontend/node_modules/@vitest/runner/dist/index.js:1653:37\n    at Traces.$ (file:///workspace/repo/frontend/node_modules/vitest/dist/chunks/traces.U4xDYhzZ.js:115:27)\n    at trace (file:///workspace/repo/frontend/node_modules/vitest/dist/chunks/test.B8ej_ZHS.js:239:21)\n    at runTest (file:///workspace/repo/frontend/node_modules/@vitest/runner/dist/index.js:1653:12)"],"meta":{}},{"ancestorTitles":["Task 4 - Responsive Landing Page with Vertical Selection","Vertical Selection"],"fullName":"Task 4 - Responsive Landing Page with Vertical Selection Vertical Selection vertical cards display descriptions correctly","status":"failed","title":"vertical cards display descriptions correctly","duration":0.2987989999999172,"failureMessages":["ReferenceError: AppPage is not defined\n    at /workspace/repo/frontend/tests/Task04-LandingPage.test.tsx:80:15\n    at file:///workspace/repo/frontend/node_modules/@vitest/runner/dist/index.js:145:11\n    at file:///workspace/repo/frontend/node_modules/@vitest/runner/dist/index.js:915:26\n    at file:///workspace/repo/frontend/node_modules/@vitest/runner/dist/index.js:1243:20\n    at new Promise (<anonymous>)\n    at runWithTimeout (file:///workspace/repo/frontend/node_modules/@vitest/runner/dist/index.js:1209:10)\n    at file:///workspace/repo/frontend/node_modules/@vitest/runner/dist/index.js:1653:37\n    at Traces.$ (file:///workspace/repo/frontend/node_modules/vitest/dist/chunks/traces.U4xDYhzZ.js:115:27)\n    at trace (file:///workspace/repo/frontend/node_modules/vitest/dist/chunks/test.B8ej_ZHS.js:239:21)\n    at runTest (file:///workspace/repo/frontend/node_modules/@vitest/runner/dist/index.js:1653:12)"],"meta":{}},{"ancestorTitles":["Task 4 - Responsive Landing Page with Vertical Selection","CTA Buttons and Navigation"],"fullName":"Task 4 - Responsive Landing Page with Vertical Selection CTA Buttons and Navigation Apply Now CTA is prominent","status":"failed","title":"Apply Now CTA is prominent","duration":0.48318600000015977,"failureMessages":["ReferenceError: AppPage is not defined\n    at /workspace/repo/frontend/tests/Task04-LandingPage.test.tsx:91:15\n    at file:///workspace/repo/frontend/node_modules/@vitest/runner/dist/index.js:145:11\n    at file:///workspace/repo/frontend/node_modules/@vitest/runner/dist/index.js:915:26\n    at file:///workspace/repo/frontend/node_modules/@vitest/runner/dist/index.js:1243:20\n    at new Promise (<anonymous>)\n    at runWithTimeout (file:///workspace/repo/frontend/node_modules/@vitest/runner/dist/index.js:1209:10)\n    at file:///workspace/repo/frontend/node_modules/@vitest/runner/dist/index.js:1653:37\n    at Traces.$ (file:///workspace/repo/frontend/node_modules/vitest/dist/chunks/traces.U4xDYhzZ.js:115:27)\n    at trace (file:///workspace/repo/frontend/node_modules/vitest/dist/chunks/test.B8ej_ZHS.js:239:21)\n    at runTest (file:///workspace/repo/frontend/node_modules/@vitest/runner/dist/index.js:1653:12)"],"meta":{}},{"ancestorTitles":["Task 4 - Responsive Landing Page with Vertical Selection","CTA Buttons and Navigation"],"fullName":"Task 4 - Responsive Landing Page with Vertical Selection CTA Buttons and Navigation Check Status CTA is visible","status":"failed","title":"Check Status CTA is visible","duration":0.3515310000000227,"failureMessages":["ReferenceError: AppPage is not defined\n    at /workspace/repo/frontend/tests/Task04-LandingPage.test.tsx:98:15\n    at file:///workspace/repo/frontend/node_modules/@vitest/runner/dist/index.js:145:11\n    at file:///workspace/repo/frontend/node_modules/@vitest/runner/dist/index.js:915:26\n    at file:///workspace/repo/frontend/node_modules/@vitest/runner/dist/index.js:1243:20\n    at new Promise (<anonymous>)\n    at runWithTimeout (file:///workspace/repo/frontend/node_modules/@vitest/runner/dist/index.js:1209:10)\n    at file:///workspace/repo/frontend/node_modules/@vitest/runner/dist/index.js:1653:37\n    at Traces.$ (file:///workspace/repo/frontend/node_modules/vitest/dist/chunks/traces.U4xDYhzZ.js:115:27)\n    at trace (file:///workspace/repo/frontend/node_modules/vitest/dist/chunks/test.B8ej_ZHS.js:239:21)\n    at runTest (file:///workspace/repo/frontend/node_modules/@vitest/runner/dist/index.js:1653:12)"],"meta":{}},{"ancestorTitles":["Task 4 - Responsive Landing Page with Vertical Selection","CTA Buttons and Navigation"],"fullName":"Task 4 - Responsive Landing Page with Vertical Selection CTA Buttons and Navigation Login button is visible","status":"failed","title":"Login button is visible","duration":0.3913270000000466,"failureMessages":["ReferenceError: AppPage is not defined\n    at /workspace/repo/frontend/tests/Task04-LandingPage.test.tsx:103:15\n    at file:///workspace/repo/frontend/node_modules/@vitest/runner/dist/index.js:145:11\n    at file:///workspace/repo/frontend/node_modules/@vitest/runner/dist/index.js:915:26\n    at file:///workspace/repo/frontend/node_modules/@vitest/runner/dist/index.js:1243:20\n    at new Promise (<anonymous>)\n    at runWithTimeout (file:///workspace/repo/frontend/node_modules/@vitest/runner/dist/index.js:1209:10)\n    at file:///workspace/repo/frontend/node_modules/@vitest/runner/dist/index.js:1653:37\n    at Traces.$ (file:///workspace/repo/frontend/node_modules/vitest/dist/chunks/traces.U4xDYhzZ.js:115:27)\n    at trace (file:///workspace/repo/frontend/node_modules/vitest/dist/chunks/test.B8ej_ZHS.js:239:21)\n    at runTest (file:///workspace/repo/frontend/node_modules/@vitest/runner/dist/index.js:1653:12)"],"meta":{}},{"ancestorTitles":["Task 4 - Responsive Landing Page with Vertical Selection","CTA Buttons and Navigation"],"fullName":"Task 4 - Responsive Landing Page with Vertical Selection CTA Buttons and Navigation nav links are functional","status":"failed","title":"nav links are functional","duration":0.4121580000000904,"failureMessages":["ReferenceError: AppPage is not defined\n    at /workspace/repo/frontend/tests/Task04-LandingPage.test.tsx:108:15\n    at file:///workspace/repo/frontend/node_modules/@vitest/runner/dist/index.js:145:11\n    at file:///workspace/repo/frontend/node_modules/@vitest/runner/dist/index.js:915:26\n    at file:///workspace/repo/frontend/node_modules/@vitest/runner/dist/index.js:1243:20\n    at new Promise (<anonymous>)\n    at runWithTimeout (file:///workspace/repo/frontend/node_modules/@vitest/runner/dist/index.js:1209:10)\n    at file:///workspace/repo/frontend/node_modules/@vitest/runner/dist/index.js:1653:37\n    at Traces.$ (file:///workspace/repo/frontend/node_modules/vitest/dist/chunks/traces.U4xDYhzZ.js:115:27)\n    at trace (file:///workspace/repo/frontend/node_modules/vitest/dist/chunks/test.B8ej_ZHS.js:239:21)\n    at runTest (file:///workspace/repo/frontend/node_modules/@vitest/runner/dist/index.js:1653:12)"],"meta":{}},{"ancestorTitles":["Task 4 - Responsive Landing Page with Vertical Selection","Responsive Behavior"],"fullName":"Task 4 - Responsive Landing Page with Vertical Selection Responsive Behavior cards stack vertically on mobile","status":"failed","title":"cards stack vertically on mobile","duration":1.2974139999998897,"failureMessages":["ReferenceError: AppPage is not defined\n    at /workspace/repo/frontend/tests/Task04-LandingPage.test.tsx:126:15\n    at file:///workspace/repo/frontend/node_modules/@vitest/runner/dist/index.js:145:11\n    at file:///workspace/repo/frontend/node_modules/@vitest/runner/dist/index.js:915:26\n    at file:///workspace/repo/frontend/node_modules/@vitest/runner/dist/index.js:1243:20\n    at new Promise (<anonymous>)\n    at runWithTimeout (file:///workspace/repo/frontend/node_modules/@vitest/runner/dist/index.js:1209:10)\n    at file:///workspace/repo/frontend/node_modules/@vitest/runner/dist/index.js:1653:37\n    at Traces.$ (file:///workspace/repo/frontend/node_modules/vitest/dist/chunks/traces.U4xDYhzZ.js:115:27)\n    at trace (file:///workspace/repo/frontend/node_modules/vitest/dist/chunks/test.B8ej_ZHS.js:239:21)\n    at runTest (file:///workspace/repo/frontend/node_modules/@vitest/runner/dist/index.js:1653:12)"],"meta":{}},{"ancestorTitles":["Task 4 - Responsive Landing Page with Vertical Selection","Responsive Behavior"],"fullName":"Task 4 - Responsive Landing Page with Vertical Selection Responsive Behavior cards display in grid on desktop","status":"failed","title":"cards display in grid on desktop","duration":0.4169679999999971,"failureMessages":["ReferenceError: AppPage is not defined\n    at /workspace/repo/frontend/tests/Task04-LandingPage.test.tsx:150:15\n    at file:///workspace/repo/frontend/node_modules/@vitest/runner/dist/index.js:145:11\n    at file:///workspace/repo/frontend/node_modules/@vitest/runner/dist/index.js:915:26\n    at file:///workspace/repo/frontend/node_modules/@vitest/runner/dist/index.js:1243:20\n    at new Promise (<anonymous>)\n    at runWithTimeout (file:///workspace/repo/frontend/node_modules/@vitest/runner/dist/index.js:1209:10)\n    at file:///workspace/repo/frontend/node_modules/@vitest/runner/dist/index.js:1653:37\n    at Traces.$ (file:///workspace/repo/frontend/node_modules/vitest/dist/chunks/traces.U4xDYhzZ.js:115:27)\n    at trace (file:///workspace/repo/frontend/node_modules/vitest/dist/chunks/test.B8ej_ZHS.js:239:21)\n    at runTest (file:///workspace/repo/frontend/node_modules/@vitest/runner/dist/index.js:1653:12)"],"meta":{}},{"ancestorTitles":["Task 4 - Responsive Landing Page with Vertical Selection","Responsive Behavior"],"fullName":"Task 4 - Responsive Landing Page with Vertical Selection Responsive Behavior timeline reflows vertically on mobile","status":"failed","title":"timeline reflows vertically on mobile","duration":0.41302999999993517,"failureMessages":["ReferenceError: AppPage is not defined\n    at /workspace/repo/frontend/tests/Task04-LandingPage.test.tsx:164:15\n    at file:///workspace/repo/frontend/node_modules/@vitest/runner/dist/index.js:145:11\n    at file:///workspace/repo/frontend/node_modules/@vitest/runner/dist/index.js:915:26\n    at file:///workspace/repo/frontend/node_modules/@vitest/runner/dist/index.js:1243:20\n    at new Promise (<anonymous>)\n    at runWithTimeout (file:///workspace/repo/frontend/node_modules/@vitest/runner/dist/index.js:1209:10)\n    at file:///workspace/repo/frontend/node_modules/@vitest/runner/dist/index.js:1653:37\n    at Traces.$ (file:///workspace/repo/frontend/node_modules/vitest/dist/chunks/traces.U4xDYhzZ.js:115:27)\n    at trace (file:///workspace/repo/frontend/node_modules/vitest/dist/chunks/test.B8ej_ZHS.js:239:21)\n    at runTest (file:///workspace/repo/frontend/node_modules/@vitest/runner/dist/index.js:1653:12)"],"meta":{}},{"ancestorTitles":["Task 4 - Responsive Landing Page with Vertical Selection","Accessibility"],"fullName":"Task 4 - Responsive Landing Page with Vertical Selection Accessibility all buttons have proper aria labels","status":"failed","title":"all buttons have proper aria labels","duration":0.3242880000000241,"failureMessages":["ReferenceError: AppPage is not defined\n    at /workspace/repo/frontend/tests/Task04-LandingPage.test.tsx:174:15\n    at file:///workspace/repo/frontend/node_modules/@vitest/runner/dist/index.js:145:11\n    at file:///workspace/repo/frontend/node_modules/@vitest/runner/dist/index.js:915:26\n    at file:///workspace/repo/frontend/node_modules/@vitest/runner/dist/index.js:1243:20\n    at new Promise (<anonymous>)\n    at runWithTimeout (file:///workspace/repo/frontend/node_modules/@vitest/runner/dist/index.js:1209:10)\n    at file:///workspace/repo/frontend/node_modules/@vitest/runner/dist/index.js:1653:37\n    at Traces.$ (file:///workspace/repo/frontend/node_modules/vitest/dist/chunks/traces.U4xDYhzZ.js:115:27)\n    at trace (file:///workspace/repo/frontend/node_modules/vitest/dist/chunks/test.B8ej_ZHS.js:239:21)\n    at runTest (file:///workspace/repo/frontend/node_modules/@vitest/runner/dist/index.js:1653:12)"],"meta":{}},{"ancestorTitles":["Task 4 - Responsive Landing Page with Vertical Selection","Accessibility"],"fullName":"Task 4 - Responsive Landing Page with Vertical Selection Accessibility links are accessible via keyboard navigation","status":"failed","title":"links are accessible via keyboard navigation","duration":0.2737810000000991,"failureMessages":["ReferenceError: AppPage is not defined\n    at /workspace/repo/frontend/tests/Task04-LandingPage.test.tsx:183:15\n    at file:///workspace/repo/frontend/node_modules/@vitest/runner/dist/index.js:145:11\n    at file:///workspace/repo/frontend/node_modules/@vitest/runner/dist/index.js:915:26\n    at file:///workspace/repo/frontend/node_modules/@vitest/runner/dist/index.js:1243:20\n    at new Promise (<anonymous>)\n    at runWithTimeout (file:///workspace/repo/frontend/node_modules/@vitest/runner/dist/index.js:1209:10)\n    at file:///workspace/repo/frontend/node_modules/@vitest/runner/dist/index.js:1653:37\n    at Traces.$ (file:///workspace/repo/frontend/node_modules/vitest/dist/chunks/traces.U4xDYhzZ.js:115:27)\n    at trace (file:///workspace/repo/frontend/node_modules/vitest/dist/chunks/test.B8ej_ZHS.js:239:21)\n    at runTest (file:///workspace/repo/frontend/node_modules/@vitest/runner/dist/index.js:1653:12)"],"meta":{}},{"ancestorTitles":["Task 4 - Responsive Landing Page with Vertical Selection","Accessibility"],"fullName":"Task 4 - Responsive Landing Page with Vertical Selection Accessibility images have alt text","status":"failed","title":"images have alt text","duration":0.23417300000005525,"failureMessages":["ReferenceError: AppPage is not defined\n    at /workspace/repo/frontend/tests/Task04-LandingPage.test.tsx:190:15\n    at file:///workspace/repo/frontend/node_modules/@vitest/runner/dist/index.js:145:11\n    at file:///workspace/repo/frontend/node_modules/@vitest/runner/dist/index.js:915:26\n    at file:///workspace/repo/frontend/node_modules/@vitest/runner/dist/index.js:1243:20\n    at new Promise (<anonymous>)\n    at runWithTimeout (file:///workspace/repo/frontend/node_modules/@vitest/runner/dist/index.js:1209:10)\n    at file:///workspace/repo/frontend/node_modules/@vitest/runner/dist/index.js:1653:37\n    at Traces.$ (file:///workspace/repo/frontend/node_modules/vitest/dist/chunks/traces.U4xDYhzZ.js:115:27)\n    at trace (file:///workspace/repo/frontend/node_modules/vitest/dist/chunks/test.B8ej_ZHS.js:239:21)\n    at runTest (file:///workspace/repo/frontend/node_modules/@vitest/runner/dist/index.js:1653:12)"],"meta":{}},{"ancestorTitles":["Task 4 - Responsive Landing Page with Vertical Selection","Accessibility"],"fullName":"Task 4 - Responsive Landing Page with Vertical Selection Accessibility text contrast meets WCAG AA standards","status":"failed","title":"text contrast meets WCAG AA standards","duration":0.22159899999996924,"failureMessages":["ReferenceError: AppPage is not defined\n    at /workspace/repo/frontend/tests/Task04-LandingPage.test.tsx:201:15\n    at file:///workspace/repo/frontend/node_modules/@vitest/runner/dist/index.js:145:11\n    at file:///workspace/repo/frontend/node_modules/@vitest/runner/dist/index.js:915:26\n    at file:///workspace/repo/frontend/node_modules/@vitest/runner/dist/index.js:1243:20\n    at new Promise (<anonymous>)\n    at runWithTimeout (file:///workspace/repo/frontend/node_modules/@vitest/runner/dist/index.js:1209:10)\n    at file:///workspace/repo/frontend/node_modules/@vitest/runner/dist/index.js:1653:37\n    at Traces.$ (file:///workspace/repo/frontend/node_modules/vitest/dist/chunks/traces.U4xDYhzZ.js:115:27)\n    at trace (file:///workspace/repo/frontend/node_modules/vitest/dist/chunks/test.B8ej_ZHS.js:239:21)\n    at runTest (file:///workspace/repo/frontend/node_modules/@vitest/runner/dist/index.js:1653:12)"],"meta":{}}],"startTime":1766767636517,"endTime":1766767636530.2217,"status":"failed","message":"","name":"/workspace/repo/frontend/tests/Task04-LandingPage.test.tsx"},{"assertionResults":[],"startTime":1766767635160,"endTime":1766767635160,"status":"failed","message":"Failed to resolve import \"../src/components/forms/OtpInput\" from \"tests/Task05-OTPFlow.test.tsx\". Does the file exist?","name":"/workspace/repo/frontend/tests/Task05-OTPFlow.test.tsx"},{"assertionResults":[],"startTime":1766767635160,"endTime":1766767635160,"status":"failed","message":"Transform failed with 1 error:\n/workspace/repo/frontend/tests/Task06-ApplicationTracking.test.tsx:85:6: ERROR: \"await\" can only be used inside an \"async\" function","name":"/workspace/repo/frontend/tests/Task06-ApplicationTracking.test.tsx"},{"assertionResults":[],"startTime":1766767635160,"endTime":1766767635160,"status":"failed","message":"Transform failed with 1 error:\n/workspace/repo/frontend/tests/Task07-StudentLogin.test.tsx:124:6: ERROR: \"await\" can only be used inside an \"async\" function","name":"/workspace/repo/frontend/tests/Task07-StudentLogin.test.tsx"},{"assertionResults":[],"startTime":1766767635160,"endTime":1766767635160,"status":"failed","message":"Transform failed with 1 error:\n/workspace/repo/frontend/tests/Task08-ParentLogin.test.tsx:160:6: ERROR: \"await\" can only be used inside an \"async\" function","name":"/workspace/repo/frontend/tests/Task08-ParentLogin.test.tsx"},{"assertionResults":[],"startTime":1766767635160,"endTime":1766767635160,"status":"failed","message":"Transform failed with 1 error:\n/workspace/repo/frontend/tests/Task09-StudentDashboard.test.tsx:177:6: ERROR: \"await\" can only be used inside an \"async\" function","name":"/workspace/repo/frontend/tests/Task09-StudentDashboard.test.tsx"}]}
